[2.428s] Invoking command in '/home/sis/ros2t_ws/src/add_service_py': PYTHONPATH=/home/sis/ros2t_ws/build/add_service_py/prefix_override:/home/sis/ros2t_ws/install/add_service_py/lib/python3.10/site-packages:${PYTHONPATH} /usr/bin/python3 setup.py egg_info --egg-base ../../build/add_service_py build --build-base /home/sis/ros2t_ws/build/add_service_py/build install --record /home/sis/ros2t_ws/build/add_service_py/install.log --single-version-externally-managed
[2.874s] running egg_info
[2.881s] writing ../../build/add_service_py/add_service_py.egg-info/PKG-INFO
[2.882s] writing dependency_links to ../../build/add_service_py/add_service_py.egg-info/dependency_links.txt
[2.882s] writing entry points to ../../build/add_service_py/add_service_py.egg-info/entry_points.txt
[2.882s] writing requirements to ../../build/add_service_py/add_service_py.egg-info/requires.txt
[2.882s] writing top-level names to ../../build/add_service_py/add_service_py.egg-info/top_level.txt
[2.884s] reading manifest file '../../build/add_service_py/add_service_py.egg-info/SOURCES.txt'
[2.885s] writing manifest file '../../build/add_service_py/add_service_py.egg-info/SOURCES.txt'
[2.885s] running build
[2.885s] running build_py
[2.886s] running install
[2.887s] running install_lib
[2.889s] running install_data
[2.890s] running install_egg_info
[2.894s] removing '/home/sis/ros2t_ws/install/add_service_py/lib/python3.10/site-packages/add_service_py-0.0.0-py3.10.egg-info' (and everything under it)
[2.895s] Copying ../../build/add_service_py/add_service_py.egg-info to /home/sis/ros2t_ws/install/add_service_py/lib/python3.10/site-packages/add_service_py-0.0.0-py3.10.egg-info
[2.897s] running install_scripts
[2.936s] Installing client script to /home/sis/ros2t_ws/install/add_service_py/lib/add_service_py
[2.936s] Installing server script to /home/sis/ros2t_ws/install/add_service_py/lib/add_service_py
[2.937s] writing list of installed files to '/home/sis/ros2t_ws/build/add_service_py/install.log'
[3.015s] Invoked command in '/home/sis/ros2t_ws/src/add_service_py' returned '0': PYTHONPATH=/home/sis/ros2t_ws/build/add_service_py/prefix_override:/home/sis/ros2t_ws/install/add_service_py/lib/python3.10/site-packages:${PYTHONPATH} /usr/bin/python3 setup.py egg_info --egg-base ../../build/add_service_py build --build-base /home/sis/ros2t_ws/build/add_service_py/build install --record /home/sis/ros2t_ws/build/add_service_py/install.log --single-version-externally-managed
