[1.940s] Invoking command in '/home/sis/ros2t_ws/build/pubsub_cpp': CMAKE_PREFIX_PATH=${CMAKE_PREFIX_PATH}:/home/sis/ros2t_ws/install/add_service_py:/home/sis/ros2t_ws/install/pubsub_py:/opt/ros/humble /usr/bin/cmake --build /home/sis/ros2t_ws/build/pubsub_cpp -- -j4 -l4
[2.160s] [ 50%] Built target pub
[2.252s] [100%] Built target sub
[3.485s] Invoked command in '/home/sis/ros2t_ws/build/pubsub_cpp' returned '0': CMAKE_PREFIX_PATH=${CMAKE_PREFIX_PATH}:/home/sis/ros2t_ws/install/add_service_py:/home/sis/ros2t_ws/install/pubsub_py:/opt/ros/humble /usr/bin/cmake --build /home/sis/ros2t_ws/build/pubsub_cpp -- -j4 -l4
[3.656s] Invoking command in '/home/sis/ros2t_ws/build/pubsub_cpp': CMAKE_PREFIX_PATH=${CMAKE_PREFIX_PATH}:/home/sis/ros2t_ws/install/add_service_py:/home/sis/ros2t_ws/install/pubsub_py:/opt/ros/humble /usr/bin/cmake --install /home/sis/ros2t_ws/build/pubsub_cpp
[3.693s] -- Install configuration: ""
[3.694s] -- Up-to-date: /home/sis/ros2t_ws/install/pubsub_cpp/lib/pubsub_cpp/pub
[3.695s] -- Up-to-date: /home/sis/ros2t_ws/install/pubsub_cpp/lib/pubsub_cpp/sub
[3.696s] -- Up-to-date: /home/sis/ros2t_ws/install/pubsub_cpp/share/ament_index/resource_index/package_run_dependencies/pubsub_cpp
[3.697s] -- Up-to-date: /home/sis/ros2t_ws/install/pubsub_cpp/share/ament_index/resource_index/parent_prefix_path/pubsub_cpp
[3.697s] -- Up-to-date: /home/sis/ros2t_ws/install/pubsub_cpp/share/pubsub_cpp/environment/ament_prefix_path.sh
[3.698s] -- Up-to-date: /home/sis/ros2t_ws/install/pubsub_cpp/share/pubsub_cpp/environment/ament_prefix_path.dsv
[3.698s] -- Up-to-date: /home/sis/ros2t_ws/install/pubsub_cpp/share/pubsub_cpp/environment/path.sh
[3.699s] -- Up-to-date: /home/sis/ros2t_ws/install/pubsub_cpp/share/pubsub_cpp/environment/path.dsv
[3.699s] -- Up-to-date: /home/sis/ros2t_ws/install/pubsub_cpp/share/pubsub_cpp/local_setup.bash
[3.700s] -- Up-to-date: /home/sis/ros2t_ws/install/pubsub_cpp/share/pubsub_cpp/local_setup.sh
[3.700s] -- Up-to-date: /home/sis/ros2t_ws/install/pubsub_cpp/share/pubsub_cpp/local_setup.zsh
[3.701s] -- Up-to-date: /home/sis/ros2t_ws/install/pubsub_cpp/share/pubsub_cpp/local_setup.dsv
[3.701s] -- Installing: /home/sis/ros2t_ws/install/pubsub_cpp/share/pubsub_cpp/package.dsv
[3.702s] -- Up-to-date: /home/sis/ros2t_ws/install/pubsub_cpp/share/ament_index/resource_index/packages/pubsub_cpp
[3.703s] -- Up-to-date: /home/sis/ros2t_ws/install/pubsub_cpp/share/pubsub_cpp/cmake/pubsub_cppConfig.cmake
[3.703s] -- Up-to-date: /home/sis/ros2t_ws/install/pubsub_cpp/share/pubsub_cpp/cmake/pubsub_cppConfig-version.cmake
[3.704s] -- Up-to-date: /home/sis/ros2t_ws/install/pubsub_cpp/share/pubsub_cpp/package.xml
[3.717s] Invoked command in '/home/sis/ros2t_ws/build/pubsub_cpp' returned '0': CMAKE_PREFIX_PATH=${CMAKE_PREFIX_PATH}:/home/sis/ros2t_ws/install/add_service_py:/home/sis/ros2t_ws/install/pubsub_py:/opt/ros/humble /usr/bin/cmake --install /home/sis/ros2t_ws/build/pubsub_cpp
