[2.366s] Invoking command in '/home/sis/ros2t_ws/build/pubsub_cpp': CMAKE_PREFIX_PATH=${CMAKE_PREFIX_PATH}:/home/sis/ros2t_ws/install/add_service_py:/home/sis/ros2t_ws/install/pubsub_py:/opt/ros/humble /usr/bin/cmake --build /home/sis/ros2t_ws/build/pubsub_cpp -- -j4 -l4
[2.786s] [ 50%] Built target pub
[2.821s] [100%] Built target sub
[5.014s] Invoked command in '/home/sis/ros2t_ws/build/pubsub_cpp' returned '0': CMAKE_PREFIX_PATH=${CMAKE_PREFIX_PATH}:/home/sis/ros2t_ws/install/add_service_py:/home/sis/ros2t_ws/install/pubsub_py:/opt/ros/humble /usr/bin/cmake --build /home/sis/ros2t_ws/build/pubsub_cpp -- -j4 -l4
[5.315s] Invoking command in '/home/sis/ros2t_ws/build/pubsub_cpp': CMAKE_PREFIX_PATH=${CMAKE_PREFIX_PATH}:/home/sis/ros2t_ws/install/add_service_py:/home/sis/ros2t_ws/install/pubsub_py:/opt/ros/humble /usr/bin/cmake --install /home/sis/ros2t_ws/build/pubsub_cpp
[5.376s] -- Install configuration: ""
[5.379s] -- Up-to-date: /home/sis/ros2t_ws/install/pubsub_cpp/lib/pubsub_cpp/pub
[5.381s] -- Up-to-date: /home/sis/ros2t_ws/install/pubsub_cpp/lib/pubsub_cpp/sub
[5.385s] -- Up-to-date: /home/sis/ros2t_ws/install/pubsub_cpp/share/ament_index/resource_index/package_run_dependencies/pubsub_cpp
[5.389s] -- Up-to-date: /home/sis/ros2t_ws/install/pubsub_cpp/share/ament_index/resource_index/parent_prefix_path/pubsub_cpp
[5.394s] -- Up-to-date: /home/sis/ros2t_ws/install/pubsub_cpp/share/pubsub_cpp/environment/ament_prefix_path.sh
[5.408s] -- Up-to-date: /home/sis/ros2t_ws/install/pubsub_cpp/share/pubsub_cpp/environment/ament_prefix_path.dsv
[5.408s] -- Up-to-date: /home/sis/ros2t_ws/install/pubsub_cpp/share/pubsub_cpp/environment/path.sh
[5.408s] -- Up-to-date: /home/sis/ros2t_ws/install/pubsub_cpp/share/pubsub_cpp/environment/path.dsv
[5.408s] -- Up-to-date: /home/sis/ros2t_ws/install/pubsub_cpp/share/pubsub_cpp/local_setup.bash
[5.408s] -- Up-to-date: /home/sis/ros2t_ws/install/pubsub_cpp/share/pubsub_cpp/local_setup.sh
[5.409s] -- Up-to-date: /home/sis/ros2t_ws/install/pubsub_cpp/share/pubsub_cpp/local_setup.zsh
[5.416s] -- Up-to-date: /home/sis/ros2t_ws/install/pubsub_cpp/share/pubsub_cpp/local_setup.dsv
[5.417s] -- Installing: /home/sis/ros2t_ws/install/pubsub_cpp/share/pubsub_cpp/package.dsv
[5.418s] -- Up-to-date: /home/sis/ros2t_ws/install/pubsub_cpp/share/ament_index/resource_index/packages/pubsub_cpp
[5.419s] -- Up-to-date: /home/sis/ros2t_ws/install/pubsub_cpp/share/pubsub_cpp/cmake/pubsub_cppConfig.cmake
[5.419s] -- Up-to-date: /home/sis/ros2t_ws/install/pubsub_cpp/share/pubsub_cpp/cmake/pubsub_cppConfig-version.cmake
[5.420s] -- Up-to-date: /home/sis/ros2t_ws/install/pubsub_cpp/share/pubsub_cpp/package.xml
[5.479s] Invoked command in '/home/sis/ros2t_ws/build/pubsub_cpp' returned '0': CMAKE_PREFIX_PATH=${CMAKE_PREFIX_PATH}:/home/sis/ros2t_ws/install/add_service_py:/home/sis/ros2t_ws/install/pubsub_py:/opt/ros/humble /usr/bin/cmake --install /home/sis/ros2t_ws/build/pubsub_cpp
