[3.254s] Invoking command in '/home/sis/ros2t_ws/src/pubsub_py': PYTHONPATH=/home/sis/ros2t_ws/build/pubsub_py/prefix_override:/home/sis/ros2t_ws/install/pubsub_py/lib/python3.10/site-packages:${PYTHONPATH} /usr/bin/python3 setup.py egg_info --egg-base ../../build/pubsub_py build --build-base /home/sis/ros2t_ws/build/pubsub_py/build install --record /home/sis/ros2t_ws/build/pubsub_py/install.log --single-version-externally-managed
[4.185s] running egg_info
[4.192s] writing ../../build/pubsub_py/pubsub_py.egg-info/PKG-INFO
[4.196s] writing dependency_links to ../../build/pubsub_py/pubsub_py.egg-info/dependency_links.txt
[4.196s] writing entry points to ../../build/pubsub_py/pubsub_py.egg-info/entry_points.txt
[4.197s] writing requirements to ../../build/pubsub_py/pubsub_py.egg-info/requires.txt
[4.197s] writing top-level names to ../../build/pubsub_py/pubsub_py.egg-info/top_level.txt
[4.202s] reading manifest file '../../build/pubsub_py/pubsub_py.egg-info/SOURCES.txt'
[4.204s] writing manifest file '../../build/pubsub_py/pubsub_py.egg-info/SOURCES.txt'
[4.206s] running build
[4.206s] running build_py
[4.207s] running install
[4.209s] running install_lib
[4.211s] running install_data
[4.213s] running install_egg_info
[4.226s] removing '/home/sis/ros2t_ws/install/pubsub_py/lib/python3.10/site-packages/pubsub_py-0.0.0-py3.10.egg-info' (and everything under it)
[4.229s] Copying ../../build/pubsub_py/pubsub_py.egg-info to /home/sis/ros2t_ws/install/pubsub_py/lib/python3.10/site-packages/pubsub_py-0.0.0-py3.10.egg-info
[4.229s] running install_scripts
[4.320s] Installing pub script to /home/sis/ros2t_ws/install/pubsub_py/lib/pubsub_py
[4.322s] Installing sub script to /home/sis/ros2t_ws/install/pubsub_py/lib/pubsub_py
[4.322s] writing list of installed files to '/home/sis/ros2t_ws/build/pubsub_py/install.log'
[4.432s] Invoked command in '/home/sis/ros2t_ws/src/pubsub_py' returned '0': PYTHONPATH=/home/sis/ros2t_ws/build/pubsub_py/prefix_override:/home/sis/ros2t_ws/install/pubsub_py/lib/python3.10/site-packages:${PYTHONPATH} /usr/bin/python3 setup.py egg_info --egg-base ../../build/pubsub_py build --build-base /home/sis/ros2t_ws/build/pubsub_py/build install --record /home/sis/ros2t_ws/build/pubsub_py/install.log --single-version-externally-managed
