[1.507s] DEBUG:colcon:Command line arguments: ['/usr/bin/colcon', 'build']
[1.507s] DEBUG:colcon:Parsed command line arguments: Namespace(log_base=None, log_level=None, verb_name='build', build_base='build', install_base='install', merge_install=False, symlink_install=False, test_result_base=None, continue_on_error=False, executor='parallel', parallel_workers=4, event_handlers=None, ignore_user_meta=False, metas=['./colcon.meta'], base_paths=['.'], packages_ignore=None, packages_ignore_regex=None, paths=None, packages_up_to=None, packages_up_to_regex=None, packages_above=None, packages_above_and_dependencies=None, packages_above_depth=None, packages_select_by_dep=None, packages_skip_by_dep=None, packages_skip_up_to=None, packages_select_build_failed=False, packages_skip_build_finished=False, packages_select_test_failures=False, packages_skip_test_passed=False, packages_select=None, packages_skip=None, packages_select_regex=None, packages_skip_regex=None, packages_start=None, packages_end=None, allow_overriding=[], cmake_args=None, cmake_target=None, cmake_target_skip_unavailable=False, cmake_clean_cache=False, cmake_clean_first=False, cmake_force_configure=False, ament_cmake_args=None, catkin_cmake_args=None, catkin_skip_building_tests=False, verb_parser=<colcon_defaults.argument_parser.defaults.DefaultArgumentsDecorator object at 0x7f51a6ed5b40>, verb_extension=<colcon_core.verb.build.BuildVerb object at 0x7f51a6e76f50>, main=<bound method BuildVerb.main of <colcon_core.verb.build.BuildVerb object at 0x7f51a6e76f50>>)
[1.575s] Level 1:colcon.colcon_core.package_discovery:discover_packages(colcon_meta) check parameters
[1.575s] Level 1:colcon.colcon_core.package_discovery:discover_packages(recursive) check parameters
[1.575s] Level 1:colcon.colcon_core.package_discovery:discover_packages(ignore) check parameters
[1.575s] Level 1:colcon.colcon_core.package_discovery:discover_packages(path) check parameters
[1.575s] Level 1:colcon.colcon_core.package_discovery:discover_packages(colcon_meta) discover
[1.575s] Level 1:colcon.colcon_core.package_discovery:discover_packages(recursive) discover
[1.575s] INFO:colcon.colcon_core.package_discovery:Crawling recursively for packages in '/home/sis/ros2t_ws'
[1.576s] Level 1:colcon.colcon_core.package_identification:_identify(.) by extensions ['ignore', 'ignore_ament_install']
[1.576s] Level 1:colcon.colcon_core.package_identification:_identify(.) by extension 'ignore'
[1.576s] Level 1:colcon.colcon_core.package_identification:_identify(.) by extension 'ignore_ament_install'
[1.576s] Level 1:colcon.colcon_core.package_identification:_identify(.) by extensions ['colcon_pkg']
[1.576s] Level 1:colcon.colcon_core.package_identification:_identify(.) by extension 'colcon_pkg'
[1.576s] Level 1:colcon.colcon_core.package_identification:_identify(.) by extensions ['colcon_meta']
[1.576s] Level 1:colcon.colcon_core.package_identification:_identify(.) by extension 'colcon_meta'
[1.576s] Level 1:colcon.colcon_core.package_identification:_identify(.) by extensions ['ros']
[1.576s] Level 1:colcon.colcon_core.package_identification:_identify(.) by extension 'ros'
[1.593s] Level 1:colcon.colcon_core.package_identification:_identify(.) by extensions ['cmake', 'python']
[1.593s] Level 1:colcon.colcon_core.package_identification:_identify(.) by extension 'cmake'
[1.593s] Level 1:colcon.colcon_core.package_identification:_identify(.) by extension 'python'
[1.593s] Level 1:colcon.colcon_core.package_identification:_identify(.) by extensions ['python_setup_py']
[1.593s] Level 1:colcon.colcon_core.package_identification:_identify(.) by extension 'python_setup_py'
[1.593s] Level 1:colcon.colcon_core.package_identification:_identify(build) by extensions ['ignore', 'ignore_ament_install']
[1.593s] Level 1:colcon.colcon_core.package_identification:_identify(build) by extension 'ignore'
[1.593s] Level 1:colcon.colcon_core.package_identification:_identify(build) ignored
[1.594s] Level 1:colcon.colcon_core.package_identification:_identify(install) by extensions ['ignore', 'ignore_ament_install']
[1.594s] Level 1:colcon.colcon_core.package_identification:_identify(install) by extension 'ignore'
[1.594s] Level 1:colcon.colcon_core.package_identification:_identify(install) ignored
[1.594s] Level 1:colcon.colcon_core.package_identification:_identify(log) by extensions ['ignore', 'ignore_ament_install']
[1.594s] Level 1:colcon.colcon_core.package_identification:_identify(log) by extension 'ignore'
[1.594s] Level 1:colcon.colcon_core.package_identification:_identify(log) ignored
[1.594s] Level 1:colcon.colcon_core.package_identification:_identify(src) by extensions ['ignore', 'ignore_ament_install']
[1.595s] Level 1:colcon.colcon_core.package_identification:_identify(src) by extension 'ignore'
[1.595s] Level 1:colcon.colcon_core.package_identification:_identify(src) by extension 'ignore_ament_install'
[1.595s] Level 1:colcon.colcon_core.package_identification:_identify(src) by extensions ['colcon_pkg']
[1.595s] Level 1:colcon.colcon_core.package_identification:_identify(src) by extension 'colcon_pkg'
[1.595s] Level 1:colcon.colcon_core.package_identification:_identify(src) by extensions ['colcon_meta']
[1.595s] Level 1:colcon.colcon_core.package_identification:_identify(src) by extension 'colcon_meta'
[1.595s] Level 1:colcon.colcon_core.package_identification:_identify(src) by extensions ['ros']
[1.595s] Level 1:colcon.colcon_core.package_identification:_identify(src) by extension 'ros'
[1.595s] Level 1:colcon.colcon_core.package_identification:_identify(src) by extensions ['cmake', 'python']
[1.595s] Level 1:colcon.colcon_core.package_identification:_identify(src) by extension 'cmake'
[1.595s] Level 1:colcon.colcon_core.package_identification:_identify(src) by extension 'python'
[1.595s] Level 1:colcon.colcon_core.package_identification:_identify(src) by extensions ['python_setup_py']
[1.595s] Level 1:colcon.colcon_core.package_identification:_identify(src) by extension 'python_setup_py'
[1.595s] Level 1:colcon.colcon_core.package_identification:_identify(src/add_service_cpp) by extensions ['ignore', 'ignore_ament_install']
[1.596s] Level 1:colcon.colcon_core.package_identification:_identify(src/add_service_cpp) by extension 'ignore'
[1.596s] Level 1:colcon.colcon_core.package_identification:_identify(src/add_service_cpp) by extension 'ignore_ament_install'
[1.596s] Level 1:colcon.colcon_core.package_identification:_identify(src/add_service_cpp) by extensions ['colcon_pkg']
[1.596s] Level 1:colcon.colcon_core.package_identification:_identify(src/add_service_cpp) by extension 'colcon_pkg'
[1.596s] Level 1:colcon.colcon_core.package_identification:_identify(src/add_service_cpp) by extensions ['colcon_meta']
[1.596s] Level 1:colcon.colcon_core.package_identification:_identify(src/add_service_cpp) by extension 'colcon_meta'
[1.596s] Level 1:colcon.colcon_core.package_identification:_identify(src/add_service_cpp) by extensions ['ros']
[1.596s] Level 1:colcon.colcon_core.package_identification:_identify(src/add_service_cpp) by extension 'ros'
[1.600s] DEBUG:colcon.colcon_core.package_identification:Package 'src/add_service_cpp' with type 'ros.ament_cmake' and name 'add_service_cpp'
[1.600s] Level 1:colcon.colcon_core.package_identification:_identify(src/add_service_py) by extensions ['ignore', 'ignore_ament_install']
[1.600s] Level 1:colcon.colcon_core.package_identification:_identify(src/add_service_py) by extension 'ignore'
[1.600s] Level 1:colcon.colcon_core.package_identification:_identify(src/add_service_py) by extension 'ignore_ament_install'
[1.600s] Level 1:colcon.colcon_core.package_identification:_identify(src/add_service_py) by extensions ['colcon_pkg']
[1.600s] Level 1:colcon.colcon_core.package_identification:_identify(src/add_service_py) by extension 'colcon_pkg'
[1.600s] Level 1:colcon.colcon_core.package_identification:_identify(src/add_service_py) by extensions ['colcon_meta']
[1.601s] Level 1:colcon.colcon_core.package_identification:_identify(src/add_service_py) by extension 'colcon_meta'
[1.601s] Level 1:colcon.colcon_core.package_identification:_identify(src/add_service_py) by extensions ['ros']
[1.601s] Level 1:colcon.colcon_core.package_identification:_identify(src/add_service_py) by extension 'ros'
[1.602s] DEBUG:colcon.colcon_core.package_identification:Package 'src/add_service_py' with type 'ros.ament_python' and name 'add_service_py'
[1.602s] Level 1:colcon.colcon_core.package_identification:_identify(src/fibonacci_action_py) by extensions ['ignore', 'ignore_ament_install']
[1.602s] Level 1:colcon.colcon_core.package_identification:_identify(src/fibonacci_action_py) by extension 'ignore'
[1.602s] Level 1:colcon.colcon_core.package_identification:_identify(src/fibonacci_action_py) by extension 'ignore_ament_install'
[1.602s] Level 1:colcon.colcon_core.package_identification:_identify(src/fibonacci_action_py) by extensions ['colcon_pkg']
[1.602s] Level 1:colcon.colcon_core.package_identification:_identify(src/fibonacci_action_py) by extension 'colcon_pkg'
[1.602s] Level 1:colcon.colcon_core.package_identification:_identify(src/fibonacci_action_py) by extensions ['colcon_meta']
[1.602s] Level 1:colcon.colcon_core.package_identification:_identify(src/fibonacci_action_py) by extension 'colcon_meta'
[1.602s] Level 1:colcon.colcon_core.package_identification:_identify(src/fibonacci_action_py) by extensions ['ros']
[1.602s] Level 1:colcon.colcon_core.package_identification:_identify(src/fibonacci_action_py) by extension 'ros'
[1.603s] DEBUG:colcon.colcon_core.package_identification:Package 'src/fibonacci_action_py' with type 'ros.ament_python' and name 'fibonacci_action_py'
[1.603s] Level 1:colcon.colcon_core.package_identification:_identify(src/pubsub_cpp) by extensions ['ignore', 'ignore_ament_install']
[1.604s] Level 1:colcon.colcon_core.package_identification:_identify(src/pubsub_cpp) by extension 'ignore'
[1.604s] Level 1:colcon.colcon_core.package_identification:_identify(src/pubsub_cpp) by extension 'ignore_ament_install'
[1.604s] Level 1:colcon.colcon_core.package_identification:_identify(src/pubsub_cpp) by extensions ['colcon_pkg']
[1.604s] Level 1:colcon.colcon_core.package_identification:_identify(src/pubsub_cpp) by extension 'colcon_pkg'
[1.604s] Level 1:colcon.colcon_core.package_identification:_identify(src/pubsub_cpp) by extensions ['colcon_meta']
[1.604s] Level 1:colcon.colcon_core.package_identification:_identify(src/pubsub_cpp) by extension 'colcon_meta'
[1.604s] Level 1:colcon.colcon_core.package_identification:_identify(src/pubsub_cpp) by extensions ['ros']
[1.604s] Level 1:colcon.colcon_core.package_identification:_identify(src/pubsub_cpp) by extension 'ros'
[1.605s] DEBUG:colcon.colcon_core.package_identification:Package 'src/pubsub_cpp' with type 'ros.ament_cmake' and name 'pubsub_cpp'
[1.605s] Level 1:colcon.colcon_core.package_identification:_identify(src/pubsub_py) by extensions ['ignore', 'ignore_ament_install']
[1.605s] Level 1:colcon.colcon_core.package_identification:_identify(src/pubsub_py) by extension 'ignore'
[1.605s] Level 1:colcon.colcon_core.package_identification:_identify(src/pubsub_py) by extension 'ignore_ament_install'
[1.605s] Level 1:colcon.colcon_core.package_identification:_identify(src/pubsub_py) by extensions ['colcon_pkg']
[1.605s] Level 1:colcon.colcon_core.package_identification:_identify(src/pubsub_py) by extension 'colcon_pkg'
[1.606s] Level 1:colcon.colcon_core.package_identification:_identify(src/pubsub_py) by extensions ['colcon_meta']
[1.606s] Level 1:colcon.colcon_core.package_identification:_identify(src/pubsub_py) by extension 'colcon_meta'
[1.606s] Level 1:colcon.colcon_core.package_identification:_identify(src/pubsub_py) by extensions ['ros']
[1.606s] Level 1:colcon.colcon_core.package_identification:_identify(src/pubsub_py) by extension 'ros'
[1.607s] DEBUG:colcon.colcon_core.package_identification:Package 'src/pubsub_py' with type 'ros.ament_python' and name 'pubsub_py'
[1.607s] Level 1:colcon.colcon_core.package_identification:_identify(src/tutorial_interfaces) by extensions ['ignore', 'ignore_ament_install']
[1.607s] Level 1:colcon.colcon_core.package_identification:_identify(src/tutorial_interfaces) by extension 'ignore'
[1.607s] Level 1:colcon.colcon_core.package_identification:_identify(src/tutorial_interfaces) by extension 'ignore_ament_install'
[1.607s] Level 1:colcon.colcon_core.package_identification:_identify(src/tutorial_interfaces) by extensions ['colcon_pkg']
[1.607s] Level 1:colcon.colcon_core.package_identification:_identify(src/tutorial_interfaces) by extension 'colcon_pkg'
[1.607s] Level 1:colcon.colcon_core.package_identification:_identify(src/tutorial_interfaces) by extensions ['colcon_meta']
[1.607s] Level 1:colcon.colcon_core.package_identification:_identify(src/tutorial_interfaces) by extension 'colcon_meta'
[1.607s] Level 1:colcon.colcon_core.package_identification:_identify(src/tutorial_interfaces) by extensions ['ros']
[1.607s] Level 1:colcon.colcon_core.package_identification:_identify(src/tutorial_interfaces) by extension 'ros'
[1.608s] DEBUG:colcon.colcon_core.package_identification:Package 'src/tutorial_interfaces' with type 'ros.ament_cmake' and name 'tutorial_interfaces'
[1.608s] Level 1:colcon.colcon_core.package_discovery:discover_packages(recursive) using defaults
[1.608s] Level 1:colcon.colcon_core.package_discovery:discover_packages(ignore) discover
[1.608s] Level 1:colcon.colcon_core.package_discovery:discover_packages(ignore) using defaults
[1.608s] Level 1:colcon.colcon_core.package_discovery:discover_packages(path) discover
[1.609s] Level 1:colcon.colcon_core.package_discovery:discover_packages(path) using defaults
[1.749s] Level 1:colcon.colcon_core.package_discovery:discover_packages(prefix_path) check parameters
[1.749s] Level 1:colcon.colcon_core.package_discovery:discover_packages(prefix_path) discover
[1.794s] DEBUG:colcon.colcon_installed_package_information.package_discovery:Found 6 installed packages in /home/sis/ros2t_ws/install
[1.817s] DEBUG:colcon.colcon_installed_package_information.package_discovery:Found 287 installed packages in /opt/ros/humble
[1.819s] Level 1:colcon.colcon_core.package_discovery:discover_packages(prefix_path) using defaults
[1.978s] Level 5:colcon.colcon_core.verb:set package 'add_service_cpp' build argument 'cmake_args' from command line to 'None'
[1.978s] Level 5:colcon.colcon_core.verb:set package 'add_service_cpp' build argument 'cmake_target' from command line to 'None'
[1.978s] Level 5:colcon.colcon_core.verb:set package 'add_service_cpp' build argument 'cmake_target_skip_unavailable' from command line to 'False'
[1.978s] Level 5:colcon.colcon_core.verb:set package 'add_service_cpp' build argument 'cmake_clean_cache' from command line to 'False'
[1.978s] Level 5:colcon.colcon_core.verb:set package 'add_service_cpp' build argument 'cmake_clean_first' from command line to 'False'
[1.978s] Level 5:colcon.colcon_core.verb:set package 'add_service_cpp' build argument 'cmake_force_configure' from command line to 'False'
[1.978s] Level 5:colcon.colcon_core.verb:set package 'add_service_cpp' build argument 'ament_cmake_args' from command line to 'None'
[1.979s] Level 5:colcon.colcon_core.verb:set package 'add_service_cpp' build argument 'catkin_cmake_args' from command line to 'None'
[1.979s] Level 5:colcon.colcon_core.verb:set package 'add_service_cpp' build argument 'catkin_skip_building_tests' from command line to 'False'
[1.979s] DEBUG:colcon.colcon_core.verb:Building package 'add_service_cpp' with the following arguments: {'ament_cmake_args': None, 'build_base': '/home/sis/ros2t_ws/build/add_service_cpp', 'catkin_cmake_args': None, 'catkin_skip_building_tests': False, 'cmake_args': None, 'cmake_clean_cache': False, 'cmake_clean_first': False, 'cmake_force_configure': False, 'cmake_target': None, 'cmake_target_skip_unavailable': False, 'install_base': '/home/sis/ros2t_ws/install/add_service_cpp', 'merge_install': False, 'path': '/home/sis/ros2t_ws/src/add_service_cpp', 'symlink_install': False, 'test_result_base': None}
[2.001s] Level 5:colcon.colcon_core.verb:set package 'add_service_py' build argument 'cmake_args' from command line to 'None'
[2.001s] Level 5:colcon.colcon_core.verb:set package 'add_service_py' build argument 'cmake_target' from command line to 'None'
[2.001s] Level 5:colcon.colcon_core.verb:set package 'add_service_py' build argument 'cmake_target_skip_unavailable' from command line to 'False'
[2.001s] Level 5:colcon.colcon_core.verb:set package 'add_service_py' build argument 'cmake_clean_cache' from command line to 'False'
[2.001s] Level 5:colcon.colcon_core.verb:set package 'add_service_py' build argument 'cmake_clean_first' from command line to 'False'
[2.001s] Level 5:colcon.colcon_core.verb:set package 'add_service_py' build argument 'cmake_force_configure' from command line to 'False'
[2.001s] Level 5:colcon.colcon_core.verb:set package 'add_service_py' build argument 'ament_cmake_args' from command line to 'None'
[2.001s] Level 5:colcon.colcon_core.verb:set package 'add_service_py' build argument 'catkin_cmake_args' from command line to 'None'
[2.001s] Level 5:colcon.colcon_core.verb:set package 'add_service_py' build argument 'catkin_skip_building_tests' from command line to 'False'
[2.001s] DEBUG:colcon.colcon_core.verb:Building package 'add_service_py' with the following arguments: {'ament_cmake_args': None, 'build_base': '/home/sis/ros2t_ws/build/add_service_py', 'catkin_cmake_args': None, 'catkin_skip_building_tests': False, 'cmake_args': None, 'cmake_clean_cache': False, 'cmake_clean_first': False, 'cmake_force_configure': False, 'cmake_target': None, 'cmake_target_skip_unavailable': False, 'install_base': '/home/sis/ros2t_ws/install/add_service_py', 'merge_install': False, 'path': '/home/sis/ros2t_ws/src/add_service_py', 'symlink_install': False, 'test_result_base': None}
[2.023s] Level 5:colcon.colcon_core.verb:set package 'pubsub_cpp' build argument 'cmake_args' from command line to 'None'
[2.023s] Level 5:colcon.colcon_core.verb:set package 'pubsub_cpp' build argument 'cmake_target' from command line to 'None'
[2.023s] Level 5:colcon.colcon_core.verb:set package 'pubsub_cpp' build argument 'cmake_target_skip_unavailable' from command line to 'False'
[2.023s] Level 5:colcon.colcon_core.verb:set package 'pubsub_cpp' build argument 'cmake_clean_cache' from command line to 'False'
[2.023s] Level 5:colcon.colcon_core.verb:set package 'pubsub_cpp' build argument 'cmake_clean_first' from command line to 'False'
[2.023s] Level 5:colcon.colcon_core.verb:set package 'pubsub_cpp' build argument 'cmake_force_configure' from command line to 'False'
[2.023s] Level 5:colcon.colcon_core.verb:set package 'pubsub_cpp' build argument 'ament_cmake_args' from command line to 'None'
[2.023s] Level 5:colcon.colcon_core.verb:set package 'pubsub_cpp' build argument 'catkin_cmake_args' from command line to 'None'
[2.023s] Level 5:colcon.colcon_core.verb:set package 'pubsub_cpp' build argument 'catkin_skip_building_tests' from command line to 'False'
[2.023s] DEBUG:colcon.colcon_core.verb:Building package 'pubsub_cpp' with the following arguments: {'ament_cmake_args': None, 'build_base': '/home/sis/ros2t_ws/build/pubsub_cpp', 'catkin_cmake_args': None, 'catkin_skip_building_tests': False, 'cmake_args': None, 'cmake_clean_cache': False, 'cmake_clean_first': False, 'cmake_force_configure': False, 'cmake_target': None, 'cmake_target_skip_unavailable': False, 'install_base': '/home/sis/ros2t_ws/install/pubsub_cpp', 'merge_install': False, 'path': '/home/sis/ros2t_ws/src/pubsub_cpp', 'symlink_install': False, 'test_result_base': None}
[2.045s] Level 5:colcon.colcon_core.verb:set package 'pubsub_py' build argument 'cmake_args' from command line to 'None'
[2.045s] Level 5:colcon.colcon_core.verb:set package 'pubsub_py' build argument 'cmake_target' from command line to 'None'
[2.045s] Level 5:colcon.colcon_core.verb:set package 'pubsub_py' build argument 'cmake_target_skip_unavailable' from command line to 'False'
[2.045s] Level 5:colcon.colcon_core.verb:set package 'pubsub_py' build argument 'cmake_clean_cache' from command line to 'False'
[2.045s] Level 5:colcon.colcon_core.verb:set package 'pubsub_py' build argument 'cmake_clean_first' from command line to 'False'
[2.045s] Level 5:colcon.colcon_core.verb:set package 'pubsub_py' build argument 'cmake_force_configure' from command line to 'False'
[2.045s] Level 5:colcon.colcon_core.verb:set package 'pubsub_py' build argument 'ament_cmake_args' from command line to 'None'
[2.045s] Level 5:colcon.colcon_core.verb:set package 'pubsub_py' build argument 'catkin_cmake_args' from command line to 'None'
[2.045s] Level 5:colcon.colcon_core.verb:set package 'pubsub_py' build argument 'catkin_skip_building_tests' from command line to 'False'
[2.045s] DEBUG:colcon.colcon_core.verb:Building package 'pubsub_py' with the following arguments: {'ament_cmake_args': None, 'build_base': '/home/sis/ros2t_ws/build/pubsub_py', 'catkin_cmake_args': None, 'catkin_skip_building_tests': False, 'cmake_args': None, 'cmake_clean_cache': False, 'cmake_clean_first': False, 'cmake_force_configure': False, 'cmake_target': None, 'cmake_target_skip_unavailable': False, 'install_base': '/home/sis/ros2t_ws/install/pubsub_py', 'merge_install': False, 'path': '/home/sis/ros2t_ws/src/pubsub_py', 'symlink_install': False, 'test_result_base': None}
[2.067s] Level 5:colcon.colcon_core.verb:set package 'tutorial_interfaces' build argument 'cmake_args' from command line to 'None'
[2.067s] Level 5:colcon.colcon_core.verb:set package 'tutorial_interfaces' build argument 'cmake_target' from command line to 'None'
[2.067s] Level 5:colcon.colcon_core.verb:set package 'tutorial_interfaces' build argument 'cmake_target_skip_unavailable' from command line to 'False'
[2.068s] Level 5:colcon.colcon_core.verb:set package 'tutorial_interfaces' build argument 'cmake_clean_cache' from command line to 'False'
[2.068s] Level 5:colcon.colcon_core.verb:set package 'tutorial_interfaces' build argument 'cmake_clean_first' from command line to 'False'
[2.068s] Level 5:colcon.colcon_core.verb:set package 'tutorial_interfaces' build argument 'cmake_force_configure' from command line to 'False'
[2.068s] Level 5:colcon.colcon_core.verb:set package 'tutorial_interfaces' build argument 'ament_cmake_args' from command line to 'None'
[2.068s] Level 5:colcon.colcon_core.verb:set package 'tutorial_interfaces' build argument 'catkin_cmake_args' from command line to 'None'
[2.068s] Level 5:colcon.colcon_core.verb:set package 'tutorial_interfaces' build argument 'catkin_skip_building_tests' from command line to 'False'
[2.068s] DEBUG:colcon.colcon_core.verb:Building package 'tutorial_interfaces' with the following arguments: {'ament_cmake_args': None, 'build_base': '/home/sis/ros2t_ws/build/tutorial_interfaces', 'catkin_cmake_args': None, 'catkin_skip_building_tests': False, 'cmake_args': None, 'cmake_clean_cache': False, 'cmake_clean_first': False, 'cmake_force_configure': False, 'cmake_target': None, 'cmake_target_skip_unavailable': False, 'install_base': '/home/sis/ros2t_ws/install/tutorial_interfaces', 'merge_install': False, 'path': '/home/sis/ros2t_ws/src/tutorial_interfaces', 'symlink_install': False, 'test_result_base': None}
[2.091s] Level 5:colcon.colcon_core.verb:set package 'fibonacci_action_py' build argument 'cmake_args' from command line to 'None'
[2.091s] Level 5:colcon.colcon_core.verb:set package 'fibonacci_action_py' build argument 'cmake_target' from command line to 'None'
[2.091s] Level 5:colcon.colcon_core.verb:set package 'fibonacci_action_py' build argument 'cmake_target_skip_unavailable' from command line to 'False'
[2.091s] Level 5:colcon.colcon_core.verb:set package 'fibonacci_action_py' build argument 'cmake_clean_cache' from command line to 'False'
[2.091s] Level 5:colcon.colcon_core.verb:set package 'fibonacci_action_py' build argument 'cmake_clean_first' from command line to 'False'
[2.091s] Level 5:colcon.colcon_core.verb:set package 'fibonacci_action_py' build argument 'cmake_force_configure' from command line to 'False'
[2.091s] Level 5:colcon.colcon_core.verb:set package 'fibonacci_action_py' build argument 'ament_cmake_args' from command line to 'None'
[2.091s] Level 5:colcon.colcon_core.verb:set package 'fibonacci_action_py' build argument 'catkin_cmake_args' from command line to 'None'
[2.091s] Level 5:colcon.colcon_core.verb:set package 'fibonacci_action_py' build argument 'catkin_skip_building_tests' from command line to 'False'
[2.091s] DEBUG:colcon.colcon_core.verb:Building package 'fibonacci_action_py' with the following arguments: {'ament_cmake_args': None, 'build_base': '/home/sis/ros2t_ws/build/fibonacci_action_py', 'catkin_cmake_args': None, 'catkin_skip_building_tests': False, 'cmake_args': None, 'cmake_clean_cache': False, 'cmake_clean_first': False, 'cmake_force_configure': False, 'cmake_target': None, 'cmake_target_skip_unavailable': False, 'install_base': '/home/sis/ros2t_ws/install/fibonacci_action_py', 'merge_install': False, 'path': '/home/sis/ros2t_ws/src/fibonacci_action_py', 'symlink_install': False, 'test_result_base': None}
[2.116s] INFO:colcon.colcon_core.executor:Executing jobs using 'parallel' executor
[2.152s] DEBUG:colcon.colcon_parallel_executor.executor.parallel:run_until_complete
[2.153s] INFO:colcon.colcon_ros.task.ament_cmake.build:Building ROS package in '/home/sis/ros2t_ws/src/tutorial_interfaces' with build type 'ament_cmake'
[2.153s] INFO:colcon.colcon_cmake.task.cmake.build:Building CMake package in '/home/sis/ros2t_ws/src/tutorial_interfaces'
[2.203s] INFO:colcon.colcon_core.plugin_system:Skipping extension 'colcon_core.shell.bat': Not used on non-Windows systems
[2.204s] INFO:colcon.colcon_core.shell:Skip shell extension 'powershell' for command environment: Not usable outside of PowerShell
[2.204s] DEBUG:colcon.colcon_core.shell:Skip shell extension 'dsv' for command environment
[2.443s] INFO:colcon.colcon_ros.task.ament_cmake.build:Building ROS package in '/home/sis/ros2t_ws/src/add_service_cpp' with build type 'ament_cmake'
[2.443s] INFO:colcon.colcon_cmake.task.cmake.build:Building CMake package in '/home/sis/ros2t_ws/src/add_service_cpp'
[2.478s] INFO:colcon.colcon_core.shell:Skip shell extension 'powershell' for command environment: Not usable outside of PowerShell
[2.479s] DEBUG:colcon.colcon_core.shell:Skip shell extension 'dsv' for command environment
[2.559s] INFO:colcon.colcon_ros.task.ament_python.build:Building ROS package in '/home/sis/ros2t_ws/src/add_service_py' with build type 'ament_python'
[2.559s] Level 1:colcon.colcon_core.shell:create_environment_hook('add_service_py', 'ament_prefix_path')
[2.589s] INFO:colcon.colcon_core.shell:Creating environment hook '/home/sis/ros2t_ws/install/add_service_py/share/add_service_py/hook/ament_prefix_path.ps1'
[2.591s] INFO:colcon.colcon_core.shell:Creating environment descriptor '/home/sis/ros2t_ws/install/add_service_py/share/add_service_py/hook/ament_prefix_path.dsv'
[2.592s] INFO:colcon.colcon_core.shell:Creating environment hook '/home/sis/ros2t_ws/install/add_service_py/share/add_service_py/hook/ament_prefix_path.sh'
[2.618s] INFO:colcon.colcon_core.shell:Skip shell extension 'powershell' for command environment: Not usable outside of PowerShell
[2.618s] DEBUG:colcon.colcon_core.shell:Skip shell extension 'dsv' for command environment
[2.691s] INFO:colcon.colcon_ros.task.ament_cmake.build:Building ROS package in '/home/sis/ros2t_ws/src/pubsub_cpp' with build type 'ament_cmake'
[2.691s] INFO:colcon.colcon_cmake.task.cmake.build:Building CMake package in '/home/sis/ros2t_ws/src/pubsub_cpp'
[2.719s] INFO:colcon.colcon_core.shell:Skip shell extension 'powershell' for command environment: Not usable outside of PowerShell
[2.719s] DEBUG:colcon.colcon_core.shell:Skip shell extension 'dsv' for command environment
[2.803s] DEBUG:colcon.colcon_core.event_handler.log_command:Invoking command in '/home/sis/ros2t_ws/build/tutorial_interfaces': CMAKE_PREFIX_PATH=${CMAKE_PREFIX_PATH}:/home/sis/ros2t_ws/install/fibonacci_action_py:/home/sis/ros2t_ws/install/pubsub_py:/home/sis/ros2t_ws/install/add_service_py:/opt/ros/humble /usr/bin/cmake --build /home/sis/ros2t_ws/build/tutorial_interfaces -- -j4 -l4
[2.812s] DEBUG:colcon.colcon_core.event_handler.log_command:Invoking command in '/home/sis/ros2t_ws/build/add_service_cpp': CMAKE_PREFIX_PATH=${CMAKE_PREFIX_PATH}:/home/sis/ros2t_ws/install/fibonacci_action_py:/home/sis/ros2t_ws/install/pubsub_py:/home/sis/ros2t_ws/install/add_service_py:/opt/ros/humble /usr/bin/cmake --build /home/sis/ros2t_ws/build/add_service_cpp -- -j4 -l4
[3.757s] INFO:colcon.colcon_core.task.python.build:Building Python package in '/home/sis/ros2t_ws/src/add_service_py'
[3.805s] INFO:colcon.colcon_core.shell:Skip shell extension 'powershell' for command environment: Not usable outside of PowerShell
[3.805s] DEBUG:colcon.colcon_core.shell:Skip shell extension 'dsv' for command environment
[3.932s] DEBUG:colcon.colcon_core.event_handler.log_command:Invoking command in '/home/sis/ros2t_ws/build/pubsub_cpp': CMAKE_PREFIX_PATH=${CMAKE_PREFIX_PATH}:/home/sis/ros2t_ws/install/fibonacci_action_py:/home/sis/ros2t_ws/install/pubsub_py:/home/sis/ros2t_ws/install/add_service_py:/opt/ros/humble /usr/bin/cmake --build /home/sis/ros2t_ws/build/pubsub_cpp -- -j4 -l4
[3.935s] DEBUG:colcon.colcon_core.event_handler.log_command:Invoked command in '/home/sis/ros2t_ws/build/add_service_cpp' returned '0': CMAKE_PREFIX_PATH=${CMAKE_PREFIX_PATH}:/home/sis/ros2t_ws/install/fibonacci_action_py:/home/sis/ros2t_ws/install/pubsub_py:/home/sis/ros2t_ws/install/add_service_py:/opt/ros/humble /usr/bin/cmake --build /home/sis/ros2t_ws/build/add_service_cpp -- -j4 -l4
[3.952s] DEBUG:colcon.colcon_core.event_handler.log_command:Invoked command in '/home/sis/ros2t_ws/build/tutorial_interfaces' returned '0': CMAKE_PREFIX_PATH=${CMAKE_PREFIX_PATH}:/home/sis/ros2t_ws/install/fibonacci_action_py:/home/sis/ros2t_ws/install/pubsub_py:/home/sis/ros2t_ws/install/add_service_py:/opt/ros/humble /usr/bin/cmake --build /home/sis/ros2t_ws/build/tutorial_interfaces -- -j4 -l4
[4.071s] DEBUG:colcon.colcon_core.event_handler.log_command:Invoking command in '/home/sis/ros2t_ws/build/add_service_cpp': CMAKE_PREFIX_PATH=${CMAKE_PREFIX_PATH}:/home/sis/ros2t_ws/install/fibonacci_action_py:/home/sis/ros2t_ws/install/pubsub_py:/home/sis/ros2t_ws/install/add_service_py:/opt/ros/humble /usr/bin/cmake --install /home/sis/ros2t_ws/build/add_service_cpp
[4.108s] Level 1:colcon.colcon_core.environment:create_environment_scripts_only(add_service_cpp)
[4.116s] DEBUG:colcon.colcon_core.event_handler.log_command:Invoked command in '/home/sis/ros2t_ws/build/add_service_cpp' returned '0': CMAKE_PREFIX_PATH=${CMAKE_PREFIX_PATH}:/home/sis/ros2t_ws/install/fibonacci_action_py:/home/sis/ros2t_ws/install/pubsub_py:/home/sis/ros2t_ws/install/add_service_py:/opt/ros/humble /usr/bin/cmake --install /home/sis/ros2t_ws/build/add_service_cpp
[4.184s] Level 1:colcon.colcon_core.environment:checking '/home/sis/ros2t_ws/install/add_service_cpp' for CMake module files
[4.186s] Level 1:colcon.colcon_core.environment:checking '/home/sis/ros2t_ws/install/add_service_cpp' for CMake config files
[4.186s] Level 1:colcon.colcon_core.shell:create_environment_hook('add_service_cpp', 'cmake_prefix_path')
[4.331s] INFO:colcon.colcon_core.shell:Creating environment hook '/home/sis/ros2t_ws/install/add_service_cpp/share/add_service_cpp/hook/cmake_prefix_path.ps1'
[4.337s] INFO:colcon.colcon_core.shell:Creating environment descriptor '/home/sis/ros2t_ws/install/add_service_cpp/share/add_service_cpp/hook/cmake_prefix_path.dsv'
[4.338s] INFO:colcon.colcon_core.shell:Creating environment hook '/home/sis/ros2t_ws/install/add_service_cpp/share/add_service_cpp/hook/cmake_prefix_path.sh'
[4.340s] Level 1:colcon.colcon_core.environment:checking '/home/sis/ros2t_ws/install/add_service_cpp/lib'
[4.340s] Level 1:colcon.colcon_core.environment:checking '/home/sis/ros2t_ws/install/add_service_cpp/bin'
[4.341s] Level 1:colcon.colcon_core.environment:checking '/home/sis/ros2t_ws/install/add_service_cpp/lib/pkgconfig/add_service_cpp.pc'
[4.341s] Level 1:colcon.colcon_core.environment:checking '/home/sis/ros2t_ws/install/add_service_cpp/lib/python3.10/site-packages'
[4.342s] Level 1:colcon.colcon_core.environment:checking '/home/sis/ros2t_ws/install/add_service_cpp/bin'
[4.404s] INFO:colcon.colcon_core.shell:Creating package script '/home/sis/ros2t_ws/install/add_service_cpp/share/add_service_cpp/package.ps1'
[4.408s] INFO:colcon.colcon_core.shell:Creating package descriptor '/home/sis/ros2t_ws/install/add_service_cpp/share/add_service_cpp/package.dsv'
[4.410s] INFO:colcon.colcon_core.shell:Creating package script '/home/sis/ros2t_ws/install/add_service_cpp/share/add_service_cpp/package.sh'
[4.418s] INFO:colcon.colcon_core.shell:Creating package script '/home/sis/ros2t_ws/install/add_service_cpp/share/add_service_cpp/package.bash'
[4.420s] INFO:colcon.colcon_core.shell:Creating package script '/home/sis/ros2t_ws/install/add_service_cpp/share/add_service_cpp/package.zsh'
[4.422s] Level 1:colcon.colcon_core.environment:create_file_with_runtime_dependencies(/home/sis/ros2t_ws/install/add_service_cpp/share/colcon-core/packages/add_service_cpp)
[4.458s] DEBUG:colcon.colcon_core.event_handler.log_command:Invoked command in '/home/sis/ros2t_ws/build/pubsub_cpp' returned '0': CMAKE_PREFIX_PATH=${CMAKE_PREFIX_PATH}:/home/sis/ros2t_ws/install/fibonacci_action_py:/home/sis/ros2t_ws/install/pubsub_py:/home/sis/ros2t_ws/install/add_service_py:/opt/ros/humble /usr/bin/cmake --build /home/sis/ros2t_ws/build/pubsub_cpp -- -j4 -l4
[4.571s] DEBUG:colcon.colcon_core.event_handler.log_command:Invoking command in '/home/sis/ros2t_ws/build/tutorial_interfaces': CMAKE_PREFIX_PATH=${CMAKE_PREFIX_PATH}:/home/sis/ros2t_ws/install/fibonacci_action_py:/home/sis/ros2t_ws/install/pubsub_py:/home/sis/ros2t_ws/install/add_service_py:/opt/ros/humble /usr/bin/cmake --install /home/sis/ros2t_ws/build/tutorial_interfaces
[4.698s] Level 1:colcon.colcon_core.environment:create_environment_scripts_only(add_service_cpp)
[4.745s] Level 1:colcon.colcon_core.environment:checking '/home/sis/ros2t_ws/install/add_service_cpp' for CMake module files
[4.747s] Level 1:colcon.colcon_core.environment:checking '/home/sis/ros2t_ws/install/add_service_cpp' for CMake config files
[4.747s] Level 1:colcon.colcon_core.shell:create_environment_hook('add_service_cpp', 'cmake_prefix_path')
[4.826s] INFO:colcon.colcon_core.shell:Creating environment hook '/home/sis/ros2t_ws/install/add_service_cpp/share/add_service_cpp/hook/cmake_prefix_path.ps1'
[4.828s] INFO:colcon.colcon_core.shell:Creating environment descriptor '/home/sis/ros2t_ws/install/add_service_cpp/share/add_service_cpp/hook/cmake_prefix_path.dsv'
[4.828s] INFO:colcon.colcon_core.shell:Creating environment hook '/home/sis/ros2t_ws/install/add_service_cpp/share/add_service_cpp/hook/cmake_prefix_path.sh'
[4.830s] Level 1:colcon.colcon_core.environment:checking '/home/sis/ros2t_ws/install/add_service_cpp/lib'
[4.830s] Level 1:colcon.colcon_core.environment:checking '/home/sis/ros2t_ws/install/add_service_cpp/bin'
[4.830s] Level 1:colcon.colcon_core.environment:checking '/home/sis/ros2t_ws/install/add_service_cpp/lib/pkgconfig/add_service_cpp.pc'
[4.831s] Level 1:colcon.colcon_core.environment:checking '/home/sis/ros2t_ws/install/add_service_cpp/lib/python3.10/site-packages'
[4.831s] Level 1:colcon.colcon_core.environment:checking '/home/sis/ros2t_ws/install/add_service_cpp/bin'
[4.871s] INFO:colcon.colcon_core.shell:Creating package script '/home/sis/ros2t_ws/install/add_service_cpp/share/add_service_cpp/package.ps1'
[4.872s] INFO:colcon.colcon_core.shell:Creating package descriptor '/home/sis/ros2t_ws/install/add_service_cpp/share/add_service_cpp/package.dsv'
[4.873s] INFO:colcon.colcon_core.shell:Creating package script '/home/sis/ros2t_ws/install/add_service_cpp/share/add_service_cpp/package.sh'
[4.875s] INFO:colcon.colcon_core.shell:Creating package script '/home/sis/ros2t_ws/install/add_service_cpp/share/add_service_cpp/package.bash'
[4.876s] INFO:colcon.colcon_core.shell:Creating package script '/home/sis/ros2t_ws/install/add_service_cpp/share/add_service_cpp/package.zsh'
[4.877s] Level 1:colcon.colcon_core.environment:create_file_with_runtime_dependencies(/home/sis/ros2t_ws/install/add_service_cpp/share/colcon-core/packages/add_service_cpp)
[4.879s] INFO:colcon.colcon_ros.task.ament_python.build:Building ROS package in '/home/sis/ros2t_ws/src/pubsub_py' with build type 'ament_python'
[4.880s] Level 1:colcon.colcon_core.shell:create_environment_hook('pubsub_py', 'ament_prefix_path')
[4.914s] INFO:colcon.colcon_core.shell:Creating environment hook '/home/sis/ros2t_ws/install/pubsub_py/share/pubsub_py/hook/ament_prefix_path.ps1'
[4.918s] INFO:colcon.colcon_core.shell:Creating environment descriptor '/home/sis/ros2t_ws/install/pubsub_py/share/pubsub_py/hook/ament_prefix_path.dsv'
[4.921s] INFO:colcon.colcon_core.shell:Creating environment hook '/home/sis/ros2t_ws/install/pubsub_py/share/pubsub_py/hook/ament_prefix_path.sh'
[4.955s] INFO:colcon.colcon_core.shell:Skip shell extension 'powershell' for command environment: Not usable outside of PowerShell
[4.955s] DEBUG:colcon.colcon_core.shell:Skip shell extension 'dsv' for command environment
[5.086s] Level 1:colcon.colcon_core.environment:create_environment_scripts_only(tutorial_interfaces)
[5.089s] DEBUG:colcon.colcon_core.event_handler.log_command:Invoked command in '/home/sis/ros2t_ws/build/tutorial_interfaces' returned '0': CMAKE_PREFIX_PATH=${CMAKE_PREFIX_PATH}:/home/sis/ros2t_ws/install/fibonacci_action_py:/home/sis/ros2t_ws/install/pubsub_py:/home/sis/ros2t_ws/install/add_service_py:/opt/ros/humble /usr/bin/cmake --install /home/sis/ros2t_ws/build/tutorial_interfaces
[5.128s] Level 1:colcon.colcon_core.environment:checking '/home/sis/ros2t_ws/install/tutorial_interfaces' for CMake module files
[5.130s] Level 1:colcon.colcon_core.environment:checking '/home/sis/ros2t_ws/install/tutorial_interfaces' for CMake config files
[5.132s] Level 1:colcon.colcon_core.shell:create_environment_hook('tutorial_interfaces', 'cmake_prefix_path')
[5.162s] INFO:colcon.colcon_core.shell:Creating environment hook '/home/sis/ros2t_ws/install/tutorial_interfaces/share/tutorial_interfaces/hook/cmake_prefix_path.ps1'
[5.163s] INFO:colcon.colcon_core.shell:Creating environment descriptor '/home/sis/ros2t_ws/install/tutorial_interfaces/share/tutorial_interfaces/hook/cmake_prefix_path.dsv'
[5.164s] INFO:colcon.colcon_core.shell:Creating environment hook '/home/sis/ros2t_ws/install/tutorial_interfaces/share/tutorial_interfaces/hook/cmake_prefix_path.sh'
[5.166s] Level 1:colcon.colcon_core.environment:checking '/home/sis/ros2t_ws/install/tutorial_interfaces/lib'
[5.166s] Level 1:colcon.colcon_core.shell:create_environment_hook('tutorial_interfaces', 'ld_library_path_lib')
[5.193s] INFO:colcon.colcon_core.shell:Creating environment hook '/home/sis/ros2t_ws/install/tutorial_interfaces/share/tutorial_interfaces/hook/ld_library_path_lib.ps1'
[5.194s] INFO:colcon.colcon_core.shell:Creating environment descriptor '/home/sis/ros2t_ws/install/tutorial_interfaces/share/tutorial_interfaces/hook/ld_library_path_lib.dsv'
[5.195s] INFO:colcon.colcon_core.shell:Creating environment hook '/home/sis/ros2t_ws/install/tutorial_interfaces/share/tutorial_interfaces/hook/ld_library_path_lib.sh'
[5.196s] Level 1:colcon.colcon_core.environment:checking '/home/sis/ros2t_ws/install/tutorial_interfaces/bin'
[5.197s] Level 1:colcon.colcon_core.environment:checking '/home/sis/ros2t_ws/install/tutorial_interfaces/lib/pkgconfig/tutorial_interfaces.pc'
[5.197s] Level 1:colcon.colcon_core.environment:checking '/home/sis/ros2t_ws/install/tutorial_interfaces/lib/python3.10/site-packages'
[5.198s] Level 1:colcon.colcon_core.environment:checking '/home/sis/ros2t_ws/install/tutorial_interfaces/bin'
[5.235s] INFO:colcon.colcon_core.shell:Creating package script '/home/sis/ros2t_ws/install/tutorial_interfaces/share/tutorial_interfaces/package.ps1'
[5.236s] INFO:colcon.colcon_core.shell:Creating package descriptor '/home/sis/ros2t_ws/install/tutorial_interfaces/share/tutorial_interfaces/package.dsv'
[5.237s] INFO:colcon.colcon_core.shell:Creating package script '/home/sis/ros2t_ws/install/tutorial_interfaces/share/tutorial_interfaces/package.sh'
[5.238s] INFO:colcon.colcon_core.shell:Creating package script '/home/sis/ros2t_ws/install/tutorial_interfaces/share/tutorial_interfaces/package.bash'
[5.239s] INFO:colcon.colcon_core.shell:Creating package script '/home/sis/ros2t_ws/install/tutorial_interfaces/share/tutorial_interfaces/package.zsh'
[5.239s] Level 1:colcon.colcon_core.environment:create_file_with_runtime_dependencies(/home/sis/ros2t_ws/install/tutorial_interfaces/share/colcon-core/packages/tutorial_interfaces)
[5.245s] DEBUG:colcon.colcon_core.event_handler.log_command:Invoking command in '/home/sis/ros2t_ws/build/pubsub_cpp': CMAKE_PREFIX_PATH=${CMAKE_PREFIX_PATH}:/home/sis/ros2t_ws/install/fibonacci_action_py:/home/sis/ros2t_ws/install/pubsub_py:/home/sis/ros2t_ws/install/add_service_py:/opt/ros/humble /usr/bin/cmake --install /home/sis/ros2t_ws/build/pubsub_cpp
[6.229s] INFO:colcon.colcon_core.task.python.build:Building Python package in '/home/sis/ros2t_ws/src/pubsub_py'
[6.321s] INFO:colcon.colcon_core.shell:Skip shell extension 'powershell' for command environment: Not usable outside of PowerShell
[6.321s] DEBUG:colcon.colcon_core.shell:Skip shell extension 'dsv' for command environment
[6.618s] DEBUG:colcon.colcon_core.event_handler.log_command:Invoking command in '/home/sis/ros2t_ws/src/add_service_py': PYTHONPATH=/home/sis/ros2t_ws/build/add_service_py/prefix_override:/home/sis/ros2t_ws/install/add_service_py/lib/python3.10/site-packages:${PYTHONPATH} /usr/bin/python3 setup.py egg_info --egg-base ../../build/add_service_py build --build-base /home/sis/ros2t_ws/build/add_service_py/build install --record /home/sis/ros2t_ws/build/add_service_py/install.log --single-version-externally-managed
[6.722s] Level 1:colcon.colcon_core.environment:create_environment_scripts_only(tutorial_interfaces)
[6.796s] Level 1:colcon.colcon_core.environment:checking '/home/sis/ros2t_ws/install/tutorial_interfaces' for CMake module files
[6.798s] Level 1:colcon.colcon_core.environment:checking '/home/sis/ros2t_ws/install/tutorial_interfaces' for CMake config files
[6.802s] Level 1:colcon.colcon_core.shell:create_environment_hook('tutorial_interfaces', 'cmake_prefix_path')
[6.888s] INFO:colcon.colcon_core.shell:Creating environment hook '/home/sis/ros2t_ws/install/tutorial_interfaces/share/tutorial_interfaces/hook/cmake_prefix_path.ps1'
[6.890s] INFO:colcon.colcon_core.shell:Creating environment descriptor '/home/sis/ros2t_ws/install/tutorial_interfaces/share/tutorial_interfaces/hook/cmake_prefix_path.dsv'
[6.890s] INFO:colcon.colcon_core.shell:Creating environment hook '/home/sis/ros2t_ws/install/tutorial_interfaces/share/tutorial_interfaces/hook/cmake_prefix_path.sh'
[6.892s] Level 1:colcon.colcon_core.environment:checking '/home/sis/ros2t_ws/install/tutorial_interfaces/lib'
[6.892s] Level 1:colcon.colcon_core.shell:create_environment_hook('tutorial_interfaces', 'ld_library_path_lib')
[7.100s] INFO:colcon.colcon_core.shell:Creating environment hook '/home/sis/ros2t_ws/install/tutorial_interfaces/share/tutorial_interfaces/hook/ld_library_path_lib.ps1'
[7.111s] INFO:colcon.colcon_core.shell:Creating environment descriptor '/home/sis/ros2t_ws/install/tutorial_interfaces/share/tutorial_interfaces/hook/ld_library_path_lib.dsv'
[7.113s] INFO:colcon.colcon_core.shell:Creating environment hook '/home/sis/ros2t_ws/install/tutorial_interfaces/share/tutorial_interfaces/hook/ld_library_path_lib.sh'
[7.114s] Level 1:colcon.colcon_core.environment:checking '/home/sis/ros2t_ws/install/tutorial_interfaces/bin'
[7.114s] Level 1:colcon.colcon_core.environment:checking '/home/sis/ros2t_ws/install/tutorial_interfaces/lib/pkgconfig/tutorial_interfaces.pc'
[7.115s] Level 1:colcon.colcon_core.environment:checking '/home/sis/ros2t_ws/install/tutorial_interfaces/lib/python3.10/site-packages'
[7.115s] Level 1:colcon.colcon_core.environment:checking '/home/sis/ros2t_ws/install/tutorial_interfaces/bin'
[7.212s] INFO:colcon.colcon_core.shell:Creating package script '/home/sis/ros2t_ws/install/tutorial_interfaces/share/tutorial_interfaces/package.ps1'
[7.214s] INFO:colcon.colcon_core.shell:Creating package descriptor '/home/sis/ros2t_ws/install/tutorial_interfaces/share/tutorial_interfaces/package.dsv'
[7.215s] INFO:colcon.colcon_core.shell:Creating package script '/home/sis/ros2t_ws/install/tutorial_interfaces/share/tutorial_interfaces/package.sh'
[7.216s] INFO:colcon.colcon_core.shell:Creating package script '/home/sis/ros2t_ws/install/tutorial_interfaces/share/tutorial_interfaces/package.bash'
[7.218s] INFO:colcon.colcon_core.shell:Creating package script '/home/sis/ros2t_ws/install/tutorial_interfaces/share/tutorial_interfaces/package.zsh'
[7.219s] Level 1:colcon.colcon_core.environment:create_file_with_runtime_dependencies(/home/sis/ros2t_ws/install/tutorial_interfaces/share/colcon-core/packages/tutorial_interfaces)
[7.219s] Level 1:colcon.colcon_core.environment:create_environment_scripts_only(pubsub_cpp)
[7.221s] DEBUG:colcon.colcon_core.event_handler.log_command:Invoked command in '/home/sis/ros2t_ws/build/pubsub_cpp' returned '0': CMAKE_PREFIX_PATH=${CMAKE_PREFIX_PATH}:/home/sis/ros2t_ws/install/fibonacci_action_py:/home/sis/ros2t_ws/install/pubsub_py:/home/sis/ros2t_ws/install/add_service_py:/opt/ros/humble /usr/bin/cmake --install /home/sis/ros2t_ws/build/pubsub_cpp
[7.325s] Level 1:colcon.colcon_core.environment:checking '/home/sis/ros2t_ws/install/pubsub_cpp' for CMake module files
[7.326s] Level 1:colcon.colcon_core.environment:checking '/home/sis/ros2t_ws/install/pubsub_cpp' for CMake config files
[7.327s] Level 1:colcon.colcon_core.shell:create_environment_hook('pubsub_cpp', 'cmake_prefix_path')
[7.430s] INFO:colcon.colcon_core.shell:Creating environment hook '/home/sis/ros2t_ws/install/pubsub_cpp/share/pubsub_cpp/hook/cmake_prefix_path.ps1'
[7.431s] INFO:colcon.colcon_core.shell:Creating environment descriptor '/home/sis/ros2t_ws/install/pubsub_cpp/share/pubsub_cpp/hook/cmake_prefix_path.dsv'
[7.432s] INFO:colcon.colcon_core.shell:Creating environment hook '/home/sis/ros2t_ws/install/pubsub_cpp/share/pubsub_cpp/hook/cmake_prefix_path.sh'
[7.434s] Level 1:colcon.colcon_core.environment:checking '/home/sis/ros2t_ws/install/pubsub_cpp/lib'
[7.434s] Level 1:colcon.colcon_core.environment:checking '/home/sis/ros2t_ws/install/pubsub_cpp/bin'
[7.434s] Level 1:colcon.colcon_core.environment:checking '/home/sis/ros2t_ws/install/pubsub_cpp/lib/pkgconfig/pubsub_cpp.pc'
[7.435s] Level 1:colcon.colcon_core.environment:checking '/home/sis/ros2t_ws/install/pubsub_cpp/lib/python3.10/site-packages'
[7.435s] Level 1:colcon.colcon_core.environment:checking '/home/sis/ros2t_ws/install/pubsub_cpp/bin'
[7.540s] INFO:colcon.colcon_core.shell:Creating package script '/home/sis/ros2t_ws/install/pubsub_cpp/share/pubsub_cpp/package.ps1'
[7.541s] INFO:colcon.colcon_core.shell:Creating package descriptor '/home/sis/ros2t_ws/install/pubsub_cpp/share/pubsub_cpp/package.dsv'
[7.547s] INFO:colcon.colcon_core.shell:Creating package script '/home/sis/ros2t_ws/install/pubsub_cpp/share/pubsub_cpp/package.sh'
[7.548s] INFO:colcon.colcon_core.shell:Creating package script '/home/sis/ros2t_ws/install/pubsub_cpp/share/pubsub_cpp/package.bash'
[7.549s] INFO:colcon.colcon_core.shell:Creating package script '/home/sis/ros2t_ws/install/pubsub_cpp/share/pubsub_cpp/package.zsh'
[7.549s] Level 1:colcon.colcon_core.environment:create_file_with_runtime_dependencies(/home/sis/ros2t_ws/install/pubsub_cpp/share/colcon-core/packages/pubsub_cpp)
[7.607s] INFO:colcon.colcon_ros.task.ament_python.build:Building ROS package in '/home/sis/ros2t_ws/src/fibonacci_action_py' with build type 'ament_python'
[7.608s] Level 1:colcon.colcon_core.shell:create_environment_hook('fibonacci_action_py', 'ament_prefix_path')
[7.746s] INFO:colcon.colcon_core.shell:Creating environment hook '/home/sis/ros2t_ws/install/fibonacci_action_py/share/fibonacci_action_py/hook/ament_prefix_path.ps1'
[7.759s] INFO:colcon.colcon_core.shell:Creating environment descriptor '/home/sis/ros2t_ws/install/fibonacci_action_py/share/fibonacci_action_py/hook/ament_prefix_path.dsv'
[7.760s] INFO:colcon.colcon_core.shell:Creating environment hook '/home/sis/ros2t_ws/install/fibonacci_action_py/share/fibonacci_action_py/hook/ament_prefix_path.sh'
[7.977s] INFO:colcon.colcon_core.shell:Skip shell extension 'powershell' for command environment: Not usable outside of PowerShell
[7.977s] DEBUG:colcon.colcon_core.shell:Skip shell extension 'dsv' for command environment
[8.509s] Level 1:colcon.colcon_core.environment:create_environment_scripts_only(pubsub_cpp)
[8.577s] Level 1:colcon.colcon_core.environment:checking '/home/sis/ros2t_ws/install/pubsub_cpp' for CMake module files
[8.578s] Level 1:colcon.colcon_core.environment:checking '/home/sis/ros2t_ws/install/pubsub_cpp' for CMake config files
[8.578s] Level 1:colcon.colcon_core.shell:create_environment_hook('pubsub_cpp', 'cmake_prefix_path')
[8.678s] INFO:colcon.colcon_core.shell:Creating environment hook '/home/sis/ros2t_ws/install/pubsub_cpp/share/pubsub_cpp/hook/cmake_prefix_path.ps1'
[8.679s] INFO:colcon.colcon_core.shell:Creating environment descriptor '/home/sis/ros2t_ws/install/pubsub_cpp/share/pubsub_cpp/hook/cmake_prefix_path.dsv'
[8.680s] INFO:colcon.colcon_core.shell:Creating environment hook '/home/sis/ros2t_ws/install/pubsub_cpp/share/pubsub_cpp/hook/cmake_prefix_path.sh'
[8.681s] Level 1:colcon.colcon_core.environment:checking '/home/sis/ros2t_ws/install/pubsub_cpp/lib'
[8.682s] Level 1:colcon.colcon_core.environment:checking '/home/sis/ros2t_ws/install/pubsub_cpp/bin'
[8.682s] Level 1:colcon.colcon_core.environment:checking '/home/sis/ros2t_ws/install/pubsub_cpp/lib/pkgconfig/pubsub_cpp.pc'
[8.683s] Level 1:colcon.colcon_core.environment:checking '/home/sis/ros2t_ws/install/pubsub_cpp/lib/python3.10/site-packages'
[8.683s] Level 1:colcon.colcon_core.environment:checking '/home/sis/ros2t_ws/install/pubsub_cpp/bin'
[8.758s] INFO:colcon.colcon_core.shell:Creating package script '/home/sis/ros2t_ws/install/pubsub_cpp/share/pubsub_cpp/package.ps1'
[8.760s] INFO:colcon.colcon_core.shell:Creating package descriptor '/home/sis/ros2t_ws/install/pubsub_cpp/share/pubsub_cpp/package.dsv'
[8.764s] INFO:colcon.colcon_core.shell:Creating package script '/home/sis/ros2t_ws/install/pubsub_cpp/share/pubsub_cpp/package.sh'
[8.769s] INFO:colcon.colcon_core.shell:Creating package script '/home/sis/ros2t_ws/install/pubsub_cpp/share/pubsub_cpp/package.bash'
[8.773s] INFO:colcon.colcon_core.shell:Creating package script '/home/sis/ros2t_ws/install/pubsub_cpp/share/pubsub_cpp/package.zsh'
[8.775s] Level 1:colcon.colcon_core.environment:create_file_with_runtime_dependencies(/home/sis/ros2t_ws/install/pubsub_cpp/share/colcon-core/packages/pubsub_cpp)
[10.425s] INFO:colcon.colcon_core.task.python.build:Building Python package in '/home/sis/ros2t_ws/src/fibonacci_action_py'
[10.495s] INFO:colcon.colcon_core.shell:Skip shell extension 'powershell' for command environment: Not usable outside of PowerShell
[10.495s] DEBUG:colcon.colcon_core.shell:Skip shell extension 'dsv' for command environment
[10.839s] DEBUG:colcon.colcon_core.event_handler.log_command:Invoked command in '/home/sis/ros2t_ws/src/add_service_py' returned '0': PYTHONPATH=/home/sis/ros2t_ws/build/add_service_py/prefix_override:/home/sis/ros2t_ws/install/add_service_py/lib/python3.10/site-packages:${PYTHONPATH} /usr/bin/python3 setup.py egg_info --egg-base ../../build/add_service_py build --build-base /home/sis/ros2t_ws/build/add_service_py/build install --record /home/sis/ros2t_ws/build/add_service_py/install.log --single-version-externally-managed
[10.907s] Level 1:colcon.colcon_core.environment:checking '/home/sis/ros2t_ws/install/add_service_py' for CMake module files
[10.911s] Level 1:colcon.colcon_core.environment:checking '/home/sis/ros2t_ws/install/add_service_py' for CMake config files
[10.916s] Level 1:colcon.colcon_core.environment:checking '/home/sis/ros2t_ws/install/add_service_py/lib'
[10.917s] Level 1:colcon.colcon_core.environment:checking '/home/sis/ros2t_ws/install/add_service_py/bin'
[10.917s] Level 1:colcon.colcon_core.environment:checking '/home/sis/ros2t_ws/install/add_service_py/lib/pkgconfig/add_service_py.pc'
[10.918s] Level 1:colcon.colcon_core.environment:checking '/home/sis/ros2t_ws/install/add_service_py/lib/python3.10/site-packages'
[10.920s] Level 1:colcon.colcon_core.shell:create_environment_hook('add_service_py', 'pythonpath')
[11.009s] INFO:colcon.colcon_core.shell:Creating environment hook '/home/sis/ros2t_ws/install/add_service_py/share/add_service_py/hook/pythonpath.ps1'
[11.010s] INFO:colcon.colcon_core.shell:Creating environment descriptor '/home/sis/ros2t_ws/install/add_service_py/share/add_service_py/hook/pythonpath.dsv'
[11.011s] INFO:colcon.colcon_core.shell:Creating environment hook '/home/sis/ros2t_ws/install/add_service_py/share/add_service_py/hook/pythonpath.sh'
[11.017s] Level 1:colcon.colcon_core.environment:checking '/home/sis/ros2t_ws/install/add_service_py/bin'
[11.017s] Level 1:colcon.colcon_core.environment:create_environment_scripts_only(add_service_py)
[11.071s] INFO:colcon.colcon_core.shell:Creating package script '/home/sis/ros2t_ws/install/add_service_py/share/add_service_py/package.ps1'
[11.073s] INFO:colcon.colcon_core.shell:Creating package descriptor '/home/sis/ros2t_ws/install/add_service_py/share/add_service_py/package.dsv'
[11.074s] INFO:colcon.colcon_core.shell:Creating package script '/home/sis/ros2t_ws/install/add_service_py/share/add_service_py/package.sh'
[11.075s] INFO:colcon.colcon_core.shell:Creating package script '/home/sis/ros2t_ws/install/add_service_py/share/add_service_py/package.bash'
[11.076s] INFO:colcon.colcon_core.shell:Creating package script '/home/sis/ros2t_ws/install/add_service_py/share/add_service_py/package.zsh'
[11.077s] Level 1:colcon.colcon_core.environment:create_file_with_runtime_dependencies(/home/sis/ros2t_ws/install/add_service_py/share/colcon-core/packages/add_service_py)
[11.106s] DEBUG:colcon.colcon_core.event_handler.log_command:Invoking command in '/home/sis/ros2t_ws/src/pubsub_py': PYTHONPATH=/home/sis/ros2t_ws/build/pubsub_py/prefix_override:/home/sis/ros2t_ws/install/pubsub_py/lib/python3.10/site-packages:${PYTHONPATH} /usr/bin/python3 setup.py egg_info --egg-base ../../build/pubsub_py build --build-base /home/sis/ros2t_ws/build/pubsub_py/build install --record /home/sis/ros2t_ws/build/pubsub_py/install.log --single-version-externally-managed
[12.817s] DEBUG:colcon.colcon_core.event_handler.log_command:Invoked command in '/home/sis/ros2t_ws/src/pubsub_py' returned '0': PYTHONPATH=/home/sis/ros2t_ws/build/pubsub_py/prefix_override:/home/sis/ros2t_ws/install/pubsub_py/lib/python3.10/site-packages:${PYTHONPATH} /usr/bin/python3 setup.py egg_info --egg-base ../../build/pubsub_py build --build-base /home/sis/ros2t_ws/build/pubsub_py/build install --record /home/sis/ros2t_ws/build/pubsub_py/install.log --single-version-externally-managed
[12.927s] Level 1:colcon.colcon_core.environment:checking '/home/sis/ros2t_ws/install/pubsub_py' for CMake module files
[12.928s] Level 1:colcon.colcon_core.environment:checking '/home/sis/ros2t_ws/install/pubsub_py' for CMake config files
[12.930s] Level 1:colcon.colcon_core.environment:checking '/home/sis/ros2t_ws/install/pubsub_py/lib'
[12.930s] Level 1:colcon.colcon_core.environment:checking '/home/sis/ros2t_ws/install/pubsub_py/bin'
[12.931s] Level 1:colcon.colcon_core.environment:checking '/home/sis/ros2t_ws/install/pubsub_py/lib/pkgconfig/pubsub_py.pc'
[12.931s] Level 1:colcon.colcon_core.environment:checking '/home/sis/ros2t_ws/install/pubsub_py/lib/python3.10/site-packages'
[12.931s] Level 1:colcon.colcon_core.shell:create_environment_hook('pubsub_py', 'pythonpath')
[13.028s] INFO:colcon.colcon_core.shell:Creating environment hook '/home/sis/ros2t_ws/install/pubsub_py/share/pubsub_py/hook/pythonpath.ps1'
[13.030s] INFO:colcon.colcon_core.shell:Creating environment descriptor '/home/sis/ros2t_ws/install/pubsub_py/share/pubsub_py/hook/pythonpath.dsv'
[13.031s] INFO:colcon.colcon_core.shell:Creating environment hook '/home/sis/ros2t_ws/install/pubsub_py/share/pubsub_py/hook/pythonpath.sh'
[13.032s] Level 1:colcon.colcon_core.environment:checking '/home/sis/ros2t_ws/install/pubsub_py/bin'
[13.033s] Level 1:colcon.colcon_core.environment:create_environment_scripts_only(pubsub_py)
[13.127s] INFO:colcon.colcon_core.shell:Creating package script '/home/sis/ros2t_ws/install/pubsub_py/share/pubsub_py/package.ps1'
[13.129s] INFO:colcon.colcon_core.shell:Creating package descriptor '/home/sis/ros2t_ws/install/pubsub_py/share/pubsub_py/package.dsv'
[13.133s] INFO:colcon.colcon_core.shell:Creating package script '/home/sis/ros2t_ws/install/pubsub_py/share/pubsub_py/package.sh'
[13.136s] INFO:colcon.colcon_core.shell:Creating package script '/home/sis/ros2t_ws/install/pubsub_py/share/pubsub_py/package.bash'
[13.140s] INFO:colcon.colcon_core.shell:Creating package script '/home/sis/ros2t_ws/install/pubsub_py/share/pubsub_py/package.zsh'
[13.142s] Level 1:colcon.colcon_core.environment:create_file_with_runtime_dependencies(/home/sis/ros2t_ws/install/pubsub_py/share/colcon-core/packages/pubsub_py)
[13.171s] DEBUG:colcon.colcon_core.event_handler.log_command:Invoking command in '/home/sis/ros2t_ws/src/fibonacci_action_py': PYTHONPATH=/home/sis/ros2t_ws/build/fibonacci_action_py/prefix_override:/home/sis/ros2t_ws/install/fibonacci_action_py/lib/python3.10/site-packages:${PYTHONPATH} /usr/bin/python3 setup.py egg_info --egg-base ../../build/fibonacci_action_py build --build-base /home/sis/ros2t_ws/build/fibonacci_action_py/build install --record /home/sis/ros2t_ws/build/fibonacci_action_py/install.log --single-version-externally-managed
[15.086s] DEBUG:colcon.colcon_core.event_handler.log_command:Invoked command in '/home/sis/ros2t_ws/src/fibonacci_action_py' returned '0': PYTHONPATH=/home/sis/ros2t_ws/build/fibonacci_action_py/prefix_override:/home/sis/ros2t_ws/install/fibonacci_action_py/lib/python3.10/site-packages:${PYTHONPATH} /usr/bin/python3 setup.py egg_info --egg-base ../../build/fibonacci_action_py build --build-base /home/sis/ros2t_ws/build/fibonacci_action_py/build install --record /home/sis/ros2t_ws/build/fibonacci_action_py/install.log --single-version-externally-managed
[15.159s] Level 1:colcon.colcon_core.environment:checking '/home/sis/ros2t_ws/install/fibonacci_action_py' for CMake module files
[15.161s] Level 1:colcon.colcon_core.environment:checking '/home/sis/ros2t_ws/install/fibonacci_action_py' for CMake config files
[15.162s] Level 1:colcon.colcon_core.environment:checking '/home/sis/ros2t_ws/install/fibonacci_action_py/lib'
[15.163s] Level 1:colcon.colcon_core.environment:checking '/home/sis/ros2t_ws/install/fibonacci_action_py/bin'
[15.163s] Level 1:colcon.colcon_core.environment:checking '/home/sis/ros2t_ws/install/fibonacci_action_py/lib/pkgconfig/fibonacci_action_py.pc'
[15.164s] Level 1:colcon.colcon_core.environment:checking '/home/sis/ros2t_ws/install/fibonacci_action_py/lib/python3.10/site-packages'
[15.164s] Level 1:colcon.colcon_core.shell:create_environment_hook('fibonacci_action_py', 'pythonpath')
[15.252s] INFO:colcon.colcon_core.shell:Creating environment hook '/home/sis/ros2t_ws/install/fibonacci_action_py/share/fibonacci_action_py/hook/pythonpath.ps1'
[15.265s] INFO:colcon.colcon_core.shell:Creating environment descriptor '/home/sis/ros2t_ws/install/fibonacci_action_py/share/fibonacci_action_py/hook/pythonpath.dsv'
[15.266s] INFO:colcon.colcon_core.shell:Creating environment hook '/home/sis/ros2t_ws/install/fibonacci_action_py/share/fibonacci_action_py/hook/pythonpath.sh'
[15.268s] Level 1:colcon.colcon_core.environment:checking '/home/sis/ros2t_ws/install/fibonacci_action_py/bin'
[15.268s] Level 1:colcon.colcon_core.environment:create_environment_scripts_only(fibonacci_action_py)
[15.325s] INFO:colcon.colcon_core.shell:Creating package script '/home/sis/ros2t_ws/install/fibonacci_action_py/share/fibonacci_action_py/package.ps1'
[15.326s] INFO:colcon.colcon_core.shell:Creating package descriptor '/home/sis/ros2t_ws/install/fibonacci_action_py/share/fibonacci_action_py/package.dsv'
[15.326s] INFO:colcon.colcon_core.shell:Creating package script '/home/sis/ros2t_ws/install/fibonacci_action_py/share/fibonacci_action_py/package.sh'
[15.327s] INFO:colcon.colcon_core.shell:Creating package script '/home/sis/ros2t_ws/install/fibonacci_action_py/share/fibonacci_action_py/package.bash'
[15.328s] INFO:colcon.colcon_core.shell:Creating package script '/home/sis/ros2t_ws/install/fibonacci_action_py/share/fibonacci_action_py/package.zsh'
[15.328s] Level 1:colcon.colcon_core.environment:create_file_with_runtime_dependencies(/home/sis/ros2t_ws/install/fibonacci_action_py/share/colcon-core/packages/fibonacci_action_py)
[15.329s] DEBUG:colcon.colcon_parallel_executor.executor.parallel:closing loop
[15.330s] DEBUG:colcon.colcon_parallel_executor.executor.parallel:loop closed
[15.330s] DEBUG:colcon.colcon_parallel_executor.executor.parallel:run_until_complete finished with '0'
[15.331s] DEBUG:colcon.colcon_core.event_reactor:joining thread
[15.430s] INFO:colcon.colcon_core.plugin_system:Skipping extension 'colcon_notification.desktop_notification.terminal_notifier': Not used on non-Darwin systems
[15.431s] INFO:colcon.colcon_core.plugin_system:Skipping extension 'colcon_notification.desktop_notification.win32': Not used on non-Windows systems
[15.431s] INFO:colcon.colcon_notification.desktop_notification:Sending desktop notification using 'notify2'
[15.501s] DEBUG:colcon.colcon_core.event_reactor:joined thread
[15.606s] INFO:colcon.colcon_core.shell:Creating prefix script '/home/sis/ros2t_ws/install/local_setup.ps1'
[15.609s] INFO:colcon.colcon_core.shell:Creating prefix util module '/home/sis/ros2t_ws/install/_local_setup_util_ps1.py'
[15.612s] INFO:colcon.colcon_core.shell:Creating prefix chain script '/home/sis/ros2t_ws/install/setup.ps1'
[15.719s] INFO:colcon.colcon_core.shell:Creating prefix script '/home/sis/ros2t_ws/install/local_setup.sh'
[15.727s] INFO:colcon.colcon_core.shell:Creating prefix util module '/home/sis/ros2t_ws/install/_local_setup_util_sh.py'
[15.730s] INFO:colcon.colcon_core.shell:Creating prefix chain script '/home/sis/ros2t_ws/install/setup.sh'
[15.865s] INFO:colcon.colcon_core.shell:Creating prefix script '/home/sis/ros2t_ws/install/local_setup.bash'
[15.866s] INFO:colcon.colcon_core.shell:Creating prefix chain script '/home/sis/ros2t_ws/install/setup.bash'
[15.932s] INFO:colcon.colcon_core.shell:Creating prefix script '/home/sis/ros2t_ws/install/local_setup.zsh'
[15.933s] INFO:colcon.colcon_core.shell:Creating prefix chain script '/home/sis/ros2t_ws/install/setup.zsh'
