[0.574s] Invoking command in '/home/sis/ros2t_ws/build/tutorial_interfaces': CMAKE_PREFIX_PATH=${CMAKE_PREFIX_PATH}:/home/sis/ros2t_ws/install/fibonacci_action_py:/home/sis/ros2t_ws/install/pubsub_py:/home/sis/ros2t_ws/install/add_service_py:/opt/ros/humble /usr/bin/cmake --build /home/sis/ros2t_ws/build/tutorial_interfaces -- -j4 -l4
[1.370s] -- Found ament_cmake: 1.3.6 (/opt/ros/humble/share/ament_cmake/cmake)
[1.370s] -- Found builtin_interfaces: 1.2.1 (/opt/ros/humble/share/builtin_interfaces/cmake)
[1.371s] -- Found rosidl_generator_c: 3.1.5 (/opt/ros/humble/share/rosidl_generator_c/cmake)
[1.372s] -- Found rosidl_adapter: 3.1.5 (/opt/ros/humble/share/rosidl_adapter/cmake)
[1.372s] -- Found rosidl_generator_cpp: 3.1.5 (/opt/ros/humble/share/rosidl_generator_cpp/cmake)
[1.372s] -- Using all available rosidl_typesupport_c: rosidl_typesupport_fastrtps_c;rosidl_typesupport_introspection_c
[1.372s] -- Using all available rosidl_typesupport_cpp: rosidl_typesupport_fastrtps_cpp;rosidl_typesupport_introspection_cpp
[1.373s] -- Found rosidl_default_generators: 1.2.0 (/opt/ros/humble/share/rosidl_default_generators/cmake)
[2.129s] -- Found ament_cmake_ros: 0.10.0 (/opt/ros/humble/share/ament_cmake_ros/cmake)
[2.807s] -- Using all available rosidl_typesupport_c: rosidl_typesupport_fastrtps_c;rosidl_typesupport_introspection_c
[3.037s] -- Using all available rosidl_typesupport_cpp: rosidl_typesupport_fastrtps_cpp;rosidl_typesupport_introspection_cpp
[3.080s] -- Found python_cmake_module: 0.10.0 (/opt/ros/humble/share/python_cmake_module/cmake)
[3.123s] -- Using PYTHON_EXECUTABLE: /usr/bin/python3
[3.124s] -- Using PYTHON_INCLUDE_DIRS: /usr/include/python3.10
[3.128s] -- Using PYTHON_LIBRARIES: /usr/lib/x86_64-linux-gnu/libpython3.10.so
[3.195s] -- Configuring done
[3.297s] -- Generating done
[3.305s] -- Build files have been written to: /home/sis/ros2t_ws/build/tutorial_interfaces
[3.421s] [  2%] [34m[1mGenerating C code for ROS interfaces[0m
[3.473s] [  4%] [34m[1mGenerating C++ code for ROS interfaces[0m
[3.594s] [  4%] Built target ament_cmake_python_copy_tutorial_interfaces
[5.032s] running egg_info
[5.032s] writing tutorial_interfaces.egg-info/PKG-INFO
[5.033s] writing dependency_links to tutorial_interfaces.egg-info/dependency_links.txt
[5.033s] writing top-level names to tutorial_interfaces.egg-info/top_level.txt
[5.046s] reading manifest file 'tutorial_interfaces.egg-info/SOURCES.txt'
[5.139s] writing manifest file 'tutorial_interfaces.egg-info/SOURCES.txt'
[5.179s] [  4%] Built target ament_cmake_python_build_tutorial_interfaces_egg
[6.035s] [35m[1mConsolidate compiler generated dependencies of target tutorial_interfaces__rosidl_generator_c[0m
[6.091s] [  6%] [32mBuilding C object CMakeFiles/tutorial_interfaces__rosidl_generator_c.dir/rosidl_generator_c/tutorial_interfaces/msg/detail/num__functions.c.o[0m
[6.121s] [  8%] [32mBuilding C object CMakeFiles/tutorial_interfaces__rosidl_generator_c.dir/rosidl_generator_c/tutorial_interfaces/action/detail/fibonacci__functions.c.o[0m
[6.121s] [ 10%] [32mBuilding C object CMakeFiles/tutorial_interfaces__rosidl_generator_c.dir/rosidl_generator_c/tutorial_interfaces/srv/detail/add_three_ints__functions.c.o[0m
[7.385s] [ 12%] [32m[1mLinking C shared library libtutorial_interfaces__rosidl_generator_c.so[0m
[7.499s] [ 12%] Built target tutorial_interfaces__cpp
[7.558s] [ 14%] [34m[1mGenerating C++ type support dispatch for ROS interfaces[0m
[7.622s] [ 17%] [34m[1mGenerating C++ type support for eProsima Fast-RTPS[0m
[7.641s] [ 19%] [34m[1mGenerating C++ introspection for ROS interfaces[0m
[7.949s] [ 19%] Built target tutorial_interfaces__rosidl_generator_c
[8.106s] [ 21%] [34m[1mGenerating C type support for eProsima Fast-RTPS[0m
[11.788s] [35m[1mConsolidate compiler generated dependencies of target tutorial_interfaces__rosidl_typesupport_cpp[0m
[11.898s] [ 23%] [32mBuilding CXX object CMakeFiles/tutorial_interfaces__rosidl_typesupport_cpp.dir/rosidl_typesupport_cpp/tutorial_interfaces/msg/num__type_support.cpp.o[0m
[12.086s] [35m[1mConsolidate compiler generated dependencies of target tutorial_interfaces__rosidl_typesupport_fastrtps_cpp[0m
[12.252s] [ 25%] [32mBuilding CXX object CMakeFiles/tutorial_interfaces__rosidl_typesupport_fastrtps_cpp.dir/rosidl_typesupport_fastrtps_cpp/tutorial_interfaces/msg/detail/dds_fastrtps/num__type_support.cpp.o[0m
[12.426s] [35m[1mConsolidate compiler generated dependencies of target tutorial_interfaces__rosidl_typesupport_introspection_cpp[0m
[12.560s] [ 27%] [32mBuilding CXX object CMakeFiles/tutorial_interfaces__rosidl_typesupport_introspection_cpp.dir/rosidl_typesupport_introspection_cpp/tutorial_interfaces/msg/detail/num__type_support.cpp.o[0m
[13.164s] [35m[1mConsolidate compiler generated dependencies of target tutorial_interfaces__rosidl_typesupport_fastrtps_c[0m
[13.275s] [ 29%] [32mBuilding CXX object CMakeFiles/tutorial_interfaces__rosidl_typesupport_fastrtps_c.dir/rosidl_typesupport_fastrtps_c/tutorial_interfaces/msg/detail/num__type_support_c.cpp.o[0m
[13.961s] [ 31%] [32mBuilding CXX object CMakeFiles/tutorial_interfaces__rosidl_typesupport_cpp.dir/rosidl_typesupport_cpp/tutorial_interfaces/srv/add_three_ints__type_support.cpp.o[0m
[14.743s] [ 34%] [32mBuilding CXX object CMakeFiles/tutorial_interfaces__rosidl_typesupport_fastrtps_cpp.dir/rosidl_typesupport_fastrtps_cpp/tutorial_interfaces/srv/detail/dds_fastrtps/add_three_ints__type_support.cpp.o[0m
[15.273s] [ 36%] [32mBuilding CXX object CMakeFiles/tutorial_interfaces__rosidl_typesupport_fastrtps_c.dir/rosidl_typesupport_fastrtps_c/tutorial_interfaces/srv/detail/add_three_ints__type_support_c.cpp.o[0m
[15.326s] [ 38%] [32mBuilding CXX object CMakeFiles/tutorial_interfaces__rosidl_typesupport_introspection_cpp.dir/rosidl_typesupport_introspection_cpp/tutorial_interfaces/srv/detail/add_three_ints__type_support.cpp.o[0m
[15.627s] [ 40%] [32mBuilding CXX object CMakeFiles/tutorial_interfaces__rosidl_typesupport_cpp.dir/rosidl_typesupport_cpp/tutorial_interfaces/action/fibonacci__type_support.cpp.o[0m
[16.016s] [ 42%] [32mBuilding CXX object CMakeFiles/tutorial_interfaces__rosidl_typesupport_fastrtps_cpp.dir/rosidl_typesupport_fastrtps_cpp/tutorial_interfaces/action/detail/dds_fastrtps/fibonacci__type_support.cpp.o[0m
[16.788s] [ 44%] [32mBuilding CXX object CMakeFiles/tutorial_interfaces__rosidl_typesupport_fastrtps_c.dir/rosidl_typesupport_fastrtps_c/tutorial_interfaces/action/detail/fibonacci__type_support_c.cpp.o[0m
[16.971s] [ 46%] [32mBuilding CXX object CMakeFiles/tutorial_interfaces__rosidl_typesupport_introspection_cpp.dir/rosidl_typesupport_introspection_cpp/tutorial_interfaces/action/detail/fibonacci__type_support.cpp.o[0m
[17.452s] [ 48%] [32m[1mLinking CXX shared library libtutorial_interfaces__rosidl_typesupport_cpp.so[0m
[17.752s] [ 48%] Built target tutorial_interfaces__rosidl_typesupport_cpp
[17.822s] [ 51%] [34m[1mGenerating C introspection for ROS interfaces[0m
[18.081s] [ 53%] [32m[1mLinking CXX shared library libtutorial_interfaces__rosidl_typesupport_fastrtps_cpp.so[0m
[18.462s] [ 53%] Built target tutorial_interfaces__rosidl_typesupport_fastrtps_cpp
[18.497s] [ 55%] [34m[1mGenerating C type support dispatch for ROS interfaces[0m
[18.595s] [ 57%] [32m[1mLinking CXX shared library libtutorial_interfaces__rosidl_typesupport_fastrtps_c.so[0m
[19.037s] [ 57%] Built target tutorial_interfaces__rosidl_typesupport_fastrtps_c
[19.123s] [ 59%] [32m[1mLinking CXX shared library libtutorial_interfaces__rosidl_typesupport_introspection_cpp.so[0m
[19.379s] [ 59%] Built target tutorial_interfaces__rosidl_typesupport_introspection_cpp
[19.686s] [35m[1mConsolidate compiler generated dependencies of target tutorial_interfaces__rosidl_typesupport_introspection_c[0m
[19.721s] [ 61%] [32mBuilding C object CMakeFiles/tutorial_interfaces__rosidl_typesupport_introspection_c.dir/rosidl_typesupport_introspection_c/tutorial_interfaces/msg/detail/num__type_support.c.o[0m
[19.729s] [ 63%] [32mBuilding C object CMakeFiles/tutorial_interfaces__rosidl_typesupport_introspection_c.dir/rosidl_typesupport_introspection_c/tutorial_interfaces/srv/detail/add_three_ints__type_support.c.o[0m
[19.739s] [ 65%] [32mBuilding C object CMakeFiles/tutorial_interfaces__rosidl_typesupport_introspection_c.dir/rosidl_typesupport_introspection_c/tutorial_interfaces/action/detail/fibonacci__type_support.c.o[0m
[19.750s] [35m[1mConsolidate compiler generated dependencies of target tutorial_interfaces__rosidl_typesupport_c[0m
[19.805s] [ 68%] [32mBuilding CXX object CMakeFiles/tutorial_interfaces__rosidl_typesupport_c.dir/rosidl_typesupport_c/tutorial_interfaces/msg/num__type_support.cpp.o[0m
[19.830s] [ 70%] [32mBuilding CXX object CMakeFiles/tutorial_interfaces__rosidl_typesupport_c.dir/rosidl_typesupport_c/tutorial_interfaces/srv/add_three_ints__type_support.cpp.o[0m
[19.869s] [ 72%] [32mBuilding CXX object CMakeFiles/tutorial_interfaces__rosidl_typesupport_c.dir/rosidl_typesupport_c/tutorial_interfaces/action/fibonacci__type_support.cpp.o[0m
[19.942s] [ 74%] [32m[1mLinking C shared library libtutorial_interfaces__rosidl_typesupport_introspection_c.so[0m
[19.997s] [ 76%] [32m[1mLinking CXX shared library libtutorial_interfaces__rosidl_typesupport_c.so[0m
[20.004s] [ 76%] Built target tutorial_interfaces__rosidl_typesupport_introspection_c
[20.071s] [ 76%] Built target tutorial_interfaces__rosidl_typesupport_c
[20.102s] [ 76%] Built target tutorial_interfaces
[20.140s] [ 78%] [34m[1mGenerating Python code for ROS interfaces[0m
[22.060s] [ 78%] Built target tutorial_interfaces__py
[22.076s] [35m[1mConsolidate compiler generated dependencies of target tutorial_interfaces__rosidl_generator_py[0m
[22.103s] [ 82%] [32mBuilding C object CMakeFiles/tutorial_interfaces__rosidl_generator_py.dir/rosidl_generator_py/tutorial_interfaces/msg/_num_s.c.o[0m
[22.104s] [ 82%] [32mBuilding C object CMakeFiles/tutorial_interfaces__rosidl_generator_py.dir/rosidl_generator_py/tutorial_interfaces/action/_fibonacci_s.c.o[0m
[22.106s] [ 85%] [32mBuilding C object CMakeFiles/tutorial_interfaces__rosidl_generator_py.dir/rosidl_generator_py/tutorial_interfaces/srv/_add_three_ints_s.c.o[0m
[22.495s] [ 87%] [32m[1mLinking C shared library rosidl_generator_py/tutorial_interfaces/libtutorial_interfaces__rosidl_generator_py.so[0m
[22.571s] [ 87%] Built target tutorial_interfaces__rosidl_generator_py
[22.594s] [35m[1mConsolidate compiler generated dependencies of target tutorial_interfaces__rosidl_typesupport_introspection_c__pyext[0m
[22.594s] [35m[1mConsolidate compiler generated dependencies of target tutorial_interfaces__rosidl_typesupport_fastrtps_c__pyext[0m
[22.599s] [35m[1mConsolidate compiler generated dependencies of target tutorial_interfaces__rosidl_typesupport_c__pyext[0m
[22.630s] [ 89%] [32mBuilding C object CMakeFiles/tutorial_interfaces__rosidl_typesupport_fastrtps_c__pyext.dir/rosidl_generator_py/tutorial_interfaces/_tutorial_interfaces_s.ep.rosidl_typesupport_fastrtps_c.c.o[0m
[22.637s] [ 91%] [32mBuilding C object CMakeFiles/tutorial_interfaces__rosidl_typesupport_c__pyext.dir/rosidl_generator_py/tutorial_interfaces/_tutorial_interfaces_s.ep.rosidl_typesupport_c.c.o[0m
[22.674s] [ 93%] [32mBuilding C object CMakeFiles/tutorial_interfaces__rosidl_typesupport_introspection_c__pyext.dir/rosidl_generator_py/tutorial_interfaces/_tutorial_interfaces_s.ep.rosidl_typesupport_introspection_c.c.o[0m
[23.103s] [ 95%] [32m[1mLinking C shared library rosidl_generator_py/tutorial_interfaces/tutorial_interfaces_s__rosidl_typesupport_introspection_c.cpython-310-x86_64-linux-gnu.so[0m
[23.172s] [ 97%] [32m[1mLinking C shared library rosidl_generator_py/tutorial_interfaces/tutorial_interfaces_s__rosidl_typesupport_fastrtps_c.cpython-310-x86_64-linux-gnu.so[0m
[23.267s] [100%] [32m[1mLinking C shared library rosidl_generator_py/tutorial_interfaces/tutorial_interfaces_s__rosidl_typesupport_c.cpython-310-x86_64-linux-gnu.so[0m
[23.300s] [100%] Built target tutorial_interfaces__rosidl_typesupport_fastrtps_c__pyext
[23.327s] [100%] Built target tutorial_interfaces__rosidl_typesupport_introspection_c__pyext
[23.417s] [100%] Built target tutorial_interfaces__rosidl_typesupport_c__pyext
[23.449s] Invoked command in '/home/sis/ros2t_ws/build/tutorial_interfaces' returned '0': CMAKE_PREFIX_PATH=${CMAKE_PREFIX_PATH}:/home/sis/ros2t_ws/install/fibonacci_action_py:/home/sis/ros2t_ws/install/pubsub_py:/home/sis/ros2t_ws/install/add_service_py:/opt/ros/humble /usr/bin/cmake --build /home/sis/ros2t_ws/build/tutorial_interfaces -- -j4 -l4
[23.740s] Invoking command in '/home/sis/ros2t_ws/build/tutorial_interfaces': CMAKE_PREFIX_PATH=${CMAKE_PREFIX_PATH}:/home/sis/ros2t_ws/install/fibonacci_action_py:/home/sis/ros2t_ws/install/pubsub_py:/home/sis/ros2t_ws/install/add_service_py:/opt/ros/humble /usr/bin/cmake --install /home/sis/ros2t_ws/build/tutorial_interfaces
[23.781s] -- Install configuration: ""
[23.781s] -- Installing: /home/sis/ros2t_ws/install/tutorial_interfaces/share/ament_index/resource_index/rosidl_interfaces/tutorial_interfaces
[23.781s] -- Up-to-date: /home/sis/ros2t_ws/install/tutorial_interfaces/include/tutorial_interfaces/tutorial_interfaces
[23.782s] -- Installing: /home/sis/ros2t_ws/install/tutorial_interfaces/include/tutorial_interfaces/tutorial_interfaces/action
[23.782s] -- Installing: /home/sis/ros2t_ws/install/tutorial_interfaces/include/tutorial_interfaces/tutorial_interfaces/action/detail
[23.782s] -- Installing: /home/sis/ros2t_ws/install/tutorial_interfaces/include/tutorial_interfaces/tutorial_interfaces/action/detail/fibonacci__struct.h
[23.783s] -- Installing: /home/sis/ros2t_ws/install/tutorial_interfaces/include/tutorial_interfaces/tutorial_interfaces/action/detail/fibonacci__type_support.h
[23.783s] -- Installing: /home/sis/ros2t_ws/install/tutorial_interfaces/include/tutorial_interfaces/tutorial_interfaces/action/detail/fibonacci__functions.h
[23.783s] -- Installing: /home/sis/ros2t_ws/install/tutorial_interfaces/include/tutorial_interfaces/tutorial_interfaces/action/detail/fibonacci__functions.c
[23.783s] -- Installing: /home/sis/ros2t_ws/install/tutorial_interfaces/include/tutorial_interfaces/tutorial_interfaces/action/fibonacci.h
[23.784s] -- Up-to-date: /home/sis/ros2t_ws/install/tutorial_interfaces/include/tutorial_interfaces/tutorial_interfaces/srv
[23.784s] -- Up-to-date: /home/sis/ros2t_ws/install/tutorial_interfaces/include/tutorial_interfaces/tutorial_interfaces/srv/detail
[23.784s] -- Installing: /home/sis/ros2t_ws/install/tutorial_interfaces/include/tutorial_interfaces/tutorial_interfaces/srv/detail/add_three_ints__functions.c
[23.785s] -- Installing: /home/sis/ros2t_ws/install/tutorial_interfaces/include/tutorial_interfaces/tutorial_interfaces/srv/detail/add_three_ints__type_support.h
[23.786s] -- Installing: /home/sis/ros2t_ws/install/tutorial_interfaces/include/tutorial_interfaces/tutorial_interfaces/srv/detail/add_three_ints__functions.h
[23.786s] -- Installing: /home/sis/ros2t_ws/install/tutorial_interfaces/include/tutorial_interfaces/tutorial_interfaces/srv/detail/add_three_ints__struct.h
[23.787s] -- Installing: /home/sis/ros2t_ws/install/tutorial_interfaces/include/tutorial_interfaces/tutorial_interfaces/srv/add_three_ints.h
[23.787s] -- Up-to-date: /home/sis/ros2t_ws/install/tutorial_interfaces/include/tutorial_interfaces/tutorial_interfaces/msg
[23.788s] -- Up-to-date: /home/sis/ros2t_ws/install/tutorial_interfaces/include/tutorial_interfaces/tutorial_interfaces/msg/detail
[23.789s] -- Installing: /home/sis/ros2t_ws/install/tutorial_interfaces/include/tutorial_interfaces/tutorial_interfaces/msg/detail/num__functions.h
[23.789s] -- Installing: /home/sis/ros2t_ws/install/tutorial_interfaces/include/tutorial_interfaces/tutorial_interfaces/msg/detail/num__struct.h
[23.790s] -- Installing: /home/sis/ros2t_ws/install/tutorial_interfaces/include/tutorial_interfaces/tutorial_interfaces/msg/detail/num__type_support.h
[23.790s] -- Installing: /home/sis/ros2t_ws/install/tutorial_interfaces/include/tutorial_interfaces/tutorial_interfaces/msg/detail/num__functions.c
[23.790s] -- Installing: /home/sis/ros2t_ws/install/tutorial_interfaces/include/tutorial_interfaces/tutorial_interfaces/msg/num.h
[23.791s] -- Up-to-date: /home/sis/ros2t_ws/install/tutorial_interfaces/include/tutorial_interfaces/tutorial_interfaces/msg/rosidl_generator_c__visibility_control.h
[23.792s] -- Up-to-date: /home/sis/ros2t_ws/install/tutorial_interfaces/share/tutorial_interfaces/environment/library_path.sh
[23.793s] -- Installing: /home/sis/ros2t_ws/install/tutorial_interfaces/share/tutorial_interfaces/environment/library_path.dsv
[23.793s] -- Installing: /home/sis/ros2t_ws/install/tutorial_interfaces/lib/libtutorial_interfaces__rosidl_generator_c.so
[23.794s] -- Set runtime path of "/home/sis/ros2t_ws/install/tutorial_interfaces/lib/libtutorial_interfaces__rosidl_generator_c.so" to ""
[23.795s] -- Up-to-date: /home/sis/ros2t_ws/install/tutorial_interfaces/include/tutorial_interfaces/tutorial_interfaces
[23.795s] -- Up-to-date: /home/sis/ros2t_ws/install/tutorial_interfaces/include/tutorial_interfaces/tutorial_interfaces/action
[23.797s] -- Up-to-date: /home/sis/ros2t_ws/install/tutorial_interfaces/include/tutorial_interfaces/tutorial_interfaces/action/detail
[23.797s] -- Installing: /home/sis/ros2t_ws/install/tutorial_interfaces/include/tutorial_interfaces/tutorial_interfaces/action/detail/fibonacci__rosidl_typesupport_fastrtps_c.h
[23.797s] -- Up-to-date: /home/sis/ros2t_ws/install/tutorial_interfaces/include/tutorial_interfaces/tutorial_interfaces/srv
[23.798s] -- Up-to-date: /home/sis/ros2t_ws/install/tutorial_interfaces/include/tutorial_interfaces/tutorial_interfaces/srv/detail
[23.799s] -- Installing: /home/sis/ros2t_ws/install/tutorial_interfaces/include/tutorial_interfaces/tutorial_interfaces/srv/detail/add_three_ints__rosidl_typesupport_fastrtps_c.h
[23.800s] -- Up-to-date: /home/sis/ros2t_ws/install/tutorial_interfaces/include/tutorial_interfaces/tutorial_interfaces/msg
[23.800s] -- Up-to-date: /home/sis/ros2t_ws/install/tutorial_interfaces/include/tutorial_interfaces/tutorial_interfaces/msg/rosidl_typesupport_fastrtps_c__visibility_control.h
[23.802s] -- Up-to-date: /home/sis/ros2t_ws/install/tutorial_interfaces/include/tutorial_interfaces/tutorial_interfaces/msg/detail
[23.804s] -- Installing: /home/sis/ros2t_ws/install/tutorial_interfaces/include/tutorial_interfaces/tutorial_interfaces/msg/detail/num__rosidl_typesupport_fastrtps_c.h
[23.809s] -- Installing: /home/sis/ros2t_ws/install/tutorial_interfaces/lib/libtutorial_interfaces__rosidl_typesupport_fastrtps_c.so
[23.810s] -- Set runtime path of "/home/sis/ros2t_ws/install/tutorial_interfaces/lib/libtutorial_interfaces__rosidl_typesupport_fastrtps_c.so" to ""
[23.813s] -- Up-to-date: /home/sis/ros2t_ws/install/tutorial_interfaces/include/tutorial_interfaces/tutorial_interfaces
[23.814s] -- Up-to-date: /home/sis/ros2t_ws/install/tutorial_interfaces/include/tutorial_interfaces/tutorial_interfaces/action
[23.815s] -- Up-to-date: /home/sis/ros2t_ws/install/tutorial_interfaces/include/tutorial_interfaces/tutorial_interfaces/action/detail
[23.815s] -- Installing: /home/sis/ros2t_ws/install/tutorial_interfaces/include/tutorial_interfaces/tutorial_interfaces/action/detail/fibonacci__struct.hpp
[23.822s] -- Installing: /home/sis/ros2t_ws/install/tutorial_interfaces/include/tutorial_interfaces/tutorial_interfaces/action/detail/fibonacci__traits.hpp
[23.823s] -- Installing: /home/sis/ros2t_ws/install/tutorial_interfaces/include/tutorial_interfaces/tutorial_interfaces/action/detail/fibonacci__builder.hpp
[23.823s] -- Installing: /home/sis/ros2t_ws/install/tutorial_interfaces/include/tutorial_interfaces/tutorial_interfaces/action/fibonacci.hpp
[23.824s] -- Up-to-date: /home/sis/ros2t_ws/install/tutorial_interfaces/include/tutorial_interfaces/tutorial_interfaces/srv
[23.825s] -- Up-to-date: /home/sis/ros2t_ws/install/tutorial_interfaces/include/tutorial_interfaces/tutorial_interfaces/srv/detail
[23.826s] -- Installing: /home/sis/ros2t_ws/install/tutorial_interfaces/include/tutorial_interfaces/tutorial_interfaces/srv/detail/add_three_ints__builder.hpp
[23.827s] -- Installing: /home/sis/ros2t_ws/install/tutorial_interfaces/include/tutorial_interfaces/tutorial_interfaces/srv/detail/add_three_ints__struct.hpp
[23.827s] -- Installing: /home/sis/ros2t_ws/install/tutorial_interfaces/include/tutorial_interfaces/tutorial_interfaces/srv/detail/add_three_ints__traits.hpp
[23.828s] -- Installing: /home/sis/ros2t_ws/install/tutorial_interfaces/include/tutorial_interfaces/tutorial_interfaces/srv/add_three_ints.hpp
[23.829s] -- Up-to-date: /home/sis/ros2t_ws/install/tutorial_interfaces/include/tutorial_interfaces/tutorial_interfaces/msg
[23.829s] -- Up-to-date: /home/sis/ros2t_ws/install/tutorial_interfaces/include/tutorial_interfaces/tutorial_interfaces/msg/detail
[23.829s] -- Installing: /home/sis/ros2t_ws/install/tutorial_interfaces/include/tutorial_interfaces/tutorial_interfaces/msg/detail/num__struct.hpp
[23.830s] -- Installing: /home/sis/ros2t_ws/install/tutorial_interfaces/include/tutorial_interfaces/tutorial_interfaces/msg/detail/num__builder.hpp
[23.830s] -- Installing: /home/sis/ros2t_ws/install/tutorial_interfaces/include/tutorial_interfaces/tutorial_interfaces/msg/detail/num__traits.hpp
[23.831s] -- Installing: /home/sis/ros2t_ws/install/tutorial_interfaces/include/tutorial_interfaces/tutorial_interfaces/msg/num.hpp
[23.831s] -- Up-to-date: /home/sis/ros2t_ws/install/tutorial_interfaces/include/tutorial_interfaces/tutorial_interfaces
[23.832s] -- Up-to-date: /home/sis/ros2t_ws/install/tutorial_interfaces/include/tutorial_interfaces/tutorial_interfaces/action
[23.833s] -- Up-to-date: /home/sis/ros2t_ws/install/tutorial_interfaces/include/tutorial_interfaces/tutorial_interfaces/action/detail
[23.833s] -- Installing: /home/sis/ros2t_ws/install/tutorial_interfaces/include/tutorial_interfaces/tutorial_interfaces/action/detail/fibonacci__rosidl_typesupport_fastrtps_cpp.hpp
[23.833s] -- Installing: /home/sis/ros2t_ws/install/tutorial_interfaces/include/tutorial_interfaces/tutorial_interfaces/action/detail/dds_fastrtps
[23.833s] -- Up-to-date: /home/sis/ros2t_ws/install/tutorial_interfaces/include/tutorial_interfaces/tutorial_interfaces/srv
[23.833s] -- Up-to-date: /home/sis/ros2t_ws/install/tutorial_interfaces/include/tutorial_interfaces/tutorial_interfaces/srv/detail
[23.834s] -- Up-to-date: /home/sis/ros2t_ws/install/tutorial_interfaces/include/tutorial_interfaces/tutorial_interfaces/srv/detail/dds_fastrtps
[23.834s] -- Installing: /home/sis/ros2t_ws/install/tutorial_interfaces/include/tutorial_interfaces/tutorial_interfaces/srv/detail/add_three_ints__rosidl_typesupport_fastrtps_cpp.hpp
[23.834s] -- Up-to-date: /home/sis/ros2t_ws/install/tutorial_interfaces/include/tutorial_interfaces/tutorial_interfaces/msg
[23.834s] -- Up-to-date: /home/sis/ros2t_ws/install/tutorial_interfaces/include/tutorial_interfaces/tutorial_interfaces/msg/rosidl_typesupport_fastrtps_cpp__visibility_control.h
[23.834s] -- Up-to-date: /home/sis/ros2t_ws/install/tutorial_interfaces/include/tutorial_interfaces/tutorial_interfaces/msg/detail
[23.835s] -- Up-to-date: /home/sis/ros2t_ws/install/tutorial_interfaces/include/tutorial_interfaces/tutorial_interfaces/msg/detail/dds_fastrtps
[23.835s] -- Installing: /home/sis/ros2t_ws/install/tutorial_interfaces/include/tutorial_interfaces/tutorial_interfaces/msg/detail/num__rosidl_typesupport_fastrtps_cpp.hpp
[23.835s] -- Installing: /home/sis/ros2t_ws/install/tutorial_interfaces/lib/libtutorial_interfaces__rosidl_typesupport_fastrtps_cpp.so
[23.835s] -- Set runtime path of "/home/sis/ros2t_ws/install/tutorial_interfaces/lib/libtutorial_interfaces__rosidl_typesupport_fastrtps_cpp.so" to ""
[23.835s] -- Up-to-date: /home/sis/ros2t_ws/install/tutorial_interfaces/include/tutorial_interfaces/tutorial_interfaces
[23.835s] -- Up-to-date: /home/sis/ros2t_ws/install/tutorial_interfaces/include/tutorial_interfaces/tutorial_interfaces/action
[23.836s] -- Up-to-date: /home/sis/ros2t_ws/install/tutorial_interfaces/include/tutorial_interfaces/tutorial_interfaces/action/detail
[23.836s] -- Installing: /home/sis/ros2t_ws/install/tutorial_interfaces/include/tutorial_interfaces/tutorial_interfaces/action/detail/fibonacci__type_support.c
[23.836s] -- Installing: /home/sis/ros2t_ws/install/tutorial_interfaces/include/tutorial_interfaces/tutorial_interfaces/action/detail/fibonacci__rosidl_typesupport_introspection_c.h
[23.836s] -- Up-to-date: /home/sis/ros2t_ws/install/tutorial_interfaces/include/tutorial_interfaces/tutorial_interfaces/srv
[23.836s] -- Up-to-date: /home/sis/ros2t_ws/install/tutorial_interfaces/include/tutorial_interfaces/tutorial_interfaces/srv/detail
[23.837s] -- Installing: /home/sis/ros2t_ws/install/tutorial_interfaces/include/tutorial_interfaces/tutorial_interfaces/srv/detail/add_three_ints__rosidl_typesupport_introspection_c.h
[23.837s] -- Installing: /home/sis/ros2t_ws/install/tutorial_interfaces/include/tutorial_interfaces/tutorial_interfaces/srv/detail/add_three_ints__type_support.c
[23.837s] -- Up-to-date: /home/sis/ros2t_ws/install/tutorial_interfaces/include/tutorial_interfaces/tutorial_interfaces/msg
[23.837s] -- Up-to-date: /home/sis/ros2t_ws/install/tutorial_interfaces/include/tutorial_interfaces/tutorial_interfaces/msg/rosidl_typesupport_introspection_c__visibility_control.h
[23.837s] -- Up-to-date: /home/sis/ros2t_ws/install/tutorial_interfaces/include/tutorial_interfaces/tutorial_interfaces/msg/detail
[23.837s] -- Installing: /home/sis/ros2t_ws/install/tutorial_interfaces/include/tutorial_interfaces/tutorial_interfaces/msg/detail/num__type_support.c
[23.838s] -- Installing: /home/sis/ros2t_ws/install/tutorial_interfaces/include/tutorial_interfaces/tutorial_interfaces/msg/detail/num__rosidl_typesupport_introspection_c.h
[23.838s] -- Installing: /home/sis/ros2t_ws/install/tutorial_interfaces/lib/libtutorial_interfaces__rosidl_typesupport_introspection_c.so
[23.838s] -- Set runtime path of "/home/sis/ros2t_ws/install/tutorial_interfaces/lib/libtutorial_interfaces__rosidl_typesupport_introspection_c.so" to ""
[23.838s] -- Installing: /home/sis/ros2t_ws/install/tutorial_interfaces/lib/libtutorial_interfaces__rosidl_typesupport_c.so
[23.838s] -- Set runtime path of "/home/sis/ros2t_ws/install/tutorial_interfaces/lib/libtutorial_interfaces__rosidl_typesupport_c.so" to ""
[23.839s] -- Up-to-date: /home/sis/ros2t_ws/install/tutorial_interfaces/include/tutorial_interfaces/tutorial_interfaces
[23.839s] -- Up-to-date: /home/sis/ros2t_ws/install/tutorial_interfaces/include/tutorial_interfaces/tutorial_interfaces/action
[23.839s] -- Up-to-date: /home/sis/ros2t_ws/install/tutorial_interfaces/include/tutorial_interfaces/tutorial_interfaces/action/detail
[23.839s] -- Installing: /home/sis/ros2t_ws/install/tutorial_interfaces/include/tutorial_interfaces/tutorial_interfaces/action/detail/fibonacci__rosidl_typesupport_introspection_cpp.hpp
[23.839s] -- Installing: /home/sis/ros2t_ws/install/tutorial_interfaces/include/tutorial_interfaces/tutorial_interfaces/action/detail/fibonacci__type_support.cpp
[23.839s] -- Up-to-date: /home/sis/ros2t_ws/install/tutorial_interfaces/include/tutorial_interfaces/tutorial_interfaces/srv
[23.840s] -- Up-to-date: /home/sis/ros2t_ws/install/tutorial_interfaces/include/tutorial_interfaces/tutorial_interfaces/srv/detail
[23.851s] -- Installing: /home/sis/ros2t_ws/install/tutorial_interfaces/include/tutorial_interfaces/tutorial_interfaces/srv/detail/add_three_ints__rosidl_typesupport_introspection_cpp.hpp
[23.852s] -- Installing: /home/sis/ros2t_ws/install/tutorial_interfaces/include/tutorial_interfaces/tutorial_interfaces/srv/detail/add_three_ints__type_support.cpp
[23.852s] -- Up-to-date: /home/sis/ros2t_ws/install/tutorial_interfaces/include/tutorial_interfaces/tutorial_interfaces/msg
[23.852s] -- Up-to-date: /home/sis/ros2t_ws/install/tutorial_interfaces/include/tutorial_interfaces/tutorial_interfaces/msg/detail
[23.852s] -- Installing: /home/sis/ros2t_ws/install/tutorial_interfaces/include/tutorial_interfaces/tutorial_interfaces/msg/detail/num__type_support.cpp
[23.853s] -- Installing: /home/sis/ros2t_ws/install/tutorial_interfaces/include/tutorial_interfaces/tutorial_interfaces/msg/detail/num__rosidl_typesupport_introspection_cpp.hpp
[23.853s] -- Installing: /home/sis/ros2t_ws/install/tutorial_interfaces/lib/libtutorial_interfaces__rosidl_typesupport_introspection_cpp.so
[23.853s] -- Set runtime path of "/home/sis/ros2t_ws/install/tutorial_interfaces/lib/libtutorial_interfaces__rosidl_typesupport_introspection_cpp.so" to ""
[23.853s] -- Installing: /home/sis/ros2t_ws/install/tutorial_interfaces/lib/libtutorial_interfaces__rosidl_typesupport_cpp.so
[23.854s] -- Set runtime path of "/home/sis/ros2t_ws/install/tutorial_interfaces/lib/libtutorial_interfaces__rosidl_typesupport_cpp.so" to ""
[23.854s] -- Up-to-date: /home/sis/ros2t_ws/install/tutorial_interfaces/share/tutorial_interfaces/environment/pythonpath.sh
[23.854s] -- Installing: /home/sis/ros2t_ws/install/tutorial_interfaces/share/tutorial_interfaces/environment/pythonpath.dsv
[23.854s] -- Up-to-date: /home/sis/ros2t_ws/install/tutorial_interfaces/local/lib/python3.10/dist-packages/tutorial_interfaces-0.0.0-py3.10.egg-info
[23.855s] -- Installing: /home/sis/ros2t_ws/install/tutorial_interfaces/local/lib/python3.10/dist-packages/tutorial_interfaces-0.0.0-py3.10.egg-info/dependency_links.txt
[23.856s] -- Installing: /home/sis/ros2t_ws/install/tutorial_interfaces/local/lib/python3.10/dist-packages/tutorial_interfaces-0.0.0-py3.10.egg-info/SOURCES.txt
[23.857s] -- Installing: /home/sis/ros2t_ws/install/tutorial_interfaces/local/lib/python3.10/dist-packages/tutorial_interfaces-0.0.0-py3.10.egg-info/top_level.txt
[23.857s] -- Installing: /home/sis/ros2t_ws/install/tutorial_interfaces/local/lib/python3.10/dist-packages/tutorial_interfaces-0.0.0-py3.10.egg-info/PKG-INFO
[23.858s] -- Up-to-date: /home/sis/ros2t_ws/install/tutorial_interfaces/local/lib/python3.10/dist-packages/tutorial_interfaces
[23.858s] -- Installing: /home/sis/ros2t_ws/install/tutorial_interfaces/local/lib/python3.10/dist-packages/tutorial_interfaces/action
[23.858s] -- Installing: /home/sis/ros2t_ws/install/tutorial_interfaces/local/lib/python3.10/dist-packages/tutorial_interfaces/action/_fibonacci.py
[23.859s] -- Installing: /home/sis/ros2t_ws/install/tutorial_interfaces/local/lib/python3.10/dist-packages/tutorial_interfaces/action/__init__.py
[23.859s] -- Installing: /home/sis/ros2t_ws/install/tutorial_interfaces/local/lib/python3.10/dist-packages/tutorial_interfaces/action/_fibonacci_s.c
[23.859s] -- Installing: /home/sis/ros2t_ws/install/tutorial_interfaces/local/lib/python3.10/dist-packages/tutorial_interfaces/tutorial_interfaces_s__rosidl_typesupport_introspection_c.cpython-310-x86_64-linux-gnu.so
[23.869s] -- Installing: /home/sis/ros2t_ws/install/tutorial_interfaces/local/lib/python3.10/dist-packages/tutorial_interfaces/_tutorial_interfaces_s.ep.rosidl_typesupport_introspection_c.c
[23.869s] -- Installing: /home/sis/ros2t_ws/install/tutorial_interfaces/local/lib/python3.10/dist-packages/tutorial_interfaces/libtutorial_interfaces__rosidl_generator_py.so
[23.870s] -- Installing: /home/sis/ros2t_ws/install/tutorial_interfaces/local/lib/python3.10/dist-packages/tutorial_interfaces/tutorial_interfaces_s__rosidl_typesupport_c.cpython-310-x86_64-linux-gnu.so
[23.870s] -- Up-to-date: /home/sis/ros2t_ws/install/tutorial_interfaces/local/lib/python3.10/dist-packages/tutorial_interfaces/srv
[23.871s] -- Installing: /home/sis/ros2t_ws/install/tutorial_interfaces/local/lib/python3.10/dist-packages/tutorial_interfaces/srv/_add_three_ints_s.c
[23.871s] -- Installing: /home/sis/ros2t_ws/install/tutorial_interfaces/local/lib/python3.10/dist-packages/tutorial_interfaces/srv/__init__.py
[23.872s] -- Installing: /home/sis/ros2t_ws/install/tutorial_interfaces/local/lib/python3.10/dist-packages/tutorial_interfaces/srv/_add_three_ints.py
[23.872s] -- Up-to-date: /home/sis/ros2t_ws/install/tutorial_interfaces/local/lib/python3.10/dist-packages/tutorial_interfaces/msg
[23.873s] -- Installing: /home/sis/ros2t_ws/install/tutorial_interfaces/local/lib/python3.10/dist-packages/tutorial_interfaces/msg/_num_s.c
[23.874s] -- Installing: /home/sis/ros2t_ws/install/tutorial_interfaces/local/lib/python3.10/dist-packages/tutorial_interfaces/msg/__init__.py
[23.874s] -- Installing: /home/sis/ros2t_ws/install/tutorial_interfaces/local/lib/python3.10/dist-packages/tutorial_interfaces/msg/_num.py
[23.875s] -- Installing: /home/sis/ros2t_ws/install/tutorial_interfaces/local/lib/python3.10/dist-packages/tutorial_interfaces/_tutorial_interfaces_s.ep.rosidl_typesupport_fastrtps_c.c
[23.875s] -- Installing: /home/sis/ros2t_ws/install/tutorial_interfaces/local/lib/python3.10/dist-packages/tutorial_interfaces/_tutorial_interfaces_s.ep.rosidl_typesupport_c.c
[23.876s] -- Installing: /home/sis/ros2t_ws/install/tutorial_interfaces/local/lib/python3.10/dist-packages/tutorial_interfaces/__init__.py
[23.876s] -- Installing: /home/sis/ros2t_ws/install/tutorial_interfaces/local/lib/python3.10/dist-packages/tutorial_interfaces/tutorial_interfaces_s__rosidl_typesupport_fastrtps_c.cpython-310-x86_64-linux-gnu.so
[24.025s] Listing '/home/sis/ros2t_ws/install/tutorial_interfaces/local/lib/python3.10/dist-packages/tutorial_interfaces'...
[24.025s] Compiling '/home/sis/ros2t_ws/install/tutorial_interfaces/local/lib/python3.10/dist-packages/tutorial_interfaces/__init__.py'...
[24.025s] Listing '/home/sis/ros2t_ws/install/tutorial_interfaces/local/lib/python3.10/dist-packages/tutorial_interfaces/action'...
[24.026s] Compiling '/home/sis/ros2t_ws/install/tutorial_interfaces/local/lib/python3.10/dist-packages/tutorial_interfaces/action/__init__.py'...
[24.026s] Compiling '/home/sis/ros2t_ws/install/tutorial_interfaces/local/lib/python3.10/dist-packages/tutorial_interfaces/action/_fibonacci.py'...
[24.026s] Listing '/home/sis/ros2t_ws/install/tutorial_interfaces/local/lib/python3.10/dist-packages/tutorial_interfaces/msg'...
[24.026s] Compiling '/home/sis/ros2t_ws/install/tutorial_interfaces/local/lib/python3.10/dist-packages/tutorial_interfaces/msg/__init__.py'...
[24.026s] Compiling '/home/sis/ros2t_ws/install/tutorial_interfaces/local/lib/python3.10/dist-packages/tutorial_interfaces/msg/_num.py'...
[24.027s] Listing '/home/sis/ros2t_ws/install/tutorial_interfaces/local/lib/python3.10/dist-packages/tutorial_interfaces/srv'...
[24.027s] Compiling '/home/sis/ros2t_ws/install/tutorial_interfaces/local/lib/python3.10/dist-packages/tutorial_interfaces/srv/__init__.py'...
[24.027s] Compiling '/home/sis/ros2t_ws/install/tutorial_interfaces/local/lib/python3.10/dist-packages/tutorial_interfaces/srv/_add_three_ints.py'...
[24.055s] -- Installing: /home/sis/ros2t_ws/install/tutorial_interfaces/local/lib/python3.10/dist-packages/tutorial_interfaces/tutorial_interfaces_s__rosidl_typesupport_fastrtps_c.cpython-310-x86_64-linux-gnu.so
[24.058s] -- Set runtime path of "/home/sis/ros2t_ws/install/tutorial_interfaces/local/lib/python3.10/dist-packages/tutorial_interfaces/tutorial_interfaces_s__rosidl_typesupport_fastrtps_c.cpython-310-x86_64-linux-gnu.so" to ""
[24.060s] -- Installing: /home/sis/ros2t_ws/install/tutorial_interfaces/local/lib/python3.10/dist-packages/tutorial_interfaces/tutorial_interfaces_s__rosidl_typesupport_introspection_c.cpython-310-x86_64-linux-gnu.so
[24.063s] -- Set runtime path of "/home/sis/ros2t_ws/install/tutorial_interfaces/local/lib/python3.10/dist-packages/tutorial_interfaces/tutorial_interfaces_s__rosidl_typesupport_introspection_c.cpython-310-x86_64-linux-gnu.so" to ""
[24.065s] -- Installing: /home/sis/ros2t_ws/install/tutorial_interfaces/local/lib/python3.10/dist-packages/tutorial_interfaces/tutorial_interfaces_s__rosidl_typesupport_c.cpython-310-x86_64-linux-gnu.so
[24.068s] -- Set runtime path of "/home/sis/ros2t_ws/install/tutorial_interfaces/local/lib/python3.10/dist-packages/tutorial_interfaces/tutorial_interfaces_s__rosidl_typesupport_c.cpython-310-x86_64-linux-gnu.so" to ""
[24.069s] -- Installing: /home/sis/ros2t_ws/install/tutorial_interfaces/lib/libtutorial_interfaces__rosidl_generator_py.so
[24.070s] -- Set runtime path of "/home/sis/ros2t_ws/install/tutorial_interfaces/lib/libtutorial_interfaces__rosidl_generator_py.so" to ""
[24.070s] -- Up-to-date: /home/sis/ros2t_ws/install/tutorial_interfaces/share/tutorial_interfaces/msg/Num.idl
[24.071s] -- Up-to-date: /home/sis/ros2t_ws/install/tutorial_interfaces/share/tutorial_interfaces/srv/AddThreeInts.idl
[24.071s] -- Installing: /home/sis/ros2t_ws/install/tutorial_interfaces/share/tutorial_interfaces/action/Fibonacci.idl
[24.071s] -- Up-to-date: /home/sis/ros2t_ws/install/tutorial_interfaces/share/tutorial_interfaces/msg/Num.msg
[24.071s] -- Up-to-date: /home/sis/ros2t_ws/install/tutorial_interfaces/share/tutorial_interfaces/srv/AddThreeInts.srv
[24.071s] -- Up-to-date: /home/sis/ros2t_ws/install/tutorial_interfaces/share/tutorial_interfaces/srv/AddThreeInts_Request.msg
[24.072s] -- Up-to-date: /home/sis/ros2t_ws/install/tutorial_interfaces/share/tutorial_interfaces/srv/AddThreeInts_Response.msg
[24.072s] -- Installing: /home/sis/ros2t_ws/install/tutorial_interfaces/share/tutorial_interfaces/action/Fibonacci.action
[24.072s] -- Up-to-date: /home/sis/ros2t_ws/install/tutorial_interfaces/share/ament_index/resource_index/package_run_dependencies/tutorial_interfaces
[24.072s] -- Installing: /home/sis/ros2t_ws/install/tutorial_interfaces/share/ament_index/resource_index/parent_prefix_path/tutorial_interfaces
[24.073s] -- Up-to-date: /home/sis/ros2t_ws/install/tutorial_interfaces/share/tutorial_interfaces/environment/ament_prefix_path.sh
[24.073s] -- Installing: /home/sis/ros2t_ws/install/tutorial_interfaces/share/tutorial_interfaces/environment/ament_prefix_path.dsv
[24.073s] -- Up-to-date: /home/sis/ros2t_ws/install/tutorial_interfaces/share/tutorial_interfaces/environment/path.sh
[24.073s] -- Installing: /home/sis/ros2t_ws/install/tutorial_interfaces/share/tutorial_interfaces/environment/path.dsv
[24.073s] -- Up-to-date: /home/sis/ros2t_ws/install/tutorial_interfaces/share/tutorial_interfaces/local_setup.bash
[24.074s] -- Up-to-date: /home/sis/ros2t_ws/install/tutorial_interfaces/share/tutorial_interfaces/local_setup.sh
[24.074s] -- Up-to-date: /home/sis/ros2t_ws/install/tutorial_interfaces/share/tutorial_interfaces/local_setup.zsh
[24.074s] -- Installing: /home/sis/ros2t_ws/install/tutorial_interfaces/share/tutorial_interfaces/local_setup.dsv
[24.074s] -- Installing: /home/sis/ros2t_ws/install/tutorial_interfaces/share/tutorial_interfaces/package.dsv
[24.076s] -- Up-to-date: /home/sis/ros2t_ws/install/tutorial_interfaces/share/ament_index/resource_index/packages/tutorial_interfaces
[24.076s] -- Old export file "/home/sis/ros2t_ws/install/tutorial_interfaces/share/tutorial_interfaces/cmake/export_tutorial_interfaces__rosidl_generator_cExport.cmake" will be replaced.  Removing files [/home/sis/ros2t_ws/install/tutorial_interfaces/share/tutorial_interfaces/cmake/export_tutorial_interfaces__rosidl_generator_cExport-noconfig.cmake].
[24.077s] -- Installing: /home/sis/ros2t_ws/install/tutorial_interfaces/share/tutorial_interfaces/cmake/export_tutorial_interfaces__rosidl_generator_cExport.cmake
[24.077s] -- Installing: /home/sis/ros2t_ws/install/tutorial_interfaces/share/tutorial_interfaces/cmake/export_tutorial_interfaces__rosidl_generator_cExport-noconfig.cmake
[24.077s] -- Old export file "/home/sis/ros2t_ws/install/tutorial_interfaces/share/tutorial_interfaces/cmake/export_tutorial_interfaces__rosidl_typesupport_fastrtps_cExport.cmake" will be replaced.  Removing files [/home/sis/ros2t_ws/install/tutorial_interfaces/share/tutorial_interfaces/cmake/export_tutorial_interfaces__rosidl_typesupport_fastrtps_cExport-noconfig.cmake].
[24.077s] -- Installing: /home/sis/ros2t_ws/install/tutorial_interfaces/share/tutorial_interfaces/cmake/export_tutorial_interfaces__rosidl_typesupport_fastrtps_cExport.cmake
[24.077s] -- Installing: /home/sis/ros2t_ws/install/tutorial_interfaces/share/tutorial_interfaces/cmake/export_tutorial_interfaces__rosidl_typesupport_fastrtps_cExport-noconfig.cmake
[24.078s] -- Installing: /home/sis/ros2t_ws/install/tutorial_interfaces/share/tutorial_interfaces/cmake/export_tutorial_interfaces__rosidl_generator_cppExport.cmake
[24.078s] -- Old export file "/home/sis/ros2t_ws/install/tutorial_interfaces/share/tutorial_interfaces/cmake/export_tutorial_interfaces__rosidl_typesupport_fastrtps_cppExport.cmake" will be replaced.  Removing files [/home/sis/ros2t_ws/install/tutorial_interfaces/share/tutorial_interfaces/cmake/export_tutorial_interfaces__rosidl_typesupport_fastrtps_cppExport-noconfig.cmake].
[24.078s] -- Installing: /home/sis/ros2t_ws/install/tutorial_interfaces/share/tutorial_interfaces/cmake/export_tutorial_interfaces__rosidl_typesupport_fastrtps_cppExport.cmake
[24.078s] -- Installing: /home/sis/ros2t_ws/install/tutorial_interfaces/share/tutorial_interfaces/cmake/export_tutorial_interfaces__rosidl_typesupport_fastrtps_cppExport-noconfig.cmake
[24.078s] -- Old export file "/home/sis/ros2t_ws/install/tutorial_interfaces/share/tutorial_interfaces/cmake/tutorial_interfaces__rosidl_typesupport_introspection_cExport.cmake" will be replaced.  Removing files [/home/sis/ros2t_ws/install/tutorial_interfaces/share/tutorial_interfaces/cmake/tutorial_interfaces__rosidl_typesupport_introspection_cExport-noconfig.cmake].
[24.079s] -- Installing: /home/sis/ros2t_ws/install/tutorial_interfaces/share/tutorial_interfaces/cmake/tutorial_interfaces__rosidl_typesupport_introspection_cExport.cmake
[24.079s] -- Installing: /home/sis/ros2t_ws/install/tutorial_interfaces/share/tutorial_interfaces/cmake/tutorial_interfaces__rosidl_typesupport_introspection_cExport-noconfig.cmake
[24.079s] -- Old export file "/home/sis/ros2t_ws/install/tutorial_interfaces/share/tutorial_interfaces/cmake/tutorial_interfaces__rosidl_typesupport_cExport.cmake" will be replaced.  Removing files [/home/sis/ros2t_ws/install/tutorial_interfaces/share/tutorial_interfaces/cmake/tutorial_interfaces__rosidl_typesupport_cExport-noconfig.cmake].
[24.079s] -- Installing: /home/sis/ros2t_ws/install/tutorial_interfaces/share/tutorial_interfaces/cmake/tutorial_interfaces__rosidl_typesupport_cExport.cmake
[24.079s] -- Installing: /home/sis/ros2t_ws/install/tutorial_interfaces/share/tutorial_interfaces/cmake/tutorial_interfaces__rosidl_typesupport_cExport-noconfig.cmake
[24.082s] -- Old export file "/home/sis/ros2t_ws/install/tutorial_interfaces/share/tutorial_interfaces/cmake/tutorial_interfaces__rosidl_typesupport_introspection_cppExport.cmake" will be replaced.  Removing files [/home/sis/ros2t_ws/install/tutorial_interfaces/share/tutorial_interfaces/cmake/tutorial_interfaces__rosidl_typesupport_introspection_cppExport-noconfig.cmake].
[24.082s] -- Installing: /home/sis/ros2t_ws/install/tutorial_interfaces/share/tutorial_interfaces/cmake/tutorial_interfaces__rosidl_typesupport_introspection_cppExport.cmake
[24.082s] -- Installing: /home/sis/ros2t_ws/install/tutorial_interfaces/share/tutorial_interfaces/cmake/tutorial_interfaces__rosidl_typesupport_introspection_cppExport-noconfig.cmake
[24.083s] -- Old export file "/home/sis/ros2t_ws/install/tutorial_interfaces/share/tutorial_interfaces/cmake/tutorial_interfaces__rosidl_typesupport_cppExport.cmake" will be replaced.  Removing files [/home/sis/ros2t_ws/install/tutorial_interfaces/share/tutorial_interfaces/cmake/tutorial_interfaces__rosidl_typesupport_cppExport-noconfig.cmake].
[24.083s] -- Installing: /home/sis/ros2t_ws/install/tutorial_interfaces/share/tutorial_interfaces/cmake/tutorial_interfaces__rosidl_typesupport_cppExport.cmake
[24.083s] -- Installing: /home/sis/ros2t_ws/install/tutorial_interfaces/share/tutorial_interfaces/cmake/tutorial_interfaces__rosidl_typesupport_cppExport-noconfig.cmake
[24.084s] -- Old export file "/home/sis/ros2t_ws/install/tutorial_interfaces/share/tutorial_interfaces/cmake/export_tutorial_interfaces__rosidl_generator_pyExport.cmake" will be replaced.  Removing files [/home/sis/ros2t_ws/install/tutorial_interfaces/share/tutorial_interfaces/cmake/export_tutorial_interfaces__rosidl_generator_pyExport-noconfig.cmake].
[24.084s] -- Installing: /home/sis/ros2t_ws/install/tutorial_interfaces/share/tutorial_interfaces/cmake/export_tutorial_interfaces__rosidl_generator_pyExport.cmake
[24.084s] -- Installing: /home/sis/ros2t_ws/install/tutorial_interfaces/share/tutorial_interfaces/cmake/export_tutorial_interfaces__rosidl_generator_pyExport-noconfig.cmake
[24.084s] -- Installing: /home/sis/ros2t_ws/install/tutorial_interfaces/share/tutorial_interfaces/cmake/rosidl_cmake-extras.cmake
[24.085s] -- Installing: /home/sis/ros2t_ws/install/tutorial_interfaces/share/tutorial_interfaces/cmake/ament_cmake_export_dependencies-extras.cmake
[24.085s] -- Up-to-date: /home/sis/ros2t_ws/install/tutorial_interfaces/share/tutorial_interfaces/cmake/ament_cmake_export_include_directories-extras.cmake
[24.085s] -- Up-to-date: /home/sis/ros2t_ws/install/tutorial_interfaces/share/tutorial_interfaces/cmake/ament_cmake_export_libraries-extras.cmake
[24.085s] -- Up-to-date: /home/sis/ros2t_ws/install/tutorial_interfaces/share/tutorial_interfaces/cmake/ament_cmake_export_targets-extras.cmake
[24.085s] -- Up-to-date: /home/sis/ros2t_ws/install/tutorial_interfaces/share/tutorial_interfaces/cmake/rosidl_cmake_export_typesupport_targets-extras.cmake
[24.086s] -- Up-to-date: /home/sis/ros2t_ws/install/tutorial_interfaces/share/tutorial_interfaces/cmake/rosidl_cmake_export_typesupport_libraries-extras.cmake
[24.086s] -- Up-to-date: /home/sis/ros2t_ws/install/tutorial_interfaces/share/tutorial_interfaces/cmake/tutorial_interfacesConfig.cmake
[24.086s] -- Up-to-date: /home/sis/ros2t_ws/install/tutorial_interfaces/share/tutorial_interfaces/cmake/tutorial_interfacesConfig-version.cmake
[24.086s] -- Up-to-date: /home/sis/ros2t_ws/install/tutorial_interfaces/share/tutorial_interfaces/package.xml
[24.096s] Invoked command in '/home/sis/ros2t_ws/build/tutorial_interfaces' returned '0': CMAKE_PREFIX_PATH=${CMAKE_PREFIX_PATH}:/home/sis/ros2t_ws/install/fibonacci_action_py:/home/sis/ros2t_ws/install/pubsub_py:/home/sis/ros2t_ws/install/add_service_py:/opt/ros/humble /usr/bin/cmake --install /home/sis/ros2t_ws/build/tutorial_interfaces
