running egg_info
writing ../../build/fibonacci_action_py/fibonacci_action_py.egg-info/PKG-INFO
writing dependency_links to ../../build/fibonacci_action_py/fibonacci_action_py.egg-info/dependency_links.txt
writing entry points to ../../build/fibonacci_action_py/fibonacci_action_py.egg-info/entry_points.txt
writing requirements to ../../build/fibonacci_action_py/fibonacci_action_py.egg-info/requires.txt
writing top-level names to ../../build/fibonacci_action_py/fibonacci_action_py.egg-info/top_level.txt
reading manifest file '../../build/fibonacci_action_py/fibonacci_action_py.egg-info/SOURCES.txt'
writing manifest file '../../build/fibonacci_action_py/fibonacci_action_py.egg-info/SOURCES.txt'
running build
running build_py
copying fibonacci_action_py/server.py -> /home/sis/ros2t_ws/build/fibonacci_action_py/build/lib/fibonacci_action_py
running install
running install_lib
copying /home/sis/ros2t_ws/build/fibonacci_action_py/build/lib/fibonacci_action_py/server.py -> /home/sis/ros2t_ws/install/fibonacci_action_py/lib/python3.10/site-packages/fibonacci_action_py
byte-compiling /home/sis/ros2t_ws/install/fibonacci_action_py/lib/python3.10/site-packages/fibonacci_action_py/server.py to server.cpython-310.pyc
running install_data
running install_egg_info
removing '/home/sis/ros2t_ws/install/fibonacci_action_py/lib/python3.10/site-packages/fibonacci_action_py-0.0.0-py3.10.egg-info' (and everything under it)
Copying ../../build/fibonacci_action_py/fibonacci_action_py.egg-info to /home/sis/ros2t_ws/install/fibonacci_action_py/lib/python3.10/site-packages/fibonacci_action_py-0.0.0-py3.10.egg-info
running install_scripts
Installing client script to /home/sis/ros2t_ws/install/fibonacci_action_py/lib/fibonacci_action_py
Installing server script to /home/sis/ros2t_ws/install/fibonacci_action_py/lib/fibonacci_action_py
writing list of installed files to '/home/sis/ros2t_ws/build/fibonacci_action_py/install.log'
