[1.810s] Invoking command in '/home/sis/ros2t_ws/build/pubsub_cpp': CMAKE_PREFIX_PATH=${CMAKE_PREFIX_PATH}:/home/sis/ros2t_ws/install/fibonacci_action_py:/home/sis/ros2t_ws/install/pubsub_py:/home/sis/ros2t_ws/install/add_service_py:/opt/ros/humble /usr/bin/cmake --build /home/sis/ros2t_ws/build/pubsub_cpp -- -j4 -l4
[2.018s] [ 50%] Built target sub
[2.036s] [100%] Built target pub
[2.319s] Invoked command in '/home/sis/ros2t_ws/build/pubsub_cpp' returned '0': CMAKE_PREFIX_PATH=${CMAKE_PREFIX_PATH}:/home/sis/ros2t_ws/install/fibonacci_action_py:/home/sis/ros2t_ws/install/pubsub_py:/home/sis/ros2t_ws/install/add_service_py:/opt/ros/humble /usr/bin/cmake --build /home/sis/ros2t_ws/build/pubsub_cpp -- -j4 -l4
[2.552s] Invoking command in '/home/sis/ros2t_ws/build/pubsub_cpp': CMAKE_PREFIX_PATH=${CMAKE_PREFIX_PATH}:/home/sis/ros2t_ws/install/fibonacci_action_py:/home/sis/ros2t_ws/install/pubsub_py:/home/sis/ros2t_ws/install/add_service_py:/opt/ros/humble /usr/bin/cmake --install /home/sis/ros2t_ws/build/pubsub_cpp
[2.597s] -- Install configuration: ""
[2.597s] -- Up-to-date: /home/sis/ros2t_ws/install/pubsub_cpp/lib/pubsub_cpp/pub
[2.598s] -- Up-to-date: /home/sis/ros2t_ws/install/pubsub_cpp/lib/pubsub_cpp/sub
[2.599s] -- Up-to-date: /home/sis/ros2t_ws/install/pubsub_cpp/share/ament_index/resource_index/package_run_dependencies/pubsub_cpp
[2.599s] -- Up-to-date: /home/sis/ros2t_ws/install/pubsub_cpp/share/ament_index/resource_index/parent_prefix_path/pubsub_cpp
[2.600s] -- Up-to-date: /home/sis/ros2t_ws/install/pubsub_cpp/share/pubsub_cpp/environment/ament_prefix_path.sh
[2.600s] -- Up-to-date: /home/sis/ros2t_ws/install/pubsub_cpp/share/pubsub_cpp/environment/ament_prefix_path.dsv
[2.601s] -- Up-to-date: /home/sis/ros2t_ws/install/pubsub_cpp/share/pubsub_cpp/environment/path.sh
[2.601s] -- Up-to-date: /home/sis/ros2t_ws/install/pubsub_cpp/share/pubsub_cpp/environment/path.dsv
[2.604s] -- Up-to-date: /home/sis/ros2t_ws/install/pubsub_cpp/share/pubsub_cpp/local_setup.bash
[2.604s] -- Up-to-date: /home/sis/ros2t_ws/install/pubsub_cpp/share/pubsub_cpp/local_setup.sh
[2.605s] -- Up-to-date: /home/sis/ros2t_ws/install/pubsub_cpp/share/pubsub_cpp/local_setup.zsh
[2.606s] -- Up-to-date: /home/sis/ros2t_ws/install/pubsub_cpp/share/pubsub_cpp/local_setup.dsv
[2.613s] -- Installing: /home/sis/ros2t_ws/install/pubsub_cpp/share/pubsub_cpp/package.dsv
[2.614s] -- Up-to-date: /home/sis/ros2t_ws/install/pubsub_cpp/share/ament_index/resource_index/packages/pubsub_cpp
[2.614s] -- Up-to-date: /home/sis/ros2t_ws/install/pubsub_cpp/share/pubsub_cpp/cmake/pubsub_cppConfig.cmake
[2.614s] -- Up-to-date: /home/sis/ros2t_ws/install/pubsub_cpp/share/pubsub_cpp/cmake/pubsub_cppConfig-version.cmake
[2.615s] -- Up-to-date: /home/sis/ros2t_ws/install/pubsub_cpp/share/pubsub_cpp/package.xml
[3.301s] Invoked command in '/home/sis/ros2t_ws/build/pubsub_cpp' returned '0': CMAKE_PREFIX_PATH=${CMAKE_PREFIX_PATH}:/home/sis/ros2t_ws/install/fibonacci_action_py:/home/sis/ros2t_ws/install/pubsub_py:/home/sis/ros2t_ws/install/add_service_py:/opt/ros/humble /usr/bin/cmake --install /home/sis/ros2t_ws/build/pubsub_cpp
