[0.581s] Invoking command in '/home/sis/ros2t_ws/build/tutorial_interfaces': CMAKE_PREFIX_PATH=${CMAKE_PREFIX_PATH}:/home/sis/ros2t_ws/install/fibonacci_action_py:/home/sis/ros2t_ws/install/pubsub_py:/home/sis/ros2t_ws/install/add_service_py:/opt/ros/humble /usr/bin/cmake --build /home/sis/ros2t_ws/build/tutorial_interfaces -- -j4 -l4
[1.837s] [ 10%] Built target tutorial_interfaces__rosidl_generator_c
[1.837s] [ 12%] Built target tutorial_interfaces__cpp
[1.838s] [ 12%] Built target ament_cmake_python_copy_tutorial_interfaces
[1.838s] [ 34%] Built target tutorial_interfaces__rosidl_typesupport_introspection_c
[1.838s] [ 31%] Built target tutorial_interfaces__rosidl_typesupport_fastrtps_c
[1.838s] [ 44%] Built target tutorial_interfaces__rosidl_typesupport_c
[1.838s] [ 55%] Built target tutorial_interfaces__rosidl_typesupport_cpp
[1.839s] [ 65%] Built target tutorial_interfaces__rosidl_typesupport_introspection_cpp
[1.839s] [ 76%] Built target tutorial_interfaces__rosidl_typesupport_fastrtps_cpp
[1.839s] [ 76%] Built target tutorial_interfaces
[1.839s] [ 78%] Built target tutorial_interfaces__py
[1.839s] [ 87%] Built target tutorial_interfaces__rosidl_generator_py
[1.840s] [ 91%] Built target tutorial_interfaces__rosidl_typesupport_fastrtps_c__pyext
[1.840s] [ 95%] Built target tutorial_interfaces__rosidl_typesupport_c__pyext
[1.840s] [100%] Built target tutorial_interfaces__rosidl_typesupport_introspection_c__pyext
[1.857s] running egg_info
[1.860s] writing tutorial_interfaces.egg-info/PKG-INFO
[1.861s] writing dependency_links to tutorial_interfaces.egg-info/dependency_links.txt
[1.861s] writing top-level names to tutorial_interfaces.egg-info/top_level.txt
[1.866s] reading manifest file 'tutorial_interfaces.egg-info/SOURCES.txt'
[1.872s] writing manifest file 'tutorial_interfaces.egg-info/SOURCES.txt'
[1.989s] [100%] Built target ament_cmake_python_build_tutorial_interfaces_egg
[2.048s] Invoked command in '/home/sis/ros2t_ws/build/tutorial_interfaces' returned '0': CMAKE_PREFIX_PATH=${CMAKE_PREFIX_PATH}:/home/sis/ros2t_ws/install/fibonacci_action_py:/home/sis/ros2t_ws/install/pubsub_py:/home/sis/ros2t_ws/install/add_service_py:/opt/ros/humble /usr/bin/cmake --build /home/sis/ros2t_ws/build/tutorial_interfaces -- -j4 -l4
[3.491s] Invoking command in '/home/sis/ros2t_ws/build/tutorial_interfaces': CMAKE_PREFIX_PATH=${CMAKE_PREFIX_PATH}:/home/sis/ros2t_ws/install/fibonacci_action_py:/home/sis/ros2t_ws/install/pubsub_py:/home/sis/ros2t_ws/install/add_service_py:/opt/ros/humble /usr/bin/cmake --install /home/sis/ros2t_ws/build/tutorial_interfaces
[3.715s] -- Install configuration: ""
[3.716s] -- Up-to-date: /home/sis/ros2t_ws/install/tutorial_interfaces/share/ament_index/resource_index/rosidl_interfaces/tutorial_interfaces
[3.716s] -- Up-to-date: /home/sis/ros2t_ws/install/tutorial_interfaces/include/tutorial_interfaces/tutorial_interfaces
[3.716s] -- Up-to-date: /home/sis/ros2t_ws/install/tutorial_interfaces/include/tutorial_interfaces/tutorial_interfaces/action
[3.717s] -- Up-to-date: /home/sis/ros2t_ws/install/tutorial_interfaces/include/tutorial_interfaces/tutorial_interfaces/action/detail
[3.717s] -- Up-to-date: /home/sis/ros2t_ws/install/tutorial_interfaces/include/tutorial_interfaces/tutorial_interfaces/action/detail/fibonacci__struct.h
[3.717s] -- Up-to-date: /home/sis/ros2t_ws/install/tutorial_interfaces/include/tutorial_interfaces/tutorial_interfaces/action/detail/fibonacci__type_support.h
[3.718s] -- Up-to-date: /home/sis/ros2t_ws/install/tutorial_interfaces/include/tutorial_interfaces/tutorial_interfaces/action/detail/fibonacci__functions.h
[3.718s] -- Up-to-date: /home/sis/ros2t_ws/install/tutorial_interfaces/include/tutorial_interfaces/tutorial_interfaces/action/detail/fibonacci__functions.c
[3.718s] -- Up-to-date: /home/sis/ros2t_ws/install/tutorial_interfaces/include/tutorial_interfaces/tutorial_interfaces/action/fibonacci.h
[3.718s] -- Up-to-date: /home/sis/ros2t_ws/install/tutorial_interfaces/include/tutorial_interfaces/tutorial_interfaces/srv
[3.719s] -- Up-to-date: /home/sis/ros2t_ws/install/tutorial_interfaces/include/tutorial_interfaces/tutorial_interfaces/srv/detail
[3.719s] -- Up-to-date: /home/sis/ros2t_ws/install/tutorial_interfaces/include/tutorial_interfaces/tutorial_interfaces/srv/detail/add_three_ints__functions.c
[3.719s] -- Up-to-date: /home/sis/ros2t_ws/install/tutorial_interfaces/include/tutorial_interfaces/tutorial_interfaces/srv/detail/add_three_ints__type_support.h
[3.719s] -- Up-to-date: /home/sis/ros2t_ws/install/tutorial_interfaces/include/tutorial_interfaces/tutorial_interfaces/srv/detail/add_three_ints__functions.h
[3.720s] -- Up-to-date: /home/sis/ros2t_ws/install/tutorial_interfaces/include/tutorial_interfaces/tutorial_interfaces/srv/detail/add_three_ints__struct.h
[3.720s] -- Up-to-date: /home/sis/ros2t_ws/install/tutorial_interfaces/include/tutorial_interfaces/tutorial_interfaces/srv/add_three_ints.h
[3.720s] -- Up-to-date: /home/sis/ros2t_ws/install/tutorial_interfaces/include/tutorial_interfaces/tutorial_interfaces/msg
[3.720s] -- Up-to-date: /home/sis/ros2t_ws/install/tutorial_interfaces/include/tutorial_interfaces/tutorial_interfaces/msg/detail
[3.720s] -- Up-to-date: /home/sis/ros2t_ws/install/tutorial_interfaces/include/tutorial_interfaces/tutorial_interfaces/msg/detail/num__functions.h
[3.721s] -- Up-to-date: /home/sis/ros2t_ws/install/tutorial_interfaces/include/tutorial_interfaces/tutorial_interfaces/msg/detail/num__struct.h
[3.733s] -- Up-to-date: /home/sis/ros2t_ws/install/tutorial_interfaces/include/tutorial_interfaces/tutorial_interfaces/msg/detail/num__type_support.h
[3.734s] -- Up-to-date: /home/sis/ros2t_ws/install/tutorial_interfaces/include/tutorial_interfaces/tutorial_interfaces/msg/detail/num__functions.c
[3.734s] -- Up-to-date: /home/sis/ros2t_ws/install/tutorial_interfaces/include/tutorial_interfaces/tutorial_interfaces/msg/num.h
[3.734s] -- Up-to-date: /home/sis/ros2t_ws/install/tutorial_interfaces/include/tutorial_interfaces/tutorial_interfaces/msg/rosidl_generator_c__visibility_control.h
[3.734s] -- Up-to-date: /home/sis/ros2t_ws/install/tutorial_interfaces/share/tutorial_interfaces/environment/library_path.sh
[3.735s] -- Up-to-date: /home/sis/ros2t_ws/install/tutorial_interfaces/share/tutorial_interfaces/environment/library_path.dsv
[3.735s] -- Up-to-date: /home/sis/ros2t_ws/install/tutorial_interfaces/lib/libtutorial_interfaces__rosidl_generator_c.so
[3.735s] -- Up-to-date: /home/sis/ros2t_ws/install/tutorial_interfaces/include/tutorial_interfaces/tutorial_interfaces
[3.736s] -- Up-to-date: /home/sis/ros2t_ws/install/tutorial_interfaces/include/tutorial_interfaces/tutorial_interfaces/action
[3.736s] -- Up-to-date: /home/sis/ros2t_ws/install/tutorial_interfaces/include/tutorial_interfaces/tutorial_interfaces/action/detail
[3.736s] -- Up-to-date: /home/sis/ros2t_ws/install/tutorial_interfaces/include/tutorial_interfaces/tutorial_interfaces/action/detail/fibonacci__rosidl_typesupport_fastrtps_c.h
[3.736s] -- Up-to-date: /home/sis/ros2t_ws/install/tutorial_interfaces/include/tutorial_interfaces/tutorial_interfaces/srv
[3.736s] -- Up-to-date: /home/sis/ros2t_ws/install/tutorial_interfaces/include/tutorial_interfaces/tutorial_interfaces/srv/detail
[3.737s] -- Up-to-date: /home/sis/ros2t_ws/install/tutorial_interfaces/include/tutorial_interfaces/tutorial_interfaces/srv/detail/add_three_ints__rosidl_typesupport_fastrtps_c.h
[3.737s] -- Up-to-date: /home/sis/ros2t_ws/install/tutorial_interfaces/include/tutorial_interfaces/tutorial_interfaces/msg
[3.737s] -- Up-to-date: /home/sis/ros2t_ws/install/tutorial_interfaces/include/tutorial_interfaces/tutorial_interfaces/msg/rosidl_typesupport_fastrtps_c__visibility_control.h
[3.737s] -- Up-to-date: /home/sis/ros2t_ws/install/tutorial_interfaces/include/tutorial_interfaces/tutorial_interfaces/msg/detail
[3.738s] -- Up-to-date: /home/sis/ros2t_ws/install/tutorial_interfaces/include/tutorial_interfaces/tutorial_interfaces/msg/detail/num__rosidl_typesupport_fastrtps_c.h
[3.745s] -- Up-to-date: /home/sis/ros2t_ws/install/tutorial_interfaces/lib/libtutorial_interfaces__rosidl_typesupport_fastrtps_c.so
[3.745s] -- Up-to-date: /home/sis/ros2t_ws/install/tutorial_interfaces/include/tutorial_interfaces/tutorial_interfaces
[3.746s] -- Up-to-date: /home/sis/ros2t_ws/install/tutorial_interfaces/include/tutorial_interfaces/tutorial_interfaces/action
[3.747s] -- Up-to-date: /home/sis/ros2t_ws/install/tutorial_interfaces/include/tutorial_interfaces/tutorial_interfaces/action/detail
[3.747s] -- Up-to-date: /home/sis/ros2t_ws/install/tutorial_interfaces/include/tutorial_interfaces/tutorial_interfaces/action/detail/fibonacci__struct.hpp
[3.747s] -- Up-to-date: /home/sis/ros2t_ws/install/tutorial_interfaces/include/tutorial_interfaces/tutorial_interfaces/action/detail/fibonacci__traits.hpp
[3.747s] -- Up-to-date: /home/sis/ros2t_ws/install/tutorial_interfaces/include/tutorial_interfaces/tutorial_interfaces/action/detail/fibonacci__builder.hpp
[3.747s] -- Up-to-date: /home/sis/ros2t_ws/install/tutorial_interfaces/include/tutorial_interfaces/tutorial_interfaces/action/fibonacci.hpp
[3.748s] -- Up-to-date: /home/sis/ros2t_ws/install/tutorial_interfaces/include/tutorial_interfaces/tutorial_interfaces/srv
[3.748s] -- Up-to-date: /home/sis/ros2t_ws/install/tutorial_interfaces/include/tutorial_interfaces/tutorial_interfaces/srv/detail
[3.748s] -- Up-to-date: /home/sis/ros2t_ws/install/tutorial_interfaces/include/tutorial_interfaces/tutorial_interfaces/srv/detail/add_three_ints__builder.hpp
[3.748s] -- Up-to-date: /home/sis/ros2t_ws/install/tutorial_interfaces/include/tutorial_interfaces/tutorial_interfaces/srv/detail/add_three_ints__struct.hpp
[3.749s] -- Up-to-date: /home/sis/ros2t_ws/install/tutorial_interfaces/include/tutorial_interfaces/tutorial_interfaces/srv/detail/add_three_ints__traits.hpp
[3.749s] -- Up-to-date: /home/sis/ros2t_ws/install/tutorial_interfaces/include/tutorial_interfaces/tutorial_interfaces/srv/add_three_ints.hpp
[3.749s] -- Up-to-date: /home/sis/ros2t_ws/install/tutorial_interfaces/include/tutorial_interfaces/tutorial_interfaces/msg
[3.749s] -- Up-to-date: /home/sis/ros2t_ws/install/tutorial_interfaces/include/tutorial_interfaces/tutorial_interfaces/msg/detail
[3.749s] -- Up-to-date: /home/sis/ros2t_ws/install/tutorial_interfaces/include/tutorial_interfaces/tutorial_interfaces/msg/detail/num__struct.hpp
[3.750s] -- Up-to-date: /home/sis/ros2t_ws/install/tutorial_interfaces/include/tutorial_interfaces/tutorial_interfaces/msg/detail/num__builder.hpp
[3.750s] -- Up-to-date: /home/sis/ros2t_ws/install/tutorial_interfaces/include/tutorial_interfaces/tutorial_interfaces/msg/detail/num__traits.hpp
[3.750s] -- Up-to-date: /home/sis/ros2t_ws/install/tutorial_interfaces/include/tutorial_interfaces/tutorial_interfaces/msg/num.hpp
[3.750s] -- Up-to-date: /home/sis/ros2t_ws/install/tutorial_interfaces/include/tutorial_interfaces/tutorial_interfaces
[3.750s] -- Up-to-date: /home/sis/ros2t_ws/install/tutorial_interfaces/include/tutorial_interfaces/tutorial_interfaces/action
[3.751s] -- Up-to-date: /home/sis/ros2t_ws/install/tutorial_interfaces/include/tutorial_interfaces/tutorial_interfaces/action/detail
[3.751s] -- Up-to-date: /home/sis/ros2t_ws/install/tutorial_interfaces/include/tutorial_interfaces/tutorial_interfaces/action/detail/fibonacci__rosidl_typesupport_fastrtps_cpp.hpp
[3.751s] -- Up-to-date: /home/sis/ros2t_ws/install/tutorial_interfaces/include/tutorial_interfaces/tutorial_interfaces/action/detail/dds_fastrtps
[3.751s] -- Up-to-date: /home/sis/ros2t_ws/install/tutorial_interfaces/include/tutorial_interfaces/tutorial_interfaces/srv
[3.751s] -- Up-to-date: /home/sis/ros2t_ws/install/tutorial_interfaces/include/tutorial_interfaces/tutorial_interfaces/srv/detail
[3.752s] -- Up-to-date: /home/sis/ros2t_ws/install/tutorial_interfaces/include/tutorial_interfaces/tutorial_interfaces/srv/detail/dds_fastrtps
[3.752s] -- Up-to-date: /home/sis/ros2t_ws/install/tutorial_interfaces/include/tutorial_interfaces/tutorial_interfaces/srv/detail/add_three_ints__rosidl_typesupport_fastrtps_cpp.hpp
[3.752s] -- Up-to-date: /home/sis/ros2t_ws/install/tutorial_interfaces/include/tutorial_interfaces/tutorial_interfaces/msg
[3.752s] -- Up-to-date: /home/sis/ros2t_ws/install/tutorial_interfaces/include/tutorial_interfaces/tutorial_interfaces/msg/rosidl_typesupport_fastrtps_cpp__visibility_control.h
[3.752s] -- Up-to-date: /home/sis/ros2t_ws/install/tutorial_interfaces/include/tutorial_interfaces/tutorial_interfaces/msg/detail
[3.753s] -- Up-to-date: /home/sis/ros2t_ws/install/tutorial_interfaces/include/tutorial_interfaces/tutorial_interfaces/msg/detail/dds_fastrtps
[3.766s] -- Up-to-date: /home/sis/ros2t_ws/install/tutorial_interfaces/include/tutorial_interfaces/tutorial_interfaces/msg/detail/num__rosidl_typesupport_fastrtps_cpp.hpp
[3.775s] -- Up-to-date: /home/sis/ros2t_ws/install/tutorial_interfaces/lib/libtutorial_interfaces__rosidl_typesupport_fastrtps_cpp.so
[3.775s] -- Up-to-date: /home/sis/ros2t_ws/install/tutorial_interfaces/include/tutorial_interfaces/tutorial_interfaces
[3.775s] -- Up-to-date: /home/sis/ros2t_ws/install/tutorial_interfaces/include/tutorial_interfaces/tutorial_interfaces/action
[3.776s] -- Up-to-date: /home/sis/ros2t_ws/install/tutorial_interfaces/include/tutorial_interfaces/tutorial_interfaces/action/detail
[3.776s] -- Up-to-date: /home/sis/ros2t_ws/install/tutorial_interfaces/include/tutorial_interfaces/tutorial_interfaces/action/detail/fibonacci__type_support.c
[3.776s] -- Up-to-date: /home/sis/ros2t_ws/install/tutorial_interfaces/include/tutorial_interfaces/tutorial_interfaces/action/detail/fibonacci__rosidl_typesupport_introspection_c.h
[3.776s] -- Up-to-date: /home/sis/ros2t_ws/install/tutorial_interfaces/include/tutorial_interfaces/tutorial_interfaces/srv
[3.776s] -- Up-to-date: /home/sis/ros2t_ws/install/tutorial_interfaces/include/tutorial_interfaces/tutorial_interfaces/srv/detail
[3.777s] -- Up-to-date: /home/sis/ros2t_ws/install/tutorial_interfaces/include/tutorial_interfaces/tutorial_interfaces/srv/detail/add_three_ints__rosidl_typesupport_introspection_c.h
[3.777s] -- Up-to-date: /home/sis/ros2t_ws/install/tutorial_interfaces/include/tutorial_interfaces/tutorial_interfaces/srv/detail/add_three_ints__type_support.c
[3.777s] -- Up-to-date: /home/sis/ros2t_ws/install/tutorial_interfaces/include/tutorial_interfaces/tutorial_interfaces/msg
[3.777s] -- Up-to-date: /home/sis/ros2t_ws/install/tutorial_interfaces/include/tutorial_interfaces/tutorial_interfaces/msg/rosidl_typesupport_introspection_c__visibility_control.h
[3.782s] -- Up-to-date: /home/sis/ros2t_ws/install/tutorial_interfaces/include/tutorial_interfaces/tutorial_interfaces/msg/detail
[3.783s] -- Up-to-date: /home/sis/ros2t_ws/install/tutorial_interfaces/include/tutorial_interfaces/tutorial_interfaces/msg/detail/num__type_support.c
[3.783s] -- Up-to-date: /home/sis/ros2t_ws/install/tutorial_interfaces/include/tutorial_interfaces/tutorial_interfaces/msg/detail/num__rosidl_typesupport_introspection_c.h
[3.783s] -- Up-to-date: /home/sis/ros2t_ws/install/tutorial_interfaces/lib/libtutorial_interfaces__rosidl_typesupport_introspection_c.so
[3.783s] -- Up-to-date: /home/sis/ros2t_ws/install/tutorial_interfaces/lib/libtutorial_interfaces__rosidl_typesupport_c.so
[3.783s] -- Up-to-date: /home/sis/ros2t_ws/install/tutorial_interfaces/include/tutorial_interfaces/tutorial_interfaces
[3.784s] -- Up-to-date: /home/sis/ros2t_ws/install/tutorial_interfaces/include/tutorial_interfaces/tutorial_interfaces/action
[3.784s] -- Up-to-date: /home/sis/ros2t_ws/install/tutorial_interfaces/include/tutorial_interfaces/tutorial_interfaces/action/detail
[3.784s] -- Up-to-date: /home/sis/ros2t_ws/install/tutorial_interfaces/include/tutorial_interfaces/tutorial_interfaces/action/detail/fibonacci__rosidl_typesupport_introspection_cpp.hpp
[3.784s] -- Up-to-date: /home/sis/ros2t_ws/install/tutorial_interfaces/include/tutorial_interfaces/tutorial_interfaces/action/detail/fibonacci__type_support.cpp
[3.784s] -- Up-to-date: /home/sis/ros2t_ws/install/tutorial_interfaces/include/tutorial_interfaces/tutorial_interfaces/srv
[3.785s] -- Up-to-date: /home/sis/ros2t_ws/install/tutorial_interfaces/include/tutorial_interfaces/tutorial_interfaces/srv/detail
[3.785s] -- Up-to-date: /home/sis/ros2t_ws/install/tutorial_interfaces/include/tutorial_interfaces/tutorial_interfaces/srv/detail/add_three_ints__rosidl_typesupport_introspection_cpp.hpp
[3.794s] -- Up-to-date: /home/sis/ros2t_ws/install/tutorial_interfaces/include/tutorial_interfaces/tutorial_interfaces/srv/detail/add_three_ints__type_support.cpp
[3.794s] -- Up-to-date: /home/sis/ros2t_ws/install/tutorial_interfaces/include/tutorial_interfaces/tutorial_interfaces/msg
[3.794s] -- Up-to-date: /home/sis/ros2t_ws/install/tutorial_interfaces/include/tutorial_interfaces/tutorial_interfaces/msg/detail
[3.795s] -- Up-to-date: /home/sis/ros2t_ws/install/tutorial_interfaces/include/tutorial_interfaces/tutorial_interfaces/msg/detail/num__type_support.cpp
[3.795s] -- Up-to-date: /home/sis/ros2t_ws/install/tutorial_interfaces/include/tutorial_interfaces/tutorial_interfaces/msg/detail/num__rosidl_typesupport_introspection_cpp.hpp
[3.795s] -- Up-to-date: /home/sis/ros2t_ws/install/tutorial_interfaces/lib/libtutorial_interfaces__rosidl_typesupport_introspection_cpp.so
[3.795s] -- Up-to-date: /home/sis/ros2t_ws/install/tutorial_interfaces/lib/libtutorial_interfaces__rosidl_typesupport_cpp.so
[3.796s] -- Up-to-date: /home/sis/ros2t_ws/install/tutorial_interfaces/share/tutorial_interfaces/environment/pythonpath.sh
[3.796s] -- Up-to-date: /home/sis/ros2t_ws/install/tutorial_interfaces/share/tutorial_interfaces/environment/pythonpath.dsv
[3.796s] -- Up-to-date: /home/sis/ros2t_ws/install/tutorial_interfaces/local/lib/python3.10/dist-packages/tutorial_interfaces-0.0.0-py3.10.egg-info
[3.796s] -- Installing: /home/sis/ros2t_ws/install/tutorial_interfaces/local/lib/python3.10/dist-packages/tutorial_interfaces-0.0.0-py3.10.egg-info/dependency_links.txt
[3.809s] -- Installing: /home/sis/ros2t_ws/install/tutorial_interfaces/local/lib/python3.10/dist-packages/tutorial_interfaces-0.0.0-py3.10.egg-info/SOURCES.txt
[3.809s] -- Installing: /home/sis/ros2t_ws/install/tutorial_interfaces/local/lib/python3.10/dist-packages/tutorial_interfaces-0.0.0-py3.10.egg-info/top_level.txt
[3.810s] -- Installing: /home/sis/ros2t_ws/install/tutorial_interfaces/local/lib/python3.10/dist-packages/tutorial_interfaces-0.0.0-py3.10.egg-info/PKG-INFO
[3.810s] -- Up-to-date: /home/sis/ros2t_ws/install/tutorial_interfaces/local/lib/python3.10/dist-packages/tutorial_interfaces
[3.810s] -- Up-to-date: /home/sis/ros2t_ws/install/tutorial_interfaces/local/lib/python3.10/dist-packages/tutorial_interfaces/action
[3.810s] -- Up-to-date: /home/sis/ros2t_ws/install/tutorial_interfaces/local/lib/python3.10/dist-packages/tutorial_interfaces/action/_fibonacci.py
[3.811s] -- Up-to-date: /home/sis/ros2t_ws/install/tutorial_interfaces/local/lib/python3.10/dist-packages/tutorial_interfaces/action/__init__.py
[3.811s] -- Up-to-date: /home/sis/ros2t_ws/install/tutorial_interfaces/local/lib/python3.10/dist-packages/tutorial_interfaces/action/_fibonacci_s.c
[3.811s] -- Up-to-date: /home/sis/ros2t_ws/install/tutorial_interfaces/local/lib/python3.10/dist-packages/tutorial_interfaces/tutorial_interfaces_s__rosidl_typesupport_introspection_c.cpython-310-x86_64-linux-gnu.so
[3.811s] -- Up-to-date: /home/sis/ros2t_ws/install/tutorial_interfaces/local/lib/python3.10/dist-packages/tutorial_interfaces/_tutorial_interfaces_s.ep.rosidl_typesupport_introspection_c.c
[3.812s] -- Up-to-date: /home/sis/ros2t_ws/install/tutorial_interfaces/local/lib/python3.10/dist-packages/tutorial_interfaces/libtutorial_interfaces__rosidl_generator_py.so
[3.812s] -- Up-to-date: /home/sis/ros2t_ws/install/tutorial_interfaces/local/lib/python3.10/dist-packages/tutorial_interfaces/tutorial_interfaces_s__rosidl_typesupport_c.cpython-310-x86_64-linux-gnu.so
[3.817s] -- Up-to-date: /home/sis/ros2t_ws/install/tutorial_interfaces/local/lib/python3.10/dist-packages/tutorial_interfaces/srv
[3.819s] -- Up-to-date: /home/sis/ros2t_ws/install/tutorial_interfaces/local/lib/python3.10/dist-packages/tutorial_interfaces/srv/_add_three_ints_s.c
[3.826s] -- Up-to-date: /home/sis/ros2t_ws/install/tutorial_interfaces/local/lib/python3.10/dist-packages/tutorial_interfaces/srv/__init__.py
[3.827s] -- Up-to-date: /home/sis/ros2t_ws/install/tutorial_interfaces/local/lib/python3.10/dist-packages/tutorial_interfaces/srv/_add_three_ints.py
[3.827s] -- Up-to-date: /home/sis/ros2t_ws/install/tutorial_interfaces/local/lib/python3.10/dist-packages/tutorial_interfaces/msg
[3.827s] -- Up-to-date: /home/sis/ros2t_ws/install/tutorial_interfaces/local/lib/python3.10/dist-packages/tutorial_interfaces/msg/_num_s.c
[3.827s] -- Up-to-date: /home/sis/ros2t_ws/install/tutorial_interfaces/local/lib/python3.10/dist-packages/tutorial_interfaces/msg/__init__.py
[3.828s] -- Up-to-date: /home/sis/ros2t_ws/install/tutorial_interfaces/local/lib/python3.10/dist-packages/tutorial_interfaces/msg/_num.py
[3.828s] -- Up-to-date: /home/sis/ros2t_ws/install/tutorial_interfaces/local/lib/python3.10/dist-packages/tutorial_interfaces/_tutorial_interfaces_s.ep.rosidl_typesupport_fastrtps_c.c
[3.829s] -- Up-to-date: /home/sis/ros2t_ws/install/tutorial_interfaces/local/lib/python3.10/dist-packages/tutorial_interfaces/_tutorial_interfaces_s.ep.rosidl_typesupport_c.c
[3.829s] -- Up-to-date: /home/sis/ros2t_ws/install/tutorial_interfaces/local/lib/python3.10/dist-packages/tutorial_interfaces/__init__.py
[3.830s] -- Up-to-date: /home/sis/ros2t_ws/install/tutorial_interfaces/local/lib/python3.10/dist-packages/tutorial_interfaces/tutorial_interfaces_s__rosidl_typesupport_fastrtps_c.cpython-310-x86_64-linux-gnu.so
[3.894s] Listing '/home/sis/ros2t_ws/install/tutorial_interfaces/local/lib/python3.10/dist-packages/tutorial_interfaces'...
[3.894s] Listing '/home/sis/ros2t_ws/install/tutorial_interfaces/local/lib/python3.10/dist-packages/tutorial_interfaces/action'...
[3.895s] Listing '/home/sis/ros2t_ws/install/tutorial_interfaces/local/lib/python3.10/dist-packages/tutorial_interfaces/msg'...
[3.895s] Listing '/home/sis/ros2t_ws/install/tutorial_interfaces/local/lib/python3.10/dist-packages/tutorial_interfaces/srv'...
[3.935s] -- Up-to-date: /home/sis/ros2t_ws/install/tutorial_interfaces/local/lib/python3.10/dist-packages/tutorial_interfaces/tutorial_interfaces_s__rosidl_typesupport_fastrtps_c.cpython-310-x86_64-linux-gnu.so
[3.940s] -- Up-to-date: /home/sis/ros2t_ws/install/tutorial_interfaces/local/lib/python3.10/dist-packages/tutorial_interfaces/tutorial_interfaces_s__rosidl_typesupport_introspection_c.cpython-310-x86_64-linux-gnu.so
[3.941s] -- Up-to-date: /home/sis/ros2t_ws/install/tutorial_interfaces/local/lib/python3.10/dist-packages/tutorial_interfaces/tutorial_interfaces_s__rosidl_typesupport_c.cpython-310-x86_64-linux-gnu.so
[3.948s] -- Up-to-date: /home/sis/ros2t_ws/install/tutorial_interfaces/lib/libtutorial_interfaces__rosidl_generator_py.so
[3.949s] -- Up-to-date: /home/sis/ros2t_ws/install/tutorial_interfaces/share/tutorial_interfaces/msg/Num.idl
[3.950s] -- Up-to-date: /home/sis/ros2t_ws/install/tutorial_interfaces/share/tutorial_interfaces/srv/AddThreeInts.idl
[3.950s] -- Up-to-date: /home/sis/ros2t_ws/install/tutorial_interfaces/share/tutorial_interfaces/action/Fibonacci.idl
[3.950s] -- Up-to-date: /home/sis/ros2t_ws/install/tutorial_interfaces/share/tutorial_interfaces/msg/Num.msg
[3.951s] -- Up-to-date: /home/sis/ros2t_ws/install/tutorial_interfaces/share/tutorial_interfaces/srv/AddThreeInts.srv
[3.951s] -- Up-to-date: /home/sis/ros2t_ws/install/tutorial_interfaces/share/tutorial_interfaces/srv/AddThreeInts_Request.msg
[3.951s] -- Up-to-date: /home/sis/ros2t_ws/install/tutorial_interfaces/share/tutorial_interfaces/srv/AddThreeInts_Response.msg
[3.952s] -- Up-to-date: /home/sis/ros2t_ws/install/tutorial_interfaces/share/tutorial_interfaces/action/Fibonacci.action
[3.952s] -- Up-to-date: /home/sis/ros2t_ws/install/tutorial_interfaces/share/ament_index/resource_index/package_run_dependencies/tutorial_interfaces
[3.952s] -- Up-to-date: /home/sis/ros2t_ws/install/tutorial_interfaces/share/ament_index/resource_index/parent_prefix_path/tutorial_interfaces
[3.953s] -- Up-to-date: /home/sis/ros2t_ws/install/tutorial_interfaces/share/tutorial_interfaces/environment/ament_prefix_path.sh
[3.953s] -- Up-to-date: /home/sis/ros2t_ws/install/tutorial_interfaces/share/tutorial_interfaces/environment/ament_prefix_path.dsv
[3.954s] -- Up-to-date: /home/sis/ros2t_ws/install/tutorial_interfaces/share/tutorial_interfaces/environment/path.sh
[3.954s] -- Up-to-date: /home/sis/ros2t_ws/install/tutorial_interfaces/share/tutorial_interfaces/environment/path.dsv
[3.954s] -- Up-to-date: /home/sis/ros2t_ws/install/tutorial_interfaces/share/tutorial_interfaces/local_setup.bash
[3.955s] -- Up-to-date: /home/sis/ros2t_ws/install/tutorial_interfaces/share/tutorial_interfaces/local_setup.sh
[3.955s] -- Up-to-date: /home/sis/ros2t_ws/install/tutorial_interfaces/share/tutorial_interfaces/local_setup.zsh
[3.955s] -- Up-to-date: /home/sis/ros2t_ws/install/tutorial_interfaces/share/tutorial_interfaces/local_setup.dsv
[3.956s] -- Installing: /home/sis/ros2t_ws/install/tutorial_interfaces/share/tutorial_interfaces/package.dsv
[3.956s] -- Up-to-date: /home/sis/ros2t_ws/install/tutorial_interfaces/share/ament_index/resource_index/packages/tutorial_interfaces
[3.956s] -- Up-to-date: /home/sis/ros2t_ws/install/tutorial_interfaces/share/tutorial_interfaces/cmake/export_tutorial_interfaces__rosidl_generator_cExport.cmake
[3.957s] -- Up-to-date: /home/sis/ros2t_ws/install/tutorial_interfaces/share/tutorial_interfaces/cmake/export_tutorial_interfaces__rosidl_generator_cExport-noconfig.cmake
[3.957s] -- Up-to-date: /home/sis/ros2t_ws/install/tutorial_interfaces/share/tutorial_interfaces/cmake/export_tutorial_interfaces__rosidl_typesupport_fastrtps_cExport.cmake
[3.958s] -- Up-to-date: /home/sis/ros2t_ws/install/tutorial_interfaces/share/tutorial_interfaces/cmake/export_tutorial_interfaces__rosidl_typesupport_fastrtps_cExport-noconfig.cmake
[3.970s] -- Up-to-date: /home/sis/ros2t_ws/install/tutorial_interfaces/share/tutorial_interfaces/cmake/export_tutorial_interfaces__rosidl_generator_cppExport.cmake
[3.970s] -- Up-to-date: /home/sis/ros2t_ws/install/tutorial_interfaces/share/tutorial_interfaces/cmake/export_tutorial_interfaces__rosidl_typesupport_fastrtps_cppExport.cmake
[3.970s] -- Up-to-date: /home/sis/ros2t_ws/install/tutorial_interfaces/share/tutorial_interfaces/cmake/export_tutorial_interfaces__rosidl_typesupport_fastrtps_cppExport-noconfig.cmake
[3.971s] -- Up-to-date: /home/sis/ros2t_ws/install/tutorial_interfaces/share/tutorial_interfaces/cmake/tutorial_interfaces__rosidl_typesupport_introspection_cExport.cmake
[3.971s] -- Up-to-date: /home/sis/ros2t_ws/install/tutorial_interfaces/share/tutorial_interfaces/cmake/tutorial_interfaces__rosidl_typesupport_introspection_cExport-noconfig.cmake
[3.971s] -- Up-to-date: /home/sis/ros2t_ws/install/tutorial_interfaces/share/tutorial_interfaces/cmake/tutorial_interfaces__rosidl_typesupport_cExport.cmake
[3.972s] -- Up-to-date: /home/sis/ros2t_ws/install/tutorial_interfaces/share/tutorial_interfaces/cmake/tutorial_interfaces__rosidl_typesupport_cExport-noconfig.cmake
[3.972s] -- Up-to-date: /home/sis/ros2t_ws/install/tutorial_interfaces/share/tutorial_interfaces/cmake/tutorial_interfaces__rosidl_typesupport_introspection_cppExport.cmake
[3.972s] -- Up-to-date: /home/sis/ros2t_ws/install/tutorial_interfaces/share/tutorial_interfaces/cmake/tutorial_interfaces__rosidl_typesupport_introspection_cppExport-noconfig.cmake
[3.973s] -- Up-to-date: /home/sis/ros2t_ws/install/tutorial_interfaces/share/tutorial_interfaces/cmake/tutorial_interfaces__rosidl_typesupport_cppExport.cmake
[3.973s] -- Up-to-date: /home/sis/ros2t_ws/install/tutorial_interfaces/share/tutorial_interfaces/cmake/tutorial_interfaces__rosidl_typesupport_cppExport-noconfig.cmake
[3.973s] -- Up-to-date: /home/sis/ros2t_ws/install/tutorial_interfaces/share/tutorial_interfaces/cmake/export_tutorial_interfaces__rosidl_generator_pyExport.cmake
[3.973s] -- Up-to-date: /home/sis/ros2t_ws/install/tutorial_interfaces/share/tutorial_interfaces/cmake/export_tutorial_interfaces__rosidl_generator_pyExport-noconfig.cmake
[3.973s] -- Up-to-date: /home/sis/ros2t_ws/install/tutorial_interfaces/share/tutorial_interfaces/cmake/rosidl_cmake-extras.cmake
[3.974s] -- Up-to-date: /home/sis/ros2t_ws/install/tutorial_interfaces/share/tutorial_interfaces/cmake/ament_cmake_export_dependencies-extras.cmake
[3.974s] -- Up-to-date: /home/sis/ros2t_ws/install/tutorial_interfaces/share/tutorial_interfaces/cmake/ament_cmake_export_include_directories-extras.cmake
[3.974s] -- Up-to-date: /home/sis/ros2t_ws/install/tutorial_interfaces/share/tutorial_interfaces/cmake/ament_cmake_export_libraries-extras.cmake
[3.974s] -- Up-to-date: /home/sis/ros2t_ws/install/tutorial_interfaces/share/tutorial_interfaces/cmake/ament_cmake_export_targets-extras.cmake
[3.974s] -- Up-to-date: /home/sis/ros2t_ws/install/tutorial_interfaces/share/tutorial_interfaces/cmake/rosidl_cmake_export_typesupport_targets-extras.cmake
[3.974s] -- Up-to-date: /home/sis/ros2t_ws/install/tutorial_interfaces/share/tutorial_interfaces/cmake/rosidl_cmake_export_typesupport_libraries-extras.cmake
[3.975s] -- Up-to-date: /home/sis/ros2t_ws/install/tutorial_interfaces/share/tutorial_interfaces/cmake/tutorial_interfacesConfig.cmake
[3.975s] -- Up-to-date: /home/sis/ros2t_ws/install/tutorial_interfaces/share/tutorial_interfaces/cmake/tutorial_interfacesConfig-version.cmake
[3.975s] -- Up-to-date: /home/sis/ros2t_ws/install/tutorial_interfaces/share/tutorial_interfaces/package.xml
[4.813s] Invoked command in '/home/sis/ros2t_ws/build/tutorial_interfaces' returned '0': CMAKE_PREFIX_PATH=${CMAKE_PREFIX_PATH}:/home/sis/ros2t_ws/install/fibonacci_action_py:/home/sis/ros2t_ws/install/pubsub_py:/home/sis/ros2t_ws/install/add_service_py:/opt/ros/humble /usr/bin/cmake --install /home/sis/ros2t_ws/build/tutorial_interfaces
