[0.348s] Invoking command in '/home/sis/ros2t_ws/build/add_service_cpp': CMAKE_PREFIX_PATH=${CMAKE_PREFIX_PATH}:/home/sis/ros2t_ws/install/fibonacci_action_py:/home/sis/ros2t_ws/install/pubsub_py:/home/sis/ros2t_ws/install/add_service_py:/opt/ros/humble /usr/bin/cmake --build /home/sis/ros2t_ws/build/add_service_cpp -- -j4 -l4
[1.449s] [ 50%] Built target server
[1.450s] [100%] Built target client
[1.450s] Invoked command in '/home/sis/ros2t_ws/build/add_service_cpp' returned '0': CMAKE_PREFIX_PATH=${CMAKE_PREFIX_PATH}:/home/sis/ros2t_ws/install/fibonacci_action_py:/home/sis/ros2t_ws/install/pubsub_py:/home/sis/ros2t_ws/install/add_service_py:/opt/ros/humble /usr/bin/cmake --build /home/sis/ros2t_ws/build/add_service_cpp -- -j4 -l4
[1.600s] Invoking command in '/home/sis/ros2t_ws/build/add_service_cpp': CMAKE_PREFIX_PATH=${CMAKE_PREFIX_PATH}:/home/sis/ros2t_ws/install/fibonacci_action_py:/home/sis/ros2t_ws/install/pubsub_py:/home/sis/ros2t_ws/install/add_service_py:/opt/ros/humble /usr/bin/cmake --install /home/sis/ros2t_ws/build/add_service_cpp
[1.633s] -- Install configuration: ""
[1.634s] -- Up-to-date: /home/sis/ros2t_ws/install/add_service_cpp/lib/add_service_cpp/server
[1.634s] -- Up-to-date: /home/sis/ros2t_ws/install/add_service_cpp/lib/add_service_cpp/client
[1.636s] -- Up-to-date: /home/sis/ros2t_ws/install/add_service_cpp/share/ament_index/resource_index/package_run_dependencies/add_service_cpp
[1.637s] -- Up-to-date: /home/sis/ros2t_ws/install/add_service_cpp/share/ament_index/resource_index/parent_prefix_path/add_service_cpp
[1.638s] -- Up-to-date: /home/sis/ros2t_ws/install/add_service_cpp/share/add_service_cpp/environment/ament_prefix_path.sh
[1.638s] -- Up-to-date: /home/sis/ros2t_ws/install/add_service_cpp/share/add_service_cpp/environment/ament_prefix_path.dsv
[1.639s] -- Up-to-date: /home/sis/ros2t_ws/install/add_service_cpp/share/add_service_cpp/environment/path.sh
[1.639s] -- Up-to-date: /home/sis/ros2t_ws/install/add_service_cpp/share/add_service_cpp/environment/path.dsv
[1.640s] -- Up-to-date: /home/sis/ros2t_ws/install/add_service_cpp/share/add_service_cpp/local_setup.bash
[1.641s] -- Up-to-date: /home/sis/ros2t_ws/install/add_service_cpp/share/add_service_cpp/local_setup.sh
[1.641s] -- Up-to-date: /home/sis/ros2t_ws/install/add_service_cpp/share/add_service_cpp/local_setup.zsh
[1.642s] -- Up-to-date: /home/sis/ros2t_ws/install/add_service_cpp/share/add_service_cpp/local_setup.dsv
[1.642s] -- Installing: /home/sis/ros2t_ws/install/add_service_cpp/share/add_service_cpp/package.dsv
[1.642s] -- Up-to-date: /home/sis/ros2t_ws/install/add_service_cpp/share/ament_index/resource_index/packages/add_service_cpp
[1.643s] -- Up-to-date: /home/sis/ros2t_ws/install/add_service_cpp/share/add_service_cpp/cmake/add_service_cppConfig.cmake
[1.643s] -- Up-to-date: /home/sis/ros2t_ws/install/add_service_cpp/share/add_service_cpp/cmake/add_service_cppConfig-version.cmake
[1.643s] -- Up-to-date: /home/sis/ros2t_ws/install/add_service_cpp/share/add_service_cpp/package.xml
[1.665s] Invoked command in '/home/sis/ros2t_ws/build/add_service_cpp' returned '0': CMAKE_PREFIX_PATH=${CMAKE_PREFIX_PATH}:/home/sis/ros2t_ws/install/fibonacci_action_py:/home/sis/ros2t_ws/install/pubsub_py:/home/sis/ros2t_ws/install/add_service_py:/opt/ros/humble /usr/bin/cmake --install /home/sis/ros2t_ws/build/add_service_cpp
