[0.440s] Invoking command in '/home/sis/ros2t_ws/build/add_service_cpp': CMAKE_PREFIX_PATH=${CMAKE_PREFIX_PATH}:/home/sis/ros2t_ws/install/fibonacci_action_py:/home/sis/ros2t_ws/install/pubsub_py:/home/sis/ros2t_ws/install/add_service_py:/opt/ros/humble /usr/bin/cmake --build /home/sis/ros2t_ws/build/add_service_cpp -- -j4 -l4
[1.694s] [ 50%] Built target client
[1.694s] [100%] Built target server
[1.734s] Invoked command in '/home/sis/ros2t_ws/build/add_service_cpp' returned '0': CMAKE_PREFIX_PATH=${CMAKE_PREFIX_PATH}:/home/sis/ros2t_ws/install/fibonacci_action_py:/home/sis/ros2t_ws/install/pubsub_py:/home/sis/ros2t_ws/install/add_service_py:/opt/ros/humble /usr/bin/cmake --build /home/sis/ros2t_ws/build/add_service_cpp -- -j4 -l4
[2.064s] Invoking command in '/home/sis/ros2t_ws/build/add_service_cpp': CMAKE_PREFIX_PATH=${CMAKE_PREFIX_PATH}:/home/sis/ros2t_ws/install/fibonacci_action_py:/home/sis/ros2t_ws/install/pubsub_py:/home/sis/ros2t_ws/install/add_service_py:/opt/ros/humble /usr/bin/cmake --install /home/sis/ros2t_ws/build/add_service_cpp
[2.108s] -- Install configuration: ""
[2.110s] -- Up-to-date: /home/sis/ros2t_ws/install/add_service_cpp/lib/add_service_cpp/server
[2.115s] -- Up-to-date: /home/sis/ros2t_ws/install/add_service_cpp/lib/add_service_cpp/client
[2.115s] -- Up-to-date: /home/sis/ros2t_ws/install/add_service_cpp/share/ament_index/resource_index/package_run_dependencies/add_service_cpp
[2.115s] -- Up-to-date: /home/sis/ros2t_ws/install/add_service_cpp/share/ament_index/resource_index/parent_prefix_path/add_service_cpp
[2.115s] -- Up-to-date: /home/sis/ros2t_ws/install/add_service_cpp/share/add_service_cpp/environment/ament_prefix_path.sh
[2.115s] -- Up-to-date: /home/sis/ros2t_ws/install/add_service_cpp/share/add_service_cpp/environment/ament_prefix_path.dsv
[2.116s] -- Up-to-date: /home/sis/ros2t_ws/install/add_service_cpp/share/add_service_cpp/environment/path.sh
[2.116s] -- Up-to-date: /home/sis/ros2t_ws/install/add_service_cpp/share/add_service_cpp/environment/path.dsv
[2.116s] -- Up-to-date: /home/sis/ros2t_ws/install/add_service_cpp/share/add_service_cpp/local_setup.bash
[2.116s] -- Up-to-date: /home/sis/ros2t_ws/install/add_service_cpp/share/add_service_cpp/local_setup.sh
[2.116s] -- Up-to-date: /home/sis/ros2t_ws/install/add_service_cpp/share/add_service_cpp/local_setup.zsh
[2.117s] -- Up-to-date: /home/sis/ros2t_ws/install/add_service_cpp/share/add_service_cpp/local_setup.dsv
[2.117s] -- Installing: /home/sis/ros2t_ws/install/add_service_cpp/share/add_service_cpp/package.dsv
[2.117s] -- Up-to-date: /home/sis/ros2t_ws/install/add_service_cpp/share/ament_index/resource_index/packages/add_service_cpp
[2.118s] -- Up-to-date: /home/sis/ros2t_ws/install/add_service_cpp/share/add_service_cpp/cmake/add_service_cppConfig.cmake
[2.118s] -- Up-to-date: /home/sis/ros2t_ws/install/add_service_cpp/share/add_service_cpp/cmake/add_service_cppConfig-version.cmake
[2.118s] -- Up-to-date: /home/sis/ros2t_ws/install/add_service_cpp/share/add_service_cpp/package.xml
[2.138s] Invoked command in '/home/sis/ros2t_ws/build/add_service_cpp' returned '0': CMAKE_PREFIX_PATH=${CMAKE_PREFIX_PATH}:/home/sis/ros2t_ws/install/fibonacci_action_py:/home/sis/ros2t_ws/install/pubsub_py:/home/sis/ros2t_ws/install/add_service_py:/opt/ros/humble /usr/bin/cmake --install /home/sis/ros2t_ws/build/add_service_cpp
