[8.747s] Invoking command in '/home/sis/ros2t_ws/src/add_service_py': PYTHONPATH=/home/sis/ros2t_ws/build/add_service_py/prefix_override:/home/sis/ros2t_ws/install/add_service_py/lib/python3.10/site-packages:${PYTHONPATH} /usr/bin/python3 setup.py egg_info --egg-base ../../build/add_service_py build --build-base /home/sis/ros2t_ws/build/add_service_py/build install --record /home/sis/ros2t_ws/build/add_service_py/install.log --single-version-externally-managed
[11.110s] running egg_info
[11.111s] writing ../../build/add_service_py/add_service_py.egg-info/PKG-INFO
[11.111s] writing dependency_links to ../../build/add_service_py/add_service_py.egg-info/dependency_links.txt
[11.111s] writing entry points to ../../build/add_service_py/add_service_py.egg-info/entry_points.txt
[11.112s] writing requirements to ../../build/add_service_py/add_service_py.egg-info/requires.txt
[11.112s] writing top-level names to ../../build/add_service_py/add_service_py.egg-info/top_level.txt
[11.119s] reading manifest file '../../build/add_service_py/add_service_py.egg-info/SOURCES.txt'
[11.119s] writing manifest file '../../build/add_service_py/add_service_py.egg-info/SOURCES.txt'
[11.119s] running build
[11.120s] running build_py
[11.120s] running install
[11.133s] running install_lib
[11.133s] running install_data
[11.133s] running install_egg_info
[11.149s] removing '/home/sis/ros2t_ws/install/add_service_py/lib/python3.10/site-packages/add_service_py-0.0.0-py3.10.egg-info' (and everything under it)
[11.155s] Copying ../../build/add_service_py/add_service_py.egg-info to /home/sis/ros2t_ws/install/add_service_py/lib/python3.10/site-packages/add_service_py-0.0.0-py3.10.egg-info
[11.155s] running install_scripts
[11.256s] Installing client script to /home/sis/ros2t_ws/install/add_service_py/lib/add_service_py
[11.257s] Installing server script to /home/sis/ros2t_ws/install/add_service_py/lib/add_service_py
[11.259s] writing list of installed files to '/home/sis/ros2t_ws/build/add_service_py/install.log'
[11.476s] Invoked command in '/home/sis/ros2t_ws/src/add_service_py' returned '0': PYTHONPATH=/home/sis/ros2t_ws/build/add_service_py/prefix_override:/home/sis/ros2t_ws/install/add_service_py/lib/python3.10/site-packages:${PYTHONPATH} /usr/bin/python3 setup.py egg_info --egg-base ../../build/add_service_py build --build-base /home/sis/ros2t_ws/build/add_service_py/build install --record /home/sis/ros2t_ws/build/add_service_py/install.log --single-version-externally-managed
