[1.499s] DEBUG:colcon:Command line arguments: ['/usr/bin/colcon', 'build']
[1.499s] DEBUG:colcon:Parsed command line arguments: Namespace(log_base=None, log_level=None, verb_name='build', build_base='build', install_base='install', merge_install=False, symlink_install=False, test_result_base=None, continue_on_error=False, executor='parallel', parallel_workers=4, event_handlers=None, ignore_user_meta=False, metas=['./colcon.meta'], base_paths=['.'], packages_ignore=None, packages_ignore_regex=None, paths=None, packages_up_to=None, packages_up_to_regex=None, packages_above=None, packages_above_and_dependencies=None, packages_above_depth=None, packages_select_by_dep=None, packages_skip_by_dep=None, packages_skip_up_to=None, packages_select_build_failed=False, packages_skip_build_finished=False, packages_select_test_failures=False, packages_skip_test_passed=False, packages_select=None, packages_skip=None, packages_select_regex=None, packages_skip_regex=None, packages_start=None, packages_end=None, allow_overriding=[], cmake_args=None, cmake_target=None, cmake_target_skip_unavailable=False, cmake_clean_cache=False, cmake_clean_first=False, cmake_force_configure=False, ament_cmake_args=None, catkin_cmake_args=None, catkin_skip_building_tests=False, verb_parser=<colcon_defaults.argument_parser.defaults.DefaultArgumentsDecorator object at 0x7f3987972050>, verb_extension=<colcon_core.verb.build.BuildVerb object at 0x7f3987971de0>, main=<bound method BuildVerb.main of <colcon_core.verb.build.BuildVerb object at 0x7f3987971de0>>)
[1.568s] Level 1:colcon.colcon_core.package_discovery:discover_packages(colcon_meta) check parameters
[1.568s] Level 1:colcon.colcon_core.package_discovery:discover_packages(recursive) check parameters
[1.568s] Level 1:colcon.colcon_core.package_discovery:discover_packages(ignore) check parameters
[1.568s] Level 1:colcon.colcon_core.package_discovery:discover_packages(path) check parameters
[1.568s] Level 1:colcon.colcon_core.package_discovery:discover_packages(colcon_meta) discover
[1.568s] Level 1:colcon.colcon_core.package_discovery:discover_packages(recursive) discover
[1.568s] INFO:colcon.colcon_core.package_discovery:Crawling recursively for packages in '/home/sis/ros2t_ws'
[1.568s] Level 1:colcon.colcon_core.package_identification:_identify(.) by extensions ['ignore', 'ignore_ament_install']
[1.569s] Level 1:colcon.colcon_core.package_identification:_identify(.) by extension 'ignore'
[1.569s] Level 1:colcon.colcon_core.package_identification:_identify(.) by extension 'ignore_ament_install'
[1.569s] Level 1:colcon.colcon_core.package_identification:_identify(.) by extensions ['colcon_pkg']
[1.569s] Level 1:colcon.colcon_core.package_identification:_identify(.) by extension 'colcon_pkg'
[1.569s] Level 1:colcon.colcon_core.package_identification:_identify(.) by extensions ['colcon_meta']
[1.569s] Level 1:colcon.colcon_core.package_identification:_identify(.) by extension 'colcon_meta'
[1.569s] Level 1:colcon.colcon_core.package_identification:_identify(.) by extensions ['ros']
[1.569s] Level 1:colcon.colcon_core.package_identification:_identify(.) by extension 'ros'
[1.587s] Level 1:colcon.colcon_core.package_identification:_identify(.) by extensions ['cmake', 'python']
[1.587s] Level 1:colcon.colcon_core.package_identification:_identify(.) by extension 'cmake'
[1.588s] Level 1:colcon.colcon_core.package_identification:_identify(.) by extension 'python'
[1.588s] Level 1:colcon.colcon_core.package_identification:_identify(.) by extensions ['python_setup_py']
[1.588s] Level 1:colcon.colcon_core.package_identification:_identify(.) by extension 'python_setup_py'
[1.588s] Level 1:colcon.colcon_core.package_identification:_identify(build) by extensions ['ignore', 'ignore_ament_install']
[1.588s] Level 1:colcon.colcon_core.package_identification:_identify(build) by extension 'ignore'
[1.589s] Level 1:colcon.colcon_core.package_identification:_identify(build) ignored
[1.589s] Level 1:colcon.colcon_core.package_identification:_identify(install) by extensions ['ignore', 'ignore_ament_install']
[1.589s] Level 1:colcon.colcon_core.package_identification:_identify(install) by extension 'ignore'
[1.589s] Level 1:colcon.colcon_core.package_identification:_identify(install) ignored
[1.590s] Level 1:colcon.colcon_core.package_identification:_identify(log) by extensions ['ignore', 'ignore_ament_install']
[1.590s] Level 1:colcon.colcon_core.package_identification:_identify(log) by extension 'ignore'
[1.590s] Level 1:colcon.colcon_core.package_identification:_identify(log) ignored
[1.590s] Level 1:colcon.colcon_core.package_identification:_identify(src) by extensions ['ignore', 'ignore_ament_install']
[1.590s] Level 1:colcon.colcon_core.package_identification:_identify(src) by extension 'ignore'
[1.590s] Level 1:colcon.colcon_core.package_identification:_identify(src) by extension 'ignore_ament_install'
[1.591s] Level 1:colcon.colcon_core.package_identification:_identify(src) by extensions ['colcon_pkg']
[1.591s] Level 1:colcon.colcon_core.package_identification:_identify(src) by extension 'colcon_pkg'
[1.591s] Level 1:colcon.colcon_core.package_identification:_identify(src) by extensions ['colcon_meta']
[1.591s] Level 1:colcon.colcon_core.package_identification:_identify(src) by extension 'colcon_meta'
[1.591s] Level 1:colcon.colcon_core.package_identification:_identify(src) by extensions ['ros']
[1.591s] Level 1:colcon.colcon_core.package_identification:_identify(src) by extension 'ros'
[1.591s] Level 1:colcon.colcon_core.package_identification:_identify(src) by extensions ['cmake', 'python']
[1.591s] Level 1:colcon.colcon_core.package_identification:_identify(src) by extension 'cmake'
[1.592s] Level 1:colcon.colcon_core.package_identification:_identify(src) by extension 'python'
[1.592s] Level 1:colcon.colcon_core.package_identification:_identify(src) by extensions ['python_setup_py']
[1.592s] Level 1:colcon.colcon_core.package_identification:_identify(src) by extension 'python_setup_py'
[1.592s] Level 1:colcon.colcon_core.package_identification:_identify(src/add_service_cpp) by extensions ['ignore', 'ignore_ament_install']
[1.592s] Level 1:colcon.colcon_core.package_identification:_identify(src/add_service_cpp) by extension 'ignore'
[1.593s] Level 1:colcon.colcon_core.package_identification:_identify(src/add_service_cpp) by extension 'ignore_ament_install'
[1.593s] Level 1:colcon.colcon_core.package_identification:_identify(src/add_service_cpp) by extensions ['colcon_pkg']
[1.593s] Level 1:colcon.colcon_core.package_identification:_identify(src/add_service_cpp) by extension 'colcon_pkg'
[1.593s] Level 1:colcon.colcon_core.package_identification:_identify(src/add_service_cpp) by extensions ['colcon_meta']
[1.593s] Level 1:colcon.colcon_core.package_identification:_identify(src/add_service_cpp) by extension 'colcon_meta'
[1.593s] Level 1:colcon.colcon_core.package_identification:_identify(src/add_service_cpp) by extensions ['ros']
[1.593s] Level 1:colcon.colcon_core.package_identification:_identify(src/add_service_cpp) by extension 'ros'
[1.601s] DEBUG:colcon.colcon_core.package_identification:Package 'src/add_service_cpp' with type 'ros.ament_cmake' and name 'add_service_cpp'
[1.601s] Level 1:colcon.colcon_core.package_identification:_identify(src/add_service_py) by extensions ['ignore', 'ignore_ament_install']
[1.602s] Level 1:colcon.colcon_core.package_identification:_identify(src/add_service_py) by extension 'ignore'
[1.602s] Level 1:colcon.colcon_core.package_identification:_identify(src/add_service_py) by extension 'ignore_ament_install'
[1.602s] Level 1:colcon.colcon_core.package_identification:_identify(src/add_service_py) by extensions ['colcon_pkg']
[1.602s] Level 1:colcon.colcon_core.package_identification:_identify(src/add_service_py) by extension 'colcon_pkg'
[1.603s] Level 1:colcon.colcon_core.package_identification:_identify(src/add_service_py) by extensions ['colcon_meta']
[1.603s] Level 1:colcon.colcon_core.package_identification:_identify(src/add_service_py) by extension 'colcon_meta'
[1.603s] Level 1:colcon.colcon_core.package_identification:_identify(src/add_service_py) by extensions ['ros']
[1.603s] Level 1:colcon.colcon_core.package_identification:_identify(src/add_service_py) by extension 'ros'
[1.605s] DEBUG:colcon.colcon_core.package_identification:Package 'src/add_service_py' with type 'ros.ament_python' and name 'add_service_py'
[1.605s] Level 1:colcon.colcon_core.package_identification:_identify(src/pubsub_cpp) by extensions ['ignore', 'ignore_ament_install']
[1.606s] Level 1:colcon.colcon_core.package_identification:_identify(src/pubsub_cpp) by extension 'ignore'
[1.606s] Level 1:colcon.colcon_core.package_identification:_identify(src/pubsub_cpp) by extension 'ignore_ament_install'
[1.606s] Level 1:colcon.colcon_core.package_identification:_identify(src/pubsub_cpp) by extensions ['colcon_pkg']
[1.606s] Level 1:colcon.colcon_core.package_identification:_identify(src/pubsub_cpp) by extension 'colcon_pkg'
[1.606s] Level 1:colcon.colcon_core.package_identification:_identify(src/pubsub_cpp) by extensions ['colcon_meta']
[1.607s] Level 1:colcon.colcon_core.package_identification:_identify(src/pubsub_cpp) by extension 'colcon_meta'
[1.607s] Level 1:colcon.colcon_core.package_identification:_identify(src/pubsub_cpp) by extensions ['ros']
[1.607s] Level 1:colcon.colcon_core.package_identification:_identify(src/pubsub_cpp) by extension 'ros'
[1.609s] DEBUG:colcon.colcon_core.package_identification:Package 'src/pubsub_cpp' with type 'ros.ament_cmake' and name 'pubsub_cpp'
[1.610s] Level 1:colcon.colcon_core.package_identification:_identify(src/pubsub_py) by extensions ['ignore', 'ignore_ament_install']
[1.610s] Level 1:colcon.colcon_core.package_identification:_identify(src/pubsub_py) by extension 'ignore'
[1.610s] Level 1:colcon.colcon_core.package_identification:_identify(src/pubsub_py) by extension 'ignore_ament_install'
[1.611s] Level 1:colcon.colcon_core.package_identification:_identify(src/pubsub_py) by extensions ['colcon_pkg']
[1.611s] Level 1:colcon.colcon_core.package_identification:_identify(src/pubsub_py) by extension 'colcon_pkg'
[1.611s] Level 1:colcon.colcon_core.package_identification:_identify(src/pubsub_py) by extensions ['colcon_meta']
[1.611s] Level 1:colcon.colcon_core.package_identification:_identify(src/pubsub_py) by extension 'colcon_meta'
[1.611s] Level 1:colcon.colcon_core.package_identification:_identify(src/pubsub_py) by extensions ['ros']
[1.612s] Level 1:colcon.colcon_core.package_identification:_identify(src/pubsub_py) by extension 'ros'
[1.615s] DEBUG:colcon.colcon_core.package_identification:Package 'src/pubsub_py' with type 'ros.ament_python' and name 'pubsub_py'
[1.615s] Level 1:colcon.colcon_core.package_discovery:discover_packages(recursive) using defaults
[1.615s] Level 1:colcon.colcon_core.package_discovery:discover_packages(ignore) discover
[1.615s] Level 1:colcon.colcon_core.package_discovery:discover_packages(ignore) using defaults
[1.616s] Level 1:colcon.colcon_core.package_discovery:discover_packages(path) discover
[1.616s] Level 1:colcon.colcon_core.package_discovery:discover_packages(path) using defaults
[1.856s] Level 1:colcon.colcon_core.package_discovery:discover_packages(prefix_path) check parameters
[1.856s] Level 1:colcon.colcon_core.package_discovery:discover_packages(prefix_path) discover
[1.933s] DEBUG:colcon.colcon_installed_package_information.package_discovery:Found 3 installed packages in /home/sis/ros2t_ws/install
[1.956s] DEBUG:colcon.colcon_installed_package_information.package_discovery:Found 287 installed packages in /opt/ros/humble
[1.958s] Level 1:colcon.colcon_core.package_discovery:discover_packages(prefix_path) using defaults
[2.232s] Level 5:colcon.colcon_core.verb:set package 'add_service_cpp' build argument 'cmake_args' from command line to 'None'
[2.232s] Level 5:colcon.colcon_core.verb:set package 'add_service_cpp' build argument 'cmake_target' from command line to 'None'
[2.232s] Level 5:colcon.colcon_core.verb:set package 'add_service_cpp' build argument 'cmake_target_skip_unavailable' from command line to 'False'
[2.232s] Level 5:colcon.colcon_core.verb:set package 'add_service_cpp' build argument 'cmake_clean_cache' from command line to 'False'
[2.232s] Level 5:colcon.colcon_core.verb:set package 'add_service_cpp' build argument 'cmake_clean_first' from command line to 'False'
[2.232s] Level 5:colcon.colcon_core.verb:set package 'add_service_cpp' build argument 'cmake_force_configure' from command line to 'False'
[2.232s] Level 5:colcon.colcon_core.verb:set package 'add_service_cpp' build argument 'ament_cmake_args' from command line to 'None'
[2.232s] Level 5:colcon.colcon_core.verb:set package 'add_service_cpp' build argument 'catkin_cmake_args' from command line to 'None'
[2.232s] Level 5:colcon.colcon_core.verb:set package 'add_service_cpp' build argument 'catkin_skip_building_tests' from command line to 'False'
[2.232s] DEBUG:colcon.colcon_core.verb:Building package 'add_service_cpp' with the following arguments: {'ament_cmake_args': None, 'build_base': '/home/sis/ros2t_ws/build/add_service_cpp', 'catkin_cmake_args': None, 'catkin_skip_building_tests': False, 'cmake_args': None, 'cmake_clean_cache': False, 'cmake_clean_first': False, 'cmake_force_configure': False, 'cmake_target': None, 'cmake_target_skip_unavailable': False, 'install_base': '/home/sis/ros2t_ws/install/add_service_cpp', 'merge_install': False, 'path': '/home/sis/ros2t_ws/src/add_service_cpp', 'symlink_install': False, 'test_result_base': None}
[2.254s] Level 5:colcon.colcon_core.verb:set package 'add_service_py' build argument 'cmake_args' from command line to 'None'
[2.254s] Level 5:colcon.colcon_core.verb:set package 'add_service_py' build argument 'cmake_target' from command line to 'None'
[2.255s] Level 5:colcon.colcon_core.verb:set package 'add_service_py' build argument 'cmake_target_skip_unavailable' from command line to 'False'
[2.255s] Level 5:colcon.colcon_core.verb:set package 'add_service_py' build argument 'cmake_clean_cache' from command line to 'False'
[2.255s] Level 5:colcon.colcon_core.verb:set package 'add_service_py' build argument 'cmake_clean_first' from command line to 'False'
[2.255s] Level 5:colcon.colcon_core.verb:set package 'add_service_py' build argument 'cmake_force_configure' from command line to 'False'
[2.255s] Level 5:colcon.colcon_core.verb:set package 'add_service_py' build argument 'ament_cmake_args' from command line to 'None'
[2.255s] Level 5:colcon.colcon_core.verb:set package 'add_service_py' build argument 'catkin_cmake_args' from command line to 'None'
[2.255s] Level 5:colcon.colcon_core.verb:set package 'add_service_py' build argument 'catkin_skip_building_tests' from command line to 'False'
[2.255s] DEBUG:colcon.colcon_core.verb:Building package 'add_service_py' with the following arguments: {'ament_cmake_args': None, 'build_base': '/home/sis/ros2t_ws/build/add_service_py', 'catkin_cmake_args': None, 'catkin_skip_building_tests': False, 'cmake_args': None, 'cmake_clean_cache': False, 'cmake_clean_first': False, 'cmake_force_configure': False, 'cmake_target': None, 'cmake_target_skip_unavailable': False, 'install_base': '/home/sis/ros2t_ws/install/add_service_py', 'merge_install': False, 'path': '/home/sis/ros2t_ws/src/add_service_py', 'symlink_install': False, 'test_result_base': None}
[2.293s] Level 5:colcon.colcon_core.verb:set package 'pubsub_cpp' build argument 'cmake_args' from command line to 'None'
[2.293s] Level 5:colcon.colcon_core.verb:set package 'pubsub_cpp' build argument 'cmake_target' from command line to 'None'
[2.293s] Level 5:colcon.colcon_core.verb:set package 'pubsub_cpp' build argument 'cmake_target_skip_unavailable' from command line to 'False'
[2.293s] Level 5:colcon.colcon_core.verb:set package 'pubsub_cpp' build argument 'cmake_clean_cache' from command line to 'False'
[2.293s] Level 5:colcon.colcon_core.verb:set package 'pubsub_cpp' build argument 'cmake_clean_first' from command line to 'False'
[2.293s] Level 5:colcon.colcon_core.verb:set package 'pubsub_cpp' build argument 'cmake_force_configure' from command line to 'False'
[2.293s] Level 5:colcon.colcon_core.verb:set package 'pubsub_cpp' build argument 'ament_cmake_args' from command line to 'None'
[2.293s] Level 5:colcon.colcon_core.verb:set package 'pubsub_cpp' build argument 'catkin_cmake_args' from command line to 'None'
[2.293s] Level 5:colcon.colcon_core.verb:set package 'pubsub_cpp' build argument 'catkin_skip_building_tests' from command line to 'False'
[2.293s] DEBUG:colcon.colcon_core.verb:Building package 'pubsub_cpp' with the following arguments: {'ament_cmake_args': None, 'build_base': '/home/sis/ros2t_ws/build/pubsub_cpp', 'catkin_cmake_args': None, 'catkin_skip_building_tests': False, 'cmake_args': None, 'cmake_clean_cache': False, 'cmake_clean_first': False, 'cmake_force_configure': False, 'cmake_target': None, 'cmake_target_skip_unavailable': False, 'install_base': '/home/sis/ros2t_ws/install/pubsub_cpp', 'merge_install': False, 'path': '/home/sis/ros2t_ws/src/pubsub_cpp', 'symlink_install': False, 'test_result_base': None}
[2.341s] Level 5:colcon.colcon_core.verb:set package 'pubsub_py' build argument 'cmake_args' from command line to 'None'
[2.341s] Level 5:colcon.colcon_core.verb:set package 'pubsub_py' build argument 'cmake_target' from command line to 'None'
[2.341s] Level 5:colcon.colcon_core.verb:set package 'pubsub_py' build argument 'cmake_target_skip_unavailable' from command line to 'False'
[2.341s] Level 5:colcon.colcon_core.verb:set package 'pubsub_py' build argument 'cmake_clean_cache' from command line to 'False'
[2.341s] Level 5:colcon.colcon_core.verb:set package 'pubsub_py' build argument 'cmake_clean_first' from command line to 'False'
[2.341s] Level 5:colcon.colcon_core.verb:set package 'pubsub_py' build argument 'cmake_force_configure' from command line to 'False'
[2.341s] Level 5:colcon.colcon_core.verb:set package 'pubsub_py' build argument 'ament_cmake_args' from command line to 'None'
[2.342s] Level 5:colcon.colcon_core.verb:set package 'pubsub_py' build argument 'catkin_cmake_args' from command line to 'None'
[2.342s] Level 5:colcon.colcon_core.verb:set package 'pubsub_py' build argument 'catkin_skip_building_tests' from command line to 'False'
[2.342s] DEBUG:colcon.colcon_core.verb:Building package 'pubsub_py' with the following arguments: {'ament_cmake_args': None, 'build_base': '/home/sis/ros2t_ws/build/pubsub_py', 'catkin_cmake_args': None, 'catkin_skip_building_tests': False, 'cmake_args': None, 'cmake_clean_cache': False, 'cmake_clean_first': False, 'cmake_force_configure': False, 'cmake_target': None, 'cmake_target_skip_unavailable': False, 'install_base': '/home/sis/ros2t_ws/install/pubsub_py', 'merge_install': False, 'path': '/home/sis/ros2t_ws/src/pubsub_py', 'symlink_install': False, 'test_result_base': None}
[2.380s] INFO:colcon.colcon_core.executor:Executing jobs using 'parallel' executor
[2.419s] DEBUG:colcon.colcon_parallel_executor.executor.parallel:run_until_complete
[2.420s] INFO:colcon.colcon_ros.task.ament_cmake.build:Building ROS package in '/home/sis/ros2t_ws/src/add_service_cpp' with build type 'ament_cmake'
[2.420s] INFO:colcon.colcon_cmake.task.cmake.build:Building CMake package in '/home/sis/ros2t_ws/src/add_service_cpp'
[2.482s] INFO:colcon.colcon_core.plugin_system:Skipping extension 'colcon_core.shell.bat': Not used on non-Windows systems
[2.482s] INFO:colcon.colcon_core.shell:Skip shell extension 'powershell' for command environment: Not usable outside of PowerShell
[2.483s] DEBUG:colcon.colcon_core.shell:Skip shell extension 'dsv' for command environment
[2.633s] INFO:colcon.colcon_ros.task.ament_python.build:Building ROS package in '/home/sis/ros2t_ws/src/add_service_py' with build type 'ament_python'
[2.634s] Level 1:colcon.colcon_core.shell:create_environment_hook('add_service_py', 'ament_prefix_path')
[2.689s] INFO:colcon.colcon_core.shell:Creating environment hook '/home/sis/ros2t_ws/install/add_service_py/share/add_service_py/hook/ament_prefix_path.ps1'
[2.691s] INFO:colcon.colcon_core.shell:Creating environment descriptor '/home/sis/ros2t_ws/install/add_service_py/share/add_service_py/hook/ament_prefix_path.dsv'
[2.691s] INFO:colcon.colcon_core.shell:Creating environment hook '/home/sis/ros2t_ws/install/add_service_py/share/add_service_py/hook/ament_prefix_path.sh'
[2.721s] INFO:colcon.colcon_core.shell:Skip shell extension 'powershell' for command environment: Not usable outside of PowerShell
[2.722s] DEBUG:colcon.colcon_core.shell:Skip shell extension 'dsv' for command environment
[2.881s] INFO:colcon.colcon_ros.task.ament_cmake.build:Building ROS package in '/home/sis/ros2t_ws/src/pubsub_cpp' with build type 'ament_cmake'
[2.882s] INFO:colcon.colcon_cmake.task.cmake.build:Building CMake package in '/home/sis/ros2t_ws/src/pubsub_cpp'
[2.995s] INFO:colcon.colcon_core.shell:Skip shell extension 'powershell' for command environment: Not usable outside of PowerShell
[2.996s] DEBUG:colcon.colcon_core.shell:Skip shell extension 'dsv' for command environment
[3.224s] INFO:colcon.colcon_ros.task.ament_python.build:Building ROS package in '/home/sis/ros2t_ws/src/pubsub_py' with build type 'ament_python'
[3.225s] Level 1:colcon.colcon_core.shell:create_environment_hook('pubsub_py', 'ament_prefix_path')
[3.302s] INFO:colcon.colcon_core.shell:Creating environment hook '/home/sis/ros2t_ws/install/pubsub_py/share/pubsub_py/hook/ament_prefix_path.ps1'
[3.306s] INFO:colcon.colcon_core.shell:Creating environment descriptor '/home/sis/ros2t_ws/install/pubsub_py/share/pubsub_py/hook/ament_prefix_path.dsv'
[3.310s] INFO:colcon.colcon_core.shell:Creating environment hook '/home/sis/ros2t_ws/install/pubsub_py/share/pubsub_py/hook/ament_prefix_path.sh'
[3.391s] INFO:colcon.colcon_core.shell:Skip shell extension 'powershell' for command environment: Not usable outside of PowerShell
[3.391s] DEBUG:colcon.colcon_core.shell:Skip shell extension 'dsv' for command environment
[3.541s] DEBUG:colcon.colcon_core.event_handler.log_command:Invoking command in '/home/sis/ros2t_ws/build/add_service_cpp': CMAKE_PREFIX_PATH=${CMAKE_PREFIX_PATH}:/home/sis/ros2t_ws/install/add_service_py:/home/sis/ros2t_ws/install/pubsub_py:/opt/ros/humble /usr/bin/cmake /home/sis/ros2t_ws/src/add_service_cpp -DCMAKE_INSTALL_PREFIX=/home/sis/ros2t_ws/install/add_service_cpp
[4.887s] INFO:colcon.colcon_core.task.python.build:Building Python package in '/home/sis/ros2t_ws/src/add_service_py'
[4.943s] INFO:colcon.colcon_core.shell:Skip shell extension 'powershell' for command environment: Not usable outside of PowerShell
[4.944s] DEBUG:colcon.colcon_core.shell:Skip shell extension 'dsv' for command environment
[5.138s] DEBUG:colcon.colcon_core.event_handler.log_command:Invoking command in '/home/sis/ros2t_ws/build/pubsub_cpp': CMAKE_PREFIX_PATH=${CMAKE_PREFIX_PATH}:/home/sis/ros2t_ws/install/add_service_py:/home/sis/ros2t_ws/install/pubsub_py:/opt/ros/humble /usr/bin/cmake --build /home/sis/ros2t_ws/build/pubsub_cpp -- -j4 -l4
[6.458s] INFO:colcon.colcon_core.task.python.build:Building Python package in '/home/sis/ros2t_ws/src/pubsub_py'
[6.583s] INFO:colcon.colcon_core.shell:Skip shell extension 'powershell' for command environment: Not usable outside of PowerShell
[6.583s] DEBUG:colcon.colcon_core.shell:Skip shell extension 'dsv' for command environment
[6.904s] DEBUG:colcon.colcon_core.event_handler.log_command:Invoked command in '/home/sis/ros2t_ws/build/pubsub_cpp' returned '0': CMAKE_PREFIX_PATH=${CMAKE_PREFIX_PATH}:/home/sis/ros2t_ws/install/add_service_py:/home/sis/ros2t_ws/install/pubsub_py:/opt/ros/humble /usr/bin/cmake --build /home/sis/ros2t_ws/build/pubsub_cpp -- -j4 -l4
[7.116s] DEBUG:colcon.colcon_core.event_handler.log_command:Invoking command in '/home/sis/ros2t_ws/build/pubsub_cpp': CMAKE_PREFIX_PATH=${CMAKE_PREFIX_PATH}:/home/sis/ros2t_ws/install/add_service_py:/home/sis/ros2t_ws/install/pubsub_py:/opt/ros/humble /usr/bin/cmake --install /home/sis/ros2t_ws/build/pubsub_cpp
[7.197s] Level 1:colcon.colcon_core.environment:create_environment_scripts_only(pubsub_cpp)
[7.242s] DEBUG:colcon.colcon_core.event_handler.log_command:Invoked command in '/home/sis/ros2t_ws/build/pubsub_cpp' returned '0': CMAKE_PREFIX_PATH=${CMAKE_PREFIX_PATH}:/home/sis/ros2t_ws/install/add_service_py:/home/sis/ros2t_ws/install/pubsub_py:/opt/ros/humble /usr/bin/cmake --install /home/sis/ros2t_ws/build/pubsub_cpp
[7.309s] Level 1:colcon.colcon_core.environment:checking '/home/sis/ros2t_ws/install/pubsub_cpp' for CMake module files
[7.315s] Level 1:colcon.colcon_core.environment:checking '/home/sis/ros2t_ws/install/pubsub_cpp' for CMake config files
[7.316s] Level 1:colcon.colcon_core.shell:create_environment_hook('pubsub_cpp', 'cmake_prefix_path')
[7.420s] INFO:colcon.colcon_core.shell:Creating environment hook '/home/sis/ros2t_ws/install/pubsub_cpp/share/pubsub_cpp/hook/cmake_prefix_path.ps1'
[7.432s] INFO:colcon.colcon_core.shell:Creating environment descriptor '/home/sis/ros2t_ws/install/pubsub_cpp/share/pubsub_cpp/hook/cmake_prefix_path.dsv'
[7.438s] INFO:colcon.colcon_core.shell:Creating environment hook '/home/sis/ros2t_ws/install/pubsub_cpp/share/pubsub_cpp/hook/cmake_prefix_path.sh'
[7.446s] Level 1:colcon.colcon_core.environment:checking '/home/sis/ros2t_ws/install/pubsub_cpp/lib'
[7.447s] Level 1:colcon.colcon_core.environment:checking '/home/sis/ros2t_ws/install/pubsub_cpp/bin'
[7.448s] Level 1:colcon.colcon_core.environment:checking '/home/sis/ros2t_ws/install/pubsub_cpp/lib/pkgconfig/pubsub_cpp.pc'
[7.449s] Level 1:colcon.colcon_core.environment:checking '/home/sis/ros2t_ws/install/pubsub_cpp/lib/python3.10/site-packages'
[7.450s] Level 1:colcon.colcon_core.environment:checking '/home/sis/ros2t_ws/install/pubsub_cpp/bin'
[7.559s] INFO:colcon.colcon_core.shell:Creating package script '/home/sis/ros2t_ws/install/pubsub_cpp/share/pubsub_cpp/package.ps1'
[7.567s] INFO:colcon.colcon_core.shell:Creating package descriptor '/home/sis/ros2t_ws/install/pubsub_cpp/share/pubsub_cpp/package.dsv'
[7.576s] INFO:colcon.colcon_core.shell:Creating package script '/home/sis/ros2t_ws/install/pubsub_cpp/share/pubsub_cpp/package.sh'
[7.578s] INFO:colcon.colcon_core.shell:Creating package script '/home/sis/ros2t_ws/install/pubsub_cpp/share/pubsub_cpp/package.bash'
[7.580s] INFO:colcon.colcon_core.shell:Creating package script '/home/sis/ros2t_ws/install/pubsub_cpp/share/pubsub_cpp/package.zsh'
[7.582s] Level 1:colcon.colcon_core.environment:create_file_with_runtime_dependencies(/home/sis/ros2t_ws/install/pubsub_cpp/share/colcon-core/packages/pubsub_cpp)
[7.941s] Level 1:colcon.colcon_core.environment:create_environment_scripts_only(pubsub_cpp)
[8.114s] Level 1:colcon.colcon_core.environment:checking '/home/sis/ros2t_ws/install/pubsub_cpp' for CMake module files
[8.120s] Level 1:colcon.colcon_core.environment:checking '/home/sis/ros2t_ws/install/pubsub_cpp' for CMake config files
[8.122s] Level 1:colcon.colcon_core.shell:create_environment_hook('pubsub_cpp', 'cmake_prefix_path')
[8.244s] INFO:colcon.colcon_core.shell:Creating environment hook '/home/sis/ros2t_ws/install/pubsub_cpp/share/pubsub_cpp/hook/cmake_prefix_path.ps1'
[8.247s] INFO:colcon.colcon_core.shell:Creating environment descriptor '/home/sis/ros2t_ws/install/pubsub_cpp/share/pubsub_cpp/hook/cmake_prefix_path.dsv'
[8.248s] INFO:colcon.colcon_core.shell:Creating environment hook '/home/sis/ros2t_ws/install/pubsub_cpp/share/pubsub_cpp/hook/cmake_prefix_path.sh'
[8.250s] Level 1:colcon.colcon_core.environment:checking '/home/sis/ros2t_ws/install/pubsub_cpp/lib'
[8.250s] Level 1:colcon.colcon_core.environment:checking '/home/sis/ros2t_ws/install/pubsub_cpp/bin'
[8.250s] Level 1:colcon.colcon_core.environment:checking '/home/sis/ros2t_ws/install/pubsub_cpp/lib/pkgconfig/pubsub_cpp.pc'
[8.251s] Level 1:colcon.colcon_core.environment:checking '/home/sis/ros2t_ws/install/pubsub_cpp/lib/python3.10/site-packages'
[8.253s] Level 1:colcon.colcon_core.environment:checking '/home/sis/ros2t_ws/install/pubsub_cpp/bin'
[8.420s] INFO:colcon.colcon_core.shell:Creating package script '/home/sis/ros2t_ws/install/pubsub_cpp/share/pubsub_cpp/package.ps1'
[8.427s] INFO:colcon.colcon_core.shell:Creating package descriptor '/home/sis/ros2t_ws/install/pubsub_cpp/share/pubsub_cpp/package.dsv'
[8.430s] INFO:colcon.colcon_core.shell:Creating package script '/home/sis/ros2t_ws/install/pubsub_cpp/share/pubsub_cpp/package.sh'
[8.431s] INFO:colcon.colcon_core.shell:Creating package script '/home/sis/ros2t_ws/install/pubsub_cpp/share/pubsub_cpp/package.bash'
[8.433s] INFO:colcon.colcon_core.shell:Creating package script '/home/sis/ros2t_ws/install/pubsub_cpp/share/pubsub_cpp/package.zsh'
[8.435s] Level 1:colcon.colcon_core.environment:create_file_with_runtime_dependencies(/home/sis/ros2t_ws/install/pubsub_cpp/share/colcon-core/packages/pubsub_cpp)
[8.915s] DEBUG:colcon.colcon_core.event_handler.log_command:Invoking command in '/home/sis/ros2t_ws/src/pubsub_py': PYTHONPATH=/home/sis/ros2t_ws/build/pubsub_py/prefix_override:/home/sis/ros2t_ws/install/pubsub_py/lib/python3.10/site-packages:${PYTHONPATH} /usr/bin/python3 setup.py egg_info --egg-base ../../build/pubsub_py build --build-base /home/sis/ros2t_ws/build/pubsub_py/build install --record /home/sis/ros2t_ws/build/pubsub_py/install.log --single-version-externally-managed
[9.529s] DEBUG:colcon.colcon_core.event_handler.log_command:Invoking command in '/home/sis/ros2t_ws/src/add_service_py': PYTHONPATH=/home/sis/ros2t_ws/build/add_service_py/prefix_override:/home/sis/ros2t_ws/install/add_service_py/lib/python3.10/site-packages:${PYTHONPATH} /usr/bin/python3 setup.py egg_info --egg-base ../../build/add_service_py build --build-base /home/sis/ros2t_ws/build/add_service_py/build install --record /home/sis/ros2t_ws/build/add_service_py/install.log --single-version-externally-managed
[11.342s] DEBUG:colcon.colcon_core.event_handler.log_command:Invoked command in '/home/sis/ros2t_ws/src/add_service_py' returned '0': PYTHONPATH=/home/sis/ros2t_ws/build/add_service_py/prefix_override:/home/sis/ros2t_ws/install/add_service_py/lib/python3.10/site-packages:${PYTHONPATH} /usr/bin/python3 setup.py egg_info --egg-base ../../build/add_service_py build --build-base /home/sis/ros2t_ws/build/add_service_py/build install --record /home/sis/ros2t_ws/build/add_service_py/install.log --single-version-externally-managed
[11.437s] Level 1:colcon.colcon_core.environment:checking '/home/sis/ros2t_ws/install/add_service_py' for CMake module files
[11.439s] Level 1:colcon.colcon_core.environment:checking '/home/sis/ros2t_ws/install/add_service_py' for CMake config files
[11.446s] Level 1:colcon.colcon_core.environment:checking '/home/sis/ros2t_ws/install/add_service_py/lib'
[11.449s] Level 1:colcon.colcon_core.environment:checking '/home/sis/ros2t_ws/install/add_service_py/bin'
[11.451s] Level 1:colcon.colcon_core.environment:checking '/home/sis/ros2t_ws/install/add_service_py/lib/pkgconfig/add_service_py.pc'
[11.453s] Level 1:colcon.colcon_core.environment:checking '/home/sis/ros2t_ws/install/add_service_py/lib/python3.10/site-packages'
[11.453s] Level 1:colcon.colcon_core.shell:create_environment_hook('add_service_py', 'pythonpath')
[11.538s] INFO:colcon.colcon_core.shell:Creating environment hook '/home/sis/ros2t_ws/install/add_service_py/share/add_service_py/hook/pythonpath.ps1'
[11.540s] INFO:colcon.colcon_core.shell:Creating environment descriptor '/home/sis/ros2t_ws/install/add_service_py/share/add_service_py/hook/pythonpath.dsv'
[11.541s] INFO:colcon.colcon_core.shell:Creating environment hook '/home/sis/ros2t_ws/install/add_service_py/share/add_service_py/hook/pythonpath.sh'
[11.544s] Level 1:colcon.colcon_core.environment:checking '/home/sis/ros2t_ws/install/add_service_py/bin'
[11.544s] Level 1:colcon.colcon_core.environment:create_environment_scripts_only(add_service_py)
[11.632s] INFO:colcon.colcon_core.shell:Creating package script '/home/sis/ros2t_ws/install/add_service_py/share/add_service_py/package.ps1'
[11.636s] INFO:colcon.colcon_core.shell:Creating package descriptor '/home/sis/ros2t_ws/install/add_service_py/share/add_service_py/package.dsv'
[11.637s] INFO:colcon.colcon_core.shell:Creating package script '/home/sis/ros2t_ws/install/add_service_py/share/add_service_py/package.sh'
[11.638s] INFO:colcon.colcon_core.shell:Creating package script '/home/sis/ros2t_ws/install/add_service_py/share/add_service_py/package.bash'
[11.638s] INFO:colcon.colcon_core.shell:Creating package script '/home/sis/ros2t_ws/install/add_service_py/share/add_service_py/package.zsh'
[11.639s] Level 1:colcon.colcon_core.environment:create_file_with_runtime_dependencies(/home/sis/ros2t_ws/install/add_service_py/share/colcon-core/packages/add_service_py)
[11.643s] DEBUG:colcon.colcon_core.event_handler.log_command:Invoked command in '/home/sis/ros2t_ws/src/pubsub_py' returned '0': PYTHONPATH=/home/sis/ros2t_ws/build/pubsub_py/prefix_override:/home/sis/ros2t_ws/install/pubsub_py/lib/python3.10/site-packages:${PYTHONPATH} /usr/bin/python3 setup.py egg_info --egg-base ../../build/pubsub_py build --build-base /home/sis/ros2t_ws/build/pubsub_py/build install --record /home/sis/ros2t_ws/build/pubsub_py/install.log --single-version-externally-managed
[11.697s] Level 1:colcon.colcon_core.environment:checking '/home/sis/ros2t_ws/install/pubsub_py' for CMake module files
[11.698s] Level 1:colcon.colcon_core.environment:checking '/home/sis/ros2t_ws/install/pubsub_py' for CMake config files
[11.698s] Level 1:colcon.colcon_core.environment:checking '/home/sis/ros2t_ws/install/pubsub_py/lib'
[11.699s] Level 1:colcon.colcon_core.environment:checking '/home/sis/ros2t_ws/install/pubsub_py/bin'
[11.699s] Level 1:colcon.colcon_core.environment:checking '/home/sis/ros2t_ws/install/pubsub_py/lib/pkgconfig/pubsub_py.pc'
[11.699s] Level 1:colcon.colcon_core.environment:checking '/home/sis/ros2t_ws/install/pubsub_py/lib/python3.10/site-packages'
[11.700s] Level 1:colcon.colcon_core.shell:create_environment_hook('pubsub_py', 'pythonpath')
[11.776s] INFO:colcon.colcon_core.shell:Creating environment hook '/home/sis/ros2t_ws/install/pubsub_py/share/pubsub_py/hook/pythonpath.ps1'
[11.777s] INFO:colcon.colcon_core.shell:Creating environment descriptor '/home/sis/ros2t_ws/install/pubsub_py/share/pubsub_py/hook/pythonpath.dsv'
[11.778s] INFO:colcon.colcon_core.shell:Creating environment hook '/home/sis/ros2t_ws/install/pubsub_py/share/pubsub_py/hook/pythonpath.sh'
[11.780s] Level 1:colcon.colcon_core.environment:checking '/home/sis/ros2t_ws/install/pubsub_py/bin'
[11.780s] Level 1:colcon.colcon_core.environment:create_environment_scripts_only(pubsub_py)
[11.839s] INFO:colcon.colcon_core.shell:Creating package script '/home/sis/ros2t_ws/install/pubsub_py/share/pubsub_py/package.ps1'
[11.841s] INFO:colcon.colcon_core.shell:Creating package descriptor '/home/sis/ros2t_ws/install/pubsub_py/share/pubsub_py/package.dsv'
[11.842s] INFO:colcon.colcon_core.shell:Creating package script '/home/sis/ros2t_ws/install/pubsub_py/share/pubsub_py/package.sh'
[11.843s] INFO:colcon.colcon_core.shell:Creating package script '/home/sis/ros2t_ws/install/pubsub_py/share/pubsub_py/package.bash'
[11.845s] INFO:colcon.colcon_core.shell:Creating package script '/home/sis/ros2t_ws/install/pubsub_py/share/pubsub_py/package.zsh'
[11.848s] Level 1:colcon.colcon_core.environment:create_file_with_runtime_dependencies(/home/sis/ros2t_ws/install/pubsub_py/share/colcon-core/packages/pubsub_py)
[11.886s] DEBUG:colcon.colcon_core.event_handler.log_command:Invoked command in '/home/sis/ros2t_ws/build/add_service_cpp' returned '0': CMAKE_PREFIX_PATH=${CMAKE_PREFIX_PATH}:/home/sis/ros2t_ws/install/add_service_py:/home/sis/ros2t_ws/install/pubsub_py:/opt/ros/humble /usr/bin/cmake /home/sis/ros2t_ws/src/add_service_cpp -DCMAKE_INSTALL_PREFIX=/home/sis/ros2t_ws/install/add_service_cpp
[11.887s] DEBUG:colcon.colcon_core.event_handler.log_command:Invoking command in '/home/sis/ros2t_ws/build/add_service_cpp': CMAKE_PREFIX_PATH=${CMAKE_PREFIX_PATH}:/home/sis/ros2t_ws/install/add_service_py:/home/sis/ros2t_ws/install/pubsub_py:/opt/ros/humble /usr/bin/cmake --build /home/sis/ros2t_ws/build/add_service_cpp -- -j4 -l4
[21.897s] DEBUG:colcon.colcon_core.event_handler.log_command:Invoked command in '/home/sis/ros2t_ws/build/add_service_cpp' returned '2': CMAKE_PREFIX_PATH=${CMAKE_PREFIX_PATH}:/home/sis/ros2t_ws/install/add_service_py:/home/sis/ros2t_ws/install/pubsub_py:/opt/ros/humble /usr/bin/cmake --build /home/sis/ros2t_ws/build/add_service_cpp -- -j4 -l4
[22.037s] Level 1:colcon.colcon_core.environment:create_environment_scripts_only(add_service_cpp)
[22.066s] Level 1:colcon.colcon_core.environment:checking '/home/sis/ros2t_ws/install/add_service_cpp' for CMake module files
[22.067s] Level 1:colcon.colcon_core.environment:checking '/home/sis/ros2t_ws/install/add_service_cpp' for CMake config files
[22.067s] Level 1:colcon.colcon_core.environment:checking '/home/sis/ros2t_ws/install/add_service_cpp/bin'
[22.067s] Level 1:colcon.colcon_core.environment:checking '/home/sis/ros2t_ws/install/add_service_cpp/lib/pkgconfig/add_service_cpp.pc'
[22.067s] Level 1:colcon.colcon_core.environment:checking '/home/sis/ros2t_ws/install/add_service_cpp/lib/python3.10/site-packages'
[22.068s] Level 1:colcon.colcon_core.environment:checking '/home/sis/ros2t_ws/install/add_service_cpp/bin'
[22.109s] INFO:colcon.colcon_core.shell:Creating package script '/home/sis/ros2t_ws/install/add_service_cpp/share/add_service_cpp/package.ps1'
[22.110s] INFO:colcon.colcon_core.shell:Creating package descriptor '/home/sis/ros2t_ws/install/add_service_cpp/share/add_service_cpp/package.dsv'
[22.112s] INFO:colcon.colcon_core.shell:Creating package script '/home/sis/ros2t_ws/install/add_service_cpp/share/add_service_cpp/package.sh'
[22.115s] INFO:colcon.colcon_core.shell:Creating package script '/home/sis/ros2t_ws/install/add_service_cpp/share/add_service_cpp/package.bash'
[22.119s] INFO:colcon.colcon_core.shell:Creating package script '/home/sis/ros2t_ws/install/add_service_cpp/share/add_service_cpp/package.zsh'
[22.122s] Level 1:colcon.colcon_core.environment:create_file_with_runtime_dependencies(/home/sis/ros2t_ws/install/add_service_cpp/share/colcon-core/packages/add_service_cpp)
[22.134s] DEBUG:colcon.colcon_parallel_executor.executor.parallel:closing loop
[22.135s] DEBUG:colcon.colcon_parallel_executor.executor.parallel:loop closed
[22.135s] DEBUG:colcon.colcon_parallel_executor.executor.parallel:run_until_complete finished with '2'
[22.135s] DEBUG:colcon.colcon_core.event_reactor:joining thread
[22.205s] INFO:colcon.colcon_core.plugin_system:Skipping extension 'colcon_notification.desktop_notification.terminal_notifier': Not used on non-Darwin systems
[22.205s] INFO:colcon.colcon_core.plugin_system:Skipping extension 'colcon_notification.desktop_notification.win32': Not used on non-Windows systems
[22.205s] INFO:colcon.colcon_notification.desktop_notification:Sending desktop notification using 'notify2'
[22.245s] DEBUG:colcon.colcon_core.event_reactor:joined thread
[22.308s] INFO:colcon.colcon_core.shell:Creating prefix script '/home/sis/ros2t_ws/install/local_setup.ps1'
[22.313s] INFO:colcon.colcon_core.shell:Creating prefix util module '/home/sis/ros2t_ws/install/_local_setup_util_ps1.py'
[22.317s] INFO:colcon.colcon_core.shell:Creating prefix chain script '/home/sis/ros2t_ws/install/setup.ps1'
[22.360s] INFO:colcon.colcon_core.shell:Creating prefix script '/home/sis/ros2t_ws/install/local_setup.sh'
[22.362s] INFO:colcon.colcon_core.shell:Creating prefix util module '/home/sis/ros2t_ws/install/_local_setup_util_sh.py'
[22.363s] INFO:colcon.colcon_core.shell:Creating prefix chain script '/home/sis/ros2t_ws/install/setup.sh'
[22.437s] INFO:colcon.colcon_core.shell:Creating prefix script '/home/sis/ros2t_ws/install/local_setup.bash'
[22.444s] INFO:colcon.colcon_core.shell:Creating prefix chain script '/home/sis/ros2t_ws/install/setup.bash'
[22.582s] INFO:colcon.colcon_core.shell:Creating prefix script '/home/sis/ros2t_ws/install/local_setup.zsh'
[22.587s] INFO:colcon.colcon_core.shell:Creating prefix chain script '/home/sis/ros2t_ws/install/setup.zsh'
