[1.979s] DEBUG:colcon:Command line arguments: ['/usr/bin/colcon', 'build', '--packages-select', 'fibonacci_action_py']
[1.980s] DEBUG:colcon:Parsed command line arguments: Namespace(log_base=None, log_level=None, verb_name='build', build_base='build', install_base='install', merge_install=False, symlink_install=False, test_result_base=None, continue_on_error=False, executor='parallel', parallel_workers=4, event_handlers=None, ignore_user_meta=False, metas=['./colcon.meta'], base_paths=['.'], packages_ignore=None, packages_ignore_regex=None, paths=None, packages_up_to=None, packages_up_to_regex=None, packages_above=None, packages_above_and_dependencies=None, packages_above_depth=None, packages_select_by_dep=None, packages_skip_by_dep=None, packages_skip_up_to=None, packages_select_build_failed=False, packages_skip_build_finished=False, packages_select_test_failures=False, packages_skip_test_passed=False, packages_select=['fibonacci_action_py'], packages_skip=None, packages_select_regex=None, packages_skip_regex=None, packages_start=None, packages_end=None, allow_overriding=[], cmake_args=None, cmake_target=None, cmake_target_skip_unavailable=False, cmake_clean_cache=False, cmake_clean_first=False, cmake_force_configure=False, ament_cmake_args=None, catkin_cmake_args=None, catkin_skip_building_tests=False, verb_parser=<colcon_defaults.argument_parser.defaults.DefaultArgumentsDecorator object at 0x7f82421ee0e0>, verb_extension=<colcon_core.verb.build.BuildVerb object at 0x7f82421ede70>, main=<bound method BuildVerb.main of <colcon_core.verb.build.BuildVerb object at 0x7f82421ede70>>)
[2.075s] Level 1:colcon.colcon_core.package_discovery:discover_packages(colcon_meta) check parameters
[2.075s] Level 1:colcon.colcon_core.package_discovery:discover_packages(recursive) check parameters
[2.075s] Level 1:colcon.colcon_core.package_discovery:discover_packages(ignore) check parameters
[2.075s] Level 1:colcon.colcon_core.package_discovery:discover_packages(path) check parameters
[2.075s] Level 1:colcon.colcon_core.package_discovery:discover_packages(colcon_meta) discover
[2.075s] Level 1:colcon.colcon_core.package_discovery:discover_packages(recursive) discover
[2.076s] INFO:colcon.colcon_core.package_discovery:Crawling recursively for packages in '/home/sis/ros2t_ws'
[2.076s] Level 1:colcon.colcon_core.package_identification:_identify(.) by extensions ['ignore', 'ignore_ament_install']
[2.076s] Level 1:colcon.colcon_core.package_identification:_identify(.) by extension 'ignore'
[2.076s] Level 1:colcon.colcon_core.package_identification:_identify(.) by extension 'ignore_ament_install'
[2.076s] Level 1:colcon.colcon_core.package_identification:_identify(.) by extensions ['colcon_pkg']
[2.076s] Level 1:colcon.colcon_core.package_identification:_identify(.) by extension 'colcon_pkg'
[2.076s] Level 1:colcon.colcon_core.package_identification:_identify(.) by extensions ['colcon_meta']
[2.076s] Level 1:colcon.colcon_core.package_identification:_identify(.) by extension 'colcon_meta'
[2.076s] Level 1:colcon.colcon_core.package_identification:_identify(.) by extensions ['ros']
[2.077s] Level 1:colcon.colcon_core.package_identification:_identify(.) by extension 'ros'
[2.093s] Level 1:colcon.colcon_core.package_identification:_identify(.) by extensions ['cmake', 'python']
[2.094s] Level 1:colcon.colcon_core.package_identification:_identify(.) by extension 'cmake'
[2.094s] Level 1:colcon.colcon_core.package_identification:_identify(.) by extension 'python'
[2.094s] Level 1:colcon.colcon_core.package_identification:_identify(.) by extensions ['python_setup_py']
[2.094s] Level 1:colcon.colcon_core.package_identification:_identify(.) by extension 'python_setup_py'
[2.094s] Level 1:colcon.colcon_core.package_identification:_identify(build) by extensions ['ignore', 'ignore_ament_install']
[2.094s] Level 1:colcon.colcon_core.package_identification:_identify(build) by extension 'ignore'
[2.094s] Level 1:colcon.colcon_core.package_identification:_identify(build) ignored
[2.094s] Level 1:colcon.colcon_core.package_identification:_identify(install) by extensions ['ignore', 'ignore_ament_install']
[2.095s] Level 1:colcon.colcon_core.package_identification:_identify(install) by extension 'ignore'
[2.095s] Level 1:colcon.colcon_core.package_identification:_identify(install) ignored
[2.095s] Level 1:colcon.colcon_core.package_identification:_identify(log) by extensions ['ignore', 'ignore_ament_install']
[2.095s] Level 1:colcon.colcon_core.package_identification:_identify(log) by extension 'ignore'
[2.095s] Level 1:colcon.colcon_core.package_identification:_identify(log) ignored
[2.095s] Level 1:colcon.colcon_core.package_identification:_identify(src) by extensions ['ignore', 'ignore_ament_install']
[2.095s] Level 1:colcon.colcon_core.package_identification:_identify(src) by extension 'ignore'
[2.095s] Level 1:colcon.colcon_core.package_identification:_identify(src) by extension 'ignore_ament_install'
[2.095s] Level 1:colcon.colcon_core.package_identification:_identify(src) by extensions ['colcon_pkg']
[2.095s] Level 1:colcon.colcon_core.package_identification:_identify(src) by extension 'colcon_pkg'
[2.096s] Level 1:colcon.colcon_core.package_identification:_identify(src) by extensions ['colcon_meta']
[2.096s] Level 1:colcon.colcon_core.package_identification:_identify(src) by extension 'colcon_meta'
[2.096s] Level 1:colcon.colcon_core.package_identification:_identify(src) by extensions ['ros']
[2.096s] Level 1:colcon.colcon_core.package_identification:_identify(src) by extension 'ros'
[2.096s] Level 1:colcon.colcon_core.package_identification:_identify(src) by extensions ['cmake', 'python']
[2.096s] Level 1:colcon.colcon_core.package_identification:_identify(src) by extension 'cmake'
[2.096s] Level 1:colcon.colcon_core.package_identification:_identify(src) by extension 'python'
[2.096s] Level 1:colcon.colcon_core.package_identification:_identify(src) by extensions ['python_setup_py']
[2.096s] Level 1:colcon.colcon_core.package_identification:_identify(src) by extension 'python_setup_py'
[2.096s] Level 1:colcon.colcon_core.package_identification:_identify(src/add_service_cpp) by extensions ['ignore', 'ignore_ament_install']
[2.096s] Level 1:colcon.colcon_core.package_identification:_identify(src/add_service_cpp) by extension 'ignore'
[2.096s] Level 1:colcon.colcon_core.package_identification:_identify(src/add_service_cpp) by extension 'ignore_ament_install'
[2.097s] Level 1:colcon.colcon_core.package_identification:_identify(src/add_service_cpp) by extensions ['colcon_pkg']
[2.097s] Level 1:colcon.colcon_core.package_identification:_identify(src/add_service_cpp) by extension 'colcon_pkg'
[2.097s] Level 1:colcon.colcon_core.package_identification:_identify(src/add_service_cpp) by extensions ['colcon_meta']
[2.097s] Level 1:colcon.colcon_core.package_identification:_identify(src/add_service_cpp) by extension 'colcon_meta'
[2.097s] Level 1:colcon.colcon_core.package_identification:_identify(src/add_service_cpp) by extensions ['ros']
[2.097s] Level 1:colcon.colcon_core.package_identification:_identify(src/add_service_cpp) by extension 'ros'
[2.102s] DEBUG:colcon.colcon_core.package_identification:Package 'src/add_service_cpp' with type 'ros.ament_cmake' and name 'add_service_cpp'
[2.102s] Level 1:colcon.colcon_core.package_identification:_identify(src/add_service_py) by extensions ['ignore', 'ignore_ament_install']
[2.103s] Level 1:colcon.colcon_core.package_identification:_identify(src/add_service_py) by extension 'ignore'
[2.103s] Level 1:colcon.colcon_core.package_identification:_identify(src/add_service_py) by extension 'ignore_ament_install'
[2.103s] Level 1:colcon.colcon_core.package_identification:_identify(src/add_service_py) by extensions ['colcon_pkg']
[2.103s] Level 1:colcon.colcon_core.package_identification:_identify(src/add_service_py) by extension 'colcon_pkg'
[2.103s] Level 1:colcon.colcon_core.package_identification:_identify(src/add_service_py) by extensions ['colcon_meta']
[2.103s] Level 1:colcon.colcon_core.package_identification:_identify(src/add_service_py) by extension 'colcon_meta'
[2.103s] Level 1:colcon.colcon_core.package_identification:_identify(src/add_service_py) by extensions ['ros']
[2.104s] Level 1:colcon.colcon_core.package_identification:_identify(src/add_service_py) by extension 'ros'
[2.105s] DEBUG:colcon.colcon_core.package_identification:Package 'src/add_service_py' with type 'ros.ament_python' and name 'add_service_py'
[2.105s] Level 1:colcon.colcon_core.package_identification:_identify(src/fibonacci_action_py) by extensions ['ignore', 'ignore_ament_install']
[2.105s] Level 1:colcon.colcon_core.package_identification:_identify(src/fibonacci_action_py) by extension 'ignore'
[2.105s] Level 1:colcon.colcon_core.package_identification:_identify(src/fibonacci_action_py) by extension 'ignore_ament_install'
[2.105s] Level 1:colcon.colcon_core.package_identification:_identify(src/fibonacci_action_py) by extensions ['colcon_pkg']
[2.105s] Level 1:colcon.colcon_core.package_identification:_identify(src/fibonacci_action_py) by extension 'colcon_pkg'
[2.106s] Level 1:colcon.colcon_core.package_identification:_identify(src/fibonacci_action_py) by extensions ['colcon_meta']
[2.106s] Level 1:colcon.colcon_core.package_identification:_identify(src/fibonacci_action_py) by extension 'colcon_meta'
[2.106s] Level 1:colcon.colcon_core.package_identification:_identify(src/fibonacci_action_py) by extensions ['ros']
[2.106s] Level 1:colcon.colcon_core.package_identification:_identify(src/fibonacci_action_py) by extension 'ros'
[2.107s] DEBUG:colcon.colcon_core.package_identification:Package 'src/fibonacci_action_py' with type 'ros.ament_python' and name 'fibonacci_action_py'
[2.107s] Level 1:colcon.colcon_core.package_identification:_identify(src/pubsub_cpp) by extensions ['ignore', 'ignore_ament_install']
[2.107s] Level 1:colcon.colcon_core.package_identification:_identify(src/pubsub_cpp) by extension 'ignore'
[2.107s] Level 1:colcon.colcon_core.package_identification:_identify(src/pubsub_cpp) by extension 'ignore_ament_install'
[2.107s] Level 1:colcon.colcon_core.package_identification:_identify(src/pubsub_cpp) by extensions ['colcon_pkg']
[2.107s] Level 1:colcon.colcon_core.package_identification:_identify(src/pubsub_cpp) by extension 'colcon_pkg'
[2.107s] Level 1:colcon.colcon_core.package_identification:_identify(src/pubsub_cpp) by extensions ['colcon_meta']
[2.107s] Level 1:colcon.colcon_core.package_identification:_identify(src/pubsub_cpp) by extension 'colcon_meta'
[2.107s] Level 1:colcon.colcon_core.package_identification:_identify(src/pubsub_cpp) by extensions ['ros']
[2.107s] Level 1:colcon.colcon_core.package_identification:_identify(src/pubsub_cpp) by extension 'ros'
[2.108s] DEBUG:colcon.colcon_core.package_identification:Package 'src/pubsub_cpp' with type 'ros.ament_cmake' and name 'pubsub_cpp'
[2.108s] Level 1:colcon.colcon_core.package_identification:_identify(src/pubsub_py) by extensions ['ignore', 'ignore_ament_install']
[2.109s] Level 1:colcon.colcon_core.package_identification:_identify(src/pubsub_py) by extension 'ignore'
[2.109s] Level 1:colcon.colcon_core.package_identification:_identify(src/pubsub_py) by extension 'ignore_ament_install'
[2.109s] Level 1:colcon.colcon_core.package_identification:_identify(src/pubsub_py) by extensions ['colcon_pkg']
[2.109s] Level 1:colcon.colcon_core.package_identification:_identify(src/pubsub_py) by extension 'colcon_pkg'
[2.109s] Level 1:colcon.colcon_core.package_identification:_identify(src/pubsub_py) by extensions ['colcon_meta']
[2.109s] Level 1:colcon.colcon_core.package_identification:_identify(src/pubsub_py) by extension 'colcon_meta'
[2.109s] Level 1:colcon.colcon_core.package_identification:_identify(src/pubsub_py) by extensions ['ros']
[2.109s] Level 1:colcon.colcon_core.package_identification:_identify(src/pubsub_py) by extension 'ros'
[2.110s] DEBUG:colcon.colcon_core.package_identification:Package 'src/pubsub_py' with type 'ros.ament_python' and name 'pubsub_py'
[2.110s] Level 1:colcon.colcon_core.package_identification:_identify(src/tutorial_interfaces) by extensions ['ignore', 'ignore_ament_install']
[2.110s] Level 1:colcon.colcon_core.package_identification:_identify(src/tutorial_interfaces) by extension 'ignore'
[2.110s] Level 1:colcon.colcon_core.package_identification:_identify(src/tutorial_interfaces) by extension 'ignore_ament_install'
[2.110s] Level 1:colcon.colcon_core.package_identification:_identify(src/tutorial_interfaces) by extensions ['colcon_pkg']
[2.111s] Level 1:colcon.colcon_core.package_identification:_identify(src/tutorial_interfaces) by extension 'colcon_pkg'
[2.111s] Level 1:colcon.colcon_core.package_identification:_identify(src/tutorial_interfaces) by extensions ['colcon_meta']
[2.111s] Level 1:colcon.colcon_core.package_identification:_identify(src/tutorial_interfaces) by extension 'colcon_meta'
[2.111s] Level 1:colcon.colcon_core.package_identification:_identify(src/tutorial_interfaces) by extensions ['ros']
[2.111s] Level 1:colcon.colcon_core.package_identification:_identify(src/tutorial_interfaces) by extension 'ros'
[2.112s] DEBUG:colcon.colcon_core.package_identification:Package 'src/tutorial_interfaces' with type 'ros.ament_cmake' and name 'tutorial_interfaces'
[2.112s] Level 1:colcon.colcon_core.package_discovery:discover_packages(recursive) using defaults
[2.112s] Level 1:colcon.colcon_core.package_discovery:discover_packages(ignore) discover
[2.112s] Level 1:colcon.colcon_core.package_discovery:discover_packages(ignore) using defaults
[2.112s] Level 1:colcon.colcon_core.package_discovery:discover_packages(path) discover
[2.112s] Level 1:colcon.colcon_core.package_discovery:discover_packages(path) using defaults
[2.243s] INFO:colcon.colcon_core.package_selection:Skipping not selected package 'add_service_cpp' in 'src/add_service_cpp'
[2.243s] INFO:colcon.colcon_core.package_selection:Skipping not selected package 'add_service_py' in 'src/add_service_py'
[2.243s] INFO:colcon.colcon_core.package_selection:Skipping not selected package 'pubsub_cpp' in 'src/pubsub_cpp'
[2.243s] INFO:colcon.colcon_core.package_selection:Skipping not selected package 'pubsub_py' in 'src/pubsub_py'
[2.243s] INFO:colcon.colcon_core.package_selection:Skipping not selected package 'tutorial_interfaces' in 'src/tutorial_interfaces'
[2.319s] Level 1:colcon.colcon_core.package_discovery:discover_packages(prefix_path) check parameters
[2.319s] Level 1:colcon.colcon_core.package_discovery:discover_packages(prefix_path) discover
[2.377s] DEBUG:colcon.colcon_installed_package_information.package_discovery:Found 5 installed packages in /home/sis/ros2t_ws/install
[2.400s] DEBUG:colcon.colcon_installed_package_information.package_discovery:Found 287 installed packages in /opt/ros/humble
[2.402s] Level 1:colcon.colcon_core.package_discovery:discover_packages(prefix_path) using defaults
[2.602s] Level 5:colcon.colcon_core.verb:set package 'fibonacci_action_py' build argument 'cmake_args' from command line to 'None'
[2.602s] Level 5:colcon.colcon_core.verb:set package 'fibonacci_action_py' build argument 'cmake_target' from command line to 'None'
[2.603s] Level 5:colcon.colcon_core.verb:set package 'fibonacci_action_py' build argument 'cmake_target_skip_unavailable' from command line to 'False'
[2.603s] Level 5:colcon.colcon_core.verb:set package 'fibonacci_action_py' build argument 'cmake_clean_cache' from command line to 'False'
[2.603s] Level 5:colcon.colcon_core.verb:set package 'fibonacci_action_py' build argument 'cmake_clean_first' from command line to 'False'
[2.603s] Level 5:colcon.colcon_core.verb:set package 'fibonacci_action_py' build argument 'cmake_force_configure' from command line to 'False'
[2.603s] Level 5:colcon.colcon_core.verb:set package 'fibonacci_action_py' build argument 'ament_cmake_args' from command line to 'None'
[2.603s] Level 5:colcon.colcon_core.verb:set package 'fibonacci_action_py' build argument 'catkin_cmake_args' from command line to 'None'
[2.603s] Level 5:colcon.colcon_core.verb:set package 'fibonacci_action_py' build argument 'catkin_skip_building_tests' from command line to 'False'
[2.603s] DEBUG:colcon.colcon_core.verb:Building package 'fibonacci_action_py' with the following arguments: {'ament_cmake_args': None, 'build_base': '/home/sis/ros2t_ws/build/fibonacci_action_py', 'catkin_cmake_args': None, 'catkin_skip_building_tests': False, 'cmake_args': None, 'cmake_clean_cache': False, 'cmake_clean_first': False, 'cmake_force_configure': False, 'cmake_target': None, 'cmake_target_skip_unavailable': False, 'install_base': '/home/sis/ros2t_ws/install/fibonacci_action_py', 'merge_install': False, 'path': '/home/sis/ros2t_ws/src/fibonacci_action_py', 'symlink_install': False, 'test_result_base': None}
[2.652s] INFO:colcon.colcon_core.executor:Executing jobs using 'parallel' executor
[2.714s] DEBUG:colcon.colcon_parallel_executor.executor.parallel:run_until_complete
[2.716s] INFO:colcon.colcon_ros.task.ament_python.build:Building ROS package in '/home/sis/ros2t_ws/src/fibonacci_action_py' with build type 'ament_python'
[2.717s] Level 1:colcon.colcon_core.shell:create_environment_hook('fibonacci_action_py', 'ament_prefix_path')
[2.883s] INFO:colcon.colcon_core.plugin_system:Skipping extension 'colcon_core.shell.bat': Not used on non-Windows systems
[2.885s] INFO:colcon.colcon_core.shell:Creating environment hook '/home/sis/ros2t_ws/install/fibonacci_action_py/share/fibonacci_action_py/hook/ament_prefix_path.ps1'
[2.889s] INFO:colcon.colcon_core.shell:Creating environment descriptor '/home/sis/ros2t_ws/install/fibonacci_action_py/share/fibonacci_action_py/hook/ament_prefix_path.dsv'
[2.890s] INFO:colcon.colcon_core.shell:Creating environment hook '/home/sis/ros2t_ws/install/fibonacci_action_py/share/fibonacci_action_py/hook/ament_prefix_path.sh'
[2.996s] INFO:colcon.colcon_core.shell:Skip shell extension 'powershell' for command environment: Not usable outside of PowerShell
[2.997s] DEBUG:colcon.colcon_core.shell:Skip shell extension 'dsv' for command environment
[3.995s] INFO:colcon.colcon_core.task.python.build:Building Python package in '/home/sis/ros2t_ws/src/fibonacci_action_py'
[4.024s] INFO:colcon.colcon_core.shell:Skip shell extension 'powershell' for command environment: Not usable outside of PowerShell
[4.024s] DEBUG:colcon.colcon_core.shell:Skip shell extension 'dsv' for command environment
[4.917s] DEBUG:colcon.colcon_core.event_handler.log_command:Invoking command in '/home/sis/ros2t_ws/src/fibonacci_action_py': PYTHONPATH=/home/sis/ros2t_ws/build/fibonacci_action_py/prefix_override:/home/sis/ros2t_ws/install/fibonacci_action_py/lib/python3.10/site-packages:${PYTHONPATH} /usr/bin/python3 setup.py egg_info --egg-base ../../build/fibonacci_action_py build --build-base /home/sis/ros2t_ws/build/fibonacci_action_py/build install --record /home/sis/ros2t_ws/build/fibonacci_action_py/install.log --single-version-externally-managed
[5.583s] DEBUG:colcon.colcon_core.event_handler.log_command:Invoked command in '/home/sis/ros2t_ws/src/fibonacci_action_py' returned '0': PYTHONPATH=/home/sis/ros2t_ws/build/fibonacci_action_py/prefix_override:/home/sis/ros2t_ws/install/fibonacci_action_py/lib/python3.10/site-packages:${PYTHONPATH} /usr/bin/python3 setup.py egg_info --egg-base ../../build/fibonacci_action_py build --build-base /home/sis/ros2t_ws/build/fibonacci_action_py/build install --record /home/sis/ros2t_ws/build/fibonacci_action_py/install.log --single-version-externally-managed
[5.618s] Level 1:colcon.colcon_core.environment:checking '/home/sis/ros2t_ws/install/fibonacci_action_py' for CMake module files
[5.619s] Level 1:colcon.colcon_core.environment:checking '/home/sis/ros2t_ws/install/fibonacci_action_py' for CMake config files
[5.620s] Level 1:colcon.colcon_core.environment:checking '/home/sis/ros2t_ws/install/fibonacci_action_py/lib'
[5.620s] Level 1:colcon.colcon_core.environment:checking '/home/sis/ros2t_ws/install/fibonacci_action_py/bin'
[5.621s] Level 1:colcon.colcon_core.environment:checking '/home/sis/ros2t_ws/install/fibonacci_action_py/lib/pkgconfig/fibonacci_action_py.pc'
[5.621s] Level 1:colcon.colcon_core.environment:checking '/home/sis/ros2t_ws/install/fibonacci_action_py/lib/python3.10/site-packages'
[5.621s] Level 1:colcon.colcon_core.shell:create_environment_hook('fibonacci_action_py', 'pythonpath')
[5.649s] INFO:colcon.colcon_core.shell:Creating environment hook '/home/sis/ros2t_ws/install/fibonacci_action_py/share/fibonacci_action_py/hook/pythonpath.ps1'
[5.649s] INFO:colcon.colcon_core.shell:Creating environment descriptor '/home/sis/ros2t_ws/install/fibonacci_action_py/share/fibonacci_action_py/hook/pythonpath.dsv'
[5.650s] INFO:colcon.colcon_core.shell:Creating environment hook '/home/sis/ros2t_ws/install/fibonacci_action_py/share/fibonacci_action_py/hook/pythonpath.sh'
[5.651s] Level 1:colcon.colcon_core.environment:checking '/home/sis/ros2t_ws/install/fibonacci_action_py/bin'
[5.651s] Level 1:colcon.colcon_core.environment:create_environment_scripts_only(fibonacci_action_py)
[5.687s] INFO:colcon.colcon_core.shell:Creating package script '/home/sis/ros2t_ws/install/fibonacci_action_py/share/fibonacci_action_py/package.ps1'
[5.688s] INFO:colcon.colcon_core.shell:Creating package descriptor '/home/sis/ros2t_ws/install/fibonacci_action_py/share/fibonacci_action_py/package.dsv'
[5.690s] INFO:colcon.colcon_core.shell:Creating package script '/home/sis/ros2t_ws/install/fibonacci_action_py/share/fibonacci_action_py/package.sh'
[5.695s] INFO:colcon.colcon_core.shell:Creating package script '/home/sis/ros2t_ws/install/fibonacci_action_py/share/fibonacci_action_py/package.bash'
[5.696s] INFO:colcon.colcon_core.shell:Creating package script '/home/sis/ros2t_ws/install/fibonacci_action_py/share/fibonacci_action_py/package.zsh'
[5.697s] Level 1:colcon.colcon_core.environment:create_file_with_runtime_dependencies(/home/sis/ros2t_ws/install/fibonacci_action_py/share/colcon-core/packages/fibonacci_action_py)
[5.698s] DEBUG:colcon.colcon_parallel_executor.executor.parallel:closing loop
[5.698s] DEBUG:colcon.colcon_parallel_executor.executor.parallel:loop closed
[5.699s] DEBUG:colcon.colcon_parallel_executor.executor.parallel:run_until_complete finished with '0'
[5.699s] DEBUG:colcon.colcon_core.event_reactor:joining thread
[5.741s] INFO:colcon.colcon_core.plugin_system:Skipping extension 'colcon_notification.desktop_notification.terminal_notifier': Not used on non-Darwin systems
[5.741s] INFO:colcon.colcon_core.plugin_system:Skipping extension 'colcon_notification.desktop_notification.win32': Not used on non-Windows systems
[5.741s] INFO:colcon.colcon_notification.desktop_notification:Sending desktop notification using 'notify2'
[5.770s] DEBUG:colcon.colcon_core.event_reactor:joined thread
[5.827s] INFO:colcon.colcon_core.shell:Creating prefix script '/home/sis/ros2t_ws/install/local_setup.ps1'
[5.832s] INFO:colcon.colcon_core.shell:Creating prefix util module '/home/sis/ros2t_ws/install/_local_setup_util_ps1.py'
[5.837s] INFO:colcon.colcon_core.shell:Creating prefix chain script '/home/sis/ros2t_ws/install/setup.ps1'
[5.953s] INFO:colcon.colcon_core.shell:Creating prefix script '/home/sis/ros2t_ws/install/local_setup.sh'
[5.958s] INFO:colcon.colcon_core.shell:Creating prefix util module '/home/sis/ros2t_ws/install/_local_setup_util_sh.py'
[5.962s] INFO:colcon.colcon_core.shell:Creating prefix chain script '/home/sis/ros2t_ws/install/setup.sh'
[6.006s] INFO:colcon.colcon_core.shell:Creating prefix script '/home/sis/ros2t_ws/install/local_setup.bash'
[6.007s] INFO:colcon.colcon_core.shell:Creating prefix chain script '/home/sis/ros2t_ws/install/setup.bash'
[6.042s] INFO:colcon.colcon_core.shell:Creating prefix script '/home/sis/ros2t_ws/install/local_setup.zsh'
[6.043s] INFO:colcon.colcon_core.shell:Creating prefix chain script '/home/sis/ros2t_ws/install/setup.zsh'
