[1.492s] DEBUG:colcon:Command line arguments: ['/usr/bin/colcon', 'build']
[1.492s] DEBUG:colcon:Parsed command line arguments: Namespace(log_base=None, log_level=None, verb_name='build', build_base='build', install_base='install', merge_install=False, symlink_install=False, test_result_base=None, continue_on_error=False, executor='parallel', parallel_workers=4, event_handlers=None, ignore_user_meta=False, metas=['./colcon.meta'], base_paths=['.'], packages_ignore=None, packages_ignore_regex=None, paths=None, packages_up_to=None, packages_up_to_regex=None, packages_above=None, packages_above_and_dependencies=None, packages_above_depth=None, packages_select_by_dep=None, packages_skip_by_dep=None, packages_skip_up_to=None, packages_select_build_failed=False, packages_skip_build_finished=False, packages_select_test_failures=False, packages_skip_test_passed=False, packages_select=None, packages_skip=None, packages_select_regex=None, packages_skip_regex=None, packages_start=None, packages_end=None, allow_overriding=[], cmake_args=None, cmake_target=None, cmake_target_skip_unavailable=False, cmake_clean_cache=False, cmake_clean_first=False, cmake_force_configure=False, ament_cmake_args=None, catkin_cmake_args=None, catkin_skip_building_tests=False, verb_parser=<colcon_defaults.argument_parser.defaults.DefaultArgumentsDecorator object at 0x7f1aae289bd0>, verb_extension=<colcon_core.verb.build.BuildVerb object at 0x7f1aae22baf0>, main=<bound method BuildVerb.main of <colcon_core.verb.build.BuildVerb object at 0x7f1aae22baf0>>)
[1.559s] Level 1:colcon.colcon_core.package_discovery:discover_packages(colcon_meta) check parameters
[1.559s] Level 1:colcon.colcon_core.package_discovery:discover_packages(recursive) check parameters
[1.559s] Level 1:colcon.colcon_core.package_discovery:discover_packages(ignore) check parameters
[1.559s] Level 1:colcon.colcon_core.package_discovery:discover_packages(path) check parameters
[1.559s] Level 1:colcon.colcon_core.package_discovery:discover_packages(colcon_meta) discover
[1.559s] Level 1:colcon.colcon_core.package_discovery:discover_packages(recursive) discover
[1.559s] INFO:colcon.colcon_core.package_discovery:Crawling recursively for packages in '/home/sis/ros2t_ws'
[1.560s] Level 1:colcon.colcon_core.package_identification:_identify(.) by extensions ['ignore', 'ignore_ament_install']
[1.560s] Level 1:colcon.colcon_core.package_identification:_identify(.) by extension 'ignore'
[1.560s] Level 1:colcon.colcon_core.package_identification:_identify(.) by extension 'ignore_ament_install'
[1.560s] Level 1:colcon.colcon_core.package_identification:_identify(.) by extensions ['colcon_pkg']
[1.560s] Level 1:colcon.colcon_core.package_identification:_identify(.) by extension 'colcon_pkg'
[1.560s] Level 1:colcon.colcon_core.package_identification:_identify(.) by extensions ['colcon_meta']
[1.560s] Level 1:colcon.colcon_core.package_identification:_identify(.) by extension 'colcon_meta'
[1.560s] Level 1:colcon.colcon_core.package_identification:_identify(.) by extensions ['ros']
[1.560s] Level 1:colcon.colcon_core.package_identification:_identify(.) by extension 'ros'
[1.577s] Level 1:colcon.colcon_core.package_identification:_identify(.) by extensions ['cmake', 'python']
[1.577s] Level 1:colcon.colcon_core.package_identification:_identify(.) by extension 'cmake'
[1.577s] Level 1:colcon.colcon_core.package_identification:_identify(.) by extension 'python'
[1.577s] Level 1:colcon.colcon_core.package_identification:_identify(.) by extensions ['python_setup_py']
[1.577s] Level 1:colcon.colcon_core.package_identification:_identify(.) by extension 'python_setup_py'
[1.577s] Level 1:colcon.colcon_core.package_identification:_identify(build) by extensions ['ignore', 'ignore_ament_install']
[1.578s] Level 1:colcon.colcon_core.package_identification:_identify(build) by extension 'ignore'
[1.578s] Level 1:colcon.colcon_core.package_identification:_identify(build) ignored
[1.578s] Level 1:colcon.colcon_core.package_identification:_identify(install) by extensions ['ignore', 'ignore_ament_install']
[1.578s] Level 1:colcon.colcon_core.package_identification:_identify(install) by extension 'ignore'
[1.578s] Level 1:colcon.colcon_core.package_identification:_identify(install) ignored
[1.579s] Level 1:colcon.colcon_core.package_identification:_identify(log) by extensions ['ignore', 'ignore_ament_install']
[1.579s] Level 1:colcon.colcon_core.package_identification:_identify(log) by extension 'ignore'
[1.579s] Level 1:colcon.colcon_core.package_identification:_identify(log) ignored
[1.579s] Level 1:colcon.colcon_core.package_identification:_identify(src) by extensions ['ignore', 'ignore_ament_install']
[1.579s] Level 1:colcon.colcon_core.package_identification:_identify(src) by extension 'ignore'
[1.579s] Level 1:colcon.colcon_core.package_identification:_identify(src) by extension 'ignore_ament_install'
[1.580s] Level 1:colcon.colcon_core.package_identification:_identify(src) by extensions ['colcon_pkg']
[1.580s] Level 1:colcon.colcon_core.package_identification:_identify(src) by extension 'colcon_pkg'
[1.580s] Level 1:colcon.colcon_core.package_identification:_identify(src) by extensions ['colcon_meta']
[1.580s] Level 1:colcon.colcon_core.package_identification:_identify(src) by extension 'colcon_meta'
[1.580s] Level 1:colcon.colcon_core.package_identification:_identify(src) by extensions ['ros']
[1.580s] Level 1:colcon.colcon_core.package_identification:_identify(src) by extension 'ros'
[1.580s] Level 1:colcon.colcon_core.package_identification:_identify(src) by extensions ['cmake', 'python']
[1.580s] Level 1:colcon.colcon_core.package_identification:_identify(src) by extension 'cmake'
[1.580s] Level 1:colcon.colcon_core.package_identification:_identify(src) by extension 'python'
[1.580s] Level 1:colcon.colcon_core.package_identification:_identify(src) by extensions ['python_setup_py']
[1.580s] Level 1:colcon.colcon_core.package_identification:_identify(src) by extension 'python_setup_py'
[1.581s] Level 1:colcon.colcon_core.package_identification:_identify(src/add_service_cpp) by extensions ['ignore', 'ignore_ament_install']
[1.581s] Level 1:colcon.colcon_core.package_identification:_identify(src/add_service_cpp) by extension 'ignore'
[1.581s] Level 1:colcon.colcon_core.package_identification:_identify(src/add_service_cpp) by extension 'ignore_ament_install'
[1.581s] Level 1:colcon.colcon_core.package_identification:_identify(src/add_service_cpp) by extensions ['colcon_pkg']
[1.581s] Level 1:colcon.colcon_core.package_identification:_identify(src/add_service_cpp) by extension 'colcon_pkg'
[1.581s] Level 1:colcon.colcon_core.package_identification:_identify(src/add_service_cpp) by extensions ['colcon_meta']
[1.581s] Level 1:colcon.colcon_core.package_identification:_identify(src/add_service_cpp) by extension 'colcon_meta'
[1.581s] Level 1:colcon.colcon_core.package_identification:_identify(src/add_service_cpp) by extensions ['ros']
[1.582s] Level 1:colcon.colcon_core.package_identification:_identify(src/add_service_cpp) by extension 'ros'
[1.585s] DEBUG:colcon.colcon_core.package_identification:Package 'src/add_service_cpp' with type 'ros.ament_cmake' and name 'add_service_cpp'
[1.585s] Level 1:colcon.colcon_core.package_identification:_identify(src/add_service_py) by extensions ['ignore', 'ignore_ament_install']
[1.585s] Level 1:colcon.colcon_core.package_identification:_identify(src/add_service_py) by extension 'ignore'
[1.586s] Level 1:colcon.colcon_core.package_identification:_identify(src/add_service_py) by extension 'ignore_ament_install'
[1.586s] Level 1:colcon.colcon_core.package_identification:_identify(src/add_service_py) by extensions ['colcon_pkg']
[1.586s] Level 1:colcon.colcon_core.package_identification:_identify(src/add_service_py) by extension 'colcon_pkg'
[1.586s] Level 1:colcon.colcon_core.package_identification:_identify(src/add_service_py) by extensions ['colcon_meta']
[1.586s] Level 1:colcon.colcon_core.package_identification:_identify(src/add_service_py) by extension 'colcon_meta'
[1.586s] Level 1:colcon.colcon_core.package_identification:_identify(src/add_service_py) by extensions ['ros']
[1.586s] Level 1:colcon.colcon_core.package_identification:_identify(src/add_service_py) by extension 'ros'
[1.587s] DEBUG:colcon.colcon_core.package_identification:Package 'src/add_service_py' with type 'ros.ament_python' and name 'add_service_py'
[1.587s] Level 1:colcon.colcon_core.package_identification:_identify(src/fibonacci_action_py) by extensions ['ignore', 'ignore_ament_install']
[1.587s] Level 1:colcon.colcon_core.package_identification:_identify(src/fibonacci_action_py) by extension 'ignore'
[1.588s] Level 1:colcon.colcon_core.package_identification:_identify(src/fibonacci_action_py) by extension 'ignore_ament_install'
[1.588s] Level 1:colcon.colcon_core.package_identification:_identify(src/fibonacci_action_py) by extensions ['colcon_pkg']
[1.588s] Level 1:colcon.colcon_core.package_identification:_identify(src/fibonacci_action_py) by extension 'colcon_pkg'
[1.588s] Level 1:colcon.colcon_core.package_identification:_identify(src/fibonacci_action_py) by extensions ['colcon_meta']
[1.588s] Level 1:colcon.colcon_core.package_identification:_identify(src/fibonacci_action_py) by extension 'colcon_meta'
[1.588s] Level 1:colcon.colcon_core.package_identification:_identify(src/fibonacci_action_py) by extensions ['ros']
[1.588s] Level 1:colcon.colcon_core.package_identification:_identify(src/fibonacci_action_py) by extension 'ros'
[1.589s] DEBUG:colcon.colcon_core.package_identification:Package 'src/fibonacci_action_py' with type 'ros.ament_python' and name 'fibonacci_action_py'
[1.589s] Level 1:colcon.colcon_core.package_identification:_identify(src/pubsub_cpp) by extensions ['ignore', 'ignore_ament_install']
[1.589s] Level 1:colcon.colcon_core.package_identification:_identify(src/pubsub_cpp) by extension 'ignore'
[1.589s] Level 1:colcon.colcon_core.package_identification:_identify(src/pubsub_cpp) by extension 'ignore_ament_install'
[1.590s] Level 1:colcon.colcon_core.package_identification:_identify(src/pubsub_cpp) by extensions ['colcon_pkg']
[1.590s] Level 1:colcon.colcon_core.package_identification:_identify(src/pubsub_cpp) by extension 'colcon_pkg'
[1.590s] Level 1:colcon.colcon_core.package_identification:_identify(src/pubsub_cpp) by extensions ['colcon_meta']
[1.590s] Level 1:colcon.colcon_core.package_identification:_identify(src/pubsub_cpp) by extension 'colcon_meta'
[1.590s] Level 1:colcon.colcon_core.package_identification:_identify(src/pubsub_cpp) by extensions ['ros']
[1.590s] Level 1:colcon.colcon_core.package_identification:_identify(src/pubsub_cpp) by extension 'ros'
[1.591s] DEBUG:colcon.colcon_core.package_identification:Package 'src/pubsub_cpp' with type 'ros.ament_cmake' and name 'pubsub_cpp'
[1.591s] Level 1:colcon.colcon_core.package_identification:_identify(src/pubsub_py) by extensions ['ignore', 'ignore_ament_install']
[1.591s] Level 1:colcon.colcon_core.package_identification:_identify(src/pubsub_py) by extension 'ignore'
[1.591s] Level 1:colcon.colcon_core.package_identification:_identify(src/pubsub_py) by extension 'ignore_ament_install'
[1.592s] Level 1:colcon.colcon_core.package_identification:_identify(src/pubsub_py) by extensions ['colcon_pkg']
[1.592s] Level 1:colcon.colcon_core.package_identification:_identify(src/pubsub_py) by extension 'colcon_pkg'
[1.592s] Level 1:colcon.colcon_core.package_identification:_identify(src/pubsub_py) by extensions ['colcon_meta']
[1.592s] Level 1:colcon.colcon_core.package_identification:_identify(src/pubsub_py) by extension 'colcon_meta'
[1.592s] Level 1:colcon.colcon_core.package_identification:_identify(src/pubsub_py) by extensions ['ros']
[1.592s] Level 1:colcon.colcon_core.package_identification:_identify(src/pubsub_py) by extension 'ros'
[1.593s] DEBUG:colcon.colcon_core.package_identification:Package 'src/pubsub_py' with type 'ros.ament_python' and name 'pubsub_py'
[1.593s] Level 1:colcon.colcon_core.package_identification:_identify(src/tutorial_interfaces) by extensions ['ignore', 'ignore_ament_install']
[1.593s] Level 1:colcon.colcon_core.package_identification:_identify(src/tutorial_interfaces) by extension 'ignore'
[1.593s] Level 1:colcon.colcon_core.package_identification:_identify(src/tutorial_interfaces) by extension 'ignore_ament_install'
[1.594s] Level 1:colcon.colcon_core.package_identification:_identify(src/tutorial_interfaces) by extensions ['colcon_pkg']
[1.594s] Level 1:colcon.colcon_core.package_identification:_identify(src/tutorial_interfaces) by extension 'colcon_pkg'
[1.594s] Level 1:colcon.colcon_core.package_identification:_identify(src/tutorial_interfaces) by extensions ['colcon_meta']
[1.594s] Level 1:colcon.colcon_core.package_identification:_identify(src/tutorial_interfaces) by extension 'colcon_meta'
[1.594s] Level 1:colcon.colcon_core.package_identification:_identify(src/tutorial_interfaces) by extensions ['ros']
[1.594s] Level 1:colcon.colcon_core.package_identification:_identify(src/tutorial_interfaces) by extension 'ros'
[1.595s] DEBUG:colcon.colcon_core.package_identification:Package 'src/tutorial_interfaces' with type 'ros.ament_cmake' and name 'tutorial_interfaces'
[1.595s] Level 1:colcon.colcon_core.package_discovery:discover_packages(recursive) using defaults
[1.595s] Level 1:colcon.colcon_core.package_discovery:discover_packages(ignore) discover
[1.595s] Level 1:colcon.colcon_core.package_discovery:discover_packages(ignore) using defaults
[1.595s] Level 1:colcon.colcon_core.package_discovery:discover_packages(path) discover
[1.595s] Level 1:colcon.colcon_core.package_discovery:discover_packages(path) using defaults
[1.733s] Level 1:colcon.colcon_core.package_discovery:discover_packages(prefix_path) check parameters
[1.733s] Level 1:colcon.colcon_core.package_discovery:discover_packages(prefix_path) discover
[1.778s] DEBUG:colcon.colcon_installed_package_information.package_discovery:Found 6 installed packages in /home/sis/ros2t_ws/install
[1.801s] DEBUG:colcon.colcon_installed_package_information.package_discovery:Found 287 installed packages in /opt/ros/humble
[1.803s] Level 1:colcon.colcon_core.package_discovery:discover_packages(prefix_path) using defaults
[1.962s] Level 5:colcon.colcon_core.verb:set package 'add_service_cpp' build argument 'cmake_args' from command line to 'None'
[1.962s] Level 5:colcon.colcon_core.verb:set package 'add_service_cpp' build argument 'cmake_target' from command line to 'None'
[1.962s] Level 5:colcon.colcon_core.verb:set package 'add_service_cpp' build argument 'cmake_target_skip_unavailable' from command line to 'False'
[1.962s] Level 5:colcon.colcon_core.verb:set package 'add_service_cpp' build argument 'cmake_clean_cache' from command line to 'False'
[1.962s] Level 5:colcon.colcon_core.verb:set package 'add_service_cpp' build argument 'cmake_clean_first' from command line to 'False'
[1.962s] Level 5:colcon.colcon_core.verb:set package 'add_service_cpp' build argument 'cmake_force_configure' from command line to 'False'
[1.962s] Level 5:colcon.colcon_core.verb:set package 'add_service_cpp' build argument 'ament_cmake_args' from command line to 'None'
[1.962s] Level 5:colcon.colcon_core.verb:set package 'add_service_cpp' build argument 'catkin_cmake_args' from command line to 'None'
[1.962s] Level 5:colcon.colcon_core.verb:set package 'add_service_cpp' build argument 'catkin_skip_building_tests' from command line to 'False'
[1.962s] DEBUG:colcon.colcon_core.verb:Building package 'add_service_cpp' with the following arguments: {'ament_cmake_args': None, 'build_base': '/home/sis/ros2t_ws/build/add_service_cpp', 'catkin_cmake_args': None, 'catkin_skip_building_tests': False, 'cmake_args': None, 'cmake_clean_cache': False, 'cmake_clean_first': False, 'cmake_force_configure': False, 'cmake_target': None, 'cmake_target_skip_unavailable': False, 'install_base': '/home/sis/ros2t_ws/install/add_service_cpp', 'merge_install': False, 'path': '/home/sis/ros2t_ws/src/add_service_cpp', 'symlink_install': False, 'test_result_base': None}
[1.984s] Level 5:colcon.colcon_core.verb:set package 'add_service_py' build argument 'cmake_args' from command line to 'None'
[1.984s] Level 5:colcon.colcon_core.verb:set package 'add_service_py' build argument 'cmake_target' from command line to 'None'
[1.984s] Level 5:colcon.colcon_core.verb:set package 'add_service_py' build argument 'cmake_target_skip_unavailable' from command line to 'False'
[1.984s] Level 5:colcon.colcon_core.verb:set package 'add_service_py' build argument 'cmake_clean_cache' from command line to 'False'
[1.984s] Level 5:colcon.colcon_core.verb:set package 'add_service_py' build argument 'cmake_clean_first' from command line to 'False'
[1.984s] Level 5:colcon.colcon_core.verb:set package 'add_service_py' build argument 'cmake_force_configure' from command line to 'False'
[1.984s] Level 5:colcon.colcon_core.verb:set package 'add_service_py' build argument 'ament_cmake_args' from command line to 'None'
[1.984s] Level 5:colcon.colcon_core.verb:set package 'add_service_py' build argument 'catkin_cmake_args' from command line to 'None'
[1.984s] Level 5:colcon.colcon_core.verb:set package 'add_service_py' build argument 'catkin_skip_building_tests' from command line to 'False'
[1.984s] DEBUG:colcon.colcon_core.verb:Building package 'add_service_py' with the following arguments: {'ament_cmake_args': None, 'build_base': '/home/sis/ros2t_ws/build/add_service_py', 'catkin_cmake_args': None, 'catkin_skip_building_tests': False, 'cmake_args': None, 'cmake_clean_cache': False, 'cmake_clean_first': False, 'cmake_force_configure': False, 'cmake_target': None, 'cmake_target_skip_unavailable': False, 'install_base': '/home/sis/ros2t_ws/install/add_service_py', 'merge_install': False, 'path': '/home/sis/ros2t_ws/src/add_service_py', 'symlink_install': False, 'test_result_base': None}
[2.006s] Level 5:colcon.colcon_core.verb:set package 'pubsub_cpp' build argument 'cmake_args' from command line to 'None'
[2.006s] Level 5:colcon.colcon_core.verb:set package 'pubsub_cpp' build argument 'cmake_target' from command line to 'None'
[2.006s] Level 5:colcon.colcon_core.verb:set package 'pubsub_cpp' build argument 'cmake_target_skip_unavailable' from command line to 'False'
[2.006s] Level 5:colcon.colcon_core.verb:set package 'pubsub_cpp' build argument 'cmake_clean_cache' from command line to 'False'
[2.006s] Level 5:colcon.colcon_core.verb:set package 'pubsub_cpp' build argument 'cmake_clean_first' from command line to 'False'
[2.006s] Level 5:colcon.colcon_core.verb:set package 'pubsub_cpp' build argument 'cmake_force_configure' from command line to 'False'
[2.006s] Level 5:colcon.colcon_core.verb:set package 'pubsub_cpp' build argument 'ament_cmake_args' from command line to 'None'
[2.006s] Level 5:colcon.colcon_core.verb:set package 'pubsub_cpp' build argument 'catkin_cmake_args' from command line to 'None'
[2.006s] Level 5:colcon.colcon_core.verb:set package 'pubsub_cpp' build argument 'catkin_skip_building_tests' from command line to 'False'
[2.006s] DEBUG:colcon.colcon_core.verb:Building package 'pubsub_cpp' with the following arguments: {'ament_cmake_args': None, 'build_base': '/home/sis/ros2t_ws/build/pubsub_cpp', 'catkin_cmake_args': None, 'catkin_skip_building_tests': False, 'cmake_args': None, 'cmake_clean_cache': False, 'cmake_clean_first': False, 'cmake_force_configure': False, 'cmake_target': None, 'cmake_target_skip_unavailable': False, 'install_base': '/home/sis/ros2t_ws/install/pubsub_cpp', 'merge_install': False, 'path': '/home/sis/ros2t_ws/src/pubsub_cpp', 'symlink_install': False, 'test_result_base': None}
[2.028s] Level 5:colcon.colcon_core.verb:set package 'pubsub_py' build argument 'cmake_args' from command line to 'None'
[2.028s] Level 5:colcon.colcon_core.verb:set package 'pubsub_py' build argument 'cmake_target' from command line to 'None'
[2.028s] Level 5:colcon.colcon_core.verb:set package 'pubsub_py' build argument 'cmake_target_skip_unavailable' from command line to 'False'
[2.028s] Level 5:colcon.colcon_core.verb:set package 'pubsub_py' build argument 'cmake_clean_cache' from command line to 'False'
[2.028s] Level 5:colcon.colcon_core.verb:set package 'pubsub_py' build argument 'cmake_clean_first' from command line to 'False'
[2.028s] Level 5:colcon.colcon_core.verb:set package 'pubsub_py' build argument 'cmake_force_configure' from command line to 'False'
[2.028s] Level 5:colcon.colcon_core.verb:set package 'pubsub_py' build argument 'ament_cmake_args' from command line to 'None'
[2.028s] Level 5:colcon.colcon_core.verb:set package 'pubsub_py' build argument 'catkin_cmake_args' from command line to 'None'
[2.028s] Level 5:colcon.colcon_core.verb:set package 'pubsub_py' build argument 'catkin_skip_building_tests' from command line to 'False'
[2.028s] DEBUG:colcon.colcon_core.verb:Building package 'pubsub_py' with the following arguments: {'ament_cmake_args': None, 'build_base': '/home/sis/ros2t_ws/build/pubsub_py', 'catkin_cmake_args': None, 'catkin_skip_building_tests': False, 'cmake_args': None, 'cmake_clean_cache': False, 'cmake_clean_first': False, 'cmake_force_configure': False, 'cmake_target': None, 'cmake_target_skip_unavailable': False, 'install_base': '/home/sis/ros2t_ws/install/pubsub_py', 'merge_install': False, 'path': '/home/sis/ros2t_ws/src/pubsub_py', 'symlink_install': False, 'test_result_base': None}
[2.050s] Level 5:colcon.colcon_core.verb:set package 'tutorial_interfaces' build argument 'cmake_args' from command line to 'None'
[2.050s] Level 5:colcon.colcon_core.verb:set package 'tutorial_interfaces' build argument 'cmake_target' from command line to 'None'
[2.050s] Level 5:colcon.colcon_core.verb:set package 'tutorial_interfaces' build argument 'cmake_target_skip_unavailable' from command line to 'False'
[2.050s] Level 5:colcon.colcon_core.verb:set package 'tutorial_interfaces' build argument 'cmake_clean_cache' from command line to 'False'
[2.050s] Level 5:colcon.colcon_core.verb:set package 'tutorial_interfaces' build argument 'cmake_clean_first' from command line to 'False'
[2.051s] Level 5:colcon.colcon_core.verb:set package 'tutorial_interfaces' build argument 'cmake_force_configure' from command line to 'False'
[2.051s] Level 5:colcon.colcon_core.verb:set package 'tutorial_interfaces' build argument 'ament_cmake_args' from command line to 'None'
[2.051s] Level 5:colcon.colcon_core.verb:set package 'tutorial_interfaces' build argument 'catkin_cmake_args' from command line to 'None'
[2.051s] Level 5:colcon.colcon_core.verb:set package 'tutorial_interfaces' build argument 'catkin_skip_building_tests' from command line to 'False'
[2.051s] DEBUG:colcon.colcon_core.verb:Building package 'tutorial_interfaces' with the following arguments: {'ament_cmake_args': None, 'build_base': '/home/sis/ros2t_ws/build/tutorial_interfaces', 'catkin_cmake_args': None, 'catkin_skip_building_tests': False, 'cmake_args': None, 'cmake_clean_cache': False, 'cmake_clean_first': False, 'cmake_force_configure': False, 'cmake_target': None, 'cmake_target_skip_unavailable': False, 'install_base': '/home/sis/ros2t_ws/install/tutorial_interfaces', 'merge_install': False, 'path': '/home/sis/ros2t_ws/src/tutorial_interfaces', 'symlink_install': False, 'test_result_base': None}
[2.074s] Level 5:colcon.colcon_core.verb:set package 'fibonacci_action_py' build argument 'cmake_args' from command line to 'None'
[2.075s] Level 5:colcon.colcon_core.verb:set package 'fibonacci_action_py' build argument 'cmake_target' from command line to 'None'
[2.075s] Level 5:colcon.colcon_core.verb:set package 'fibonacci_action_py' build argument 'cmake_target_skip_unavailable' from command line to 'False'
[2.075s] Level 5:colcon.colcon_core.verb:set package 'fibonacci_action_py' build argument 'cmake_clean_cache' from command line to 'False'
[2.075s] Level 5:colcon.colcon_core.verb:set package 'fibonacci_action_py' build argument 'cmake_clean_first' from command line to 'False'
[2.075s] Level 5:colcon.colcon_core.verb:set package 'fibonacci_action_py' build argument 'cmake_force_configure' from command line to 'False'
[2.075s] Level 5:colcon.colcon_core.verb:set package 'fibonacci_action_py' build argument 'ament_cmake_args' from command line to 'None'
[2.075s] Level 5:colcon.colcon_core.verb:set package 'fibonacci_action_py' build argument 'catkin_cmake_args' from command line to 'None'
[2.075s] Level 5:colcon.colcon_core.verb:set package 'fibonacci_action_py' build argument 'catkin_skip_building_tests' from command line to 'False'
[2.076s] DEBUG:colcon.colcon_core.verb:Building package 'fibonacci_action_py' with the following arguments: {'ament_cmake_args': None, 'build_base': '/home/sis/ros2t_ws/build/fibonacci_action_py', 'catkin_cmake_args': None, 'catkin_skip_building_tests': False, 'cmake_args': None, 'cmake_clean_cache': False, 'cmake_clean_first': False, 'cmake_force_configure': False, 'cmake_target': None, 'cmake_target_skip_unavailable': False, 'install_base': '/home/sis/ros2t_ws/install/fibonacci_action_py', 'merge_install': False, 'path': '/home/sis/ros2t_ws/src/fibonacci_action_py', 'symlink_install': False, 'test_result_base': None}
[2.111s] INFO:colcon.colcon_core.executor:Executing jobs using 'parallel' executor
[2.144s] DEBUG:colcon.colcon_parallel_executor.executor.parallel:run_until_complete
[2.144s] INFO:colcon.colcon_ros.task.ament_cmake.build:Building ROS package in '/home/sis/ros2t_ws/src/tutorial_interfaces' with build type 'ament_cmake'
[2.145s] INFO:colcon.colcon_cmake.task.cmake.build:Building CMake package in '/home/sis/ros2t_ws/src/tutorial_interfaces'
[2.242s] INFO:colcon.colcon_core.plugin_system:Skipping extension 'colcon_core.shell.bat': Not used on non-Windows systems
[2.244s] INFO:colcon.colcon_core.shell:Skip shell extension 'powershell' for command environment: Not usable outside of PowerShell
[2.245s] DEBUG:colcon.colcon_core.shell:Skip shell extension 'dsv' for command environment
[2.418s] INFO:colcon.colcon_ros.task.ament_cmake.build:Building ROS package in '/home/sis/ros2t_ws/src/add_service_cpp' with build type 'ament_cmake'
[2.419s] INFO:colcon.colcon_cmake.task.cmake.build:Building CMake package in '/home/sis/ros2t_ws/src/add_service_cpp'
[2.459s] INFO:colcon.colcon_core.shell:Skip shell extension 'powershell' for command environment: Not usable outside of PowerShell
[2.459s] DEBUG:colcon.colcon_core.shell:Skip shell extension 'dsv' for command environment
[2.534s] INFO:colcon.colcon_ros.task.ament_python.build:Building ROS package in '/home/sis/ros2t_ws/src/add_service_py' with build type 'ament_python'
[2.534s] Level 1:colcon.colcon_core.shell:create_environment_hook('add_service_py', 'ament_prefix_path')
[2.561s] INFO:colcon.colcon_core.shell:Creating environment hook '/home/sis/ros2t_ws/install/add_service_py/share/add_service_py/hook/ament_prefix_path.ps1'
[2.562s] INFO:colcon.colcon_core.shell:Creating environment descriptor '/home/sis/ros2t_ws/install/add_service_py/share/add_service_py/hook/ament_prefix_path.dsv'
[2.563s] INFO:colcon.colcon_core.shell:Creating environment hook '/home/sis/ros2t_ws/install/add_service_py/share/add_service_py/hook/ament_prefix_path.sh'
[2.590s] INFO:colcon.colcon_core.shell:Skip shell extension 'powershell' for command environment: Not usable outside of PowerShell
[2.590s] DEBUG:colcon.colcon_core.shell:Skip shell extension 'dsv' for command environment
[2.658s] INFO:colcon.colcon_ros.task.ament_cmake.build:Building ROS package in '/home/sis/ros2t_ws/src/pubsub_cpp' with build type 'ament_cmake'
[2.658s] INFO:colcon.colcon_cmake.task.cmake.build:Building CMake package in '/home/sis/ros2t_ws/src/pubsub_cpp'
[2.681s] INFO:colcon.colcon_core.shell:Skip shell extension 'powershell' for command environment: Not usable outside of PowerShell
[2.681s] DEBUG:colcon.colcon_core.shell:Skip shell extension 'dsv' for command environment
[2.760s] DEBUG:colcon.colcon_core.event_handler.log_command:Invoking command in '/home/sis/ros2t_ws/build/tutorial_interfaces': CMAKE_PREFIX_PATH=${CMAKE_PREFIX_PATH}:/home/sis/ros2t_ws/install/fibonacci_action_py:/home/sis/ros2t_ws/install/pubsub_py:/home/sis/ros2t_ws/install/add_service_py:/opt/ros/humble /usr/bin/cmake --build /home/sis/ros2t_ws/build/tutorial_interfaces -- -j4 -l4
[2.768s] DEBUG:colcon.colcon_core.event_handler.log_command:Invoking command in '/home/sis/ros2t_ws/build/add_service_cpp': CMAKE_PREFIX_PATH=${CMAKE_PREFIX_PATH}:/home/sis/ros2t_ws/install/fibonacci_action_py:/home/sis/ros2t_ws/install/pubsub_py:/home/sis/ros2t_ws/install/add_service_py:/opt/ros/humble /usr/bin/cmake --build /home/sis/ros2t_ws/build/add_service_cpp -- -j4 -l4
[3.690s] INFO:colcon.colcon_core.task.python.build:Building Python package in '/home/sis/ros2t_ws/src/add_service_py'
[3.739s] INFO:colcon.colcon_core.shell:Skip shell extension 'powershell' for command environment: Not usable outside of PowerShell
[3.739s] DEBUG:colcon.colcon_core.shell:Skip shell extension 'dsv' for command environment
[3.869s] DEBUG:colcon.colcon_core.event_handler.log_command:Invoked command in '/home/sis/ros2t_ws/build/add_service_cpp' returned '0': CMAKE_PREFIX_PATH=${CMAKE_PREFIX_PATH}:/home/sis/ros2t_ws/install/fibonacci_action_py:/home/sis/ros2t_ws/install/pubsub_py:/home/sis/ros2t_ws/install/add_service_py:/opt/ros/humble /usr/bin/cmake --build /home/sis/ros2t_ws/build/add_service_cpp -- -j4 -l4
[3.878s] DEBUG:colcon.colcon_core.event_handler.log_command:Invoking command in '/home/sis/ros2t_ws/build/pubsub_cpp': CMAKE_PREFIX_PATH=${CMAKE_PREFIX_PATH}:/home/sis/ros2t_ws/install/fibonacci_action_py:/home/sis/ros2t_ws/install/pubsub_py:/home/sis/ros2t_ws/install/add_service_py:/opt/ros/humble /usr/bin/cmake --build /home/sis/ros2t_ws/build/pubsub_cpp -- -j4 -l4
[3.885s] DEBUG:colcon.colcon_core.event_handler.log_command:Invoked command in '/home/sis/ros2t_ws/build/tutorial_interfaces' returned '0': CMAKE_PREFIX_PATH=${CMAKE_PREFIX_PATH}:/home/sis/ros2t_ws/install/fibonacci_action_py:/home/sis/ros2t_ws/install/pubsub_py:/home/sis/ros2t_ws/install/add_service_py:/opt/ros/humble /usr/bin/cmake --build /home/sis/ros2t_ws/build/tutorial_interfaces -- -j4 -l4
[4.019s] DEBUG:colcon.colcon_core.event_handler.log_command:Invoking command in '/home/sis/ros2t_ws/build/add_service_cpp': CMAKE_PREFIX_PATH=${CMAKE_PREFIX_PATH}:/home/sis/ros2t_ws/install/fibonacci_action_py:/home/sis/ros2t_ws/install/pubsub_py:/home/sis/ros2t_ws/install/add_service_py:/opt/ros/humble /usr/bin/cmake --install /home/sis/ros2t_ws/build/add_service_cpp
[4.077s] Level 1:colcon.colcon_core.environment:create_environment_scripts_only(add_service_cpp)
[4.084s] DEBUG:colcon.colcon_core.event_handler.log_command:Invoked command in '/home/sis/ros2t_ws/build/add_service_cpp' returned '0': CMAKE_PREFIX_PATH=${CMAKE_PREFIX_PATH}:/home/sis/ros2t_ws/install/fibonacci_action_py:/home/sis/ros2t_ws/install/pubsub_py:/home/sis/ros2t_ws/install/add_service_py:/opt/ros/humble /usr/bin/cmake --install /home/sis/ros2t_ws/build/add_service_cpp
[4.160s] Level 1:colcon.colcon_core.environment:checking '/home/sis/ros2t_ws/install/add_service_cpp' for CMake module files
[4.162s] Level 1:colcon.colcon_core.environment:checking '/home/sis/ros2t_ws/install/add_service_cpp' for CMake config files
[4.162s] Level 1:colcon.colcon_core.shell:create_environment_hook('add_service_cpp', 'cmake_prefix_path')
[4.218s] INFO:colcon.colcon_core.shell:Creating environment hook '/home/sis/ros2t_ws/install/add_service_cpp/share/add_service_cpp/hook/cmake_prefix_path.ps1'
[4.219s] INFO:colcon.colcon_core.shell:Creating environment descriptor '/home/sis/ros2t_ws/install/add_service_cpp/share/add_service_cpp/hook/cmake_prefix_path.dsv'
[4.220s] INFO:colcon.colcon_core.shell:Creating environment hook '/home/sis/ros2t_ws/install/add_service_cpp/share/add_service_cpp/hook/cmake_prefix_path.sh'
[4.222s] Level 1:colcon.colcon_core.environment:checking '/home/sis/ros2t_ws/install/add_service_cpp/lib'
[4.222s] Level 1:colcon.colcon_core.environment:checking '/home/sis/ros2t_ws/install/add_service_cpp/bin'
[4.223s] Level 1:colcon.colcon_core.environment:checking '/home/sis/ros2t_ws/install/add_service_cpp/lib/pkgconfig/add_service_cpp.pc'
[4.223s] Level 1:colcon.colcon_core.environment:checking '/home/sis/ros2t_ws/install/add_service_cpp/lib/python3.10/site-packages'
[4.224s] Level 1:colcon.colcon_core.environment:checking '/home/sis/ros2t_ws/install/add_service_cpp/bin'
[4.257s] INFO:colcon.colcon_core.shell:Creating package script '/home/sis/ros2t_ws/install/add_service_cpp/share/add_service_cpp/package.ps1'
[4.258s] INFO:colcon.colcon_core.shell:Creating package descriptor '/home/sis/ros2t_ws/install/add_service_cpp/share/add_service_cpp/package.dsv'
[4.259s] INFO:colcon.colcon_core.shell:Creating package script '/home/sis/ros2t_ws/install/add_service_cpp/share/add_service_cpp/package.sh'
[4.260s] INFO:colcon.colcon_core.shell:Creating package script '/home/sis/ros2t_ws/install/add_service_cpp/share/add_service_cpp/package.bash'
[4.261s] INFO:colcon.colcon_core.shell:Creating package script '/home/sis/ros2t_ws/install/add_service_cpp/share/add_service_cpp/package.zsh'
[4.263s] Level 1:colcon.colcon_core.environment:create_file_with_runtime_dependencies(/home/sis/ros2t_ws/install/add_service_cpp/share/colcon-core/packages/add_service_cpp)
[4.270s] DEBUG:colcon.colcon_core.event_handler.log_command:Invoking command in '/home/sis/ros2t_ws/build/tutorial_interfaces': CMAKE_PREFIX_PATH=${CMAKE_PREFIX_PATH}:/home/sis/ros2t_ws/install/fibonacci_action_py:/home/sis/ros2t_ws/install/pubsub_py:/home/sis/ros2t_ws/install/add_service_py:/opt/ros/humble /usr/bin/cmake --install /home/sis/ros2t_ws/build/tutorial_interfaces
[4.291s] DEBUG:colcon.colcon_core.event_handler.log_command:Invoked command in '/home/sis/ros2t_ws/build/pubsub_cpp' returned '0': CMAKE_PREFIX_PATH=${CMAKE_PREFIX_PATH}:/home/sis/ros2t_ws/install/fibonacci_action_py:/home/sis/ros2t_ws/install/pubsub_py:/home/sis/ros2t_ws/install/add_service_py:/opt/ros/humble /usr/bin/cmake --build /home/sis/ros2t_ws/build/pubsub_cpp -- -j4 -l4
[4.594s] Level 1:colcon.colcon_core.environment:create_environment_scripts_only(add_service_cpp)
[4.644s] Level 1:colcon.colcon_core.environment:checking '/home/sis/ros2t_ws/install/add_service_cpp' for CMake module files
[4.646s] Level 1:colcon.colcon_core.environment:checking '/home/sis/ros2t_ws/install/add_service_cpp' for CMake config files
[4.646s] Level 1:colcon.colcon_core.shell:create_environment_hook('add_service_cpp', 'cmake_prefix_path')
[4.699s] INFO:colcon.colcon_core.shell:Creating environment hook '/home/sis/ros2t_ws/install/add_service_cpp/share/add_service_cpp/hook/cmake_prefix_path.ps1'
[4.700s] INFO:colcon.colcon_core.shell:Creating environment descriptor '/home/sis/ros2t_ws/install/add_service_cpp/share/add_service_cpp/hook/cmake_prefix_path.dsv'
[4.701s] INFO:colcon.colcon_core.shell:Creating environment hook '/home/sis/ros2t_ws/install/add_service_cpp/share/add_service_cpp/hook/cmake_prefix_path.sh'
[4.702s] Level 1:colcon.colcon_core.environment:checking '/home/sis/ros2t_ws/install/add_service_cpp/lib'
[4.703s] Level 1:colcon.colcon_core.environment:checking '/home/sis/ros2t_ws/install/add_service_cpp/bin'
[4.703s] Level 1:colcon.colcon_core.environment:checking '/home/sis/ros2t_ws/install/add_service_cpp/lib/pkgconfig/add_service_cpp.pc'
[4.705s] Level 1:colcon.colcon_core.environment:checking '/home/sis/ros2t_ws/install/add_service_cpp/lib/python3.10/site-packages'
[4.706s] Level 1:colcon.colcon_core.environment:checking '/home/sis/ros2t_ws/install/add_service_cpp/bin'
[4.763s] INFO:colcon.colcon_core.shell:Creating package script '/home/sis/ros2t_ws/install/add_service_cpp/share/add_service_cpp/package.ps1'
[4.764s] INFO:colcon.colcon_core.shell:Creating package descriptor '/home/sis/ros2t_ws/install/add_service_cpp/share/add_service_cpp/package.dsv'
[4.765s] INFO:colcon.colcon_core.shell:Creating package script '/home/sis/ros2t_ws/install/add_service_cpp/share/add_service_cpp/package.sh'
[4.766s] INFO:colcon.colcon_core.shell:Creating package script '/home/sis/ros2t_ws/install/add_service_cpp/share/add_service_cpp/package.bash'
[4.767s] INFO:colcon.colcon_core.shell:Creating package script '/home/sis/ros2t_ws/install/add_service_cpp/share/add_service_cpp/package.zsh'
[4.769s] Level 1:colcon.colcon_core.environment:create_file_with_runtime_dependencies(/home/sis/ros2t_ws/install/add_service_cpp/share/colcon-core/packages/add_service_cpp)
[4.771s] INFO:colcon.colcon_ros.task.ament_python.build:Building ROS package in '/home/sis/ros2t_ws/src/pubsub_py' with build type 'ament_python'
[4.772s] Level 1:colcon.colcon_core.shell:create_environment_hook('pubsub_py', 'ament_prefix_path')
[4.810s] INFO:colcon.colcon_core.shell:Creating environment hook '/home/sis/ros2t_ws/install/pubsub_py/share/pubsub_py/hook/ament_prefix_path.ps1'
[4.811s] INFO:colcon.colcon_core.shell:Creating environment descriptor '/home/sis/ros2t_ws/install/pubsub_py/share/pubsub_py/hook/ament_prefix_path.dsv'
[4.812s] INFO:colcon.colcon_core.shell:Creating environment hook '/home/sis/ros2t_ws/install/pubsub_py/share/pubsub_py/hook/ament_prefix_path.sh'
[4.845s] INFO:colcon.colcon_core.shell:Skip shell extension 'powershell' for command environment: Not usable outside of PowerShell
[4.845s] DEBUG:colcon.colcon_core.shell:Skip shell extension 'dsv' for command environment
[5.003s] DEBUG:colcon.colcon_core.event_handler.log_command:Invoking command in '/home/sis/ros2t_ws/build/pubsub_cpp': CMAKE_PREFIX_PATH=${CMAKE_PREFIX_PATH}:/home/sis/ros2t_ws/install/fibonacci_action_py:/home/sis/ros2t_ws/install/pubsub_py:/home/sis/ros2t_ws/install/add_service_py:/opt/ros/humble /usr/bin/cmake --install /home/sis/ros2t_ws/build/pubsub_cpp
[5.006s] Level 1:colcon.colcon_core.environment:create_environment_scripts_only(tutorial_interfaces)
[5.009s] DEBUG:colcon.colcon_core.event_handler.log_command:Invoked command in '/home/sis/ros2t_ws/build/tutorial_interfaces' returned '0': CMAKE_PREFIX_PATH=${CMAKE_PREFIX_PATH}:/home/sis/ros2t_ws/install/fibonacci_action_py:/home/sis/ros2t_ws/install/pubsub_py:/home/sis/ros2t_ws/install/add_service_py:/opt/ros/humble /usr/bin/cmake --install /home/sis/ros2t_ws/build/tutorial_interfaces
[5.072s] Level 1:colcon.colcon_core.environment:checking '/home/sis/ros2t_ws/install/tutorial_interfaces' for CMake module files
[5.074s] Level 1:colcon.colcon_core.environment:checking '/home/sis/ros2t_ws/install/tutorial_interfaces' for CMake config files
[5.076s] Level 1:colcon.colcon_core.shell:create_environment_hook('tutorial_interfaces', 'cmake_prefix_path')
[5.102s] INFO:colcon.colcon_core.shell:Creating environment hook '/home/sis/ros2t_ws/install/tutorial_interfaces/share/tutorial_interfaces/hook/cmake_prefix_path.ps1'
[5.103s] INFO:colcon.colcon_core.shell:Creating environment descriptor '/home/sis/ros2t_ws/install/tutorial_interfaces/share/tutorial_interfaces/hook/cmake_prefix_path.dsv'
[5.103s] INFO:colcon.colcon_core.shell:Creating environment hook '/home/sis/ros2t_ws/install/tutorial_interfaces/share/tutorial_interfaces/hook/cmake_prefix_path.sh'
[5.104s] Level 1:colcon.colcon_core.environment:checking '/home/sis/ros2t_ws/install/tutorial_interfaces/lib'
[5.104s] Level 1:colcon.colcon_core.shell:create_environment_hook('tutorial_interfaces', 'ld_library_path_lib')
[5.134s] INFO:colcon.colcon_core.shell:Creating environment hook '/home/sis/ros2t_ws/install/tutorial_interfaces/share/tutorial_interfaces/hook/ld_library_path_lib.ps1'
[5.135s] INFO:colcon.colcon_core.shell:Creating environment descriptor '/home/sis/ros2t_ws/install/tutorial_interfaces/share/tutorial_interfaces/hook/ld_library_path_lib.dsv'
[5.135s] INFO:colcon.colcon_core.shell:Creating environment hook '/home/sis/ros2t_ws/install/tutorial_interfaces/share/tutorial_interfaces/hook/ld_library_path_lib.sh'
[5.136s] Level 1:colcon.colcon_core.environment:checking '/home/sis/ros2t_ws/install/tutorial_interfaces/bin'
[5.136s] Level 1:colcon.colcon_core.environment:checking '/home/sis/ros2t_ws/install/tutorial_interfaces/lib/pkgconfig/tutorial_interfaces.pc'
[5.137s] Level 1:colcon.colcon_core.environment:checking '/home/sis/ros2t_ws/install/tutorial_interfaces/lib/python3.10/site-packages'
[5.137s] Level 1:colcon.colcon_core.environment:checking '/home/sis/ros2t_ws/install/tutorial_interfaces/bin'
[5.162s] INFO:colcon.colcon_core.shell:Creating package script '/home/sis/ros2t_ws/install/tutorial_interfaces/share/tutorial_interfaces/package.ps1'
[5.163s] INFO:colcon.colcon_core.shell:Creating package descriptor '/home/sis/ros2t_ws/install/tutorial_interfaces/share/tutorial_interfaces/package.dsv'
[5.163s] INFO:colcon.colcon_core.shell:Creating package script '/home/sis/ros2t_ws/install/tutorial_interfaces/share/tutorial_interfaces/package.sh'
[5.164s] INFO:colcon.colcon_core.shell:Creating package script '/home/sis/ros2t_ws/install/tutorial_interfaces/share/tutorial_interfaces/package.bash'
[5.164s] INFO:colcon.colcon_core.shell:Creating package script '/home/sis/ros2t_ws/install/tutorial_interfaces/share/tutorial_interfaces/package.zsh'
[5.165s] Level 1:colcon.colcon_core.environment:create_file_with_runtime_dependencies(/home/sis/ros2t_ws/install/tutorial_interfaces/share/colcon-core/packages/tutorial_interfaces)
[6.158s] INFO:colcon.colcon_core.task.python.build:Building Python package in '/home/sis/ros2t_ws/src/pubsub_py'
[6.239s] INFO:colcon.colcon_core.shell:Skip shell extension 'powershell' for command environment: Not usable outside of PowerShell
[6.239s] DEBUG:colcon.colcon_core.shell:Skip shell extension 'dsv' for command environment
[6.476s] DEBUG:colcon.colcon_core.event_handler.log_command:Invoking command in '/home/sis/ros2t_ws/src/add_service_py': PYTHONPATH=/home/sis/ros2t_ws/build/add_service_py/prefix_override:/home/sis/ros2t_ws/install/add_service_py/lib/python3.10/site-packages:${PYTHONPATH} /usr/bin/python3 setup.py egg_info --egg-base ../../build/add_service_py build --build-base /home/sis/ros2t_ws/build/add_service_py/build install --record /home/sis/ros2t_ws/build/add_service_py/install.log --single-version-externally-managed
[6.478s] Level 1:colcon.colcon_core.environment:create_environment_scripts_only(pubsub_cpp)
[6.484s] DEBUG:colcon.colcon_core.event_handler.log_command:Invoked command in '/home/sis/ros2t_ws/build/pubsub_cpp' returned '0': CMAKE_PREFIX_PATH=${CMAKE_PREFIX_PATH}:/home/sis/ros2t_ws/install/fibonacci_action_py:/home/sis/ros2t_ws/install/pubsub_py:/home/sis/ros2t_ws/install/add_service_py:/opt/ros/humble /usr/bin/cmake --install /home/sis/ros2t_ws/build/pubsub_cpp
[6.571s] Level 1:colcon.colcon_core.environment:checking '/home/sis/ros2t_ws/install/pubsub_cpp' for CMake module files
[6.573s] Level 1:colcon.colcon_core.environment:checking '/home/sis/ros2t_ws/install/pubsub_cpp' for CMake config files
[6.573s] Level 1:colcon.colcon_core.shell:create_environment_hook('pubsub_cpp', 'cmake_prefix_path')
[6.679s] INFO:colcon.colcon_core.shell:Creating environment hook '/home/sis/ros2t_ws/install/pubsub_cpp/share/pubsub_cpp/hook/cmake_prefix_path.ps1'
[6.680s] INFO:colcon.colcon_core.shell:Creating environment descriptor '/home/sis/ros2t_ws/install/pubsub_cpp/share/pubsub_cpp/hook/cmake_prefix_path.dsv'
[6.680s] INFO:colcon.colcon_core.shell:Creating environment hook '/home/sis/ros2t_ws/install/pubsub_cpp/share/pubsub_cpp/hook/cmake_prefix_path.sh'
[6.682s] Level 1:colcon.colcon_core.environment:checking '/home/sis/ros2t_ws/install/pubsub_cpp/lib'
[6.682s] Level 1:colcon.colcon_core.environment:checking '/home/sis/ros2t_ws/install/pubsub_cpp/bin'
[6.682s] Level 1:colcon.colcon_core.environment:checking '/home/sis/ros2t_ws/install/pubsub_cpp/lib/pkgconfig/pubsub_cpp.pc'
[6.683s] Level 1:colcon.colcon_core.environment:checking '/home/sis/ros2t_ws/install/pubsub_cpp/lib/python3.10/site-packages'
[6.683s] Level 1:colcon.colcon_core.environment:checking '/home/sis/ros2t_ws/install/pubsub_cpp/bin'
[6.766s] INFO:colcon.colcon_core.shell:Creating package script '/home/sis/ros2t_ws/install/pubsub_cpp/share/pubsub_cpp/package.ps1'
[6.767s] INFO:colcon.colcon_core.shell:Creating package descriptor '/home/sis/ros2t_ws/install/pubsub_cpp/share/pubsub_cpp/package.dsv'
[6.771s] INFO:colcon.colcon_core.shell:Creating package script '/home/sis/ros2t_ws/install/pubsub_cpp/share/pubsub_cpp/package.sh'
[6.778s] INFO:colcon.colcon_core.shell:Creating package script '/home/sis/ros2t_ws/install/pubsub_cpp/share/pubsub_cpp/package.bash'
[6.780s] INFO:colcon.colcon_core.shell:Creating package script '/home/sis/ros2t_ws/install/pubsub_cpp/share/pubsub_cpp/package.zsh'
[6.781s] Level 1:colcon.colcon_core.environment:create_file_with_runtime_dependencies(/home/sis/ros2t_ws/install/pubsub_cpp/share/colcon-core/packages/pubsub_cpp)
[6.882s] Level 1:colcon.colcon_core.environment:create_environment_scripts_only(tutorial_interfaces)
[7.200s] Level 1:colcon.colcon_core.environment:checking '/home/sis/ros2t_ws/install/tutorial_interfaces' for CMake module files
[7.202s] Level 1:colcon.colcon_core.environment:checking '/home/sis/ros2t_ws/install/tutorial_interfaces' for CMake config files
[7.204s] Level 1:colcon.colcon_core.shell:create_environment_hook('tutorial_interfaces', 'cmake_prefix_path')
[7.339s] INFO:colcon.colcon_core.shell:Creating environment hook '/home/sis/ros2t_ws/install/tutorial_interfaces/share/tutorial_interfaces/hook/cmake_prefix_path.ps1'
[7.351s] INFO:colcon.colcon_core.shell:Creating environment descriptor '/home/sis/ros2t_ws/install/tutorial_interfaces/share/tutorial_interfaces/hook/cmake_prefix_path.dsv'
[7.355s] INFO:colcon.colcon_core.shell:Creating environment hook '/home/sis/ros2t_ws/install/tutorial_interfaces/share/tutorial_interfaces/hook/cmake_prefix_path.sh'
[7.356s] Level 1:colcon.colcon_core.environment:checking '/home/sis/ros2t_ws/install/tutorial_interfaces/lib'
[7.357s] Level 1:colcon.colcon_core.shell:create_environment_hook('tutorial_interfaces', 'ld_library_path_lib')
[7.467s] INFO:colcon.colcon_core.shell:Creating environment hook '/home/sis/ros2t_ws/install/tutorial_interfaces/share/tutorial_interfaces/hook/ld_library_path_lib.ps1'
[7.472s] INFO:colcon.colcon_core.shell:Creating environment descriptor '/home/sis/ros2t_ws/install/tutorial_interfaces/share/tutorial_interfaces/hook/ld_library_path_lib.dsv'
[7.477s] INFO:colcon.colcon_core.shell:Creating environment hook '/home/sis/ros2t_ws/install/tutorial_interfaces/share/tutorial_interfaces/hook/ld_library_path_lib.sh'
[7.482s] Level 1:colcon.colcon_core.environment:checking '/home/sis/ros2t_ws/install/tutorial_interfaces/bin'
[7.484s] Level 1:colcon.colcon_core.environment:checking '/home/sis/ros2t_ws/install/tutorial_interfaces/lib/pkgconfig/tutorial_interfaces.pc'
[7.487s] Level 1:colcon.colcon_core.environment:checking '/home/sis/ros2t_ws/install/tutorial_interfaces/lib/python3.10/site-packages'
[7.487s] Level 1:colcon.colcon_core.environment:checking '/home/sis/ros2t_ws/install/tutorial_interfaces/bin'
[7.574s] INFO:colcon.colcon_core.shell:Creating package script '/home/sis/ros2t_ws/install/tutorial_interfaces/share/tutorial_interfaces/package.ps1'
[7.580s] INFO:colcon.colcon_core.shell:Creating package descriptor '/home/sis/ros2t_ws/install/tutorial_interfaces/share/tutorial_interfaces/package.dsv'
[7.586s] INFO:colcon.colcon_core.shell:Creating package script '/home/sis/ros2t_ws/install/tutorial_interfaces/share/tutorial_interfaces/package.sh'
[7.589s] INFO:colcon.colcon_core.shell:Creating package script '/home/sis/ros2t_ws/install/tutorial_interfaces/share/tutorial_interfaces/package.bash'
[7.590s] INFO:colcon.colcon_core.shell:Creating package script '/home/sis/ros2t_ws/install/tutorial_interfaces/share/tutorial_interfaces/package.zsh'
[7.591s] Level 1:colcon.colcon_core.environment:create_file_with_runtime_dependencies(/home/sis/ros2t_ws/install/tutorial_interfaces/share/colcon-core/packages/tutorial_interfaces)
[7.620s] INFO:colcon.colcon_ros.task.ament_python.build:Building ROS package in '/home/sis/ros2t_ws/src/fibonacci_action_py' with build type 'ament_python'
[7.622s] Level 1:colcon.colcon_core.shell:create_environment_hook('fibonacci_action_py', 'ament_prefix_path')
[7.897s] INFO:colcon.colcon_core.shell:Creating environment hook '/home/sis/ros2t_ws/install/fibonacci_action_py/share/fibonacci_action_py/hook/ament_prefix_path.ps1'
[7.899s] INFO:colcon.colcon_core.shell:Creating environment descriptor '/home/sis/ros2t_ws/install/fibonacci_action_py/share/fibonacci_action_py/hook/ament_prefix_path.dsv'
[7.899s] INFO:colcon.colcon_core.shell:Creating environment hook '/home/sis/ros2t_ws/install/fibonacci_action_py/share/fibonacci_action_py/hook/ament_prefix_path.sh'
[8.065s] INFO:colcon.colcon_core.shell:Skip shell extension 'powershell' for command environment: Not usable outside of PowerShell
[8.080s] DEBUG:colcon.colcon_core.shell:Skip shell extension 'dsv' for command environment
[8.753s] Level 1:colcon.colcon_core.environment:create_environment_scripts_only(pubsub_cpp)
[8.845s] Level 1:colcon.colcon_core.environment:checking '/home/sis/ros2t_ws/install/pubsub_cpp' for CMake module files
[8.859s] Level 1:colcon.colcon_core.environment:checking '/home/sis/ros2t_ws/install/pubsub_cpp' for CMake config files
[8.860s] Level 1:colcon.colcon_core.shell:create_environment_hook('pubsub_cpp', 'cmake_prefix_path')
[8.982s] INFO:colcon.colcon_core.shell:Creating environment hook '/home/sis/ros2t_ws/install/pubsub_cpp/share/pubsub_cpp/hook/cmake_prefix_path.ps1'
[8.983s] INFO:colcon.colcon_core.shell:Creating environment descriptor '/home/sis/ros2t_ws/install/pubsub_cpp/share/pubsub_cpp/hook/cmake_prefix_path.dsv'
[8.992s] INFO:colcon.colcon_core.shell:Creating environment hook '/home/sis/ros2t_ws/install/pubsub_cpp/share/pubsub_cpp/hook/cmake_prefix_path.sh'
[8.994s] Level 1:colcon.colcon_core.environment:checking '/home/sis/ros2t_ws/install/pubsub_cpp/lib'
[8.996s] Level 1:colcon.colcon_core.environment:checking '/home/sis/ros2t_ws/install/pubsub_cpp/bin'
[8.996s] Level 1:colcon.colcon_core.environment:checking '/home/sis/ros2t_ws/install/pubsub_cpp/lib/pkgconfig/pubsub_cpp.pc'
[8.998s] Level 1:colcon.colcon_core.environment:checking '/home/sis/ros2t_ws/install/pubsub_cpp/lib/python3.10/site-packages'
[9.000s] Level 1:colcon.colcon_core.environment:checking '/home/sis/ros2t_ws/install/pubsub_cpp/bin'
[9.093s] INFO:colcon.colcon_core.shell:Creating package script '/home/sis/ros2t_ws/install/pubsub_cpp/share/pubsub_cpp/package.ps1'
[9.100s] INFO:colcon.colcon_core.shell:Creating package descriptor '/home/sis/ros2t_ws/install/pubsub_cpp/share/pubsub_cpp/package.dsv'
[9.107s] INFO:colcon.colcon_core.shell:Creating package script '/home/sis/ros2t_ws/install/pubsub_cpp/share/pubsub_cpp/package.sh'
[9.108s] INFO:colcon.colcon_core.shell:Creating package script '/home/sis/ros2t_ws/install/pubsub_cpp/share/pubsub_cpp/package.bash'
[9.109s] INFO:colcon.colcon_core.shell:Creating package script '/home/sis/ros2t_ws/install/pubsub_cpp/share/pubsub_cpp/package.zsh'
[9.110s] Level 1:colcon.colcon_core.environment:create_file_with_runtime_dependencies(/home/sis/ros2t_ws/install/pubsub_cpp/share/colcon-core/packages/pubsub_cpp)
[9.113s] DEBUG:colcon.colcon_core.event_handler.log_command:Invoked command in '/home/sis/ros2t_ws/src/add_service_py' returned '0': PYTHONPATH=/home/sis/ros2t_ws/build/add_service_py/prefix_override:/home/sis/ros2t_ws/install/add_service_py/lib/python3.10/site-packages:${PYTHONPATH} /usr/bin/python3 setup.py egg_info --egg-base ../../build/add_service_py build --build-base /home/sis/ros2t_ws/build/add_service_py/build install --record /home/sis/ros2t_ws/build/add_service_py/install.log --single-version-externally-managed
[9.233s] Level 1:colcon.colcon_core.environment:checking '/home/sis/ros2t_ws/install/add_service_py' for CMake module files
[9.234s] Level 1:colcon.colcon_core.environment:checking '/home/sis/ros2t_ws/install/add_service_py' for CMake config files
[9.236s] Level 1:colcon.colcon_core.environment:checking '/home/sis/ros2t_ws/install/add_service_py/lib'
[9.236s] Level 1:colcon.colcon_core.environment:checking '/home/sis/ros2t_ws/install/add_service_py/bin'
[9.236s] Level 1:colcon.colcon_core.environment:checking '/home/sis/ros2t_ws/install/add_service_py/lib/pkgconfig/add_service_py.pc'
[9.237s] Level 1:colcon.colcon_core.environment:checking '/home/sis/ros2t_ws/install/add_service_py/lib/python3.10/site-packages'
[9.237s] Level 1:colcon.colcon_core.shell:create_environment_hook('add_service_py', 'pythonpath')
[9.323s] INFO:colcon.colcon_core.shell:Creating environment hook '/home/sis/ros2t_ws/install/add_service_py/share/add_service_py/hook/pythonpath.ps1'
[9.324s] INFO:colcon.colcon_core.shell:Creating environment descriptor '/home/sis/ros2t_ws/install/add_service_py/share/add_service_py/hook/pythonpath.dsv'
[9.325s] INFO:colcon.colcon_core.shell:Creating environment hook '/home/sis/ros2t_ws/install/add_service_py/share/add_service_py/hook/pythonpath.sh'
[9.326s] Level 1:colcon.colcon_core.environment:checking '/home/sis/ros2t_ws/install/add_service_py/bin'
[9.326s] Level 1:colcon.colcon_core.environment:create_environment_scripts_only(add_service_py)
[9.389s] INFO:colcon.colcon_core.shell:Creating package script '/home/sis/ros2t_ws/install/add_service_py/share/add_service_py/package.ps1'
[9.407s] INFO:colcon.colcon_core.shell:Creating package descriptor '/home/sis/ros2t_ws/install/add_service_py/share/add_service_py/package.dsv'
[9.411s] INFO:colcon.colcon_core.shell:Creating package script '/home/sis/ros2t_ws/install/add_service_py/share/add_service_py/package.sh'
[9.416s] INFO:colcon.colcon_core.shell:Creating package script '/home/sis/ros2t_ws/install/add_service_py/share/add_service_py/package.bash'
[9.422s] INFO:colcon.colcon_core.shell:Creating package script '/home/sis/ros2t_ws/install/add_service_py/share/add_service_py/package.zsh'
[9.423s] Level 1:colcon.colcon_core.environment:create_file_with_runtime_dependencies(/home/sis/ros2t_ws/install/add_service_py/share/colcon-core/packages/add_service_py)
[11.027s] INFO:colcon.colcon_core.task.python.build:Building Python package in '/home/sis/ros2t_ws/src/fibonacci_action_py'
[11.109s] INFO:colcon.colcon_core.shell:Skip shell extension 'powershell' for command environment: Not usable outside of PowerShell
[11.110s] DEBUG:colcon.colcon_core.shell:Skip shell extension 'dsv' for command environment
[11.406s] DEBUG:colcon.colcon_core.event_handler.log_command:Invoking command in '/home/sis/ros2t_ws/src/pubsub_py': PYTHONPATH=/home/sis/ros2t_ws/build/pubsub_py/prefix_override:/home/sis/ros2t_ws/install/pubsub_py/lib/python3.10/site-packages:${PYTHONPATH} /usr/bin/python3 setup.py egg_info --egg-base ../../build/pubsub_py build --build-base /home/sis/ros2t_ws/build/pubsub_py/build install --record /home/sis/ros2t_ws/build/pubsub_py/install.log --single-version-externally-managed
[13.249s] DEBUG:colcon.colcon_core.event_handler.log_command:Invoked command in '/home/sis/ros2t_ws/src/pubsub_py' returned '0': PYTHONPATH=/home/sis/ros2t_ws/build/pubsub_py/prefix_override:/home/sis/ros2t_ws/install/pubsub_py/lib/python3.10/site-packages:${PYTHONPATH} /usr/bin/python3 setup.py egg_info --egg-base ../../build/pubsub_py build --build-base /home/sis/ros2t_ws/build/pubsub_py/build install --record /home/sis/ros2t_ws/build/pubsub_py/install.log --single-version-externally-managed
[13.392s] Level 1:colcon.colcon_core.environment:checking '/home/sis/ros2t_ws/install/pubsub_py' for CMake module files
[13.395s] Level 1:colcon.colcon_core.environment:checking '/home/sis/ros2t_ws/install/pubsub_py' for CMake config files
[13.413s] Level 1:colcon.colcon_core.environment:checking '/home/sis/ros2t_ws/install/pubsub_py/lib'
[13.414s] Level 1:colcon.colcon_core.environment:checking '/home/sis/ros2t_ws/install/pubsub_py/bin'
[13.414s] Level 1:colcon.colcon_core.environment:checking '/home/sis/ros2t_ws/install/pubsub_py/lib/pkgconfig/pubsub_py.pc'
[13.415s] Level 1:colcon.colcon_core.environment:checking '/home/sis/ros2t_ws/install/pubsub_py/lib/python3.10/site-packages'
[13.415s] Level 1:colcon.colcon_core.shell:create_environment_hook('pubsub_py', 'pythonpath')
[13.494s] INFO:colcon.colcon_core.shell:Creating environment hook '/home/sis/ros2t_ws/install/pubsub_py/share/pubsub_py/hook/pythonpath.ps1'
[13.500s] INFO:colcon.colcon_core.shell:Creating environment descriptor '/home/sis/ros2t_ws/install/pubsub_py/share/pubsub_py/hook/pythonpath.dsv'
[13.513s] INFO:colcon.colcon_core.shell:Creating environment hook '/home/sis/ros2t_ws/install/pubsub_py/share/pubsub_py/hook/pythonpath.sh'
[13.516s] Level 1:colcon.colcon_core.environment:checking '/home/sis/ros2t_ws/install/pubsub_py/bin'
[13.516s] Level 1:colcon.colcon_core.environment:create_environment_scripts_only(pubsub_py)
[13.589s] INFO:colcon.colcon_core.shell:Creating package script '/home/sis/ros2t_ws/install/pubsub_py/share/pubsub_py/package.ps1'
[13.590s] INFO:colcon.colcon_core.shell:Creating package descriptor '/home/sis/ros2t_ws/install/pubsub_py/share/pubsub_py/package.dsv'
[13.592s] INFO:colcon.colcon_core.shell:Creating package script '/home/sis/ros2t_ws/install/pubsub_py/share/pubsub_py/package.sh'
[13.593s] INFO:colcon.colcon_core.shell:Creating package script '/home/sis/ros2t_ws/install/pubsub_py/share/pubsub_py/package.bash'
[13.594s] INFO:colcon.colcon_core.shell:Creating package script '/home/sis/ros2t_ws/install/pubsub_py/share/pubsub_py/package.zsh'
[13.597s] Level 1:colcon.colcon_core.environment:create_file_with_runtime_dependencies(/home/sis/ros2t_ws/install/pubsub_py/share/colcon-core/packages/pubsub_py)
[13.620s] DEBUG:colcon.colcon_core.event_handler.log_command:Invoking command in '/home/sis/ros2t_ws/src/fibonacci_action_py': PYTHONPATH=/home/sis/ros2t_ws/build/fibonacci_action_py/prefix_override:/home/sis/ros2t_ws/install/fibonacci_action_py/lib/python3.10/site-packages:${PYTHONPATH} /usr/bin/python3 setup.py egg_info --egg-base ../../build/fibonacci_action_py build --build-base /home/sis/ros2t_ws/build/fibonacci_action_py/build install --record /home/sis/ros2t_ws/build/fibonacci_action_py/install.log --single-version-externally-managed
[15.288s] DEBUG:colcon.colcon_core.event_handler.log_command:Invoked command in '/home/sis/ros2t_ws/src/fibonacci_action_py' returned '0': PYTHONPATH=/home/sis/ros2t_ws/build/fibonacci_action_py/prefix_override:/home/sis/ros2t_ws/install/fibonacci_action_py/lib/python3.10/site-packages:${PYTHONPATH} /usr/bin/python3 setup.py egg_info --egg-base ../../build/fibonacci_action_py build --build-base /home/sis/ros2t_ws/build/fibonacci_action_py/build install --record /home/sis/ros2t_ws/build/fibonacci_action_py/install.log --single-version-externally-managed
[15.383s] Level 1:colcon.colcon_core.environment:checking '/home/sis/ros2t_ws/install/fibonacci_action_py' for CMake module files
[15.385s] Level 1:colcon.colcon_core.environment:checking '/home/sis/ros2t_ws/install/fibonacci_action_py' for CMake config files
[15.386s] Level 1:colcon.colcon_core.environment:checking '/home/sis/ros2t_ws/install/fibonacci_action_py/lib'
[15.386s] Level 1:colcon.colcon_core.environment:checking '/home/sis/ros2t_ws/install/fibonacci_action_py/bin'
[15.387s] Level 1:colcon.colcon_core.environment:checking '/home/sis/ros2t_ws/install/fibonacci_action_py/lib/pkgconfig/fibonacci_action_py.pc'
[15.387s] Level 1:colcon.colcon_core.environment:checking '/home/sis/ros2t_ws/install/fibonacci_action_py/lib/python3.10/site-packages'
[15.388s] Level 1:colcon.colcon_core.shell:create_environment_hook('fibonacci_action_py', 'pythonpath')
[15.483s] INFO:colcon.colcon_core.shell:Creating environment hook '/home/sis/ros2t_ws/install/fibonacci_action_py/share/fibonacci_action_py/hook/pythonpath.ps1'
[15.484s] INFO:colcon.colcon_core.shell:Creating environment descriptor '/home/sis/ros2t_ws/install/fibonacci_action_py/share/fibonacci_action_py/hook/pythonpath.dsv'
[15.485s] INFO:colcon.colcon_core.shell:Creating environment hook '/home/sis/ros2t_ws/install/fibonacci_action_py/share/fibonacci_action_py/hook/pythonpath.sh'
[15.487s] Level 1:colcon.colcon_core.environment:checking '/home/sis/ros2t_ws/install/fibonacci_action_py/bin'
[15.487s] Level 1:colcon.colcon_core.environment:create_environment_scripts_only(fibonacci_action_py)
[15.585s] INFO:colcon.colcon_core.shell:Creating package script '/home/sis/ros2t_ws/install/fibonacci_action_py/share/fibonacci_action_py/package.ps1'
[15.587s] INFO:colcon.colcon_core.shell:Creating package descriptor '/home/sis/ros2t_ws/install/fibonacci_action_py/share/fibonacci_action_py/package.dsv'
[15.588s] INFO:colcon.colcon_core.shell:Creating package script '/home/sis/ros2t_ws/install/fibonacci_action_py/share/fibonacci_action_py/package.sh'
[15.589s] INFO:colcon.colcon_core.shell:Creating package script '/home/sis/ros2t_ws/install/fibonacci_action_py/share/fibonacci_action_py/package.bash'
[15.590s] INFO:colcon.colcon_core.shell:Creating package script '/home/sis/ros2t_ws/install/fibonacci_action_py/share/fibonacci_action_py/package.zsh'
[15.591s] Level 1:colcon.colcon_core.environment:create_file_with_runtime_dependencies(/home/sis/ros2t_ws/install/fibonacci_action_py/share/colcon-core/packages/fibonacci_action_py)
[15.592s] DEBUG:colcon.colcon_parallel_executor.executor.parallel:closing loop
[15.596s] DEBUG:colcon.colcon_parallel_executor.executor.parallel:loop closed
[15.596s] DEBUG:colcon.colcon_parallel_executor.executor.parallel:run_until_complete finished with '0'
[15.596s] DEBUG:colcon.colcon_core.event_reactor:joining thread
[15.737s] INFO:colcon.colcon_core.plugin_system:Skipping extension 'colcon_notification.desktop_notification.terminal_notifier': Not used on non-Darwin systems
[15.738s] INFO:colcon.colcon_core.plugin_system:Skipping extension 'colcon_notification.desktop_notification.win32': Not used on non-Windows systems
[15.738s] INFO:colcon.colcon_notification.desktop_notification:Sending desktop notification using 'notify2'
[15.786s] DEBUG:colcon.colcon_core.event_reactor:joined thread
[15.948s] INFO:colcon.colcon_core.shell:Creating prefix script '/home/sis/ros2t_ws/install/local_setup.ps1'
[15.957s] INFO:colcon.colcon_core.shell:Creating prefix util module '/home/sis/ros2t_ws/install/_local_setup_util_ps1.py'
[15.967s] INFO:colcon.colcon_core.shell:Creating prefix chain script '/home/sis/ros2t_ws/install/setup.ps1'
[16.087s] INFO:colcon.colcon_core.shell:Creating prefix script '/home/sis/ros2t_ws/install/local_setup.sh'
[16.094s] INFO:colcon.colcon_core.shell:Creating prefix util module '/home/sis/ros2t_ws/install/_local_setup_util_sh.py'
[16.096s] INFO:colcon.colcon_core.shell:Creating prefix chain script '/home/sis/ros2t_ws/install/setup.sh'
[16.182s] INFO:colcon.colcon_core.shell:Creating prefix script '/home/sis/ros2t_ws/install/local_setup.bash'
[16.185s] INFO:colcon.colcon_core.shell:Creating prefix chain script '/home/sis/ros2t_ws/install/setup.bash'
[16.264s] INFO:colcon.colcon_core.shell:Creating prefix script '/home/sis/ros2t_ws/install/local_setup.zsh'
[16.269s] INFO:colcon.colcon_core.shell:Creating prefix chain script '/home/sis/ros2t_ws/install/setup.zsh'
