[0.488s] Invoking command in '/home/sis/ros2t_ws/build/tutorial_interfaces': CMAKE_PREFIX_PATH=${CMAKE_PREFIX_PATH}:/home/sis/ros2t_ws/install/fibonacci_action_py:/home/sis/ros2t_ws/install/pubsub_py:/home/sis/ros2t_ws/install/add_service_py:/opt/ros/humble /usr/bin/cmake --build /home/sis/ros2t_ws/build/tutorial_interfaces -- -j4 -l4
[2.168s] [35m[1mConsolidate compiler generated dependencies of target tutorial_interfaces__rosidl_generator_c[0m
[2.169s] [  2%] Built target tutorial_interfaces__cpp
[2.169s] [  4%] Built target ament_cmake_python_copy_tutorial_interfaces
[2.170s] [ 12%] Built target tutorial_interfaces__rosidl_generator_c
[2.170s] [35m[1mConsolidate compiler generated dependencies of target tutorial_interfaces__rosidl_typesupport_fastrtps_cpp[0m
[2.171s] [35m[1mConsolidate compiler generated dependencies of target tutorial_interfaces__rosidl_typesupport_introspection_cpp[0m
[2.171s] [ 23%] Built target tutorial_interfaces__rosidl_typesupport_fastrtps_cpp
[2.171s] [35m[1mConsolidate compiler generated dependencies of target tutorial_interfaces__rosidl_typesupport_cpp[0m
[2.171s] [ 34%] Built target tutorial_interfaces__rosidl_typesupport_introspection_cpp
[2.171s] [35m[1mConsolidate compiler generated dependencies of target tutorial_interfaces__rosidl_typesupport_fastrtps_c[0m
[2.172s] [ 44%] Built target tutorial_interfaces__rosidl_typesupport_cpp
[2.172s] [35m[1mConsolidate compiler generated dependencies of target tutorial_interfaces__rosidl_typesupport_introspection_c[0m
[2.172s] [35m[1mConsolidate compiler generated dependencies of target tutorial_interfaces__rosidl_typesupport_c[0m
[2.173s] [ 55%] Built target tutorial_interfaces__rosidl_typesupport_fastrtps_c
[2.175s] [ 65%] Built target tutorial_interfaces__rosidl_typesupport_introspection_c
[2.176s] [ 76%] Built target tutorial_interfaces__rosidl_typesupport_c
[2.176s] [ 76%] Built target tutorial_interfaces
[2.177s] [ 78%] Built target tutorial_interfaces__py
[2.178s] [35m[1mConsolidate compiler generated dependencies of target tutorial_interfaces__rosidl_generator_py[0m
[2.178s] [ 87%] Built target tutorial_interfaces__rosidl_generator_py
[2.179s] [35m[1mConsolidate compiler generated dependencies of target tutorial_interfaces__rosidl_typesupport_introspection_c__pyext[0m
[2.179s] [35m[1mConsolidate compiler generated dependencies of target tutorial_interfaces__rosidl_typesupport_c__pyext[0m
[2.181s] [ 91%] Built target tutorial_interfaces__rosidl_typesupport_introspection_c__pyext
[2.181s] [ 95%] Built target tutorial_interfaces__rosidl_typesupport_c__pyext
[2.181s] [35m[1mConsolidate compiler generated dependencies of target tutorial_interfaces__rosidl_typesupport_fastrtps_c__pyext[0m
[2.181s] [100%] Built target tutorial_interfaces__rosidl_typesupport_fastrtps_c__pyext
[2.182s] running egg_info
[2.182s] writing tutorial_interfaces.egg-info/PKG-INFO
[2.182s] writing dependency_links to tutorial_interfaces.egg-info/dependency_links.txt
[2.182s] writing top-level names to tutorial_interfaces.egg-info/top_level.txt
[2.182s] reading manifest file 'tutorial_interfaces.egg-info/SOURCES.txt'
[2.183s] writing manifest file 'tutorial_interfaces.egg-info/SOURCES.txt'
[2.183s] [100%] Built target ament_cmake_python_build_tutorial_interfaces_egg
[2.188s] Invoked command in '/home/sis/ros2t_ws/build/tutorial_interfaces' returned '0': CMAKE_PREFIX_PATH=${CMAKE_PREFIX_PATH}:/home/sis/ros2t_ws/install/fibonacci_action_py:/home/sis/ros2t_ws/install/pubsub_py:/home/sis/ros2t_ws/install/add_service_py:/opt/ros/humble /usr/bin/cmake --build /home/sis/ros2t_ws/build/tutorial_interfaces -- -j4 -l4
[2.676s] Invoking command in '/home/sis/ros2t_ws/build/tutorial_interfaces': CMAKE_PREFIX_PATH=${CMAKE_PREFIX_PATH}:/home/sis/ros2t_ws/install/fibonacci_action_py:/home/sis/ros2t_ws/install/pubsub_py:/home/sis/ros2t_ws/install/add_service_py:/opt/ros/humble /usr/bin/cmake --install /home/sis/ros2t_ws/build/tutorial_interfaces
[2.700s] -- Install configuration: ""
[2.703s] -- Up-to-date: /home/sis/ros2t_ws/install/tutorial_interfaces/share/ament_index/resource_index/rosidl_interfaces/tutorial_interfaces
[2.706s] -- Up-to-date: /home/sis/ros2t_ws/install/tutorial_interfaces/include/tutorial_interfaces/tutorial_interfaces
[2.708s] -- Up-to-date: /home/sis/ros2t_ws/install/tutorial_interfaces/include/tutorial_interfaces/tutorial_interfaces/action
[2.709s] -- Up-to-date: /home/sis/ros2t_ws/install/tutorial_interfaces/include/tutorial_interfaces/tutorial_interfaces/action/detail
[2.712s] -- Up-to-date: /home/sis/ros2t_ws/install/tutorial_interfaces/include/tutorial_interfaces/tutorial_interfaces/action/detail/fibonacci__struct.h
[2.713s] -- Up-to-date: /home/sis/ros2t_ws/install/tutorial_interfaces/include/tutorial_interfaces/tutorial_interfaces/action/detail/fibonacci__type_support.h
[2.713s] -- Up-to-date: /home/sis/ros2t_ws/install/tutorial_interfaces/include/tutorial_interfaces/tutorial_interfaces/action/detail/fibonacci__functions.h
[2.714s] -- Up-to-date: /home/sis/ros2t_ws/install/tutorial_interfaces/include/tutorial_interfaces/tutorial_interfaces/action/detail/fibonacci__functions.c
[2.714s] -- Up-to-date: /home/sis/ros2t_ws/install/tutorial_interfaces/include/tutorial_interfaces/tutorial_interfaces/action/fibonacci.h
[2.715s] -- Up-to-date: /home/sis/ros2t_ws/install/tutorial_interfaces/include/tutorial_interfaces/tutorial_interfaces/srv
[2.721s] -- Up-to-date: /home/sis/ros2t_ws/install/tutorial_interfaces/include/tutorial_interfaces/tutorial_interfaces/srv/detail
[2.722s] -- Up-to-date: /home/sis/ros2t_ws/install/tutorial_interfaces/include/tutorial_interfaces/tutorial_interfaces/srv/detail/add_three_ints__functions.c
[2.722s] -- Up-to-date: /home/sis/ros2t_ws/install/tutorial_interfaces/include/tutorial_interfaces/tutorial_interfaces/srv/detail/add_three_ints__type_support.h
[2.722s] -- Up-to-date: /home/sis/ros2t_ws/install/tutorial_interfaces/include/tutorial_interfaces/tutorial_interfaces/srv/detail/add_three_ints__functions.h
[2.723s] -- Up-to-date: /home/sis/ros2t_ws/install/tutorial_interfaces/include/tutorial_interfaces/tutorial_interfaces/srv/detail/add_three_ints__struct.h
[2.723s] -- Up-to-date: /home/sis/ros2t_ws/install/tutorial_interfaces/include/tutorial_interfaces/tutorial_interfaces/srv/add_three_ints.h
[2.723s] -- Up-to-date: /home/sis/ros2t_ws/install/tutorial_interfaces/include/tutorial_interfaces/tutorial_interfaces/msg
[2.724s] -- Up-to-date: /home/sis/ros2t_ws/install/tutorial_interfaces/include/tutorial_interfaces/tutorial_interfaces/msg/detail
[2.724s] -- Up-to-date: /home/sis/ros2t_ws/install/tutorial_interfaces/include/tutorial_interfaces/tutorial_interfaces/msg/detail/num__functions.h
[2.725s] -- Up-to-date: /home/sis/ros2t_ws/install/tutorial_interfaces/include/tutorial_interfaces/tutorial_interfaces/msg/detail/num__struct.h
[2.725s] -- Up-to-date: /home/sis/ros2t_ws/install/tutorial_interfaces/include/tutorial_interfaces/tutorial_interfaces/msg/detail/num__type_support.h
[2.729s] -- Up-to-date: /home/sis/ros2t_ws/install/tutorial_interfaces/include/tutorial_interfaces/tutorial_interfaces/msg/detail/num__functions.c
[2.730s] -- Up-to-date: /home/sis/ros2t_ws/install/tutorial_interfaces/include/tutorial_interfaces/tutorial_interfaces/msg/num.h
[2.730s] -- Up-to-date: /home/sis/ros2t_ws/install/tutorial_interfaces/include/tutorial_interfaces/tutorial_interfaces/msg/rosidl_generator_c__visibility_control.h
[2.730s] -- Up-to-date: /home/sis/ros2t_ws/install/tutorial_interfaces/share/tutorial_interfaces/environment/library_path.sh
[2.731s] -- Up-to-date: /home/sis/ros2t_ws/install/tutorial_interfaces/share/tutorial_interfaces/environment/library_path.dsv
[2.732s] -- Up-to-date: /home/sis/ros2t_ws/install/tutorial_interfaces/lib/libtutorial_interfaces__rosidl_generator_c.so
[2.733s] -- Up-to-date: /home/sis/ros2t_ws/install/tutorial_interfaces/include/tutorial_interfaces/tutorial_interfaces
[2.733s] -- Up-to-date: /home/sis/ros2t_ws/install/tutorial_interfaces/include/tutorial_interfaces/tutorial_interfaces/action
[2.733s] -- Up-to-date: /home/sis/ros2t_ws/install/tutorial_interfaces/include/tutorial_interfaces/tutorial_interfaces/action/detail
[2.734s] -- Up-to-date: /home/sis/ros2t_ws/install/tutorial_interfaces/include/tutorial_interfaces/tutorial_interfaces/action/detail/fibonacci__rosidl_typesupport_fastrtps_c.h
[2.734s] -- Up-to-date: /home/sis/ros2t_ws/install/tutorial_interfaces/include/tutorial_interfaces/tutorial_interfaces/srv
[2.735s] -- Up-to-date: /home/sis/ros2t_ws/install/tutorial_interfaces/include/tutorial_interfaces/tutorial_interfaces/srv/detail
[2.735s] -- Up-to-date: /home/sis/ros2t_ws/install/tutorial_interfaces/include/tutorial_interfaces/tutorial_interfaces/srv/detail/add_three_ints__rosidl_typesupport_fastrtps_c.h
[2.735s] -- Up-to-date: /home/sis/ros2t_ws/install/tutorial_interfaces/include/tutorial_interfaces/tutorial_interfaces/msg
[2.736s] -- Up-to-date: /home/sis/ros2t_ws/install/tutorial_interfaces/include/tutorial_interfaces/tutorial_interfaces/msg/rosidl_typesupport_fastrtps_c__visibility_control.h
[2.736s] -- Up-to-date: /home/sis/ros2t_ws/install/tutorial_interfaces/include/tutorial_interfaces/tutorial_interfaces/msg/detail
[2.741s] -- Up-to-date: /home/sis/ros2t_ws/install/tutorial_interfaces/include/tutorial_interfaces/tutorial_interfaces/msg/detail/num__rosidl_typesupport_fastrtps_c.h
[2.742s] -- Up-to-date: /home/sis/ros2t_ws/install/tutorial_interfaces/lib/libtutorial_interfaces__rosidl_typesupport_fastrtps_c.so
[2.743s] -- Up-to-date: /home/sis/ros2t_ws/install/tutorial_interfaces/include/tutorial_interfaces/tutorial_interfaces
[2.743s] -- Up-to-date: /home/sis/ros2t_ws/install/tutorial_interfaces/include/tutorial_interfaces/tutorial_interfaces/action
[2.744s] -- Up-to-date: /home/sis/ros2t_ws/install/tutorial_interfaces/include/tutorial_interfaces/tutorial_interfaces/action/detail
[2.744s] -- Up-to-date: /home/sis/ros2t_ws/install/tutorial_interfaces/include/tutorial_interfaces/tutorial_interfaces/action/detail/fibonacci__struct.hpp
[2.744s] -- Up-to-date: /home/sis/ros2t_ws/install/tutorial_interfaces/include/tutorial_interfaces/tutorial_interfaces/action/detail/fibonacci__traits.hpp
[2.745s] -- Up-to-date: /home/sis/ros2t_ws/install/tutorial_interfaces/include/tutorial_interfaces/tutorial_interfaces/action/detail/fibonacci__builder.hpp
[2.745s] -- Up-to-date: /home/sis/ros2t_ws/install/tutorial_interfaces/include/tutorial_interfaces/tutorial_interfaces/action/fibonacci.hpp
[2.746s] -- Up-to-date: /home/sis/ros2t_ws/install/tutorial_interfaces/include/tutorial_interfaces/tutorial_interfaces/srv
[2.747s] -- Up-to-date: /home/sis/ros2t_ws/install/tutorial_interfaces/include/tutorial_interfaces/tutorial_interfaces/srv/detail
[2.748s] -- Up-to-date: /home/sis/ros2t_ws/install/tutorial_interfaces/include/tutorial_interfaces/tutorial_interfaces/srv/detail/add_three_ints__builder.hpp
[2.749s] -- Up-to-date: /home/sis/ros2t_ws/install/tutorial_interfaces/include/tutorial_interfaces/tutorial_interfaces/srv/detail/add_three_ints__struct.hpp
[2.753s] -- Up-to-date: /home/sis/ros2t_ws/install/tutorial_interfaces/include/tutorial_interfaces/tutorial_interfaces/srv/detail/add_three_ints__traits.hpp
[2.753s] -- Up-to-date: /home/sis/ros2t_ws/install/tutorial_interfaces/include/tutorial_interfaces/tutorial_interfaces/srv/add_three_ints.hpp
[2.754s] -- Up-to-date: /home/sis/ros2t_ws/install/tutorial_interfaces/include/tutorial_interfaces/tutorial_interfaces/msg
[2.754s] -- Up-to-date: /home/sis/ros2t_ws/install/tutorial_interfaces/include/tutorial_interfaces/tutorial_interfaces/msg/detail
[2.755s] -- Up-to-date: /home/sis/ros2t_ws/install/tutorial_interfaces/include/tutorial_interfaces/tutorial_interfaces/msg/detail/num__struct.hpp
[2.755s] -- Up-to-date: /home/sis/ros2t_ws/install/tutorial_interfaces/include/tutorial_interfaces/tutorial_interfaces/msg/detail/num__builder.hpp
[2.755s] -- Up-to-date: /home/sis/ros2t_ws/install/tutorial_interfaces/include/tutorial_interfaces/tutorial_interfaces/msg/detail/num__traits.hpp
[2.756s] -- Up-to-date: /home/sis/ros2t_ws/install/tutorial_interfaces/include/tutorial_interfaces/tutorial_interfaces/msg/num.hpp
[2.756s] -- Up-to-date: /home/sis/ros2t_ws/install/tutorial_interfaces/include/tutorial_interfaces/tutorial_interfaces
[2.757s] -- Up-to-date: /home/sis/ros2t_ws/install/tutorial_interfaces/include/tutorial_interfaces/tutorial_interfaces/action
[2.758s] -- Up-to-date: /home/sis/ros2t_ws/install/tutorial_interfaces/include/tutorial_interfaces/tutorial_interfaces/action/detail
[2.758s] -- Up-to-date: /home/sis/ros2t_ws/install/tutorial_interfaces/include/tutorial_interfaces/tutorial_interfaces/action/detail/fibonacci__rosidl_typesupport_fastrtps_cpp.hpp
[2.759s] -- Up-to-date: /home/sis/ros2t_ws/install/tutorial_interfaces/include/tutorial_interfaces/tutorial_interfaces/action/detail/dds_fastrtps
[2.765s] -- Up-to-date: /home/sis/ros2t_ws/install/tutorial_interfaces/include/tutorial_interfaces/tutorial_interfaces/srv
[2.765s] -- Up-to-date: /home/sis/ros2t_ws/install/tutorial_interfaces/include/tutorial_interfaces/tutorial_interfaces/srv/detail
[2.766s] -- Up-to-date: /home/sis/ros2t_ws/install/tutorial_interfaces/include/tutorial_interfaces/tutorial_interfaces/srv/detail/dds_fastrtps
[2.767s] -- Up-to-date: /home/sis/ros2t_ws/install/tutorial_interfaces/include/tutorial_interfaces/tutorial_interfaces/srv/detail/add_three_ints__rosidl_typesupport_fastrtps_cpp.hpp
[2.768s] -- Up-to-date: /home/sis/ros2t_ws/install/tutorial_interfaces/include/tutorial_interfaces/tutorial_interfaces/msg
[2.768s] -- Up-to-date: /home/sis/ros2t_ws/install/tutorial_interfaces/include/tutorial_interfaces/tutorial_interfaces/msg/rosidl_typesupport_fastrtps_cpp__visibility_control.h
[2.768s] -- Up-to-date: /home/sis/ros2t_ws/install/tutorial_interfaces/include/tutorial_interfaces/tutorial_interfaces/msg/detail
[2.768s] -- Up-to-date: /home/sis/ros2t_ws/install/tutorial_interfaces/include/tutorial_interfaces/tutorial_interfaces/msg/detail/dds_fastrtps
[2.768s] -- Up-to-date: /home/sis/ros2t_ws/install/tutorial_interfaces/include/tutorial_interfaces/tutorial_interfaces/msg/detail/num__rosidl_typesupport_fastrtps_cpp.hpp
[2.770s] -- Up-to-date: /home/sis/ros2t_ws/install/tutorial_interfaces/lib/libtutorial_interfaces__rosidl_typesupport_fastrtps_cpp.so
[2.770s] -- Up-to-date: /home/sis/ros2t_ws/install/tutorial_interfaces/include/tutorial_interfaces/tutorial_interfaces
[2.771s] -- Up-to-date: /home/sis/ros2t_ws/install/tutorial_interfaces/include/tutorial_interfaces/tutorial_interfaces/action
[2.771s] -- Up-to-date: /home/sis/ros2t_ws/install/tutorial_interfaces/include/tutorial_interfaces/tutorial_interfaces/action/detail
[2.771s] -- Up-to-date: /home/sis/ros2t_ws/install/tutorial_interfaces/include/tutorial_interfaces/tutorial_interfaces/action/detail/fibonacci__type_support.c
[2.771s] -- Up-to-date: /home/sis/ros2t_ws/install/tutorial_interfaces/include/tutorial_interfaces/tutorial_interfaces/action/detail/fibonacci__rosidl_typesupport_introspection_c.h
[2.774s] -- Up-to-date: /home/sis/ros2t_ws/install/tutorial_interfaces/include/tutorial_interfaces/tutorial_interfaces/srv
[2.774s] -- Up-to-date: /home/sis/ros2t_ws/install/tutorial_interfaces/include/tutorial_interfaces/tutorial_interfaces/srv/detail
[2.774s] -- Up-to-date: /home/sis/ros2t_ws/install/tutorial_interfaces/include/tutorial_interfaces/tutorial_interfaces/srv/detail/add_three_ints__rosidl_typesupport_introspection_c.h
[2.774s] -- Up-to-date: /home/sis/ros2t_ws/install/tutorial_interfaces/include/tutorial_interfaces/tutorial_interfaces/srv/detail/add_three_ints__type_support.c
[2.775s] -- Up-to-date: /home/sis/ros2t_ws/install/tutorial_interfaces/include/tutorial_interfaces/tutorial_interfaces/msg
[2.775s] -- Up-to-date: /home/sis/ros2t_ws/install/tutorial_interfaces/include/tutorial_interfaces/tutorial_interfaces/msg/rosidl_typesupport_introspection_c__visibility_control.h
[2.775s] -- Up-to-date: /home/sis/ros2t_ws/install/tutorial_interfaces/include/tutorial_interfaces/tutorial_interfaces/msg/detail
[2.775s] -- Up-to-date: /home/sis/ros2t_ws/install/tutorial_interfaces/include/tutorial_interfaces/tutorial_interfaces/msg/detail/num__type_support.c
[2.776s] -- Up-to-date: /home/sis/ros2t_ws/install/tutorial_interfaces/include/tutorial_interfaces/tutorial_interfaces/msg/detail/num__rosidl_typesupport_introspection_c.h
[2.776s] -- Up-to-date: /home/sis/ros2t_ws/install/tutorial_interfaces/lib/libtutorial_interfaces__rosidl_typesupport_introspection_c.so
[2.779s] -- Up-to-date: /home/sis/ros2t_ws/install/tutorial_interfaces/lib/libtutorial_interfaces__rosidl_typesupport_c.so
[2.781s] -- Up-to-date: /home/sis/ros2t_ws/install/tutorial_interfaces/include/tutorial_interfaces/tutorial_interfaces
[2.781s] -- Up-to-date: /home/sis/ros2t_ws/install/tutorial_interfaces/include/tutorial_interfaces/tutorial_interfaces/action
[2.781s] -- Up-to-date: /home/sis/ros2t_ws/install/tutorial_interfaces/include/tutorial_interfaces/tutorial_interfaces/action/detail
[2.781s] -- Up-to-date: /home/sis/ros2t_ws/install/tutorial_interfaces/include/tutorial_interfaces/tutorial_interfaces/action/detail/fibonacci__rosidl_typesupport_introspection_cpp.hpp
[2.781s] -- Up-to-date: /home/sis/ros2t_ws/install/tutorial_interfaces/include/tutorial_interfaces/tutorial_interfaces/action/detail/fibonacci__type_support.cpp
[2.782s] -- Up-to-date: /home/sis/ros2t_ws/install/tutorial_interfaces/include/tutorial_interfaces/tutorial_interfaces/srv
[2.782s] -- Up-to-date: /home/sis/ros2t_ws/install/tutorial_interfaces/include/tutorial_interfaces/tutorial_interfaces/srv/detail
[2.782s] -- Up-to-date: /home/sis/ros2t_ws/install/tutorial_interfaces/include/tutorial_interfaces/tutorial_interfaces/srv/detail/add_three_ints__rosidl_typesupport_introspection_cpp.hpp
[2.786s] -- Up-to-date: /home/sis/ros2t_ws/install/tutorial_interfaces/include/tutorial_interfaces/tutorial_interfaces/srv/detail/add_three_ints__type_support.cpp
[2.786s] -- Up-to-date: /home/sis/ros2t_ws/install/tutorial_interfaces/include/tutorial_interfaces/tutorial_interfaces/msg
[2.786s] -- Up-to-date: /home/sis/ros2t_ws/install/tutorial_interfaces/include/tutorial_interfaces/tutorial_interfaces/msg/detail
[2.787s] -- Up-to-date: /home/sis/ros2t_ws/install/tutorial_interfaces/include/tutorial_interfaces/tutorial_interfaces/msg/detail/num__type_support.cpp
[2.787s] -- Up-to-date: /home/sis/ros2t_ws/install/tutorial_interfaces/include/tutorial_interfaces/tutorial_interfaces/msg/detail/num__rosidl_typesupport_introspection_cpp.hpp
[2.787s] -- Up-to-date: /home/sis/ros2t_ws/install/tutorial_interfaces/lib/libtutorial_interfaces__rosidl_typesupport_introspection_cpp.so
[2.787s] -- Up-to-date: /home/sis/ros2t_ws/install/tutorial_interfaces/lib/libtutorial_interfaces__rosidl_typesupport_cpp.so
[2.787s] -- Up-to-date: /home/sis/ros2t_ws/install/tutorial_interfaces/share/tutorial_interfaces/environment/pythonpath.sh
[2.788s] -- Up-to-date: /home/sis/ros2t_ws/install/tutorial_interfaces/share/tutorial_interfaces/environment/pythonpath.dsv
[2.788s] -- Up-to-date: /home/sis/ros2t_ws/install/tutorial_interfaces/local/lib/python3.10/dist-packages/tutorial_interfaces-0.0.0-py3.10.egg-info
[2.788s] -- Installing: /home/sis/ros2t_ws/install/tutorial_interfaces/local/lib/python3.10/dist-packages/tutorial_interfaces-0.0.0-py3.10.egg-info/dependency_links.txt
[2.792s] -- Installing: /home/sis/ros2t_ws/install/tutorial_interfaces/local/lib/python3.10/dist-packages/tutorial_interfaces-0.0.0-py3.10.egg-info/SOURCES.txt
[2.793s] -- Installing: /home/sis/ros2t_ws/install/tutorial_interfaces/local/lib/python3.10/dist-packages/tutorial_interfaces-0.0.0-py3.10.egg-info/top_level.txt
[2.793s] -- Installing: /home/sis/ros2t_ws/install/tutorial_interfaces/local/lib/python3.10/dist-packages/tutorial_interfaces-0.0.0-py3.10.egg-info/PKG-INFO
[2.793s] -- Up-to-date: /home/sis/ros2t_ws/install/tutorial_interfaces/local/lib/python3.10/dist-packages/tutorial_interfaces
[2.793s] -- Up-to-date: /home/sis/ros2t_ws/install/tutorial_interfaces/local/lib/python3.10/dist-packages/tutorial_interfaces/action
[2.793s] -- Up-to-date: /home/sis/ros2t_ws/install/tutorial_interfaces/local/lib/python3.10/dist-packages/tutorial_interfaces/action/_fibonacci.py
[2.794s] -- Up-to-date: /home/sis/ros2t_ws/install/tutorial_interfaces/local/lib/python3.10/dist-packages/tutorial_interfaces/action/__init__.py
[2.794s] -- Up-to-date: /home/sis/ros2t_ws/install/tutorial_interfaces/local/lib/python3.10/dist-packages/tutorial_interfaces/action/_fibonacci_s.c
[2.794s] -- Up-to-date: /home/sis/ros2t_ws/install/tutorial_interfaces/local/lib/python3.10/dist-packages/tutorial_interfaces/tutorial_interfaces_s__rosidl_typesupport_introspection_c.cpython-310-x86_64-linux-gnu.so
[2.794s] -- Up-to-date: /home/sis/ros2t_ws/install/tutorial_interfaces/local/lib/python3.10/dist-packages/tutorial_interfaces/_tutorial_interfaces_s.ep.rosidl_typesupport_introspection_c.c
[2.794s] -- Up-to-date: /home/sis/ros2t_ws/install/tutorial_interfaces/local/lib/python3.10/dist-packages/tutorial_interfaces/libtutorial_interfaces__rosidl_generator_py.so
[2.794s] -- Up-to-date: /home/sis/ros2t_ws/install/tutorial_interfaces/local/lib/python3.10/dist-packages/tutorial_interfaces/tutorial_interfaces_s__rosidl_typesupport_c.cpython-310-x86_64-linux-gnu.so
[2.795s] -- Up-to-date: /home/sis/ros2t_ws/install/tutorial_interfaces/local/lib/python3.10/dist-packages/tutorial_interfaces/srv
[2.795s] -- Up-to-date: /home/sis/ros2t_ws/install/tutorial_interfaces/local/lib/python3.10/dist-packages/tutorial_interfaces/srv/_add_three_ints_s.c
[2.800s] -- Up-to-date: /home/sis/ros2t_ws/install/tutorial_interfaces/local/lib/python3.10/dist-packages/tutorial_interfaces/srv/__init__.py
[2.800s] -- Up-to-date: /home/sis/ros2t_ws/install/tutorial_interfaces/local/lib/python3.10/dist-packages/tutorial_interfaces/srv/_add_three_ints.py
[2.800s] -- Up-to-date: /home/sis/ros2t_ws/install/tutorial_interfaces/local/lib/python3.10/dist-packages/tutorial_interfaces/msg
[2.801s] -- Up-to-date: /home/sis/ros2t_ws/install/tutorial_interfaces/local/lib/python3.10/dist-packages/tutorial_interfaces/msg/_num_s.c
[2.801s] -- Up-to-date: /home/sis/ros2t_ws/install/tutorial_interfaces/local/lib/python3.10/dist-packages/tutorial_interfaces/msg/__init__.py
[2.801s] -- Up-to-date: /home/sis/ros2t_ws/install/tutorial_interfaces/local/lib/python3.10/dist-packages/tutorial_interfaces/msg/_num.py
[2.801s] -- Up-to-date: /home/sis/ros2t_ws/install/tutorial_interfaces/local/lib/python3.10/dist-packages/tutorial_interfaces/_tutorial_interfaces_s.ep.rosidl_typesupport_fastrtps_c.c
[2.801s] -- Up-to-date: /home/sis/ros2t_ws/install/tutorial_interfaces/local/lib/python3.10/dist-packages/tutorial_interfaces/_tutorial_interfaces_s.ep.rosidl_typesupport_c.c
[2.801s] -- Up-to-date: /home/sis/ros2t_ws/install/tutorial_interfaces/local/lib/python3.10/dist-packages/tutorial_interfaces/__init__.py
[2.802s] -- Up-to-date: /home/sis/ros2t_ws/install/tutorial_interfaces/local/lib/python3.10/dist-packages/tutorial_interfaces/tutorial_interfaces_s__rosidl_typesupport_fastrtps_c.cpython-310-x86_64-linux-gnu.so
[3.021s] Listing '/home/sis/ros2t_ws/install/tutorial_interfaces/local/lib/python3.10/dist-packages/tutorial_interfaces'...
[3.021s] Listing '/home/sis/ros2t_ws/install/tutorial_interfaces/local/lib/python3.10/dist-packages/tutorial_interfaces/action'...
[3.021s] Listing '/home/sis/ros2t_ws/install/tutorial_interfaces/local/lib/python3.10/dist-packages/tutorial_interfaces/msg'...
[3.022s] Listing '/home/sis/ros2t_ws/install/tutorial_interfaces/local/lib/python3.10/dist-packages/tutorial_interfaces/srv'...
[3.049s] -- Up-to-date: /home/sis/ros2t_ws/install/tutorial_interfaces/local/lib/python3.10/dist-packages/tutorial_interfaces/tutorial_interfaces_s__rosidl_typesupport_fastrtps_c.cpython-310-x86_64-linux-gnu.so
[3.049s] -- Up-to-date: /home/sis/ros2t_ws/install/tutorial_interfaces/local/lib/python3.10/dist-packages/tutorial_interfaces/tutorial_interfaces_s__rosidl_typesupport_introspection_c.cpython-310-x86_64-linux-gnu.so
[3.050s] -- Up-to-date: /home/sis/ros2t_ws/install/tutorial_interfaces/local/lib/python3.10/dist-packages/tutorial_interfaces/tutorial_interfaces_s__rosidl_typesupport_c.cpython-310-x86_64-linux-gnu.so
[3.050s] -- Up-to-date: /home/sis/ros2t_ws/install/tutorial_interfaces/lib/libtutorial_interfaces__rosidl_generator_py.so
[3.075s] -- Up-to-date: /home/sis/ros2t_ws/install/tutorial_interfaces/share/tutorial_interfaces/msg/Num.idl
[3.076s] -- Up-to-date: /home/sis/ros2t_ws/install/tutorial_interfaces/share/tutorial_interfaces/srv/AddThreeInts.idl
[3.077s] -- Up-to-date: /home/sis/ros2t_ws/install/tutorial_interfaces/share/tutorial_interfaces/action/Fibonacci.idl
[3.077s] -- Up-to-date: /home/sis/ros2t_ws/install/tutorial_interfaces/share/tutorial_interfaces/msg/Num.msg
[3.077s] -- Up-to-date: /home/sis/ros2t_ws/install/tutorial_interfaces/share/tutorial_interfaces/srv/AddThreeInts.srv
[3.077s] -- Up-to-date: /home/sis/ros2t_ws/install/tutorial_interfaces/share/tutorial_interfaces/srv/AddThreeInts_Request.msg
[3.077s] -- Up-to-date: /home/sis/ros2t_ws/install/tutorial_interfaces/share/tutorial_interfaces/srv/AddThreeInts_Response.msg
[3.078s] -- Up-to-date: /home/sis/ros2t_ws/install/tutorial_interfaces/share/tutorial_interfaces/action/Fibonacci.action
[3.078s] -- Up-to-date: /home/sis/ros2t_ws/install/tutorial_interfaces/share/ament_index/resource_index/package_run_dependencies/tutorial_interfaces
[3.078s] -- Up-to-date: /home/sis/ros2t_ws/install/tutorial_interfaces/share/ament_index/resource_index/parent_prefix_path/tutorial_interfaces
[3.078s] -- Up-to-date: /home/sis/ros2t_ws/install/tutorial_interfaces/share/tutorial_interfaces/environment/ament_prefix_path.sh
[3.078s] -- Up-to-date: /home/sis/ros2t_ws/install/tutorial_interfaces/share/tutorial_interfaces/environment/ament_prefix_path.dsv
[3.078s] -- Up-to-date: /home/sis/ros2t_ws/install/tutorial_interfaces/share/tutorial_interfaces/environment/path.sh
[3.079s] -- Up-to-date: /home/sis/ros2t_ws/install/tutorial_interfaces/share/tutorial_interfaces/environment/path.dsv
[3.079s] -- Up-to-date: /home/sis/ros2t_ws/install/tutorial_interfaces/share/tutorial_interfaces/local_setup.bash
[3.079s] -- Up-to-date: /home/sis/ros2t_ws/install/tutorial_interfaces/share/tutorial_interfaces/local_setup.sh
[3.079s] -- Up-to-date: /home/sis/ros2t_ws/install/tutorial_interfaces/share/tutorial_interfaces/local_setup.zsh
[3.079s] -- Up-to-date: /home/sis/ros2t_ws/install/tutorial_interfaces/share/tutorial_interfaces/local_setup.dsv
[3.079s] -- Installing: /home/sis/ros2t_ws/install/tutorial_interfaces/share/tutorial_interfaces/package.dsv
[3.080s] -- Up-to-date: /home/sis/ros2t_ws/install/tutorial_interfaces/share/ament_index/resource_index/packages/tutorial_interfaces
[3.080s] -- Up-to-date: /home/sis/ros2t_ws/install/tutorial_interfaces/share/tutorial_interfaces/cmake/export_tutorial_interfaces__rosidl_generator_cExport.cmake
[3.080s] -- Up-to-date: /home/sis/ros2t_ws/install/tutorial_interfaces/share/tutorial_interfaces/cmake/export_tutorial_interfaces__rosidl_generator_cExport-noconfig.cmake
[3.080s] -- Up-to-date: /home/sis/ros2t_ws/install/tutorial_interfaces/share/tutorial_interfaces/cmake/export_tutorial_interfaces__rosidl_typesupport_fastrtps_cExport.cmake
[3.080s] -- Up-to-date: /home/sis/ros2t_ws/install/tutorial_interfaces/share/tutorial_interfaces/cmake/export_tutorial_interfaces__rosidl_typesupport_fastrtps_cExport-noconfig.cmake
[3.080s] -- Up-to-date: /home/sis/ros2t_ws/install/tutorial_interfaces/share/tutorial_interfaces/cmake/export_tutorial_interfaces__rosidl_generator_cppExport.cmake
[3.081s] -- Up-to-date: /home/sis/ros2t_ws/install/tutorial_interfaces/share/tutorial_interfaces/cmake/export_tutorial_interfaces__rosidl_typesupport_fastrtps_cppExport.cmake
[3.082s] -- Up-to-date: /home/sis/ros2t_ws/install/tutorial_interfaces/share/tutorial_interfaces/cmake/export_tutorial_interfaces__rosidl_typesupport_fastrtps_cppExport-noconfig.cmake
[3.082s] -- Up-to-date: /home/sis/ros2t_ws/install/tutorial_interfaces/share/tutorial_interfaces/cmake/tutorial_interfaces__rosidl_typesupport_introspection_cExport.cmake
[3.083s] -- Up-to-date: /home/sis/ros2t_ws/install/tutorial_interfaces/share/tutorial_interfaces/cmake/tutorial_interfaces__rosidl_typesupport_introspection_cExport-noconfig.cmake
[3.083s] -- Up-to-date: /home/sis/ros2t_ws/install/tutorial_interfaces/share/tutorial_interfaces/cmake/tutorial_interfaces__rosidl_typesupport_cExport.cmake
[3.083s] -- Up-to-date: /home/sis/ros2t_ws/install/tutorial_interfaces/share/tutorial_interfaces/cmake/tutorial_interfaces__rosidl_typesupport_cExport-noconfig.cmake
[3.083s] -- Up-to-date: /home/sis/ros2t_ws/install/tutorial_interfaces/share/tutorial_interfaces/cmake/tutorial_interfaces__rosidl_typesupport_introspection_cppExport.cmake
[3.084s] -- Up-to-date: /home/sis/ros2t_ws/install/tutorial_interfaces/share/tutorial_interfaces/cmake/tutorial_interfaces__rosidl_typesupport_introspection_cppExport-noconfig.cmake
[3.084s] -- Up-to-date: /home/sis/ros2t_ws/install/tutorial_interfaces/share/tutorial_interfaces/cmake/tutorial_interfaces__rosidl_typesupport_cppExport.cmake
[3.084s] -- Up-to-date: /home/sis/ros2t_ws/install/tutorial_interfaces/share/tutorial_interfaces/cmake/tutorial_interfaces__rosidl_typesupport_cppExport-noconfig.cmake
[3.084s] -- Up-to-date: /home/sis/ros2t_ws/install/tutorial_interfaces/share/tutorial_interfaces/cmake/export_tutorial_interfaces__rosidl_generator_pyExport.cmake
[3.085s] -- Up-to-date: /home/sis/ros2t_ws/install/tutorial_interfaces/share/tutorial_interfaces/cmake/export_tutorial_interfaces__rosidl_generator_pyExport-noconfig.cmake
[3.085s] -- Up-to-date: /home/sis/ros2t_ws/install/tutorial_interfaces/share/tutorial_interfaces/cmake/rosidl_cmake-extras.cmake
[3.085s] -- Up-to-date: /home/sis/ros2t_ws/install/tutorial_interfaces/share/tutorial_interfaces/cmake/ament_cmake_export_dependencies-extras.cmake
[3.085s] -- Up-to-date: /home/sis/ros2t_ws/install/tutorial_interfaces/share/tutorial_interfaces/cmake/ament_cmake_export_include_directories-extras.cmake
[3.085s] -- Up-to-date: /home/sis/ros2t_ws/install/tutorial_interfaces/share/tutorial_interfaces/cmake/ament_cmake_export_libraries-extras.cmake
[3.086s] -- Up-to-date: /home/sis/ros2t_ws/install/tutorial_interfaces/share/tutorial_interfaces/cmake/ament_cmake_export_targets-extras.cmake
[3.086s] -- Up-to-date: /home/sis/ros2t_ws/install/tutorial_interfaces/share/tutorial_interfaces/cmake/rosidl_cmake_export_typesupport_targets-extras.cmake
[3.086s] -- Up-to-date: /home/sis/ros2t_ws/install/tutorial_interfaces/share/tutorial_interfaces/cmake/rosidl_cmake_export_typesupport_libraries-extras.cmake
[3.086s] -- Up-to-date: /home/sis/ros2t_ws/install/tutorial_interfaces/share/tutorial_interfaces/cmake/tutorial_interfacesConfig.cmake
[3.086s] -- Up-to-date: /home/sis/ros2t_ws/install/tutorial_interfaces/share/tutorial_interfaces/cmake/tutorial_interfacesConfig-version.cmake
[3.086s] -- Up-to-date: /home/sis/ros2t_ws/install/tutorial_interfaces/share/tutorial_interfaces/package.xml
[3.855s] Invoked command in '/home/sis/ros2t_ws/build/tutorial_interfaces' returned '0': CMAKE_PREFIX_PATH=${CMAKE_PREFIX_PATH}:/home/sis/ros2t_ws/install/fibonacci_action_py:/home/sis/ros2t_ws/install/pubsub_py:/home/sis/ros2t_ws/install/add_service_py:/opt/ros/humble /usr/bin/cmake --install /home/sis/ros2t_ws/build/tutorial_interfaces
