[5.688s] Invoking command in '/home/sis/ros2t_ws/src/pubsub_py': PYTHONPATH=/home/sis/ros2t_ws/build/pubsub_py/prefix_override:/home/sis/ros2t_ws/install/pubsub_py/lib/python3.10/site-packages:${PYTHONPATH} /usr/bin/python3 setup.py egg_info --egg-base ../../build/pubsub_py build --build-base /home/sis/ros2t_ws/build/pubsub_py/build install --record /home/sis/ros2t_ws/build/pubsub_py/install.log --single-version-externally-managed
[7.691s] running egg_info
[7.694s] writing ../../build/pubsub_py/pubsub_py.egg-info/PKG-INFO
[7.699s] writing dependency_links to ../../build/pubsub_py/pubsub_py.egg-info/dependency_links.txt
[7.704s] writing entry points to ../../build/pubsub_py/pubsub_py.egg-info/entry_points.txt
[7.710s] writing requirements to ../../build/pubsub_py/pubsub_py.egg-info/requires.txt
[7.713s] writing top-level names to ../../build/pubsub_py/pubsub_py.egg-info/top_level.txt
[7.732s] reading manifest file '../../build/pubsub_py/pubsub_py.egg-info/SOURCES.txt'
[7.741s] writing manifest file '../../build/pubsub_py/pubsub_py.egg-info/SOURCES.txt'
[7.745s] running build
[7.749s] running build_py
[7.758s] running install
[7.760s] running install_lib
[7.765s] running install_data
[7.767s] running install_egg_info
[7.773s] removing '/home/sis/ros2t_ws/install/pubsub_py/lib/python3.10/site-packages/pubsub_py-0.0.0-py3.10.egg-info' (and everything under it)
[7.775s] Copying ../../build/pubsub_py/pubsub_py.egg-info to /home/sis/ros2t_ws/install/pubsub_py/lib/python3.10/site-packages/pubsub_py-0.0.0-py3.10.egg-info
[7.779s] running install_scripts
[7.948s] Installing pub script to /home/sis/ros2t_ws/install/pubsub_py/lib/pubsub_py
[7.949s] Installing sub script to /home/sis/ros2t_ws/install/pubsub_py/lib/pubsub_py
[7.950s] writing list of installed files to '/home/sis/ros2t_ws/build/pubsub_py/install.log'
[8.416s] Invoked command in '/home/sis/ros2t_ws/src/pubsub_py' returned '0': PYTHONPATH=/home/sis/ros2t_ws/build/pubsub_py/prefix_override:/home/sis/ros2t_ws/install/pubsub_py/lib/python3.10/site-packages:${PYTHONPATH} /usr/bin/python3 setup.py egg_info --egg-base ../../build/pubsub_py build --build-base /home/sis/ros2t_ws/build/pubsub_py/build install --record /home/sis/ros2t_ws/build/pubsub_py/install.log --single-version-externally-managed
