[8.190s] Invoking command in '/home/sis/ros2t_ws/src/add_service_py': PYTHONPATH=/home/sis/ros2t_ws/build/add_service_py/prefix_override:/home/sis/ros2t_ws/install/add_service_py/lib/python3.10/site-packages:${PYTHONPATH} /usr/bin/python3 setup.py egg_info --egg-base ../../build/add_service_py build --build-base /home/sis/ros2t_ws/build/add_service_py/build install --record /home/sis/ros2t_ws/build/add_service_py/install.log --single-version-externally-managed
[9.884s] running egg_info
[9.894s] writing ../../build/add_service_py/add_service_py.egg-info/PKG-INFO
[9.895s] writing dependency_links to ../../build/add_service_py/add_service_py.egg-info/dependency_links.txt
[9.895s] writing entry points to ../../build/add_service_py/add_service_py.egg-info/entry_points.txt
[9.896s] writing requirements to ../../build/add_service_py/add_service_py.egg-info/requires.txt
[9.896s] writing top-level names to ../../build/add_service_py/add_service_py.egg-info/top_level.txt
[9.909s] reading manifest file '../../build/add_service_py/add_service_py.egg-info/SOURCES.txt'
[9.912s] writing manifest file '../../build/add_service_py/add_service_py.egg-info/SOURCES.txt'
[9.912s] running build
[9.913s] running build_py
[9.913s] running install
[9.915s] running install_lib
[9.917s] running install_data
[9.926s] running install_egg_info
[9.933s] removing '/home/sis/ros2t_ws/install/add_service_py/lib/python3.10/site-packages/add_service_py-0.0.0-py3.10.egg-info' (and everything under it)
[9.933s] Copying ../../build/add_service_py/add_service_py.egg-info to /home/sis/ros2t_ws/install/add_service_py/lib/python3.10/site-packages/add_service_py-0.0.0-py3.10.egg-info
[9.948s] running install_scripts
[10.093s] Installing client script to /home/sis/ros2t_ws/install/add_service_py/lib/add_service_py
[10.093s] Installing server script to /home/sis/ros2t_ws/install/add_service_py/lib/add_service_py
[10.094s] writing list of installed files to '/home/sis/ros2t_ws/build/add_service_py/install.log'
[10.278s] Invoked command in '/home/sis/ros2t_ws/src/add_service_py' returned '0': PYTHONPATH=/home/sis/ros2t_ws/build/add_service_py/prefix_override:/home/sis/ros2t_ws/install/add_service_py/lib/python3.10/site-packages:${PYTHONPATH} /usr/bin/python3 setup.py egg_info --egg-base ../../build/add_service_py build --build-base /home/sis/ros2t_ws/build/add_service_py/build install --record /home/sis/ros2t_ws/build/add_service_py/install.log --single-version-externally-managed
