[2.002s] Invoking command in '/home/sis/ros2t_ws/src/fibonacci_action_py': PYTHONPATH=/home/sis/ros2t_ws/build/fibonacci_action_py/prefix_override:/home/sis/ros2t_ws/install/fibonacci_action_py/lib/python3.10/site-packages:${PYTHONPATH} /usr/bin/python3 setup.py egg_info --egg-base ../../build/fibonacci_action_py build --build-base /home/sis/ros2t_ws/build/fibonacci_action_py/build install --record /home/sis/ros2t_ws/build/fibonacci_action_py/install.log --single-version-externally-managed
[2.646s] running egg_info
[2.646s] writing ../../build/fibonacci_action_py/fibonacci_action_py.egg-info/PKG-INFO
[2.647s] writing dependency_links to ../../build/fibonacci_action_py/fibonacci_action_py.egg-info/dependency_links.txt
[2.647s] writing entry points to ../../build/fibonacci_action_py/fibonacci_action_py.egg-info/entry_points.txt
[2.648s] writing requirements to ../../build/fibonacci_action_py/fibonacci_action_py.egg-info/requires.txt
[2.649s] writing top-level names to ../../build/fibonacci_action_py/fibonacci_action_py.egg-info/top_level.txt
[2.651s] reading manifest file '../../build/fibonacci_action_py/fibonacci_action_py.egg-info/SOURCES.txt'
[2.653s] writing manifest file '../../build/fibonacci_action_py/fibonacci_action_py.egg-info/SOURCES.txt'
[2.653s] running build
[2.653s] running build_py
[2.654s] copying fibonacci_action_py/server.py -> /home/sis/ros2t_ws/build/fibonacci_action_py/build/lib/fibonacci_action_py
[2.654s] running install
[2.654s] running install_lib
[2.664s] running install_data
[2.664s] running install_egg_info
[2.669s] removing '/home/sis/ros2t_ws/install/fibonacci_action_py/lib/python3.10/site-packages/fibonacci_action_py-0.0.0-py3.10.egg-info' (and everything under it)
[2.670s] Copying ../../build/fibonacci_action_py/fibonacci_action_py.egg-info to /home/sis/ros2t_ws/install/fibonacci_action_py/lib/python3.10/site-packages/fibonacci_action_py-0.0.0-py3.10.egg-info
[2.672s] running install_scripts
[2.710s] Installing client script to /home/sis/ros2t_ws/install/fibonacci_action_py/lib/fibonacci_action_py
[2.711s] Installing server script to /home/sis/ros2t_ws/install/fibonacci_action_py/lib/fibonacci_action_py
[2.711s] writing list of installed files to '/home/sis/ros2t_ws/build/fibonacci_action_py/install.log'
[2.780s] Invoked command in '/home/sis/ros2t_ws/src/fibonacci_action_py' returned '0': PYTHONPATH=/home/sis/ros2t_ws/build/fibonacci_action_py/prefix_override:/home/sis/ros2t_ws/install/fibonacci_action_py/lib/python3.10/site-packages:${PYTHONPATH} /usr/bin/python3 setup.py egg_info --egg-base ../../build/fibonacci_action_py build --build-base /home/sis/ros2t_ws/build/fibonacci_action_py/build install --record /home/sis/ros2t_ws/build/fibonacci_action_py/install.log --single-version-externally-managed
