[2.663s] Invoking command in '/home/sis/ros2t_ws/src/add_service_py': PYTHONPATH=/home/sis/ros2t_ws/build/add_service_py/prefix_override:/home/sis/ros2t_ws/install/add_service_py/lib/python3.10/site-packages:${PYTHONPATH} /usr/bin/python3 setup.py egg_info --egg-base ../../build/add_service_py build --build-base /home/sis/ros2t_ws/build/add_service_py/build install --record /home/sis/ros2t_ws/build/add_service_py/install.log --single-version-externally-managed
[3.898s] running egg_info
[3.906s] writing ../../build/add_service_py/add_service_py.egg-info/PKG-INFO
[3.906s] writing dependency_links to ../../build/add_service_py/add_service_py.egg-info/dependency_links.txt
[3.906s] writing entry points to ../../build/add_service_py/add_service_py.egg-info/entry_points.txt
[3.906s] writing requirements to ../../build/add_service_py/add_service_py.egg-info/requires.txt
[3.906s] writing top-level names to ../../build/add_service_py/add_service_py.egg-info/top_level.txt
[3.918s] reading manifest file '../../build/add_service_py/add_service_py.egg-info/SOURCES.txt'
[3.934s] writing manifest file '../../build/add_service_py/add_service_py.egg-info/SOURCES.txt'
[3.934s] running build
[3.934s] running build_py
[3.934s] running install
[3.934s] running install_lib
[3.950s] running install_data
[3.950s] running install_egg_info
[3.966s] removing '/home/sis/ros2t_ws/install/add_service_py/lib/python3.10/site-packages/add_service_py-0.0.0-py3.10.egg-info' (and everything under it)
[3.978s] Copying ../../build/add_service_py/add_service_py.egg-info to /home/sis/ros2t_ws/install/add_service_py/lib/python3.10/site-packages/add_service_py-0.0.0-py3.10.egg-info
[3.998s] running install_scripts
[4.191s] Installing client script to /home/sis/ros2t_ws/install/add_service_py/lib/add_service_py
[4.202s] Installing server script to /home/sis/ros2t_ws/install/add_service_py/lib/add_service_py
[4.202s] writing list of installed files to '/home/sis/ros2t_ws/build/add_service_py/install.log'
[4.465s] Invoked command in '/home/sis/ros2t_ws/src/add_service_py' returned '0': PYTHONPATH=/home/sis/ros2t_ws/build/add_service_py/prefix_override:/home/sis/ros2t_ws/install/add_service_py/lib/python3.10/site-packages:${PYTHONPATH} /usr/bin/python3 setup.py egg_info --egg-base ../../build/add_service_py build --build-base /home/sis/ros2t_ws/build/add_service_py/build install --record /home/sis/ros2t_ws/build/add_service_py/install.log --single-version-externally-managed
