[5.919s] Invoking command in '/home/sis/ros2t_ws/src/add_service_py': PYTHONPATH=/home/sis/ros2t_ws/build/add_service_py/prefix_override:/home/sis/ros2t_ws/install/add_service_py/lib/python3.10/site-packages:${PYTHONPATH} /usr/bin/python3 setup.py egg_info --egg-base ../../build/add_service_py build --build-base /home/sis/ros2t_ws/build/add_service_py/build install --record /home/sis/ros2t_ws/build/add_service_py/install.log --single-version-externally-managed
[8.319s] running egg_info
[8.327s] writing ../../build/add_service_py/add_service_py.egg-info/PKG-INFO
[8.328s] writing dependency_links to ../../build/add_service_py/add_service_py.egg-info/dependency_links.txt
[8.329s] writing entry points to ../../build/add_service_py/add_service_py.egg-info/entry_points.txt
[8.329s] writing requirements to ../../build/add_service_py/add_service_py.egg-info/requires.txt
[8.330s] writing top-level names to ../../build/add_service_py/add_service_py.egg-info/top_level.txt
[8.337s] reading manifest file '../../build/add_service_py/add_service_py.egg-info/SOURCES.txt'
[8.347s] writing manifest file '../../build/add_service_py/add_service_py.egg-info/SOURCES.txt'
[8.358s] running build
[8.358s] running build_py
[8.362s] running install
[8.363s] running install_lib
[8.385s] running install_data
[8.391s] running install_egg_info
[8.420s] removing '/home/sis/ros2t_ws/install/add_service_py/lib/python3.10/site-packages/add_service_py-0.0.0-py3.10.egg-info' (and everything under it)
[8.422s] Copying ../../build/add_service_py/add_service_py.egg-info to /home/sis/ros2t_ws/install/add_service_py/lib/python3.10/site-packages/add_service_py-0.0.0-py3.10.egg-info
[8.426s] running install_scripts
[8.667s] Installing client script to /home/sis/ros2t_ws/install/add_service_py/lib/add_service_py
[8.669s] Installing server script to /home/sis/ros2t_ws/install/add_service_py/lib/add_service_py
[8.670s] writing list of installed files to '/home/sis/ros2t_ws/build/add_service_py/install.log'
[8.901s] Invoked command in '/home/sis/ros2t_ws/src/add_service_py' returned '0': PYTHONPATH=/home/sis/ros2t_ws/build/add_service_py/prefix_override:/home/sis/ros2t_ws/install/add_service_py/lib/python3.10/site-packages:${PYTHONPATH} /usr/bin/python3 setup.py egg_info --egg-base ../../build/add_service_py build --build-base /home/sis/ros2t_ws/build/add_service_py/build install --record /home/sis/ros2t_ws/build/add_service_py/install.log --single-version-externally-managed
