[0.613s] Invoking command in '/home/sis/ros2t_ws/build/tutorial_interfaces': CMAKE_PREFIX_PATH=${CMAKE_PREFIX_PATH}:/home/sis/ros2t_ws/install/fibonacci_action_py:/home/sis/ros2t_ws/install/pubsub_py:/home/sis/ros2t_ws/install/add_service_py:/opt/ros/humble /usr/bin/cmake --build /home/sis/ros2t_ws/build/tutorial_interfaces -- -j4 -l4
[1.315s] -- Found ament_cmake: 1.3.6 (/opt/ros/humble/share/ament_cmake/cmake)
[1.317s] -- Found builtin_interfaces: 1.2.1 (/opt/ros/humble/share/builtin_interfaces/cmake)
[1.320s] -- Found rosidl_generator_c: 3.1.5 (/opt/ros/humble/share/rosidl_generator_c/cmake)
[1.322s] -- Found rosidl_adapter: 3.1.5 (/opt/ros/humble/share/rosidl_adapter/cmake)
[1.323s] -- Found rosidl_generator_cpp: 3.1.5 (/opt/ros/humble/share/rosidl_generator_cpp/cmake)
[1.324s] -- Using all available rosidl_typesupport_c: rosidl_typesupport_fastrtps_c;rosidl_typesupport_introspection_c
[1.324s] -- Using all available rosidl_typesupport_cpp: rosidl_typesupport_fastrtps_cpp;rosidl_typesupport_introspection_cpp
[1.324s] -- Found rosidl_default_generators: 1.2.0 (/opt/ros/humble/share/rosidl_default_generators/cmake)
[1.988s] -- Found ament_cmake_ros: 0.10.0 (/opt/ros/humble/share/ament_cmake_ros/cmake)
[2.635s] -- Using all available rosidl_typesupport_c: rosidl_typesupport_fastrtps_c;rosidl_typesupport_introspection_c
[2.888s] -- Using all available rosidl_typesupport_cpp: rosidl_typesupport_fastrtps_cpp;rosidl_typesupport_introspection_cpp
[2.926s] -- Found python_cmake_module: 0.10.0 (/opt/ros/humble/share/python_cmake_module/cmake)
[2.977s] -- Using PYTHON_EXECUTABLE: /usr/bin/python3
[2.977s] -- Using PYTHON_INCLUDE_DIRS: /usr/include/python3.10
[2.978s] -- Using PYTHON_LIBRARIES: /usr/lib/x86_64-linux-gnu/libpython3.10.so
[3.069s] -- Configuring done
[3.199s] -- Generating done
[3.199s] -- Build files have been written to: /home/sis/ros2t_ws/build/tutorial_interfaces
[3.267s] [  2%] [34m[1mGenerating C code for ROS interfaces[0m
[3.400s] [  4%] [34m[1mGenerating C++ code for ROS interfaces[0m
[3.462s] [  4%] Built target ament_cmake_python_copy_tutorial_interfaces
[4.834s] running egg_info
[4.838s] writing tutorial_interfaces.egg-info/PKG-INFO
[4.840s] writing dependency_links to tutorial_interfaces.egg-info/dependency_links.txt
[4.843s] writing top-level names to tutorial_interfaces.egg-info/top_level.txt
[4.863s] reading manifest file 'tutorial_interfaces.egg-info/SOURCES.txt'
[4.865s] writing manifest file 'tutorial_interfaces.egg-info/SOURCES.txt'
[5.048s] [  4%] Built target ament_cmake_python_build_tutorial_interfaces_egg
[6.560s] [  4%] Built target tutorial_interfaces__cpp
[6.646s] [  6%] [34m[1mGenerating C++ type support for eProsima Fast-RTPS[0m
[6.683s] [  8%] [34m[1mGenerating C++ introspection for ROS interfaces[0m
[6.709s] [ 10%] [34m[1mGenerating C++ type support dispatch for ROS interfaces[0m
[7.590s] [35m[1mConsolidate compiler generated dependencies of target tutorial_interfaces__rosidl_generator_c[0m
[7.708s] [ 12%] [32mBuilding C object CMakeFiles/tutorial_interfaces__rosidl_generator_c.dir/rosidl_generator_c/tutorial_interfaces/msg/detail/num__functions.c.o[0m
[8.213s] [ 14%] [32mBuilding C object CMakeFiles/tutorial_interfaces__rosidl_generator_c.dir/rosidl_generator_c/tutorial_interfaces/srv/detail/add_three_ints__functions.c.o[0m
[8.740s] [ 17%] [32mBuilding C object CMakeFiles/tutorial_interfaces__rosidl_generator_c.dir/rosidl_generator_c/tutorial_interfaces/action/detail/fibonacci__functions.c.o[0m
[9.640s] [35m[1mConsolidate compiler generated dependencies of target tutorial_interfaces__rosidl_typesupport_cpp[0m
[9.760s] [ 19%] [32mBuilding CXX object CMakeFiles/tutorial_interfaces__rosidl_typesupport_cpp.dir/rosidl_typesupport_cpp/tutorial_interfaces/msg/num__type_support.cpp.o[0m
[9.795s] [35m[1mConsolidate compiler generated dependencies of target tutorial_interfaces__rosidl_typesupport_fastrtps_cpp[0m
[9.815s] [35m[1mConsolidate compiler generated dependencies of target tutorial_interfaces__rosidl_typesupport_introspection_cpp[0m
[9.844s] [ 21%] [32m[1mLinking C shared library libtutorial_interfaces__rosidl_generator_c.so[0m
[9.943s] [ 23%] [32mBuilding CXX object CMakeFiles/tutorial_interfaces__rosidl_typesupport_introspection_cpp.dir/rosidl_typesupport_introspection_cpp/tutorial_interfaces/msg/detail/num__type_support.cpp.o[0m
[9.967s] [ 25%] [32mBuilding CXX object CMakeFiles/tutorial_interfaces__rosidl_typesupport_fastrtps_cpp.dir/rosidl_typesupport_fastrtps_cpp/tutorial_interfaces/msg/detail/dds_fastrtps/num__type_support.cpp.o[0m
[10.215s] [ 25%] Built target tutorial_interfaces__rosidl_generator_c
[10.357s] [ 27%] [34m[1mGenerating C type support for eProsima Fast-RTPS[0m
[11.721s] [ 29%] [32mBuilding CXX object CMakeFiles/tutorial_interfaces__rosidl_typesupport_introspection_cpp.dir/rosidl_typesupport_introspection_cpp/tutorial_interfaces/srv/detail/add_three_ints__type_support.cpp.o[0m
[12.369s] [ 31%] [32mBuilding CXX object CMakeFiles/tutorial_interfaces__rosidl_typesupport_cpp.dir/rosidl_typesupport_cpp/tutorial_interfaces/srv/add_three_ints__type_support.cpp.o[0m
[13.745s] [ 34%] [32mBuilding CXX object CMakeFiles/tutorial_interfaces__rosidl_typesupport_fastrtps_cpp.dir/rosidl_typesupport_fastrtps_cpp/tutorial_interfaces/srv/detail/dds_fastrtps/add_three_ints__type_support.cpp.o[0m
[13.779s] [ 36%] [32mBuilding CXX object CMakeFiles/tutorial_interfaces__rosidl_typesupport_introspection_cpp.dir/rosidl_typesupport_introspection_cpp/tutorial_interfaces/action/detail/fibonacci__type_support.cpp.o[0m
[14.497s] [35m[1mConsolidate compiler generated dependencies of target tutorial_interfaces__rosidl_typesupport_fastrtps_c[0m
[14.581s] [ 38%] [32mBuilding CXX object CMakeFiles/tutorial_interfaces__rosidl_typesupport_cpp.dir/rosidl_typesupport_cpp/tutorial_interfaces/action/fibonacci__type_support.cpp.o[0m
[14.615s] [ 40%] [32mBuilding CXX object CMakeFiles/tutorial_interfaces__rosidl_typesupport_fastrtps_c.dir/rosidl_typesupport_fastrtps_c/tutorial_interfaces/msg/detail/num__type_support_c.cpp.o[0m
[16.302s] [ 42%] [32mBuilding CXX object CMakeFiles/tutorial_interfaces__rosidl_typesupport_fastrtps_c.dir/rosidl_typesupport_fastrtps_c/tutorial_interfaces/srv/detail/add_three_ints__type_support_c.cpp.o[0m
[17.331s] [ 44%] [32mBuilding CXX object CMakeFiles/tutorial_interfaces__rosidl_typesupport_fastrtps_cpp.dir/rosidl_typesupport_fastrtps_cpp/tutorial_interfaces/action/detail/dds_fastrtps/fibonacci__type_support.cpp.o[0m
[17.498s] [ 46%] [32m[1mLinking CXX shared library libtutorial_interfaces__rosidl_typesupport_cpp.so[0m
[17.519s] [ 48%] [32m[1mLinking CXX shared library libtutorial_interfaces__rosidl_typesupport_introspection_cpp.so[0m
[17.623s] [ 48%] Built target tutorial_interfaces__rosidl_typesupport_cpp
[17.865s] [ 48%] Built target tutorial_interfaces__rosidl_typesupport_introspection_cpp
[17.914s] [ 51%] [32mBuilding CXX object CMakeFiles/tutorial_interfaces__rosidl_typesupport_fastrtps_c.dir/rosidl_typesupport_fastrtps_c/tutorial_interfaces/action/detail/fibonacci__type_support_c.cpp.o[0m
[18.628s] [ 53%] [32m[1mLinking CXX shared library libtutorial_interfaces__rosidl_typesupport_fastrtps_c.so[0m
[18.796s] [ 53%] Built target tutorial_interfaces__rosidl_typesupport_fastrtps_c
[19.056s] [ 55%] [32m[1mLinking CXX shared library libtutorial_interfaces__rosidl_typesupport_fastrtps_cpp.so[0m
[19.190s] [ 55%] Built target tutorial_interfaces__rosidl_typesupport_fastrtps_cpp
[19.207s] [ 57%] [34m[1mGenerating C type support dispatch for ROS interfaces[0m
[19.758s] [35m[1mConsolidate compiler generated dependencies of target tutorial_interfaces__rosidl_typesupport_c[0m
[19.776s] [ 59%] [32mBuilding CXX object CMakeFiles/tutorial_interfaces__rosidl_typesupport_c.dir/rosidl_typesupport_c/tutorial_interfaces/msg/num__type_support.cpp.o[0m
[19.823s] [ 61%] [32mBuilding CXX object CMakeFiles/tutorial_interfaces__rosidl_typesupport_c.dir/rosidl_typesupport_c/tutorial_interfaces/action/fibonacci__type_support.cpp.o[0m
[19.901s] [ 63%] [32mBuilding CXX object CMakeFiles/tutorial_interfaces__rosidl_typesupport_c.dir/rosidl_typesupport_c/tutorial_interfaces/srv/add_three_ints__type_support.cpp.o[0m
[19.953s] [ 65%] [32m[1mLinking CXX shared library libtutorial_interfaces__rosidl_typesupport_c.so[0m
[20.030s] [ 65%] Built target tutorial_interfaces__rosidl_typesupport_c
[20.045s] [ 68%] [34m[1mGenerating C introspection for ROS interfaces[0m
[20.821s] [35m[1mConsolidate compiler generated dependencies of target tutorial_interfaces__rosidl_typesupport_introspection_c[0m
[20.844s] [ 70%] [32mBuilding C object CMakeFiles/tutorial_interfaces__rosidl_typesupport_introspection_c.dir/rosidl_typesupport_introspection_c/tutorial_interfaces/msg/detail/num__type_support.c.o[0m
[20.892s] [ 72%] [32mBuilding C object CMakeFiles/tutorial_interfaces__rosidl_typesupport_introspection_c.dir/rosidl_typesupport_introspection_c/tutorial_interfaces/action/detail/fibonacci__type_support.c.o[0m
[20.978s] [ 74%] [32mBuilding C object CMakeFiles/tutorial_interfaces__rosidl_typesupport_introspection_c.dir/rosidl_typesupport_introspection_c/tutorial_interfaces/srv/detail/add_three_ints__type_support.c.o[0m
[21.039s] [ 76%] [32m[1mLinking C shared library libtutorial_interfaces__rosidl_typesupport_introspection_c.so[0m
[21.089s] [ 76%] Built target tutorial_interfaces__rosidl_typesupport_introspection_c
[21.120s] [ 76%] Built target tutorial_interfaces
[21.155s] [ 78%] [34m[1mGenerating Python code for ROS interfaces[0m
[22.846s] [ 78%] Built target tutorial_interfaces__py
[22.863s] [35m[1mConsolidate compiler generated dependencies of target tutorial_interfaces__rosidl_generator_py[0m
[22.890s] [ 80%] [32mBuilding C object CMakeFiles/tutorial_interfaces__rosidl_generator_py.dir/rosidl_generator_py/tutorial_interfaces/msg/_num_s.c.o[0m
[23.095s] [ 82%] [32mBuilding C object CMakeFiles/tutorial_interfaces__rosidl_generator_py.dir/rosidl_generator_py/tutorial_interfaces/action/_fibonacci_s.c.o[0m
[23.357s] [ 85%] [32mBuilding C object CMakeFiles/tutorial_interfaces__rosidl_generator_py.dir/rosidl_generator_py/tutorial_interfaces/srv/_add_three_ints_s.c.o[0m
[23.535s] [ 87%] [32m[1mLinking C shared library rosidl_generator_py/tutorial_interfaces/libtutorial_interfaces__rosidl_generator_py.so[0m
[23.609s] [ 87%] Built target tutorial_interfaces__rosidl_generator_py
[23.625s] [35m[1mConsolidate compiler generated dependencies of target tutorial_interfaces__rosidl_typesupport_fastrtps_c__pyext[0m
[23.649s] [ 89%] [32mBuilding C object CMakeFiles/tutorial_interfaces__rosidl_typesupport_fastrtps_c__pyext.dir/rosidl_generator_py/tutorial_interfaces/_tutorial_interfaces_s.ep.rosidl_typesupport_fastrtps_c.c.o[0m
[23.896s] [ 91%] [32m[1mLinking C shared library rosidl_generator_py/tutorial_interfaces/tutorial_interfaces_s__rosidl_typesupport_fastrtps_c.cpython-310-x86_64-linux-gnu.so[0m
[23.966s] [ 91%] Built target tutorial_interfaces__rosidl_typesupport_fastrtps_c__pyext
[23.981s] [35m[1mConsolidate compiler generated dependencies of target tutorial_interfaces__rosidl_typesupport_c__pyext[0m
[24.004s] [ 93%] [32mBuilding C object CMakeFiles/tutorial_interfaces__rosidl_typesupport_c__pyext.dir/rosidl_generator_py/tutorial_interfaces/_tutorial_interfaces_s.ep.rosidl_typesupport_c.c.o[0m
[24.224s] [ 95%] [32m[1mLinking C shared library rosidl_generator_py/tutorial_interfaces/tutorial_interfaces_s__rosidl_typesupport_c.cpython-310-x86_64-linux-gnu.so[0m
[24.293s] [ 95%] Built target tutorial_interfaces__rosidl_typesupport_c__pyext
[24.309s] [35m[1mConsolidate compiler generated dependencies of target tutorial_interfaces__rosidl_typesupport_introspection_c__pyext[0m
[24.332s] [ 97%] [32mBuilding C object CMakeFiles/tutorial_interfaces__rosidl_typesupport_introspection_c__pyext.dir/rosidl_generator_py/tutorial_interfaces/_tutorial_interfaces_s.ep.rosidl_typesupport_introspection_c.c.o[0m
[24.553s] [100%] [32m[1mLinking C shared library rosidl_generator_py/tutorial_interfaces/tutorial_interfaces_s__rosidl_typesupport_introspection_c.cpython-310-x86_64-linux-gnu.so[0m
[24.620s] [100%] Built target tutorial_interfaces__rosidl_typesupport_introspection_c__pyext
[24.643s] Invoked command in '/home/sis/ros2t_ws/build/tutorial_interfaces' returned '0': CMAKE_PREFIX_PATH=${CMAKE_PREFIX_PATH}:/home/sis/ros2t_ws/install/fibonacci_action_py:/home/sis/ros2t_ws/install/pubsub_py:/home/sis/ros2t_ws/install/add_service_py:/opt/ros/humble /usr/bin/cmake --build /home/sis/ros2t_ws/build/tutorial_interfaces -- -j4 -l4
[24.807s] Invoking command in '/home/sis/ros2t_ws/build/tutorial_interfaces': CMAKE_PREFIX_PATH=${CMAKE_PREFIX_PATH}:/home/sis/ros2t_ws/install/fibonacci_action_py:/home/sis/ros2t_ws/install/pubsub_py:/home/sis/ros2t_ws/install/add_service_py:/opt/ros/humble /usr/bin/cmake --install /home/sis/ros2t_ws/build/tutorial_interfaces
[24.823s] -- Install configuration: ""
[24.824s] -- Up-to-date: /home/sis/ros2t_ws/install/tutorial_interfaces/share/ament_index/resource_index/rosidl_interfaces/tutorial_interfaces
[24.825s] -- Up-to-date: /home/sis/ros2t_ws/install/tutorial_interfaces/include/tutorial_interfaces/tutorial_interfaces
[24.826s] -- Up-to-date: /home/sis/ros2t_ws/install/tutorial_interfaces/include/tutorial_interfaces/tutorial_interfaces/action
[24.826s] -- Up-to-date: /home/sis/ros2t_ws/install/tutorial_interfaces/include/tutorial_interfaces/tutorial_interfaces/action/detail
[24.827s] -- Installing: /home/sis/ros2t_ws/install/tutorial_interfaces/include/tutorial_interfaces/tutorial_interfaces/action/detail/fibonacci__struct.h
[24.828s] -- Installing: /home/sis/ros2t_ws/install/tutorial_interfaces/include/tutorial_interfaces/tutorial_interfaces/action/detail/fibonacci__type_support.h
[24.828s] -- Installing: /home/sis/ros2t_ws/install/tutorial_interfaces/include/tutorial_interfaces/tutorial_interfaces/action/detail/fibonacci__functions.h
[24.829s] -- Installing: /home/sis/ros2t_ws/install/tutorial_interfaces/include/tutorial_interfaces/tutorial_interfaces/action/detail/fibonacci__functions.c
[24.829s] -- Installing: /home/sis/ros2t_ws/install/tutorial_interfaces/include/tutorial_interfaces/tutorial_interfaces/action/fibonacci.h
[24.832s] -- Up-to-date: /home/sis/ros2t_ws/install/tutorial_interfaces/include/tutorial_interfaces/tutorial_interfaces/srv
[24.833s] -- Up-to-date: /home/sis/ros2t_ws/install/tutorial_interfaces/include/tutorial_interfaces/tutorial_interfaces/srv/detail
[24.833s] -- Installing: /home/sis/ros2t_ws/install/tutorial_interfaces/include/tutorial_interfaces/tutorial_interfaces/srv/detail/add_three_ints__functions.c
[24.833s] -- Installing: /home/sis/ros2t_ws/install/tutorial_interfaces/include/tutorial_interfaces/tutorial_interfaces/srv/detail/add_three_ints__type_support.h
[24.834s] -- Installing: /home/sis/ros2t_ws/install/tutorial_interfaces/include/tutorial_interfaces/tutorial_interfaces/srv/detail/add_three_ints__functions.h
[24.835s] -- Installing: /home/sis/ros2t_ws/install/tutorial_interfaces/include/tutorial_interfaces/tutorial_interfaces/srv/detail/add_three_ints__struct.h
[24.835s] -- Installing: /home/sis/ros2t_ws/install/tutorial_interfaces/include/tutorial_interfaces/tutorial_interfaces/srv/add_three_ints.h
[24.835s] -- Up-to-date: /home/sis/ros2t_ws/install/tutorial_interfaces/include/tutorial_interfaces/tutorial_interfaces/msg
[24.835s] -- Up-to-date: /home/sis/ros2t_ws/install/tutorial_interfaces/include/tutorial_interfaces/tutorial_interfaces/msg/detail
[24.836s] -- Installing: /home/sis/ros2t_ws/install/tutorial_interfaces/include/tutorial_interfaces/tutorial_interfaces/msg/detail/num__functions.h
[24.836s] -- Installing: /home/sis/ros2t_ws/install/tutorial_interfaces/include/tutorial_interfaces/tutorial_interfaces/msg/detail/num__struct.h
[24.838s] -- Installing: /home/sis/ros2t_ws/install/tutorial_interfaces/include/tutorial_interfaces/tutorial_interfaces/msg/detail/num__type_support.h
[24.839s] -- Installing: /home/sis/ros2t_ws/install/tutorial_interfaces/include/tutorial_interfaces/tutorial_interfaces/msg/detail/num__functions.c
[24.840s] -- Installing: /home/sis/ros2t_ws/install/tutorial_interfaces/include/tutorial_interfaces/tutorial_interfaces/msg/num.h
[24.844s] -- Up-to-date: /home/sis/ros2t_ws/install/tutorial_interfaces/include/tutorial_interfaces/tutorial_interfaces/msg/rosidl_generator_c__visibility_control.h
[24.844s] -- Up-to-date: /home/sis/ros2t_ws/install/tutorial_interfaces/share/tutorial_interfaces/environment/library_path.sh
[24.844s] -- Installing: /home/sis/ros2t_ws/install/tutorial_interfaces/share/tutorial_interfaces/environment/library_path.dsv
[24.845s] -- Installing: /home/sis/ros2t_ws/install/tutorial_interfaces/lib/libtutorial_interfaces__rosidl_generator_c.so
[24.846s] -- Set runtime path of "/home/sis/ros2t_ws/install/tutorial_interfaces/lib/libtutorial_interfaces__rosidl_generator_c.so" to ""
[24.847s] -- Up-to-date: /home/sis/ros2t_ws/install/tutorial_interfaces/include/tutorial_interfaces/tutorial_interfaces
[24.847s] -- Up-to-date: /home/sis/ros2t_ws/install/tutorial_interfaces/include/tutorial_interfaces/tutorial_interfaces/action
[24.848s] -- Up-to-date: /home/sis/ros2t_ws/install/tutorial_interfaces/include/tutorial_interfaces/tutorial_interfaces/action/detail
[24.848s] -- Installing: /home/sis/ros2t_ws/install/tutorial_interfaces/include/tutorial_interfaces/tutorial_interfaces/action/detail/fibonacci__rosidl_typesupport_fastrtps_c.h
[24.848s] -- Up-to-date: /home/sis/ros2t_ws/install/tutorial_interfaces/include/tutorial_interfaces/tutorial_interfaces/srv
[24.849s] -- Up-to-date: /home/sis/ros2t_ws/install/tutorial_interfaces/include/tutorial_interfaces/tutorial_interfaces/srv/detail
[24.849s] -- Installing: /home/sis/ros2t_ws/install/tutorial_interfaces/include/tutorial_interfaces/tutorial_interfaces/srv/detail/add_three_ints__rosidl_typesupport_fastrtps_c.h
[24.849s] -- Up-to-date: /home/sis/ros2t_ws/install/tutorial_interfaces/include/tutorial_interfaces/tutorial_interfaces/msg
[24.849s] -- Up-to-date: /home/sis/ros2t_ws/install/tutorial_interfaces/include/tutorial_interfaces/tutorial_interfaces/msg/rosidl_typesupport_fastrtps_c__visibility_control.h
[24.849s] -- Up-to-date: /home/sis/ros2t_ws/install/tutorial_interfaces/include/tutorial_interfaces/tutorial_interfaces/msg/detail
[24.850s] -- Installing: /home/sis/ros2t_ws/install/tutorial_interfaces/include/tutorial_interfaces/tutorial_interfaces/msg/detail/num__rosidl_typesupport_fastrtps_c.h
[24.850s] -- Installing: /home/sis/ros2t_ws/install/tutorial_interfaces/lib/libtutorial_interfaces__rosidl_typesupport_fastrtps_c.so
[24.850s] -- Set runtime path of "/home/sis/ros2t_ws/install/tutorial_interfaces/lib/libtutorial_interfaces__rosidl_typesupport_fastrtps_c.so" to ""
[24.850s] -- Up-to-date: /home/sis/ros2t_ws/install/tutorial_interfaces/include/tutorial_interfaces/tutorial_interfaces
[24.850s] -- Up-to-date: /home/sis/ros2t_ws/install/tutorial_interfaces/include/tutorial_interfaces/tutorial_interfaces/action
[24.851s] -- Up-to-date: /home/sis/ros2t_ws/install/tutorial_interfaces/include/tutorial_interfaces/tutorial_interfaces/action/detail
[24.851s] -- Installing: /home/sis/ros2t_ws/install/tutorial_interfaces/include/tutorial_interfaces/tutorial_interfaces/action/detail/fibonacci__struct.hpp
[24.851s] -- Installing: /home/sis/ros2t_ws/install/tutorial_interfaces/include/tutorial_interfaces/tutorial_interfaces/action/detail/fibonacci__traits.hpp
[24.851s] -- Installing: /home/sis/ros2t_ws/install/tutorial_interfaces/include/tutorial_interfaces/tutorial_interfaces/action/detail/fibonacci__builder.hpp
[24.851s] -- Installing: /home/sis/ros2t_ws/install/tutorial_interfaces/include/tutorial_interfaces/tutorial_interfaces/action/fibonacci.hpp
[24.852s] -- Up-to-date: /home/sis/ros2t_ws/install/tutorial_interfaces/include/tutorial_interfaces/tutorial_interfaces/srv
[24.852s] -- Up-to-date: /home/sis/ros2t_ws/install/tutorial_interfaces/include/tutorial_interfaces/tutorial_interfaces/srv/detail
[24.852s] -- Installing: /home/sis/ros2t_ws/install/tutorial_interfaces/include/tutorial_interfaces/tutorial_interfaces/srv/detail/add_three_ints__builder.hpp
[24.853s] -- Installing: /home/sis/ros2t_ws/install/tutorial_interfaces/include/tutorial_interfaces/tutorial_interfaces/srv/detail/add_three_ints__struct.hpp
[24.853s] -- Installing: /home/sis/ros2t_ws/install/tutorial_interfaces/include/tutorial_interfaces/tutorial_interfaces/srv/detail/add_three_ints__traits.hpp
[24.853s] -- Installing: /home/sis/ros2t_ws/install/tutorial_interfaces/include/tutorial_interfaces/tutorial_interfaces/srv/add_three_ints.hpp
[24.854s] -- Up-to-date: /home/sis/ros2t_ws/install/tutorial_interfaces/include/tutorial_interfaces/tutorial_interfaces/msg
[24.854s] -- Up-to-date: /home/sis/ros2t_ws/install/tutorial_interfaces/include/tutorial_interfaces/tutorial_interfaces/msg/detail
[24.854s] -- Installing: /home/sis/ros2t_ws/install/tutorial_interfaces/include/tutorial_interfaces/tutorial_interfaces/msg/detail/num__struct.hpp
[24.854s] -- Installing: /home/sis/ros2t_ws/install/tutorial_interfaces/include/tutorial_interfaces/tutorial_interfaces/msg/detail/num__builder.hpp
[24.854s] -- Installing: /home/sis/ros2t_ws/install/tutorial_interfaces/include/tutorial_interfaces/tutorial_interfaces/msg/detail/num__traits.hpp
[24.855s] -- Installing: /home/sis/ros2t_ws/install/tutorial_interfaces/include/tutorial_interfaces/tutorial_interfaces/msg/num.hpp
[24.855s] -- Up-to-date: /home/sis/ros2t_ws/install/tutorial_interfaces/include/tutorial_interfaces/tutorial_interfaces
[24.855s] -- Up-to-date: /home/sis/ros2t_ws/install/tutorial_interfaces/include/tutorial_interfaces/tutorial_interfaces/action
[24.855s] -- Up-to-date: /home/sis/ros2t_ws/install/tutorial_interfaces/include/tutorial_interfaces/tutorial_interfaces/action/detail
[24.855s] -- Installing: /home/sis/ros2t_ws/install/tutorial_interfaces/include/tutorial_interfaces/tutorial_interfaces/action/detail/fibonacci__rosidl_typesupport_fastrtps_cpp.hpp
[24.856s] -- Up-to-date: /home/sis/ros2t_ws/install/tutorial_interfaces/include/tutorial_interfaces/tutorial_interfaces/action/detail/dds_fastrtps
[24.856s] -- Up-to-date: /home/sis/ros2t_ws/install/tutorial_interfaces/include/tutorial_interfaces/tutorial_interfaces/srv
[24.856s] -- Up-to-date: /home/sis/ros2t_ws/install/tutorial_interfaces/include/tutorial_interfaces/tutorial_interfaces/srv/detail
[24.856s] -- Up-to-date: /home/sis/ros2t_ws/install/tutorial_interfaces/include/tutorial_interfaces/tutorial_interfaces/srv/detail/dds_fastrtps
[24.856s] -- Installing: /home/sis/ros2t_ws/install/tutorial_interfaces/include/tutorial_interfaces/tutorial_interfaces/srv/detail/add_three_ints__rosidl_typesupport_fastrtps_cpp.hpp
[24.857s] -- Up-to-date: /home/sis/ros2t_ws/install/tutorial_interfaces/include/tutorial_interfaces/tutorial_interfaces/msg
[24.857s] -- Up-to-date: /home/sis/ros2t_ws/install/tutorial_interfaces/include/tutorial_interfaces/tutorial_interfaces/msg/rosidl_typesupport_fastrtps_cpp__visibility_control.h
[24.857s] -- Up-to-date: /home/sis/ros2t_ws/install/tutorial_interfaces/include/tutorial_interfaces/tutorial_interfaces/msg/detail
[24.858s] -- Up-to-date: /home/sis/ros2t_ws/install/tutorial_interfaces/include/tutorial_interfaces/tutorial_interfaces/msg/detail/dds_fastrtps
[24.858s] -- Installing: /home/sis/ros2t_ws/install/tutorial_interfaces/include/tutorial_interfaces/tutorial_interfaces/msg/detail/num__rosidl_typesupport_fastrtps_cpp.hpp
[24.858s] -- Installing: /home/sis/ros2t_ws/install/tutorial_interfaces/lib/libtutorial_interfaces__rosidl_typesupport_fastrtps_cpp.so
[24.858s] -- Set runtime path of "/home/sis/ros2t_ws/install/tutorial_interfaces/lib/libtutorial_interfaces__rosidl_typesupport_fastrtps_cpp.so" to ""
[24.859s] -- Up-to-date: /home/sis/ros2t_ws/install/tutorial_interfaces/include/tutorial_interfaces/tutorial_interfaces
[24.859s] -- Up-to-date: /home/sis/ros2t_ws/install/tutorial_interfaces/include/tutorial_interfaces/tutorial_interfaces/action
[24.859s] -- Up-to-date: /home/sis/ros2t_ws/install/tutorial_interfaces/include/tutorial_interfaces/tutorial_interfaces/action/detail
[24.859s] -- Installing: /home/sis/ros2t_ws/install/tutorial_interfaces/include/tutorial_interfaces/tutorial_interfaces/action/detail/fibonacci__type_support.c
[24.860s] -- Installing: /home/sis/ros2t_ws/install/tutorial_interfaces/include/tutorial_interfaces/tutorial_interfaces/action/detail/fibonacci__rosidl_typesupport_introspection_c.h
[24.860s] -- Up-to-date: /home/sis/ros2t_ws/install/tutorial_interfaces/include/tutorial_interfaces/tutorial_interfaces/srv
[24.860s] -- Up-to-date: /home/sis/ros2t_ws/install/tutorial_interfaces/include/tutorial_interfaces/tutorial_interfaces/srv/detail
[24.860s] -- Installing: /home/sis/ros2t_ws/install/tutorial_interfaces/include/tutorial_interfaces/tutorial_interfaces/srv/detail/add_three_ints__rosidl_typesupport_introspection_c.h
[24.860s] -- Installing: /home/sis/ros2t_ws/install/tutorial_interfaces/include/tutorial_interfaces/tutorial_interfaces/srv/detail/add_three_ints__type_support.c
[24.861s] -- Up-to-date: /home/sis/ros2t_ws/install/tutorial_interfaces/include/tutorial_interfaces/tutorial_interfaces/msg
[24.861s] -- Up-to-date: /home/sis/ros2t_ws/install/tutorial_interfaces/include/tutorial_interfaces/tutorial_interfaces/msg/rosidl_typesupport_introspection_c__visibility_control.h
[24.861s] -- Up-to-date: /home/sis/ros2t_ws/install/tutorial_interfaces/include/tutorial_interfaces/tutorial_interfaces/msg/detail
[24.861s] -- Installing: /home/sis/ros2t_ws/install/tutorial_interfaces/include/tutorial_interfaces/tutorial_interfaces/msg/detail/num__type_support.c
[24.862s] -- Installing: /home/sis/ros2t_ws/install/tutorial_interfaces/include/tutorial_interfaces/tutorial_interfaces/msg/detail/num__rosidl_typesupport_introspection_c.h
[24.862s] -- Installing: /home/sis/ros2t_ws/install/tutorial_interfaces/lib/libtutorial_interfaces__rosidl_typesupport_introspection_c.so
[24.862s] -- Set runtime path of "/home/sis/ros2t_ws/install/tutorial_interfaces/lib/libtutorial_interfaces__rosidl_typesupport_introspection_c.so" to ""
[24.862s] -- Installing: /home/sis/ros2t_ws/install/tutorial_interfaces/lib/libtutorial_interfaces__rosidl_typesupport_c.so
[24.863s] -- Set runtime path of "/home/sis/ros2t_ws/install/tutorial_interfaces/lib/libtutorial_interfaces__rosidl_typesupport_c.so" to ""
[24.863s] -- Up-to-date: /home/sis/ros2t_ws/install/tutorial_interfaces/include/tutorial_interfaces/tutorial_interfaces
[24.863s] -- Up-to-date: /home/sis/ros2t_ws/install/tutorial_interfaces/include/tutorial_interfaces/tutorial_interfaces/action
[24.863s] -- Up-to-date: /home/sis/ros2t_ws/install/tutorial_interfaces/include/tutorial_interfaces/tutorial_interfaces/action/detail
[24.864s] -- Installing: /home/sis/ros2t_ws/install/tutorial_interfaces/include/tutorial_interfaces/tutorial_interfaces/action/detail/fibonacci__rosidl_typesupport_introspection_cpp.hpp
[24.864s] -- Installing: /home/sis/ros2t_ws/install/tutorial_interfaces/include/tutorial_interfaces/tutorial_interfaces/action/detail/fibonacci__type_support.cpp
[24.864s] -- Up-to-date: /home/sis/ros2t_ws/install/tutorial_interfaces/include/tutorial_interfaces/tutorial_interfaces/srv
[24.864s] -- Up-to-date: /home/sis/ros2t_ws/install/tutorial_interfaces/include/tutorial_interfaces/tutorial_interfaces/srv/detail
[24.864s] -- Installing: /home/sis/ros2t_ws/install/tutorial_interfaces/include/tutorial_interfaces/tutorial_interfaces/srv/detail/add_three_ints__rosidl_typesupport_introspection_cpp.hpp
[24.865s] -- Installing: /home/sis/ros2t_ws/install/tutorial_interfaces/include/tutorial_interfaces/tutorial_interfaces/srv/detail/add_three_ints__type_support.cpp
[24.865s] -- Up-to-date: /home/sis/ros2t_ws/install/tutorial_interfaces/include/tutorial_interfaces/tutorial_interfaces/msg
[24.865s] -- Up-to-date: /home/sis/ros2t_ws/install/tutorial_interfaces/include/tutorial_interfaces/tutorial_interfaces/msg/detail
[24.865s] -- Installing: /home/sis/ros2t_ws/install/tutorial_interfaces/include/tutorial_interfaces/tutorial_interfaces/msg/detail/num__type_support.cpp
[24.866s] -- Installing: /home/sis/ros2t_ws/install/tutorial_interfaces/include/tutorial_interfaces/tutorial_interfaces/msg/detail/num__rosidl_typesupport_introspection_cpp.hpp
[24.866s] -- Installing: /home/sis/ros2t_ws/install/tutorial_interfaces/lib/libtutorial_interfaces__rosidl_typesupport_introspection_cpp.so
[24.866s] -- Set runtime path of "/home/sis/ros2t_ws/install/tutorial_interfaces/lib/libtutorial_interfaces__rosidl_typesupport_introspection_cpp.so" to ""
[24.866s] -- Installing: /home/sis/ros2t_ws/install/tutorial_interfaces/lib/libtutorial_interfaces__rosidl_typesupport_cpp.so
[24.866s] -- Set runtime path of "/home/sis/ros2t_ws/install/tutorial_interfaces/lib/libtutorial_interfaces__rosidl_typesupport_cpp.so" to ""
[24.867s] -- Up-to-date: /home/sis/ros2t_ws/install/tutorial_interfaces/share/tutorial_interfaces/environment/pythonpath.sh
[24.867s] -- Installing: /home/sis/ros2t_ws/install/tutorial_interfaces/share/tutorial_interfaces/environment/pythonpath.dsv
[24.867s] -- Up-to-date: /home/sis/ros2t_ws/install/tutorial_interfaces/local/lib/python3.10/dist-packages/tutorial_interfaces-0.0.0-py3.10.egg-info
[24.867s] -- Installing: /home/sis/ros2t_ws/install/tutorial_interfaces/local/lib/python3.10/dist-packages/tutorial_interfaces-0.0.0-py3.10.egg-info/dependency_links.txt
[24.867s] -- Installing: /home/sis/ros2t_ws/install/tutorial_interfaces/local/lib/python3.10/dist-packages/tutorial_interfaces-0.0.0-py3.10.egg-info/SOURCES.txt
[24.868s] -- Installing: /home/sis/ros2t_ws/install/tutorial_interfaces/local/lib/python3.10/dist-packages/tutorial_interfaces-0.0.0-py3.10.egg-info/top_level.txt
[24.868s] -- Installing: /home/sis/ros2t_ws/install/tutorial_interfaces/local/lib/python3.10/dist-packages/tutorial_interfaces-0.0.0-py3.10.egg-info/PKG-INFO
[24.868s] -- Up-to-date: /home/sis/ros2t_ws/install/tutorial_interfaces/local/lib/python3.10/dist-packages/tutorial_interfaces
[24.868s] -- Up-to-date: /home/sis/ros2t_ws/install/tutorial_interfaces/local/lib/python3.10/dist-packages/tutorial_interfaces/action
[24.868s] -- Installing: /home/sis/ros2t_ws/install/tutorial_interfaces/local/lib/python3.10/dist-packages/tutorial_interfaces/action/_fibonacci.py
[24.869s] -- Installing: /home/sis/ros2t_ws/install/tutorial_interfaces/local/lib/python3.10/dist-packages/tutorial_interfaces/action/__init__.py
[24.869s] -- Installing: /home/sis/ros2t_ws/install/tutorial_interfaces/local/lib/python3.10/dist-packages/tutorial_interfaces/action/_fibonacci_s.c
[24.869s] -- Installing: /home/sis/ros2t_ws/install/tutorial_interfaces/local/lib/python3.10/dist-packages/tutorial_interfaces/tutorial_interfaces_s__rosidl_typesupport_introspection_c.cpython-310-x86_64-linux-gnu.so
[24.869s] -- Installing: /home/sis/ros2t_ws/install/tutorial_interfaces/local/lib/python3.10/dist-packages/tutorial_interfaces/_tutorial_interfaces_s.ep.rosidl_typesupport_introspection_c.c
[24.869s] -- Installing: /home/sis/ros2t_ws/install/tutorial_interfaces/local/lib/python3.10/dist-packages/tutorial_interfaces/libtutorial_interfaces__rosidl_generator_py.so
[24.869s] -- Installing: /home/sis/ros2t_ws/install/tutorial_interfaces/local/lib/python3.10/dist-packages/tutorial_interfaces/tutorial_interfaces_s__rosidl_typesupport_c.cpython-310-x86_64-linux-gnu.so
[24.870s] -- Up-to-date: /home/sis/ros2t_ws/install/tutorial_interfaces/local/lib/python3.10/dist-packages/tutorial_interfaces/srv
[24.870s] -- Installing: /home/sis/ros2t_ws/install/tutorial_interfaces/local/lib/python3.10/dist-packages/tutorial_interfaces/srv/_add_three_ints_s.c
[24.870s] -- Installing: /home/sis/ros2t_ws/install/tutorial_interfaces/local/lib/python3.10/dist-packages/tutorial_interfaces/srv/__init__.py
[24.870s] -- Installing: /home/sis/ros2t_ws/install/tutorial_interfaces/local/lib/python3.10/dist-packages/tutorial_interfaces/srv/_add_three_ints.py
[24.870s] -- Up-to-date: /home/sis/ros2t_ws/install/tutorial_interfaces/local/lib/python3.10/dist-packages/tutorial_interfaces/msg
[24.871s] -- Installing: /home/sis/ros2t_ws/install/tutorial_interfaces/local/lib/python3.10/dist-packages/tutorial_interfaces/msg/_num_s.c
[24.871s] -- Installing: /home/sis/ros2t_ws/install/tutorial_interfaces/local/lib/python3.10/dist-packages/tutorial_interfaces/msg/__init__.py
[24.871s] -- Installing: /home/sis/ros2t_ws/install/tutorial_interfaces/local/lib/python3.10/dist-packages/tutorial_interfaces/msg/_num.py
[24.871s] -- Installing: /home/sis/ros2t_ws/install/tutorial_interfaces/local/lib/python3.10/dist-packages/tutorial_interfaces/_tutorial_interfaces_s.ep.rosidl_typesupport_fastrtps_c.c
[24.871s] -- Installing: /home/sis/ros2t_ws/install/tutorial_interfaces/local/lib/python3.10/dist-packages/tutorial_interfaces/_tutorial_interfaces_s.ep.rosidl_typesupport_c.c
[24.872s] -- Installing: /home/sis/ros2t_ws/install/tutorial_interfaces/local/lib/python3.10/dist-packages/tutorial_interfaces/__init__.py
[24.872s] -- Installing: /home/sis/ros2t_ws/install/tutorial_interfaces/local/lib/python3.10/dist-packages/tutorial_interfaces/tutorial_interfaces_s__rosidl_typesupport_fastrtps_c.cpython-310-x86_64-linux-gnu.so
[24.954s] Listing '/home/sis/ros2t_ws/install/tutorial_interfaces/local/lib/python3.10/dist-packages/tutorial_interfaces'...
[24.954s] Compiling '/home/sis/ros2t_ws/install/tutorial_interfaces/local/lib/python3.10/dist-packages/tutorial_interfaces/__init__.py'...
[24.955s] Listing '/home/sis/ros2t_ws/install/tutorial_interfaces/local/lib/python3.10/dist-packages/tutorial_interfaces/action'...
[24.955s] Compiling '/home/sis/ros2t_ws/install/tutorial_interfaces/local/lib/python3.10/dist-packages/tutorial_interfaces/action/__init__.py'...
[24.955s] Compiling '/home/sis/ros2t_ws/install/tutorial_interfaces/local/lib/python3.10/dist-packages/tutorial_interfaces/action/_fibonacci.py'...
[24.955s] Listing '/home/sis/ros2t_ws/install/tutorial_interfaces/local/lib/python3.10/dist-packages/tutorial_interfaces/msg'...
[24.956s] Compiling '/home/sis/ros2t_ws/install/tutorial_interfaces/local/lib/python3.10/dist-packages/tutorial_interfaces/msg/__init__.py'...
[24.956s] Compiling '/home/sis/ros2t_ws/install/tutorial_interfaces/local/lib/python3.10/dist-packages/tutorial_interfaces/msg/_num.py'...
[24.956s] Listing '/home/sis/ros2t_ws/install/tutorial_interfaces/local/lib/python3.10/dist-packages/tutorial_interfaces/srv'...
[24.956s] Compiling '/home/sis/ros2t_ws/install/tutorial_interfaces/local/lib/python3.10/dist-packages/tutorial_interfaces/srv/__init__.py'...
[24.957s] Compiling '/home/sis/ros2t_ws/install/tutorial_interfaces/local/lib/python3.10/dist-packages/tutorial_interfaces/srv/_add_three_ints.py'...
[24.967s] -- Installing: /home/sis/ros2t_ws/install/tutorial_interfaces/local/lib/python3.10/dist-packages/tutorial_interfaces/tutorial_interfaces_s__rosidl_typesupport_fastrtps_c.cpython-310-x86_64-linux-gnu.so
[24.968s] -- Set runtime path of "/home/sis/ros2t_ws/install/tutorial_interfaces/local/lib/python3.10/dist-packages/tutorial_interfaces/tutorial_interfaces_s__rosidl_typesupport_fastrtps_c.cpython-310-x86_64-linux-gnu.so" to ""
[24.968s] -- Installing: /home/sis/ros2t_ws/install/tutorial_interfaces/local/lib/python3.10/dist-packages/tutorial_interfaces/tutorial_interfaces_s__rosidl_typesupport_introspection_c.cpython-310-x86_64-linux-gnu.so
[24.969s] -- Set runtime path of "/home/sis/ros2t_ws/install/tutorial_interfaces/local/lib/python3.10/dist-packages/tutorial_interfaces/tutorial_interfaces_s__rosidl_typesupport_introspection_c.cpython-310-x86_64-linux-gnu.so" to ""
[24.970s] -- Installing: /home/sis/ros2t_ws/install/tutorial_interfaces/local/lib/python3.10/dist-packages/tutorial_interfaces/tutorial_interfaces_s__rosidl_typesupport_c.cpython-310-x86_64-linux-gnu.so
[24.971s] -- Set runtime path of "/home/sis/ros2t_ws/install/tutorial_interfaces/local/lib/python3.10/dist-packages/tutorial_interfaces/tutorial_interfaces_s__rosidl_typesupport_c.cpython-310-x86_64-linux-gnu.so" to ""
[24.971s] -- Installing: /home/sis/ros2t_ws/install/tutorial_interfaces/lib/libtutorial_interfaces__rosidl_generator_py.so
[24.972s] -- Set runtime path of "/home/sis/ros2t_ws/install/tutorial_interfaces/lib/libtutorial_interfaces__rosidl_generator_py.so" to ""
[24.973s] -- Up-to-date: /home/sis/ros2t_ws/install/tutorial_interfaces/share/tutorial_interfaces/msg/Num.idl
[24.973s] -- Up-to-date: /home/sis/ros2t_ws/install/tutorial_interfaces/share/tutorial_interfaces/srv/AddThreeInts.idl
[24.973s] -- Installing: /home/sis/ros2t_ws/install/tutorial_interfaces/share/tutorial_interfaces/action/Fibonacci.idl
[24.974s] -- Up-to-date: /home/sis/ros2t_ws/install/tutorial_interfaces/share/tutorial_interfaces/msg/Num.msg
[24.974s] -- Up-to-date: /home/sis/ros2t_ws/install/tutorial_interfaces/share/tutorial_interfaces/srv/AddThreeInts.srv
[24.974s] -- Up-to-date: /home/sis/ros2t_ws/install/tutorial_interfaces/share/tutorial_interfaces/srv/AddThreeInts_Request.msg
[24.974s] -- Up-to-date: /home/sis/ros2t_ws/install/tutorial_interfaces/share/tutorial_interfaces/srv/AddThreeInts_Response.msg
[24.975s] -- Installing: /home/sis/ros2t_ws/install/tutorial_interfaces/share/tutorial_interfaces/action/Fibonacci.action
[24.975s] -- Up-to-date: /home/sis/ros2t_ws/install/tutorial_interfaces/share/ament_index/resource_index/package_run_dependencies/tutorial_interfaces
[24.975s] -- Up-to-date: /home/sis/ros2t_ws/install/tutorial_interfaces/share/ament_index/resource_index/parent_prefix_path/tutorial_interfaces
[24.975s] -- Up-to-date: /home/sis/ros2t_ws/install/tutorial_interfaces/share/tutorial_interfaces/environment/ament_prefix_path.sh
[24.976s] -- Installing: /home/sis/ros2t_ws/install/tutorial_interfaces/share/tutorial_interfaces/environment/ament_prefix_path.dsv
[24.976s] -- Up-to-date: /home/sis/ros2t_ws/install/tutorial_interfaces/share/tutorial_interfaces/environment/path.sh
[24.976s] -- Installing: /home/sis/ros2t_ws/install/tutorial_interfaces/share/tutorial_interfaces/environment/path.dsv
[24.977s] -- Up-to-date: /home/sis/ros2t_ws/install/tutorial_interfaces/share/tutorial_interfaces/local_setup.bash
[24.977s] -- Up-to-date: /home/sis/ros2t_ws/install/tutorial_interfaces/share/tutorial_interfaces/local_setup.sh
[24.977s] -- Up-to-date: /home/sis/ros2t_ws/install/tutorial_interfaces/share/tutorial_interfaces/local_setup.zsh
[24.978s] -- Installing: /home/sis/ros2t_ws/install/tutorial_interfaces/share/tutorial_interfaces/local_setup.dsv
[24.978s] -- Installing: /home/sis/ros2t_ws/install/tutorial_interfaces/share/tutorial_interfaces/package.dsv
[24.978s] -- Up-to-date: /home/sis/ros2t_ws/install/tutorial_interfaces/share/ament_index/resource_index/packages/tutorial_interfaces
[24.979s] -- Up-to-date: /home/sis/ros2t_ws/install/tutorial_interfaces/share/tutorial_interfaces/cmake/export_tutorial_interfaces__rosidl_generator_cExport.cmake
[24.979s] -- Up-to-date: /home/sis/ros2t_ws/install/tutorial_interfaces/share/tutorial_interfaces/cmake/export_tutorial_interfaces__rosidl_generator_cExport-noconfig.cmake
[24.979s] -- Up-to-date: /home/sis/ros2t_ws/install/tutorial_interfaces/share/tutorial_interfaces/cmake/export_tutorial_interfaces__rosidl_typesupport_fastrtps_cExport.cmake
[24.980s] -- Up-to-date: /home/sis/ros2t_ws/install/tutorial_interfaces/share/tutorial_interfaces/cmake/export_tutorial_interfaces__rosidl_typesupport_fastrtps_cExport-noconfig.cmake
[24.980s] -- Up-to-date: /home/sis/ros2t_ws/install/tutorial_interfaces/share/tutorial_interfaces/cmake/export_tutorial_interfaces__rosidl_generator_cppExport.cmake
[24.980s] -- Up-to-date: /home/sis/ros2t_ws/install/tutorial_interfaces/share/tutorial_interfaces/cmake/export_tutorial_interfaces__rosidl_typesupport_fastrtps_cppExport.cmake
[24.980s] -- Up-to-date: /home/sis/ros2t_ws/install/tutorial_interfaces/share/tutorial_interfaces/cmake/export_tutorial_interfaces__rosidl_typesupport_fastrtps_cppExport-noconfig.cmake
[24.981s] -- Up-to-date: /home/sis/ros2t_ws/install/tutorial_interfaces/share/tutorial_interfaces/cmake/tutorial_interfaces__rosidl_typesupport_introspection_cExport.cmake
[24.981s] -- Up-to-date: /home/sis/ros2t_ws/install/tutorial_interfaces/share/tutorial_interfaces/cmake/tutorial_interfaces__rosidl_typesupport_introspection_cExport-noconfig.cmake
[24.981s] -- Up-to-date: /home/sis/ros2t_ws/install/tutorial_interfaces/share/tutorial_interfaces/cmake/tutorial_interfaces__rosidl_typesupport_cExport.cmake
[24.981s] -- Up-to-date: /home/sis/ros2t_ws/install/tutorial_interfaces/share/tutorial_interfaces/cmake/tutorial_interfaces__rosidl_typesupport_cExport-noconfig.cmake
[24.981s] -- Up-to-date: /home/sis/ros2t_ws/install/tutorial_interfaces/share/tutorial_interfaces/cmake/tutorial_interfaces__rosidl_typesupport_introspection_cppExport.cmake
[24.982s] -- Up-to-date: /home/sis/ros2t_ws/install/tutorial_interfaces/share/tutorial_interfaces/cmake/tutorial_interfaces__rosidl_typesupport_introspection_cppExport-noconfig.cmake
[24.982s] -- Up-to-date: /home/sis/ros2t_ws/install/tutorial_interfaces/share/tutorial_interfaces/cmake/tutorial_interfaces__rosidl_typesupport_cppExport.cmake
[24.982s] -- Up-to-date: /home/sis/ros2t_ws/install/tutorial_interfaces/share/tutorial_interfaces/cmake/tutorial_interfaces__rosidl_typesupport_cppExport-noconfig.cmake
[24.982s] -- Up-to-date: /home/sis/ros2t_ws/install/tutorial_interfaces/share/tutorial_interfaces/cmake/export_tutorial_interfaces__rosidl_generator_pyExport.cmake
[24.982s] -- Up-to-date: /home/sis/ros2t_ws/install/tutorial_interfaces/share/tutorial_interfaces/cmake/export_tutorial_interfaces__rosidl_generator_pyExport-noconfig.cmake
[24.983s] -- Up-to-date: /home/sis/ros2t_ws/install/tutorial_interfaces/share/tutorial_interfaces/cmake/rosidl_cmake-extras.cmake
[24.987s] -- Up-to-date: /home/sis/ros2t_ws/install/tutorial_interfaces/share/tutorial_interfaces/cmake/ament_cmake_export_dependencies-extras.cmake
[24.987s] -- Up-to-date: /home/sis/ros2t_ws/install/tutorial_interfaces/share/tutorial_interfaces/cmake/ament_cmake_export_include_directories-extras.cmake
[24.987s] -- Up-to-date: /home/sis/ros2t_ws/install/tutorial_interfaces/share/tutorial_interfaces/cmake/ament_cmake_export_libraries-extras.cmake
[24.988s] -- Up-to-date: /home/sis/ros2t_ws/install/tutorial_interfaces/share/tutorial_interfaces/cmake/ament_cmake_export_targets-extras.cmake
[24.988s] -- Up-to-date: /home/sis/ros2t_ws/install/tutorial_interfaces/share/tutorial_interfaces/cmake/rosidl_cmake_export_typesupport_targets-extras.cmake
[24.989s] -- Up-to-date: /home/sis/ros2t_ws/install/tutorial_interfaces/share/tutorial_interfaces/cmake/rosidl_cmake_export_typesupport_libraries-extras.cmake
[24.989s] -- Up-to-date: /home/sis/ros2t_ws/install/tutorial_interfaces/share/tutorial_interfaces/cmake/tutorial_interfacesConfig.cmake
[24.989s] -- Up-to-date: /home/sis/ros2t_ws/install/tutorial_interfaces/share/tutorial_interfaces/cmake/tutorial_interfacesConfig-version.cmake
[24.990s] -- Up-to-date: /home/sis/ros2t_ws/install/tutorial_interfaces/share/tutorial_interfaces/package.xml
[24.990s] Invoked command in '/home/sis/ros2t_ws/build/tutorial_interfaces' returned '0': CMAKE_PREFIX_PATH=${CMAKE_PREFIX_PATH}:/home/sis/ros2t_ws/install/fibonacci_action_py:/home/sis/ros2t_ws/install/pubsub_py:/home/sis/ros2t_ws/install/add_service_py:/opt/ros/humble /usr/bin/cmake --install /home/sis/ros2t_ws/build/tutorial_interfaces
