[0.359s] Invoking command in '/home/sis/ros2t_ws/build/add_service_cpp': CMAKE_PREFIX_PATH=${CMAKE_PREFIX_PATH}:/home/sis/ros2t_ws/install/fibonacci_action_py:/home/sis/ros2t_ws/install/pubsub_py:/home/sis/ros2t_ws/install/add_service_py:/opt/ros/humble /usr/bin/cmake --build /home/sis/ros2t_ws/build/add_service_cpp -- -j4 -l4
[1.066s] [ 50%] Built target client
[1.068s] [100%] Built target server
[1.073s] Invoked command in '/home/sis/ros2t_ws/build/add_service_cpp' returned '0': CMAKE_PREFIX_PATH=${CMAKE_PREFIX_PATH}:/home/sis/ros2t_ws/install/fibonacci_action_py:/home/sis/ros2t_ws/install/pubsub_py:/home/sis/ros2t_ws/install/add_service_py:/opt/ros/humble /usr/bin/cmake --build /home/sis/ros2t_ws/build/add_service_cpp -- -j4 -l4
[1.178s] Invoking command in '/home/sis/ros2t_ws/build/add_service_cpp': CMAKE_PREFIX_PATH=${CMAKE_PREFIX_PATH}:/home/sis/ros2t_ws/install/fibonacci_action_py:/home/sis/ros2t_ws/install/pubsub_py:/home/sis/ros2t_ws/install/add_service_py:/opt/ros/humble /usr/bin/cmake --install /home/sis/ros2t_ws/build/add_service_cpp
[1.201s] -- Install configuration: ""
[1.202s] -- Up-to-date: /home/sis/ros2t_ws/install/add_service_cpp/lib/add_service_cpp/server
[1.203s] -- Up-to-date: /home/sis/ros2t_ws/install/add_service_cpp/lib/add_service_cpp/client
[1.204s] -- Up-to-date: /home/sis/ros2t_ws/install/add_service_cpp/share/ament_index/resource_index/package_run_dependencies/add_service_cpp
[1.205s] -- Up-to-date: /home/sis/ros2t_ws/install/add_service_cpp/share/ament_index/resource_index/parent_prefix_path/add_service_cpp
[1.205s] -- Up-to-date: /home/sis/ros2t_ws/install/add_service_cpp/share/add_service_cpp/environment/ament_prefix_path.sh
[1.206s] -- Up-to-date: /home/sis/ros2t_ws/install/add_service_cpp/share/add_service_cpp/environment/ament_prefix_path.dsv
[1.206s] -- Up-to-date: /home/sis/ros2t_ws/install/add_service_cpp/share/add_service_cpp/environment/path.sh
[1.207s] -- Up-to-date: /home/sis/ros2t_ws/install/add_service_cpp/share/add_service_cpp/environment/path.dsv
[1.208s] -- Up-to-date: /home/sis/ros2t_ws/install/add_service_cpp/share/add_service_cpp/local_setup.bash
[1.208s] -- Up-to-date: /home/sis/ros2t_ws/install/add_service_cpp/share/add_service_cpp/local_setup.sh
[1.209s] -- Up-to-date: /home/sis/ros2t_ws/install/add_service_cpp/share/add_service_cpp/local_setup.zsh
[1.209s] -- Up-to-date: /home/sis/ros2t_ws/install/add_service_cpp/share/add_service_cpp/local_setup.dsv
[1.210s] -- Installing: /home/sis/ros2t_ws/install/add_service_cpp/share/add_service_cpp/package.dsv
[1.210s] -- Up-to-date: /home/sis/ros2t_ws/install/add_service_cpp/share/ament_index/resource_index/packages/add_service_cpp
[1.211s] -- Up-to-date: /home/sis/ros2t_ws/install/add_service_cpp/share/add_service_cpp/cmake/add_service_cppConfig.cmake
[1.211s] -- Up-to-date: /home/sis/ros2t_ws/install/add_service_cpp/share/add_service_cpp/cmake/add_service_cppConfig-version.cmake
[1.216s] -- Up-to-date: /home/sis/ros2t_ws/install/add_service_cpp/share/add_service_cpp/package.xml
[1.229s] Invoked command in '/home/sis/ros2t_ws/build/add_service_cpp' returned '0': CMAKE_PREFIX_PATH=${CMAKE_PREFIX_PATH}:/home/sis/ros2t_ws/install/fibonacci_action_py:/home/sis/ros2t_ws/install/pubsub_py:/home/sis/ros2t_ws/install/add_service_py:/opt/ros/humble /usr/bin/cmake --install /home/sis/ros2t_ws/build/add_service_cpp
