[2.040s] Invoking command in '/home/sis/ros2t_ws/src/pubsub_py': PYTHONPATH=/home/sis/ros2t_ws/build/pubsub_py/prefix_override:/home/sis/ros2t_ws/install/pubsub_py/lib/python3.10/site-packages:${PYTHONPATH} /usr/bin/python3 setup.py egg_info --egg-base ../../build/pubsub_py build --build-base /home/sis/ros2t_ws/build/pubsub_py/build install --record /home/sis/ros2t_ws/build/pubsub_py/install.log --single-version-externally-managed
[2.490s] running egg_info
[2.491s] writing ../../build/pubsub_py/pubsub_py.egg-info/PKG-INFO
[2.491s] writing dependency_links to ../../build/pubsub_py/pubsub_py.egg-info/dependency_links.txt
[2.492s] writing entry points to ../../build/pubsub_py/pubsub_py.egg-info/entry_points.txt
[2.492s] writing requirements to ../../build/pubsub_py/pubsub_py.egg-info/requires.txt
[2.492s] writing top-level names to ../../build/pubsub_py/pubsub_py.egg-info/top_level.txt
[2.496s] reading manifest file '../../build/pubsub_py/pubsub_py.egg-info/SOURCES.txt'
[2.497s] writing manifest file '../../build/pubsub_py/pubsub_py.egg-info/SOURCES.txt'
[2.497s] running build
[2.498s] running build_py
[2.498s] running install
[2.499s] running install_lib
[2.501s] running install_data
[2.502s] running install_egg_info
[2.505s] removing '/home/sis/ros2t_ws/install/pubsub_py/lib/python3.10/site-packages/pubsub_py-0.0.0-py3.10.egg-info' (and everything under it)
[2.506s] Copying ../../build/pubsub_py/pubsub_py.egg-info to /home/sis/ros2t_ws/install/pubsub_py/lib/python3.10/site-packages/pubsub_py-0.0.0-py3.10.egg-info
[2.507s] running install_scripts
[2.552s] Installing pub script to /home/sis/ros2t_ws/install/pubsub_py/lib/pubsub_py
[2.552s] Installing sub script to /home/sis/ros2t_ws/install/pubsub_py/lib/pubsub_py
[2.553s] writing list of installed files to '/home/sis/ros2t_ws/build/pubsub_py/install.log'
[2.695s] Invoked command in '/home/sis/ros2t_ws/src/pubsub_py' returned '0': PYTHONPATH=/home/sis/ros2t_ws/build/pubsub_py/prefix_override:/home/sis/ros2t_ws/install/pubsub_py/lib/python3.10/site-packages:${PYTHONPATH} /usr/bin/python3 setup.py egg_info --egg-base ../../build/pubsub_py build --build-base /home/sis/ros2t_ws/build/pubsub_py/build install --record /home/sis/ros2t_ws/build/pubsub_py/install.log --single-version-externally-managed
