[0.352s] Invoking command in '/home/sis/ros2t_ws/build/add_service_cpp': CMAKE_PREFIX_PATH=${CMAKE_PREFIX_PATH}:/home/sis/ros2t_ws/install/fibonacci_action_py:/home/sis/ros2t_ws/install/pubsub_py:/home/sis/ros2t_ws/install/add_service_py:/opt/ros/humble /usr/bin/cmake --build /home/sis/ros2t_ws/build/add_service_cpp -- -j4 -l4
[1.146s] [35m[1mConsolidate compiler generated dependencies of target client[0m
[1.146s] [ 50%] Built target server
[1.147s] [100%] Built target client
[1.147s] Invoked command in '/home/sis/ros2t_ws/build/add_service_cpp' returned '0': CMAKE_PREFIX_PATH=${CMAKE_PREFIX_PATH}:/home/sis/ros2t_ws/install/fibonacci_action_py:/home/sis/ros2t_ws/install/pubsub_py:/home/sis/ros2t_ws/install/add_service_py:/opt/ros/humble /usr/bin/cmake --build /home/sis/ros2t_ws/build/add_service_cpp -- -j4 -l4
[1.255s] Invoking command in '/home/sis/ros2t_ws/build/add_service_cpp': CMAKE_PREFIX_PATH=${CMAKE_PREFIX_PATH}:/home/sis/ros2t_ws/install/fibonacci_action_py:/home/sis/ros2t_ws/install/pubsub_py:/home/sis/ros2t_ws/install/add_service_py:/opt/ros/humble /usr/bin/cmake --install /home/sis/ros2t_ws/build/add_service_cpp
[1.278s] -- Install configuration: ""
[1.284s] -- Up-to-date: /home/sis/ros2t_ws/install/add_service_cpp/lib/add_service_cpp/server
[1.284s] -- Up-to-date: /home/sis/ros2t_ws/install/add_service_cpp/lib/add_service_cpp/client
[1.284s] -- Up-to-date: /home/sis/ros2t_ws/install/add_service_cpp/share/ament_index/resource_index/package_run_dependencies/add_service_cpp
[1.284s] -- Up-to-date: /home/sis/ros2t_ws/install/add_service_cpp/share/ament_index/resource_index/parent_prefix_path/add_service_cpp
[1.288s] -- Up-to-date: /home/sis/ros2t_ws/install/add_service_cpp/share/add_service_cpp/environment/ament_prefix_path.sh
[1.288s] -- Up-to-date: /home/sis/ros2t_ws/install/add_service_cpp/share/add_service_cpp/environment/ament_prefix_path.dsv
[1.289s] -- Up-to-date: /home/sis/ros2t_ws/install/add_service_cpp/share/add_service_cpp/environment/path.sh
[1.289s] -- Up-to-date: /home/sis/ros2t_ws/install/add_service_cpp/share/add_service_cpp/environment/path.dsv
[1.289s] -- Up-to-date: /home/sis/ros2t_ws/install/add_service_cpp/share/add_service_cpp/local_setup.bash
[1.289s] -- Up-to-date: /home/sis/ros2t_ws/install/add_service_cpp/share/add_service_cpp/local_setup.sh
[1.289s] -- Up-to-date: /home/sis/ros2t_ws/install/add_service_cpp/share/add_service_cpp/local_setup.zsh
[1.290s] -- Up-to-date: /home/sis/ros2t_ws/install/add_service_cpp/share/add_service_cpp/local_setup.dsv
[1.290s] -- Installing: /home/sis/ros2t_ws/install/add_service_cpp/share/add_service_cpp/package.dsv
[1.290s] -- Up-to-date: /home/sis/ros2t_ws/install/add_service_cpp/share/ament_index/resource_index/packages/add_service_cpp
[1.290s] -- Up-to-date: /home/sis/ros2t_ws/install/add_service_cpp/share/add_service_cpp/cmake/add_service_cppConfig.cmake
[1.290s] -- Up-to-date: /home/sis/ros2t_ws/install/add_service_cpp/share/add_service_cpp/cmake/add_service_cppConfig-version.cmake
[1.290s] -- Up-to-date: /home/sis/ros2t_ws/install/add_service_cpp/share/add_service_cpp/package.xml
[1.306s] Invoked command in '/home/sis/ros2t_ws/build/add_service_cpp' returned '0': CMAKE_PREFIX_PATH=${CMAKE_PREFIX_PATH}:/home/sis/ros2t_ws/install/fibonacci_action_py:/home/sis/ros2t_ws/install/pubsub_py:/home/sis/ros2t_ws/install/add_service_py:/opt/ros/humble /usr/bin/cmake --install /home/sis/ros2t_ws/build/add_service_cpp
