[2.765s] Invoking command in '/home/sis/ros2t_ws/src/fibonacci_action_py': PYTHONPATH=/home/sis/ros2t_ws/build/fibonacci_action_py/prefix_override:/home/sis/ros2t_ws/install/fibonacci_action_py/lib/python3.10/site-packages:${PYTHONPATH} /usr/bin/python3 setup.py egg_info --egg-base ../../build/fibonacci_action_py build --build-base /home/sis/ros2t_ws/build/fibonacci_action_py/build install --record /home/sis/ros2t_ws/build/fibonacci_action_py/install.log --single-version-externally-managed
[4.035s] running egg_info
[4.038s] writing ../../build/fibonacci_action_py/fibonacci_action_py.egg-info/PKG-INFO
[4.039s] writing dependency_links to ../../build/fibonacci_action_py/fibonacci_action_py.egg-info/dependency_links.txt
[4.042s] writing entry points to ../../build/fibonacci_action_py/fibonacci_action_py.egg-info/entry_points.txt
[4.042s] writing requirements to ../../build/fibonacci_action_py/fibonacci_action_py.egg-info/requires.txt
[4.043s] writing top-level names to ../../build/fibonacci_action_py/fibonacci_action_py.egg-info/top_level.txt
[4.053s] reading manifest file '../../build/fibonacci_action_py/fibonacci_action_py.egg-info/SOURCES.txt'
[4.058s] writing manifest file '../../build/fibonacci_action_py/fibonacci_action_py.egg-info/SOURCES.txt'
[4.059s] running build
[4.060s] running build_py
[4.061s] running install
[4.065s] running install_lib
[4.077s] running install_data
[4.084s] running install_egg_info
[4.092s] removing '/home/sis/ros2t_ws/install/fibonacci_action_py/lib/python3.10/site-packages/fibonacci_action_py-0.0.0-py3.10.egg-info' (and everything under it)
[4.097s] Copying ../../build/fibonacci_action_py/fibonacci_action_py.egg-info to /home/sis/ros2t_ws/install/fibonacci_action_py/lib/python3.10/site-packages/fibonacci_action_py-0.0.0-py3.10.egg-info
[4.099s] running install_scripts
[4.192s] Installing client script to /home/sis/ros2t_ws/install/fibonacci_action_py/lib/fibonacci_action_py
[4.192s] Installing server script to /home/sis/ros2t_ws/install/fibonacci_action_py/lib/fibonacci_action_py
[4.193s] writing list of installed files to '/home/sis/ros2t_ws/build/fibonacci_action_py/install.log'
[4.339s] Invoked command in '/home/sis/ros2t_ws/src/fibonacci_action_py' returned '0': PYTHONPATH=/home/sis/ros2t_ws/build/fibonacci_action_py/prefix_override:/home/sis/ros2t_ws/install/fibonacci_action_py/lib/python3.10/site-packages:${PYTHONPATH} /usr/bin/python3 setup.py egg_info --egg-base ../../build/fibonacci_action_py build --build-base /home/sis/ros2t_ws/build/fibonacci_action_py/build install --record /home/sis/ros2t_ws/build/fibonacci_action_py/install.log --single-version-externally-managed
