running egg_info
writing ../../build/add_service_py/add_service_py.egg-info/PKG-INFO
writing dependency_links to ../../build/add_service_py/add_service_py.egg-info/dependency_links.txt
writing entry points to ../../build/add_service_py/add_service_py.egg-info/entry_points.txt
writing requirements to ../../build/add_service_py/add_service_py.egg-info/requires.txt
writing top-level names to ../../build/add_service_py/add_service_py.egg-info/top_level.txt
reading manifest file '../../build/add_service_py/add_service_py.egg-info/SOURCES.txt'
writing manifest file '../../build/add_service_py/add_service_py.egg-info/SOURCES.txt'
running build
running build_py
running install
running install_lib
running install_data
running install_egg_info
removing '/home/sis/ros2t_ws/install/add_service_py/lib/python3.10/site-packages/add_service_py-0.0.0-py3.10.egg-info' (and everything under it)
Copying ../../build/add_service_py/add_service_py.egg-info to /home/sis/ros2t_ws/install/add_service_py/lib/python3.10/site-packages/add_service_py-0.0.0-py3.10.egg-info
running install_scripts
Installing client script to /home/sis/ros2t_ws/install/add_service_py/lib/add_service_py
Installing server script to /home/sis/ros2t_ws/install/add_service_py/lib/add_service_py
writing list of installed files to '/home/sis/ros2t_ws/build/add_service_py/install.log'
