[4.058s] Invoking command in '/home/sis/ros2t_ws/src/add_service_py': PYTHONPATH=/home/sis/ros2t_ws/build/add_service_py/prefix_override:/home/sis/ros2t_ws/install/add_service_py/lib/python3.10/site-packages:${PYTHONPATH} /usr/bin/python3 setup.py egg_info --egg-base ../../build/add_service_py build --build-base /home/sis/ros2t_ws/build/add_service_py/build install --record /home/sis/ros2t_ws/build/add_service_py/install.log --single-version-externally-managed
[5.759s] running egg_info
[5.761s] writing ../../build/add_service_py/add_service_py.egg-info/PKG-INFO
[5.761s] writing dependency_links to ../../build/add_service_py/add_service_py.egg-info/dependency_links.txt
[5.762s] writing entry points to ../../build/add_service_py/add_service_py.egg-info/entry_points.txt
[5.762s] writing requirements to ../../build/add_service_py/add_service_py.egg-info/requires.txt
[5.762s] writing top-level names to ../../build/add_service_py/add_service_py.egg-info/top_level.txt
[5.766s] reading manifest file '../../build/add_service_py/add_service_py.egg-info/SOURCES.txt'
[5.768s] writing manifest file '../../build/add_service_py/add_service_py.egg-info/SOURCES.txt'
[5.769s] running build
[5.769s] running build_py
[5.769s] running install
[5.770s] running install_lib
[5.773s] running install_data
[5.774s] running install_egg_info
[5.778s] removing '/home/sis/ros2t_ws/install/add_service_py/lib/python3.10/site-packages/add_service_py-0.0.0-py3.10.egg-info' (and everything under it)
[5.779s] Copying ../../build/add_service_py/add_service_py.egg-info to /home/sis/ros2t_ws/install/add_service_py/lib/python3.10/site-packages/add_service_py-0.0.0-py3.10.egg-info
[5.781s] running install_scripts
[5.895s] Installing client script to /home/sis/ros2t_ws/install/add_service_py/lib/add_service_py
[5.906s] Installing server script to /home/sis/ros2t_ws/install/add_service_py/lib/add_service_py
[5.908s] writing list of installed files to '/home/sis/ros2t_ws/build/add_service_py/install.log'
[8.279s] Invoked command in '/home/sis/ros2t_ws/src/add_service_py' returned '0': PYTHONPATH=/home/sis/ros2t_ws/build/add_service_py/prefix_override:/home/sis/ros2t_ws/install/add_service_py/lib/python3.10/site-packages:${PYTHONPATH} /usr/bin/python3 setup.py egg_info --egg-base ../../build/add_service_py build --build-base /home/sis/ros2t_ws/build/add_service_py/build install --record /home/sis/ros2t_ws/build/add_service_py/install.log --single-version-externally-managed
