[3.942s] Invoking command in '/home/sis/ros2t_ws/src/add_service_py': PYTHONPATH=/home/sis/ros2t_ws/build/add_service_py/prefix_override:/home/sis/ros2t_ws/install/add_service_py/lib/python3.10/site-packages:${PYTHONPATH} /usr/bin/python3 setup.py egg_info --egg-base ../../build/add_service_py build --build-base /home/sis/ros2t_ws/build/add_service_py/build install --record /home/sis/ros2t_ws/build/add_service_py/install.log --single-version-externally-managed
[5.588s] running egg_info
[5.610s] writing ../../build/add_service_py/add_service_py.egg-info/PKG-INFO
[5.610s] writing dependency_links to ../../build/add_service_py/add_service_py.egg-info/dependency_links.txt
[5.610s] writing entry points to ../../build/add_service_py/add_service_py.egg-info/entry_points.txt
[5.610s] writing requirements to ../../build/add_service_py/add_service_py.egg-info/requires.txt
[5.610s] writing top-level names to ../../build/add_service_py/add_service_py.egg-info/top_level.txt
[5.619s] reading manifest file '../../build/add_service_py/add_service_py.egg-info/SOURCES.txt'
[5.638s] writing manifest file '../../build/add_service_py/add_service_py.egg-info/SOURCES.txt'
[5.638s] running build
[5.639s] running build_py
[5.640s] running install
[5.641s] running install_lib
[5.667s] running install_data
[5.668s] running install_egg_info
[5.693s] removing '/home/sis/ros2t_ws/install/add_service_py/lib/python3.10/site-packages/add_service_py-0.0.0-py3.10.egg-info' (and everything under it)
[5.701s] Copying ../../build/add_service_py/add_service_py.egg-info to /home/sis/ros2t_ws/install/add_service_py/lib/python3.10/site-packages/add_service_py-0.0.0-py3.10.egg-info
[5.702s] running install_scripts
[5.850s] Installing client script to /home/sis/ros2t_ws/install/add_service_py/lib/add_service_py
[5.850s] Installing server script to /home/sis/ros2t_ws/install/add_service_py/lib/add_service_py
[5.850s] writing list of installed files to '/home/sis/ros2t_ws/build/add_service_py/install.log'
[6.579s] Invoked command in '/home/sis/ros2t_ws/src/add_service_py' returned '0': PYTHONPATH=/home/sis/ros2t_ws/build/add_service_py/prefix_override:/home/sis/ros2t_ws/install/add_service_py/lib/python3.10/site-packages:${PYTHONPATH} /usr/bin/python3 setup.py egg_info --egg-base ../../build/add_service_py build --build-base /home/sis/ros2t_ws/build/add_service_py/build install --record /home/sis/ros2t_ws/build/add_service_py/install.log --single-version-externally-managed
