[2.493s] Invoking command in '/home/sis/ros2t_ws/src/pubsub_py': PYTHONPATH=/home/sis/ros2t_ws/build/pubsub_py/prefix_override:/home/sis/ros2t_ws/install/pubsub_py/lib/python3.10/site-packages:${PYTHONPATH} /usr/bin/python3 setup.py egg_info --egg-base ../../build/pubsub_py build --build-base /home/sis/ros2t_ws/build/pubsub_py/build install --record /home/sis/ros2t_ws/build/pubsub_py/install.log --single-version-externally-managed
[3.250s] running egg_info
[3.262s] writing ../../build/pubsub_py/pubsub_py.egg-info/PKG-INFO
[3.263s] writing dependency_links to ../../build/pubsub_py/pubsub_py.egg-info/dependency_links.txt
[3.264s] writing entry points to ../../build/pubsub_py/pubsub_py.egg-info/entry_points.txt
[3.269s] writing requirements to ../../build/pubsub_py/pubsub_py.egg-info/requires.txt
[3.270s] writing top-level names to ../../build/pubsub_py/pubsub_py.egg-info/top_level.txt
[3.283s] reading manifest file '../../build/pubsub_py/pubsub_py.egg-info/SOURCES.txt'
[3.286s] writing manifest file '../../build/pubsub_py/pubsub_py.egg-info/SOURCES.txt'
[3.287s] running build
[3.287s] running build_py
[3.292s] running install
[3.293s] running install_lib
[3.297s] running install_data
[3.299s] running install_egg_info
[3.308s] removing '/home/sis/ros2t_ws/install/pubsub_py/lib/python3.10/site-packages/pubsub_py-0.0.0-py3.10.egg-info' (and everything under it)
[3.310s] Copying ../../build/pubsub_py/pubsub_py.egg-info to /home/sis/ros2t_ws/install/pubsub_py/lib/python3.10/site-packages/pubsub_py-0.0.0-py3.10.egg-info
[3.316s] running install_scripts
[3.377s] Installing pub script to /home/sis/ros2t_ws/install/pubsub_py/lib/pubsub_py
[3.379s] Installing sub script to /home/sis/ros2t_ws/install/pubsub_py/lib/pubsub_py
[3.381s] writing list of installed files to '/home/sis/ros2t_ws/build/pubsub_py/install.log'
[4.962s] Invoked command in '/home/sis/ros2t_ws/src/pubsub_py' returned '0': PYTHONPATH=/home/sis/ros2t_ws/build/pubsub_py/prefix_override:/home/sis/ros2t_ws/install/pubsub_py/lib/python3.10/site-packages:${PYTHONPATH} /usr/bin/python3 setup.py egg_info --egg-base ../../build/pubsub_py build --build-base /home/sis/ros2t_ws/build/pubsub_py/build install --record /home/sis/ros2t_ws/build/pubsub_py/install.log --single-version-externally-managed
