[7.708s] Invoking command in '/home/sis/ros2t_ws/src/pubsub_py': PYTHONPATH=/home/sis/ros2t_ws/build/pubsub_py/prefix_override:/home/sis/ros2t_ws/install/pubsub_py/lib/python3.10/site-packages:${PYTHONPATH} /usr/bin/python3 setup.py egg_info --egg-base ../../build/pubsub_py build --build-base /home/sis/ros2t_ws/build/pubsub_py/build install --record /home/sis/ros2t_ws/build/pubsub_py/install.log --single-version-externally-managed
[9.285s] running egg_info
[9.289s] writing ../../build/pubsub_py/pubsub_py.egg-info/PKG-INFO
[9.292s] writing dependency_links to ../../build/pubsub_py/pubsub_py.egg-info/dependency_links.txt
[9.293s] writing entry points to ../../build/pubsub_py/pubsub_py.egg-info/entry_points.txt
[9.308s] writing requirements to ../../build/pubsub_py/pubsub_py.egg-info/requires.txt
[9.310s] writing top-level names to ../../build/pubsub_py/pubsub_py.egg-info/top_level.txt
[9.325s] reading manifest file '../../build/pubsub_py/pubsub_py.egg-info/SOURCES.txt'
[9.327s] writing manifest file '../../build/pubsub_py/pubsub_py.egg-info/SOURCES.txt'
[9.328s] running build
[9.328s] running build_py
[9.328s] running install
[9.329s] running install_lib
[9.337s] running install_data
[9.338s] running install_egg_info
[9.346s] removing '/home/sis/ros2t_ws/install/pubsub_py/lib/python3.10/site-packages/pubsub_py-0.0.0-py3.10.egg-info' (and everything under it)
[9.347s] Copying ../../build/pubsub_py/pubsub_py.egg-info to /home/sis/ros2t_ws/install/pubsub_py/lib/python3.10/site-packages/pubsub_py-0.0.0-py3.10.egg-info
[9.353s] running install_scripts
[9.473s] Installing pub script to /home/sis/ros2t_ws/install/pubsub_py/lib/pubsub_py
[9.473s] Installing sub script to /home/sis/ros2t_ws/install/pubsub_py/lib/pubsub_py
[9.474s] writing list of installed files to '/home/sis/ros2t_ws/build/pubsub_py/install.log'
[9.890s] Invoked command in '/home/sis/ros2t_ws/src/pubsub_py' returned '0': PYTHONPATH=/home/sis/ros2t_ws/build/pubsub_py/prefix_override:/home/sis/ros2t_ws/install/pubsub_py/lib/python3.10/site-packages:${PYTHONPATH} /usr/bin/python3 setup.py egg_info --egg-base ../../build/pubsub_py build --build-base /home/sis/ros2t_ws/build/pubsub_py/build install --record /home/sis/ros2t_ws/build/pubsub_py/install.log --single-version-externally-managed
