[3.125s] Invoking command in '/home/sis/ros2t_ws/src/pubsub_py': PYTHONPATH=/home/sis/ros2t_ws/build/pubsub_py/prefix_override:/home/sis/ros2t_ws/install/pubsub_py/lib/python3.10/site-packages:${PYTHONPATH} /usr/bin/python3 setup.py egg_info --egg-base ../../build/pubsub_py build --build-base /home/sis/ros2t_ws/build/pubsub_py/build install --record /home/sis/ros2t_ws/build/pubsub_py/install.log --single-version-externally-managed
[4.372s] running egg_info
[4.372s] writing ../../build/pubsub_py/pubsub_py.egg-info/PKG-INFO
[4.372s] writing dependency_links to ../../build/pubsub_py/pubsub_py.egg-info/dependency_links.txt
[4.372s] writing entry points to ../../build/pubsub_py/pubsub_py.egg-info/entry_points.txt
[4.373s] writing requirements to ../../build/pubsub_py/pubsub_py.egg-info/requires.txt
[4.373s] writing top-level names to ../../build/pubsub_py/pubsub_py.egg-info/top_level.txt
[4.406s] reading manifest file '../../build/pubsub_py/pubsub_py.egg-info/SOURCES.txt'
[4.407s] writing manifest file '../../build/pubsub_py/pubsub_py.egg-info/SOURCES.txt'
[4.407s] running build
[4.407s] running build_py
[4.408s] running install
[4.411s] running install_lib
[4.412s] running install_data
[4.413s] running install_egg_info
[4.443s] removing '/home/sis/ros2t_ws/install/pubsub_py/lib/python3.10/site-packages/pubsub_py-0.0.0-py3.10.egg-info' (and everything under it)
[4.443s] Copying ../../build/pubsub_py/pubsub_py.egg-info to /home/sis/ros2t_ws/install/pubsub_py/lib/python3.10/site-packages/pubsub_py-0.0.0-py3.10.egg-info
[4.443s] running install_scripts
[4.587s] Installing pub script to /home/sis/ros2t_ws/install/pubsub_py/lib/pubsub_py
[4.588s] Installing sub script to /home/sis/ros2t_ws/install/pubsub_py/lib/pubsub_py
[4.588s] writing list of installed files to '/home/sis/ros2t_ws/build/pubsub_py/install.log'
[4.913s] Invoked command in '/home/sis/ros2t_ws/src/pubsub_py' returned '0': PYTHONPATH=/home/sis/ros2t_ws/build/pubsub_py/prefix_override:/home/sis/ros2t_ws/install/pubsub_py/lib/python3.10/site-packages:${PYTHONPATH} /usr/bin/python3 setup.py egg_info --egg-base ../../build/pubsub_py build --build-base /home/sis/ros2t_ws/build/pubsub_py/build install --record /home/sis/ros2t_ws/build/pubsub_py/install.log --single-version-externally-managed
