[0.177s] Invoking command in '/home/sis/ros2t_ws/build/tutorial_interfaces': CMAKE_PREFIX_PATH=${CMAKE_PREFIX_PATH}:/home/sis/ros2t_ws/install/pubsub_py:/home/sis/ros2t_ws/install/add_service_py:/opt/ros/humble /usr/bin/cmake /home/sis/ros2t_ws/src/tutorial_interfaces -DCMAKE_INSTALL_PREFIX=/home/sis/ros2t_ws/install/tutorial_interfaces
[0.264s] -- The C compiler identification is GNU 11.4.0
[0.350s] -- The CXX compiler identification is GNU 11.4.0
[0.359s] -- Detecting C compiler ABI info
[0.464s] -- Detecting C compiler ABI info - done
[0.477s] -- Check for working C compiler: /usr/bin/cc - skipped
[0.477s] -- Detecting C compile features
[0.478s] -- Detecting C compile features - done
[0.484s] -- Detecting CXX compiler ABI info
[0.632s] -- Detecting CXX compiler ABI info - done
[0.645s] -- Check for working CXX compiler: /usr/bin/c++ - skipped
[0.646s] -- Detecting CXX compile features
[0.646s] -- Detecting CXX compile features - done
[0.650s] -- Found ament_cmake: 1.3.6 (/opt/ros/humble/share/ament_cmake/cmake)
[0.960s] -- Found Python3: /usr/bin/python3.10 (found version "3.10.12") found components: Interpreter 
[1.088s] -- Found builtin_interfaces: 1.2.1 (/opt/ros/humble/share/builtin_interfaces/cmake)
[1.135s] -- Found rosidl_generator_c: 3.1.5 (/opt/ros/humble/share/rosidl_generator_c/cmake)
[1.143s] -- Found rosidl_adapter: 3.1.5 (/opt/ros/humble/share/rosidl_adapter/cmake)
[1.155s] -- Found rosidl_generator_cpp: 3.1.5 (/opt/ros/humble/share/rosidl_generator_cpp/cmake)
[1.175s] -- Using all available rosidl_typesupport_c: rosidl_typesupport_fastrtps_c;rosidl_typesupport_introspection_c
[1.203s] -- Using all available rosidl_typesupport_cpp: rosidl_typesupport_fastrtps_cpp;rosidl_typesupport_introspection_cpp
[1.244s] -- Found rosidl_default_generators: 1.2.0 (/opt/ros/humble/share/rosidl_default_generators/cmake)
[1.749s] -- Found ament_cmake_ros: 0.10.0 (/opt/ros/humble/share/ament_cmake_ros/cmake)
[2.284s] -- Using all available rosidl_typesupport_c: rosidl_typesupport_fastrtps_c;rosidl_typesupport_introspection_c
[2.494s] -- Using all available rosidl_typesupport_cpp: rosidl_typesupport_fastrtps_cpp;rosidl_typesupport_introspection_cpp
[2.543s] -- Found PythonInterp: /usr/bin/python3 (found suitable version "3.10.12", minimum required is "3.6") 
[2.550s] -- Found python_cmake_module: 0.10.0 (/opt/ros/humble/share/python_cmake_module/cmake)
[2.591s] -- Found PythonLibs: /usr/lib/x86_64-linux-gnu/libpython3.10.so (found suitable version "3.10.12", minimum required is "3.5") 
[2.592s] -- Using PYTHON_EXECUTABLE: /usr/bin/python3
[2.592s] -- Using PYTHON_INCLUDE_DIRS: /usr/include/python3.10
[2.592s] -- Using PYTHON_LIBRARIES: /usr/lib/x86_64-linux-gnu/libpython3.10.so
[2.622s] -- Found PythonExtra: .so  
[2.689s] -- Configuring done
[2.739s] -- Generating done
[2.746s] -- Build files have been written to: /home/sis/ros2t_ws/build/tutorial_interfaces
[2.756s] Invoked command in '/home/sis/ros2t_ws/build/tutorial_interfaces' returned '0': CMAKE_PREFIX_PATH=${CMAKE_PREFIX_PATH}:/home/sis/ros2t_ws/install/pubsub_py:/home/sis/ros2t_ws/install/add_service_py:/opt/ros/humble /usr/bin/cmake /home/sis/ros2t_ws/src/tutorial_interfaces -DCMAKE_INSTALL_PREFIX=/home/sis/ros2t_ws/install/tutorial_interfaces
[2.759s] Invoking command in '/home/sis/ros2t_ws/build/tutorial_interfaces': CMAKE_PREFIX_PATH=${CMAKE_PREFIX_PATH}:/home/sis/ros2t_ws/install/pubsub_py:/home/sis/ros2t_ws/install/add_service_py:/opt/ros/humble /usr/bin/cmake --build /home/sis/ros2t_ws/build/tutorial_interfaces -- -j4 -l4
[2.815s] [  2%] [34m[1mGenerating C code for ROS interfaces[0m
[2.836s] [  5%] [34m[1mGenerating C++ code for ROS interfaces[0m
[2.858s] [  5%] Built target ament_cmake_python_copy_tutorial_interfaces
[3.793s] running egg_info
[3.796s] creating tutorial_interfaces.egg-info
[3.797s] writing tutorial_interfaces.egg-info/PKG-INFO
[3.797s] writing dependency_links to tutorial_interfaces.egg-info/dependency_links.txt
[3.797s] writing top-level names to tutorial_interfaces.egg-info/top_level.txt
[3.797s] writing manifest file 'tutorial_interfaces.egg-info/SOURCES.txt'
[3.802s] reading manifest file 'tutorial_interfaces.egg-info/SOURCES.txt'
[3.803s] writing manifest file 'tutorial_interfaces.egg-info/SOURCES.txt'
[3.884s] [  5%] Built target ament_cmake_python_build_tutorial_interfaces_egg
[4.099s] [  5%] Built target tutorial_interfaces__cpp
[4.121s] [ 10%] [34m[1mGenerating C++ introspection for ROS interfaces[0m
[4.122s] [ 12%] [34m[1mGenerating C++ type support for eProsima Fast-RTPS[0m
[4.124s] [ 12%] [34m[1mGenerating C++ type support dispatch for ROS interfaces[0m
[4.395s] [ 15%] [32mBuilding C object CMakeFiles/tutorial_interfaces__rosidl_generator_c.dir/rosidl_generator_c/tutorial_interfaces/msg/detail/num__functions.c.o[0m
[4.527s] [ 17%] [32mBuilding C object CMakeFiles/tutorial_interfaces__rosidl_generator_c.dir/rosidl_generator_c/tutorial_interfaces/srv/detail/add_three_ints__functions.c.o[0m
[4.699s] [ 20%] [32m[1mLinking C shared library libtutorial_interfaces__rosidl_generator_c.so[0m
[4.802s] [ 20%] Built target tutorial_interfaces__rosidl_generator_c
[4.825s] [ 23%] [34m[1mGenerating C type support for eProsima Fast-RTPS[0m
[4.983s] [ 25%] [32mBuilding CXX object CMakeFiles/tutorial_interfaces__rosidl_typesupport_cpp.dir/rosidl_typesupport_cpp/tutorial_interfaces/msg/num__type_support.cpp.o[0m
[5.076s] [ 28%] [32mBuilding CXX object CMakeFiles/tutorial_interfaces__rosidl_typesupport_introspection_cpp.dir/rosidl_typesupport_introspection_cpp/tutorial_interfaces/msg/detail/num__type_support.cpp.o[0m
[5.164s] [ 30%] [32mBuilding CXX object CMakeFiles/tutorial_interfaces__rosidl_typesupport_fastrtps_cpp.dir/rosidl_typesupport_fastrtps_cpp/tutorial_interfaces/msg/detail/dds_fastrtps/num__type_support.cpp.o[0m
[5.899s] [ 33%] [32mBuilding CXX object CMakeFiles/tutorial_interfaces__rosidl_typesupport_cpp.dir/rosidl_typesupport_cpp/tutorial_interfaces/srv/add_three_ints__type_support.cpp.o[0m
[5.920s] [ 35%] [32mBuilding CXX object CMakeFiles/tutorial_interfaces__rosidl_typesupport_fastrtps_c.dir/rosidl_typesupport_fastrtps_c/tutorial_interfaces/msg/detail/num__type_support_c.cpp.o[0m
[6.200s] [ 38%] [32mBuilding CXX object CMakeFiles/tutorial_interfaces__rosidl_typesupport_introspection_cpp.dir/rosidl_typesupport_introspection_cpp/tutorial_interfaces/srv/detail/add_three_ints__type_support.cpp.o[0m
[6.443s] [ 41%] [32mBuilding CXX object CMakeFiles/tutorial_interfaces__rosidl_typesupport_fastrtps_cpp.dir/rosidl_typesupport_fastrtps_cpp/tutorial_interfaces/srv/detail/dds_fastrtps/add_three_ints__type_support.cpp.o[0m
[6.908s] [ 43%] [32m[1mLinking CXX shared library libtutorial_interfaces__rosidl_typesupport_cpp.so[0m
[7.072s] [ 43%] Built target tutorial_interfaces__rosidl_typesupport_cpp
[7.101s] [ 46%] [34m[1mGenerating C introspection for ROS interfaces[0m
[7.766s] [ 48%] [32mBuilding CXX object CMakeFiles/tutorial_interfaces__rosidl_typesupport_fastrtps_c.dir/rosidl_typesupport_fastrtps_c/tutorial_interfaces/srv/detail/add_three_ints__type_support_c.cpp.o[0m
[8.590s] [ 51%] [32m[1mLinking CXX shared library libtutorial_interfaces__rosidl_typesupport_introspection_cpp.so[0m
[8.784s] [ 51%] Built target tutorial_interfaces__rosidl_typesupport_introspection_cpp
[8.809s] [ 53%] [34m[1mGenerating C type support dispatch for ROS interfaces[0m
[8.903s] [ 56%] [32m[1mLinking CXX shared library libtutorial_interfaces__rosidl_typesupport_fastrtps_cpp.so[0m
[9.396s] [ 58%] [32mBuilding C object CMakeFiles/tutorial_interfaces__rosidl_typesupport_introspection_c.dir/rosidl_typesupport_introspection_c/tutorial_interfaces/msg/detail/num__type_support.c.o[0m
[9.868s] [ 61%] [32m[1mLinking CXX shared library libtutorial_interfaces__rosidl_typesupport_fastrtps_c.so[0m
[9.871s] [ 64%] [32mBuilding C object CMakeFiles/tutorial_interfaces__rosidl_typesupport_introspection_c.dir/rosidl_typesupport_introspection_c/tutorial_interfaces/srv/detail/add_three_ints__type_support.c.o[0m
[9.911s] [ 64%] Built target tutorial_interfaces__rosidl_typesupport_fastrtps_cpp
[10.038s] [ 66%] [32m[1mLinking C shared library libtutorial_interfaces__rosidl_typesupport_introspection_c.so[0m
[10.129s] [ 66%] Built target tutorial_interfaces__rosidl_typesupport_introspection_c
[10.152s] [ 66%] Built target tutorial_interfaces__rosidl_typesupport_fastrtps_c
[10.271s] [ 71%] [32mBuilding CXX object CMakeFiles/tutorial_interfaces__rosidl_typesupport_c.dir/rosidl_typesupport_c/tutorial_interfaces/msg/num__type_support.cpp.o[0m
[10.271s] [ 71%] [32mBuilding CXX object CMakeFiles/tutorial_interfaces__rosidl_typesupport_c.dir/rosidl_typesupport_c/tutorial_interfaces/srv/add_three_ints__type_support.cpp.o[0m
[10.347s] [ 74%] [32m[1mLinking CXX shared library libtutorial_interfaces__rosidl_typesupport_c.so[0m
[10.436s] [ 74%] Built target tutorial_interfaces__rosidl_typesupport_c
[10.465s] [ 74%] Built target tutorial_interfaces
[10.501s] [ 76%] [34m[1mGenerating Python code for ROS interfaces[0m
[11.225s] [ 76%] Built target tutorial_interfaces__py
[11.254s] [ 79%] [32mBuilding C object CMakeFiles/tutorial_interfaces__rosidl_generator_py.dir/rosidl_generator_py/tutorial_interfaces/msg/_num_s.c.o[0m
[11.254s] [ 82%] [32mBuilding C object CMakeFiles/tutorial_interfaces__rosidl_generator_py.dir/rosidl_generator_py/tutorial_interfaces/srv/_add_three_ints_s.c.o[0m
[11.444s] [ 84%] [32m[1mLinking C shared library rosidl_generator_py/tutorial_interfaces/libtutorial_interfaces__rosidl_generator_py.so[0m
[11.506s] [ 84%] Built target tutorial_interfaces__rosidl_generator_py
[11.541s] [ 87%] [32mBuilding C object CMakeFiles/tutorial_interfaces__rosidl_typesupport_introspection_c__pyext.dir/rosidl_generator_py/tutorial_interfaces/_tutorial_interfaces_s.ep.rosidl_typesupport_introspection_c.c.o[0m
[11.543s] [ 89%] [32mBuilding C object CMakeFiles/tutorial_interfaces__rosidl_typesupport_fastrtps_c__pyext.dir/rosidl_generator_py/tutorial_interfaces/_tutorial_interfaces_s.ep.rosidl_typesupport_fastrtps_c.c.o[0m
[11.549s] [ 92%] [32mBuilding C object CMakeFiles/tutorial_interfaces__rosidl_typesupport_c__pyext.dir/rosidl_generator_py/tutorial_interfaces/_tutorial_interfaces_s.ep.rosidl_typesupport_c.c.o[0m
[11.809s] [ 94%] [32m[1mLinking C shared library rosidl_generator_py/tutorial_interfaces/tutorial_interfaces_s__rosidl_typesupport_fastrtps_c.cpython-310-x86_64-linux-gnu.so[0m
[11.812s] [ 97%] [32m[1mLinking C shared library rosidl_generator_py/tutorial_interfaces/tutorial_interfaces_s__rosidl_typesupport_introspection_c.cpython-310-x86_64-linux-gnu.so[0m
[11.814s] [100%] [32m[1mLinking C shared library rosidl_generator_py/tutorial_interfaces/tutorial_interfaces_s__rosidl_typesupport_c.cpython-310-x86_64-linux-gnu.so[0m
[11.870s] [100%] Built target tutorial_interfaces__rosidl_typesupport_fastrtps_c__pyext
[11.893s] [100%] Built target tutorial_interfaces__rosidl_typesupport_c__pyext
[11.893s] [100%] Built target tutorial_interfaces__rosidl_typesupport_introspection_c__pyext
[11.914s] Invoked command in '/home/sis/ros2t_ws/build/tutorial_interfaces' returned '0': CMAKE_PREFIX_PATH=${CMAKE_PREFIX_PATH}:/home/sis/ros2t_ws/install/pubsub_py:/home/sis/ros2t_ws/install/add_service_py:/opt/ros/humble /usr/bin/cmake --build /home/sis/ros2t_ws/build/tutorial_interfaces -- -j4 -l4
[12.028s] Invoking command in '/home/sis/ros2t_ws/build/tutorial_interfaces': CMAKE_PREFIX_PATH=${CMAKE_PREFIX_PATH}:/home/sis/ros2t_ws/install/pubsub_py:/home/sis/ros2t_ws/install/add_service_py:/opt/ros/humble /usr/bin/cmake --install /home/sis/ros2t_ws/build/tutorial_interfaces
[12.040s] -- Install configuration: ""
[12.040s] -- Installing: /home/sis/ros2t_ws/install/tutorial_interfaces/share/ament_index/resource_index/rosidl_interfaces/tutorial_interfaces
[12.040s] -- Installing: /home/sis/ros2t_ws/install/tutorial_interfaces/include/tutorial_interfaces/tutorial_interfaces
[12.041s] -- Installing: /home/sis/ros2t_ws/install/tutorial_interfaces/include/tutorial_interfaces/tutorial_interfaces/srv
[12.041s] -- Installing: /home/sis/ros2t_ws/install/tutorial_interfaces/include/tutorial_interfaces/tutorial_interfaces/srv/detail
[12.041s] -- Installing: /home/sis/ros2t_ws/install/tutorial_interfaces/include/tutorial_interfaces/tutorial_interfaces/srv/detail/add_three_ints__functions.c
[12.041s] -- Installing: /home/sis/ros2t_ws/install/tutorial_interfaces/include/tutorial_interfaces/tutorial_interfaces/srv/detail/add_three_ints__type_support.h
[12.042s] -- Installing: /home/sis/ros2t_ws/install/tutorial_interfaces/include/tutorial_interfaces/tutorial_interfaces/srv/detail/add_three_ints__functions.h
[12.042s] -- Installing: /home/sis/ros2t_ws/install/tutorial_interfaces/include/tutorial_interfaces/tutorial_interfaces/srv/detail/add_three_ints__struct.h
[12.042s] -- Installing: /home/sis/ros2t_ws/install/tutorial_interfaces/include/tutorial_interfaces/tutorial_interfaces/srv/add_three_ints.h
[12.042s] -- Installing: /home/sis/ros2t_ws/install/tutorial_interfaces/include/tutorial_interfaces/tutorial_interfaces/msg
[12.043s] -- Installing: /home/sis/ros2t_ws/install/tutorial_interfaces/include/tutorial_interfaces/tutorial_interfaces/msg/detail
[12.043s] -- Installing: /home/sis/ros2t_ws/install/tutorial_interfaces/include/tutorial_interfaces/tutorial_interfaces/msg/detail/num__functions.h
[12.043s] -- Installing: /home/sis/ros2t_ws/install/tutorial_interfaces/include/tutorial_interfaces/tutorial_interfaces/msg/detail/num__struct.h
[12.043s] -- Installing: /home/sis/ros2t_ws/install/tutorial_interfaces/include/tutorial_interfaces/tutorial_interfaces/msg/detail/num__type_support.h
[12.043s] -- Installing: /home/sis/ros2t_ws/install/tutorial_interfaces/include/tutorial_interfaces/tutorial_interfaces/msg/detail/num__functions.c
[12.044s] -- Installing: /home/sis/ros2t_ws/install/tutorial_interfaces/include/tutorial_interfaces/tutorial_interfaces/msg/num.h
[12.044s] -- Installing: /home/sis/ros2t_ws/install/tutorial_interfaces/include/tutorial_interfaces/tutorial_interfaces/msg/rosidl_generator_c__visibility_control.h
[12.044s] -- Installing: /home/sis/ros2t_ws/install/tutorial_interfaces/share/tutorial_interfaces/environment/library_path.sh
[12.044s] -- Installing: /home/sis/ros2t_ws/install/tutorial_interfaces/share/tutorial_interfaces/environment/library_path.dsv
[12.045s] -- Installing: /home/sis/ros2t_ws/install/tutorial_interfaces/lib/libtutorial_interfaces__rosidl_generator_c.so
[12.045s] -- Set runtime path of "/home/sis/ros2t_ws/install/tutorial_interfaces/lib/libtutorial_interfaces__rosidl_generator_c.so" to ""
[12.045s] -- Up-to-date: /home/sis/ros2t_ws/install/tutorial_interfaces/include/tutorial_interfaces/tutorial_interfaces
[12.045s] -- Up-to-date: /home/sis/ros2t_ws/install/tutorial_interfaces/include/tutorial_interfaces/tutorial_interfaces/srv
[12.045s] -- Up-to-date: /home/sis/ros2t_ws/install/tutorial_interfaces/include/tutorial_interfaces/tutorial_interfaces/srv/detail
[12.046s] -- Installing: /home/sis/ros2t_ws/install/tutorial_interfaces/include/tutorial_interfaces/tutorial_interfaces/srv/detail/add_three_ints__rosidl_typesupport_fastrtps_c.h
[12.046s] -- Up-to-date: /home/sis/ros2t_ws/install/tutorial_interfaces/include/tutorial_interfaces/tutorial_interfaces/msg
[12.046s] -- Installing: /home/sis/ros2t_ws/install/tutorial_interfaces/include/tutorial_interfaces/tutorial_interfaces/msg/rosidl_typesupport_fastrtps_c__visibility_control.h
[12.046s] -- Up-to-date: /home/sis/ros2t_ws/install/tutorial_interfaces/include/tutorial_interfaces/tutorial_interfaces/msg/detail
[12.046s] -- Installing: /home/sis/ros2t_ws/install/tutorial_interfaces/include/tutorial_interfaces/tutorial_interfaces/msg/detail/num__rosidl_typesupport_fastrtps_c.h
[12.047s] -- Installing: /home/sis/ros2t_ws/install/tutorial_interfaces/lib/libtutorial_interfaces__rosidl_typesupport_fastrtps_c.so
[12.047s] -- Set runtime path of "/home/sis/ros2t_ws/install/tutorial_interfaces/lib/libtutorial_interfaces__rosidl_typesupport_fastrtps_c.so" to ""
[12.047s] -- Up-to-date: /home/sis/ros2t_ws/install/tutorial_interfaces/include/tutorial_interfaces/tutorial_interfaces
[12.047s] -- Up-to-date: /home/sis/ros2t_ws/install/tutorial_interfaces/include/tutorial_interfaces/tutorial_interfaces/srv
[12.048s] -- Up-to-date: /home/sis/ros2t_ws/install/tutorial_interfaces/include/tutorial_interfaces/tutorial_interfaces/srv/detail
[12.048s] -- Installing: /home/sis/ros2t_ws/install/tutorial_interfaces/include/tutorial_interfaces/tutorial_interfaces/srv/detail/add_three_ints__builder.hpp
[12.048s] -- Installing: /home/sis/ros2t_ws/install/tutorial_interfaces/include/tutorial_interfaces/tutorial_interfaces/srv/detail/add_three_ints__struct.hpp
[12.048s] -- Installing: /home/sis/ros2t_ws/install/tutorial_interfaces/include/tutorial_interfaces/tutorial_interfaces/srv/detail/add_three_ints__traits.hpp
[12.048s] -- Installing: /home/sis/ros2t_ws/install/tutorial_interfaces/include/tutorial_interfaces/tutorial_interfaces/srv/add_three_ints.hpp
[12.049s] -- Up-to-date: /home/sis/ros2t_ws/install/tutorial_interfaces/include/tutorial_interfaces/tutorial_interfaces/msg
[12.049s] -- Up-to-date: /home/sis/ros2t_ws/install/tutorial_interfaces/include/tutorial_interfaces/tutorial_interfaces/msg/detail
[12.049s] -- Installing: /home/sis/ros2t_ws/install/tutorial_interfaces/include/tutorial_interfaces/tutorial_interfaces/msg/detail/num__struct.hpp
[12.049s] -- Installing: /home/sis/ros2t_ws/install/tutorial_interfaces/include/tutorial_interfaces/tutorial_interfaces/msg/detail/num__builder.hpp
[12.049s] -- Installing: /home/sis/ros2t_ws/install/tutorial_interfaces/include/tutorial_interfaces/tutorial_interfaces/msg/detail/num__traits.hpp
[12.050s] -- Installing: /home/sis/ros2t_ws/install/tutorial_interfaces/include/tutorial_interfaces/tutorial_interfaces/msg/num.hpp
[12.050s] -- Up-to-date: /home/sis/ros2t_ws/install/tutorial_interfaces/include/tutorial_interfaces/tutorial_interfaces
[12.050s] -- Up-to-date: /home/sis/ros2t_ws/install/tutorial_interfaces/include/tutorial_interfaces/tutorial_interfaces/srv
[12.050s] -- Up-to-date: /home/sis/ros2t_ws/install/tutorial_interfaces/include/tutorial_interfaces/tutorial_interfaces/srv/detail
[12.051s] -- Installing: /home/sis/ros2t_ws/install/tutorial_interfaces/include/tutorial_interfaces/tutorial_interfaces/srv/detail/dds_fastrtps
[12.051s] -- Installing: /home/sis/ros2t_ws/install/tutorial_interfaces/include/tutorial_interfaces/tutorial_interfaces/srv/detail/add_three_ints__rosidl_typesupport_fastrtps_cpp.hpp
[12.051s] -- Up-to-date: /home/sis/ros2t_ws/install/tutorial_interfaces/include/tutorial_interfaces/tutorial_interfaces/msg
[12.051s] -- Installing: /home/sis/ros2t_ws/install/tutorial_interfaces/include/tutorial_interfaces/tutorial_interfaces/msg/rosidl_typesupport_fastrtps_cpp__visibility_control.h
[12.051s] -- Up-to-date: /home/sis/ros2t_ws/install/tutorial_interfaces/include/tutorial_interfaces/tutorial_interfaces/msg/detail
[12.051s] -- Installing: /home/sis/ros2t_ws/install/tutorial_interfaces/include/tutorial_interfaces/tutorial_interfaces/msg/detail/dds_fastrtps
[12.052s] -- Installing: /home/sis/ros2t_ws/install/tutorial_interfaces/include/tutorial_interfaces/tutorial_interfaces/msg/detail/num__rosidl_typesupport_fastrtps_cpp.hpp
[12.052s] -- Installing: /home/sis/ros2t_ws/install/tutorial_interfaces/lib/libtutorial_interfaces__rosidl_typesupport_fastrtps_cpp.so
[12.052s] -- Set runtime path of "/home/sis/ros2t_ws/install/tutorial_interfaces/lib/libtutorial_interfaces__rosidl_typesupport_fastrtps_cpp.so" to ""
[12.052s] -- Up-to-date: /home/sis/ros2t_ws/install/tutorial_interfaces/include/tutorial_interfaces/tutorial_interfaces
[12.053s] -- Up-to-date: /home/sis/ros2t_ws/install/tutorial_interfaces/include/tutorial_interfaces/tutorial_interfaces/srv
[12.053s] -- Up-to-date: /home/sis/ros2t_ws/install/tutorial_interfaces/include/tutorial_interfaces/tutorial_interfaces/srv/detail
[12.053s] -- Installing: /home/sis/ros2t_ws/install/tutorial_interfaces/include/tutorial_interfaces/tutorial_interfaces/srv/detail/add_three_ints__rosidl_typesupport_introspection_c.h
[12.053s] -- Installing: /home/sis/ros2t_ws/install/tutorial_interfaces/include/tutorial_interfaces/tutorial_interfaces/srv/detail/add_three_ints__type_support.c
[12.054s] -- Up-to-date: /home/sis/ros2t_ws/install/tutorial_interfaces/include/tutorial_interfaces/tutorial_interfaces/msg
[12.054s] -- Installing: /home/sis/ros2t_ws/install/tutorial_interfaces/include/tutorial_interfaces/tutorial_interfaces/msg/rosidl_typesupport_introspection_c__visibility_control.h
[12.054s] -- Up-to-date: /home/sis/ros2t_ws/install/tutorial_interfaces/include/tutorial_interfaces/tutorial_interfaces/msg/detail
[12.054s] -- Installing: /home/sis/ros2t_ws/install/tutorial_interfaces/include/tutorial_interfaces/tutorial_interfaces/msg/detail/num__type_support.c
[12.054s] -- Installing: /home/sis/ros2t_ws/install/tutorial_interfaces/include/tutorial_interfaces/tutorial_interfaces/msg/detail/num__rosidl_typesupport_introspection_c.h
[12.055s] -- Installing: /home/sis/ros2t_ws/install/tutorial_interfaces/lib/libtutorial_interfaces__rosidl_typesupport_introspection_c.so
[12.055s] -- Set runtime path of "/home/sis/ros2t_ws/install/tutorial_interfaces/lib/libtutorial_interfaces__rosidl_typesupport_introspection_c.so" to ""
[12.055s] -- Installing: /home/sis/ros2t_ws/install/tutorial_interfaces/lib/libtutorial_interfaces__rosidl_typesupport_c.so
[12.055s] -- Set runtime path of "/home/sis/ros2t_ws/install/tutorial_interfaces/lib/libtutorial_interfaces__rosidl_typesupport_c.so" to ""
[12.055s] -- Up-to-date: /home/sis/ros2t_ws/install/tutorial_interfaces/include/tutorial_interfaces/tutorial_interfaces
[12.056s] -- Up-to-date: /home/sis/ros2t_ws/install/tutorial_interfaces/include/tutorial_interfaces/tutorial_interfaces/srv
[12.056s] -- Up-to-date: /home/sis/ros2t_ws/install/tutorial_interfaces/include/tutorial_interfaces/tutorial_interfaces/srv/detail
[12.056s] -- Installing: /home/sis/ros2t_ws/install/tutorial_interfaces/include/tutorial_interfaces/tutorial_interfaces/srv/detail/add_three_ints__rosidl_typesupport_introspection_cpp.hpp
[12.056s] -- Installing: /home/sis/ros2t_ws/install/tutorial_interfaces/include/tutorial_interfaces/tutorial_interfaces/srv/detail/add_three_ints__type_support.cpp
[12.057s] -- Up-to-date: /home/sis/ros2t_ws/install/tutorial_interfaces/include/tutorial_interfaces/tutorial_interfaces/msg
[12.057s] -- Up-to-date: /home/sis/ros2t_ws/install/tutorial_interfaces/include/tutorial_interfaces/tutorial_interfaces/msg/detail
[12.057s] -- Installing: /home/sis/ros2t_ws/install/tutorial_interfaces/include/tutorial_interfaces/tutorial_interfaces/msg/detail/num__type_support.cpp
[12.057s] -- Installing: /home/sis/ros2t_ws/install/tutorial_interfaces/include/tutorial_interfaces/tutorial_interfaces/msg/detail/num__rosidl_typesupport_introspection_cpp.hpp
[12.057s] -- Installing: /home/sis/ros2t_ws/install/tutorial_interfaces/lib/libtutorial_interfaces__rosidl_typesupport_introspection_cpp.so
[12.058s] -- Set runtime path of "/home/sis/ros2t_ws/install/tutorial_interfaces/lib/libtutorial_interfaces__rosidl_typesupport_introspection_cpp.so" to ""
[12.058s] -- Installing: /home/sis/ros2t_ws/install/tutorial_interfaces/lib/libtutorial_interfaces__rosidl_typesupport_cpp.so
[12.058s] -- Set runtime path of "/home/sis/ros2t_ws/install/tutorial_interfaces/lib/libtutorial_interfaces__rosidl_typesupport_cpp.so" to ""
[12.058s] -- Installing: /home/sis/ros2t_ws/install/tutorial_interfaces/share/tutorial_interfaces/environment/pythonpath.sh
[12.058s] -- Installing: /home/sis/ros2t_ws/install/tutorial_interfaces/share/tutorial_interfaces/environment/pythonpath.dsv
[12.059s] -- Installing: /home/sis/ros2t_ws/install/tutorial_interfaces/local/lib/python3.10/dist-packages/tutorial_interfaces-0.0.0-py3.10.egg-info
[12.059s] -- Installing: /home/sis/ros2t_ws/install/tutorial_interfaces/local/lib/python3.10/dist-packages/tutorial_interfaces-0.0.0-py3.10.egg-info/dependency_links.txt
[12.059s] -- Installing: /home/sis/ros2t_ws/install/tutorial_interfaces/local/lib/python3.10/dist-packages/tutorial_interfaces-0.0.0-py3.10.egg-info/SOURCES.txt
[12.059s] -- Installing: /home/sis/ros2t_ws/install/tutorial_interfaces/local/lib/python3.10/dist-packages/tutorial_interfaces-0.0.0-py3.10.egg-info/top_level.txt
[12.059s] -- Installing: /home/sis/ros2t_ws/install/tutorial_interfaces/local/lib/python3.10/dist-packages/tutorial_interfaces-0.0.0-py3.10.egg-info/PKG-INFO
[12.060s] -- Installing: /home/sis/ros2t_ws/install/tutorial_interfaces/local/lib/python3.10/dist-packages/tutorial_interfaces
[12.060s] -- Installing: /home/sis/ros2t_ws/install/tutorial_interfaces/local/lib/python3.10/dist-packages/tutorial_interfaces/tutorial_interfaces_s__rosidl_typesupport_introspection_c.cpython-310-x86_64-linux-gnu.so
[12.060s] -- Installing: /home/sis/ros2t_ws/install/tutorial_interfaces/local/lib/python3.10/dist-packages/tutorial_interfaces/_tutorial_interfaces_s.ep.rosidl_typesupport_introspection_c.c
[12.060s] -- Installing: /home/sis/ros2t_ws/install/tutorial_interfaces/local/lib/python3.10/dist-packages/tutorial_interfaces/libtutorial_interfaces__rosidl_generator_py.so
[12.060s] -- Installing: /home/sis/ros2t_ws/install/tutorial_interfaces/local/lib/python3.10/dist-packages/tutorial_interfaces/tutorial_interfaces_s__rosidl_typesupport_c.cpython-310-x86_64-linux-gnu.so
[12.060s] -- Installing: /home/sis/ros2t_ws/install/tutorial_interfaces/local/lib/python3.10/dist-packages/tutorial_interfaces/srv
[12.061s] -- Installing: /home/sis/ros2t_ws/install/tutorial_interfaces/local/lib/python3.10/dist-packages/tutorial_interfaces/srv/_add_three_ints_s.c
[12.061s] -- Installing: /home/sis/ros2t_ws/install/tutorial_interfaces/local/lib/python3.10/dist-packages/tutorial_interfaces/srv/__init__.py
[12.061s] -- Installing: /home/sis/ros2t_ws/install/tutorial_interfaces/local/lib/python3.10/dist-packages/tutorial_interfaces/srv/_add_three_ints.py
[12.061s] -- Installing: /home/sis/ros2t_ws/install/tutorial_interfaces/local/lib/python3.10/dist-packages/tutorial_interfaces/msg
[12.061s] -- Installing: /home/sis/ros2t_ws/install/tutorial_interfaces/local/lib/python3.10/dist-packages/tutorial_interfaces/msg/_num_s.c
[12.061s] -- Installing: /home/sis/ros2t_ws/install/tutorial_interfaces/local/lib/python3.10/dist-packages/tutorial_interfaces/msg/__init__.py
[12.062s] -- Installing: /home/sis/ros2t_ws/install/tutorial_interfaces/local/lib/python3.10/dist-packages/tutorial_interfaces/msg/_num.py
[12.062s] -- Installing: /home/sis/ros2t_ws/install/tutorial_interfaces/local/lib/python3.10/dist-packages/tutorial_interfaces/_tutorial_interfaces_s.ep.rosidl_typesupport_fastrtps_c.c
[12.062s] -- Installing: /home/sis/ros2t_ws/install/tutorial_interfaces/local/lib/python3.10/dist-packages/tutorial_interfaces/_tutorial_interfaces_s.ep.rosidl_typesupport_c.c
[12.062s] -- Installing: /home/sis/ros2t_ws/install/tutorial_interfaces/local/lib/python3.10/dist-packages/tutorial_interfaces/__init__.py
[12.062s] -- Installing: /home/sis/ros2t_ws/install/tutorial_interfaces/local/lib/python3.10/dist-packages/tutorial_interfaces/tutorial_interfaces_s__rosidl_typesupport_fastrtps_c.cpython-310-x86_64-linux-gnu.so
[12.121s] Listing '/home/sis/ros2t_ws/install/tutorial_interfaces/local/lib/python3.10/dist-packages/tutorial_interfaces'...
[12.122s] Compiling '/home/sis/ros2t_ws/install/tutorial_interfaces/local/lib/python3.10/dist-packages/tutorial_interfaces/__init__.py'...
[12.122s] Listing '/home/sis/ros2t_ws/install/tutorial_interfaces/local/lib/python3.10/dist-packages/tutorial_interfaces/msg'...
[12.122s] Compiling '/home/sis/ros2t_ws/install/tutorial_interfaces/local/lib/python3.10/dist-packages/tutorial_interfaces/msg/__init__.py'...
[12.122s] Compiling '/home/sis/ros2t_ws/install/tutorial_interfaces/local/lib/python3.10/dist-packages/tutorial_interfaces/msg/_num.py'...
[12.123s] Listing '/home/sis/ros2t_ws/install/tutorial_interfaces/local/lib/python3.10/dist-packages/tutorial_interfaces/srv'...
[12.123s] Compiling '/home/sis/ros2t_ws/install/tutorial_interfaces/local/lib/python3.10/dist-packages/tutorial_interfaces/srv/__init__.py'...
[12.123s] Compiling '/home/sis/ros2t_ws/install/tutorial_interfaces/local/lib/python3.10/dist-packages/tutorial_interfaces/srv/_add_three_ints.py'...
[12.130s] -- Installing: /home/sis/ros2t_ws/install/tutorial_interfaces/local/lib/python3.10/dist-packages/tutorial_interfaces/tutorial_interfaces_s__rosidl_typesupport_fastrtps_c.cpython-310-x86_64-linux-gnu.so
[12.131s] -- Set runtime path of "/home/sis/ros2t_ws/install/tutorial_interfaces/local/lib/python3.10/dist-packages/tutorial_interfaces/tutorial_interfaces_s__rosidl_typesupport_fastrtps_c.cpython-310-x86_64-linux-gnu.so" to ""
[12.131s] -- Installing: /home/sis/ros2t_ws/install/tutorial_interfaces/local/lib/python3.10/dist-packages/tutorial_interfaces/tutorial_interfaces_s__rosidl_typesupport_introspection_c.cpython-310-x86_64-linux-gnu.so
[12.132s] -- Set runtime path of "/home/sis/ros2t_ws/install/tutorial_interfaces/local/lib/python3.10/dist-packages/tutorial_interfaces/tutorial_interfaces_s__rosidl_typesupport_introspection_c.cpython-310-x86_64-linux-gnu.so" to ""
[12.132s] -- Installing: /home/sis/ros2t_ws/install/tutorial_interfaces/local/lib/python3.10/dist-packages/tutorial_interfaces/tutorial_interfaces_s__rosidl_typesupport_c.cpython-310-x86_64-linux-gnu.so
[12.132s] -- Set runtime path of "/home/sis/ros2t_ws/install/tutorial_interfaces/local/lib/python3.10/dist-packages/tutorial_interfaces/tutorial_interfaces_s__rosidl_typesupport_c.cpython-310-x86_64-linux-gnu.so" to ""
[12.133s] -- Installing: /home/sis/ros2t_ws/install/tutorial_interfaces/lib/libtutorial_interfaces__rosidl_generator_py.so
[12.133s] -- Set runtime path of "/home/sis/ros2t_ws/install/tutorial_interfaces/lib/libtutorial_interfaces__rosidl_generator_py.so" to ""
[12.133s] -- Installing: /home/sis/ros2t_ws/install/tutorial_interfaces/share/tutorial_interfaces/msg/Num.idl
[12.134s] -- Installing: /home/sis/ros2t_ws/install/tutorial_interfaces/share/tutorial_interfaces/srv/AddThreeInts.idl
[12.134s] -- Installing: /home/sis/ros2t_ws/install/tutorial_interfaces/share/tutorial_interfaces/msg/Num.msg
[12.134s] -- Installing: /home/sis/ros2t_ws/install/tutorial_interfaces/share/tutorial_interfaces/srv/AddThreeInts.srv
[12.134s] -- Installing: /home/sis/ros2t_ws/install/tutorial_interfaces/share/tutorial_interfaces/srv/AddThreeInts_Request.msg
[12.135s] -- Installing: /home/sis/ros2t_ws/install/tutorial_interfaces/share/tutorial_interfaces/srv/AddThreeInts_Response.msg
[12.135s] -- Installing: /home/sis/ros2t_ws/install/tutorial_interfaces/share/ament_index/resource_index/package_run_dependencies/tutorial_interfaces
[12.135s] -- Installing: /home/sis/ros2t_ws/install/tutorial_interfaces/share/ament_index/resource_index/parent_prefix_path/tutorial_interfaces
[12.135s] -- Installing: /home/sis/ros2t_ws/install/tutorial_interfaces/share/tutorial_interfaces/environment/ament_prefix_path.sh
[12.136s] -- Installing: /home/sis/ros2t_ws/install/tutorial_interfaces/share/tutorial_interfaces/environment/ament_prefix_path.dsv
[12.137s] -- Installing: /home/sis/ros2t_ws/install/tutorial_interfaces/share/tutorial_interfaces/environment/path.sh
[12.137s] -- Installing: /home/sis/ros2t_ws/install/tutorial_interfaces/share/tutorial_interfaces/environment/path.dsv
[12.137s] -- Installing: /home/sis/ros2t_ws/install/tutorial_interfaces/share/tutorial_interfaces/local_setup.bash
[12.137s] -- Installing: /home/sis/ros2t_ws/install/tutorial_interfaces/share/tutorial_interfaces/local_setup.sh
[12.138s] -- Installing: /home/sis/ros2t_ws/install/tutorial_interfaces/share/tutorial_interfaces/local_setup.zsh
[12.138s] -- Installing: /home/sis/ros2t_ws/install/tutorial_interfaces/share/tutorial_interfaces/local_setup.dsv
[12.138s] -- Installing: /home/sis/ros2t_ws/install/tutorial_interfaces/share/tutorial_interfaces/package.dsv
[12.138s] -- Installing: /home/sis/ros2t_ws/install/tutorial_interfaces/share/ament_index/resource_index/packages/tutorial_interfaces
[12.139s] -- Installing: /home/sis/ros2t_ws/install/tutorial_interfaces/share/tutorial_interfaces/cmake/export_tutorial_interfaces__rosidl_generator_cExport.cmake
[12.139s] -- Installing: /home/sis/ros2t_ws/install/tutorial_interfaces/share/tutorial_interfaces/cmake/export_tutorial_interfaces__rosidl_generator_cExport-noconfig.cmake
[12.139s] -- Installing: /home/sis/ros2t_ws/install/tutorial_interfaces/share/tutorial_interfaces/cmake/export_tutorial_interfaces__rosidl_typesupport_fastrtps_cExport.cmake
[12.140s] -- Installing: /home/sis/ros2t_ws/install/tutorial_interfaces/share/tutorial_interfaces/cmake/export_tutorial_interfaces__rosidl_typesupport_fastrtps_cExport-noconfig.cmake
[12.140s] -- Installing: /home/sis/ros2t_ws/install/tutorial_interfaces/share/tutorial_interfaces/cmake/export_tutorial_interfaces__rosidl_generator_cppExport.cmake
[12.140s] -- Installing: /home/sis/ros2t_ws/install/tutorial_interfaces/share/tutorial_interfaces/cmake/export_tutorial_interfaces__rosidl_typesupport_fastrtps_cppExport.cmake
[12.140s] -- Installing: /home/sis/ros2t_ws/install/tutorial_interfaces/share/tutorial_interfaces/cmake/export_tutorial_interfaces__rosidl_typesupport_fastrtps_cppExport-noconfig.cmake
[12.140s] -- Installing: /home/sis/ros2t_ws/install/tutorial_interfaces/share/tutorial_interfaces/cmake/tutorial_interfaces__rosidl_typesupport_introspection_cExport.cmake
[12.141s] -- Installing: /home/sis/ros2t_ws/install/tutorial_interfaces/share/tutorial_interfaces/cmake/tutorial_interfaces__rosidl_typesupport_introspection_cExport-noconfig.cmake
[12.141s] -- Installing: /home/sis/ros2t_ws/install/tutorial_interfaces/share/tutorial_interfaces/cmake/tutorial_interfaces__rosidl_typesupport_cExport.cmake
[12.141s] -- Installing: /home/sis/ros2t_ws/install/tutorial_interfaces/share/tutorial_interfaces/cmake/tutorial_interfaces__rosidl_typesupport_cExport-noconfig.cmake
[12.142s] -- Installing: /home/sis/ros2t_ws/install/tutorial_interfaces/share/tutorial_interfaces/cmake/tutorial_interfaces__rosidl_typesupport_introspection_cppExport.cmake
[12.142s] -- Installing: /home/sis/ros2t_ws/install/tutorial_interfaces/share/tutorial_interfaces/cmake/tutorial_interfaces__rosidl_typesupport_introspection_cppExport-noconfig.cmake
[12.142s] -- Installing: /home/sis/ros2t_ws/install/tutorial_interfaces/share/tutorial_interfaces/cmake/tutorial_interfaces__rosidl_typesupport_cppExport.cmake
[12.142s] -- Installing: /home/sis/ros2t_ws/install/tutorial_interfaces/share/tutorial_interfaces/cmake/tutorial_interfaces__rosidl_typesupport_cppExport-noconfig.cmake
[12.143s] -- Installing: /home/sis/ros2t_ws/install/tutorial_interfaces/share/tutorial_interfaces/cmake/export_tutorial_interfaces__rosidl_generator_pyExport.cmake
[12.143s] -- Installing: /home/sis/ros2t_ws/install/tutorial_interfaces/share/tutorial_interfaces/cmake/export_tutorial_interfaces__rosidl_generator_pyExport-noconfig.cmake
[12.143s] -- Installing: /home/sis/ros2t_ws/install/tutorial_interfaces/share/tutorial_interfaces/cmake/rosidl_cmake-extras.cmake
[12.143s] -- Installing: /home/sis/ros2t_ws/install/tutorial_interfaces/share/tutorial_interfaces/cmake/ament_cmake_export_dependencies-extras.cmake
[12.143s] -- Installing: /home/sis/ros2t_ws/install/tutorial_interfaces/share/tutorial_interfaces/cmake/ament_cmake_export_include_directories-extras.cmake
[12.144s] -- Installing: /home/sis/ros2t_ws/install/tutorial_interfaces/share/tutorial_interfaces/cmake/ament_cmake_export_libraries-extras.cmake
[12.144s] -- Installing: /home/sis/ros2t_ws/install/tutorial_interfaces/share/tutorial_interfaces/cmake/ament_cmake_export_targets-extras.cmake
[12.144s] -- Installing: /home/sis/ros2t_ws/install/tutorial_interfaces/share/tutorial_interfaces/cmake/rosidl_cmake_export_typesupport_targets-extras.cmake
[12.144s] -- Installing: /home/sis/ros2t_ws/install/tutorial_interfaces/share/tutorial_interfaces/cmake/rosidl_cmake_export_typesupport_libraries-extras.cmake
[12.144s] -- Installing: /home/sis/ros2t_ws/install/tutorial_interfaces/share/tutorial_interfaces/cmake/tutorial_interfacesConfig.cmake
[12.144s] -- Installing: /home/sis/ros2t_ws/install/tutorial_interfaces/share/tutorial_interfaces/cmake/tutorial_interfacesConfig-version.cmake
[12.145s] -- Installing: /home/sis/ros2t_ws/install/tutorial_interfaces/share/tutorial_interfaces/package.xml
[12.146s] Invoked command in '/home/sis/ros2t_ws/build/tutorial_interfaces' returned '0': CMAKE_PREFIX_PATH=${CMAKE_PREFIX_PATH}:/home/sis/ros2t_ws/install/pubsub_py:/home/sis/ros2t_ws/install/add_service_py:/opt/ros/humble /usr/bin/cmake --install /home/sis/ros2t_ws/build/tutorial_interfaces
