[1.093s] Invoking command in '/home/sis/ros2t_ws/build/pubsub_cpp': CMAKE_PREFIX_PATH=${CMAKE_PREFIX_PATH}:/home/sis/ros2t_ws/install/add_service_py:/home/sis/ros2t_ws/install/pubsub_py:/opt/ros/humble /usr/bin/cmake /home/sis/ros2t_ws/src/pubsub_cpp -DCMAKE_INSTALL_PREFIX=/home/sis/ros2t_ws/install/pubsub_cpp
[1.240s] -- The C compiler identification is GNU 11.4.0
[1.339s] -- The CXX compiler identification is GNU 11.4.0
[1.358s] -- Detecting C compiler ABI info
[1.470s] -- Detecting C compiler ABI info - done
[1.485s] -- Check for working C compiler: /usr/bin/cc - skipped
[1.485s] -- Detecting C compile features
[1.486s] -- Detecting C compile features - done
[1.491s] -- Detecting CXX compiler ABI info
[1.616s] -- Detecting CXX compiler ABI info - done
[1.632s] -- Check for working CXX compiler: /usr/bin/c++ - skipped
[1.633s] -- Detecting CXX compile features
[1.633s] -- Detecting CXX compile features - done
[1.638s] -- Found ament_cmake: 1.3.6 (/opt/ros/humble/share/ament_cmake/cmake)
[2.067s] -- Found Python3: /usr/bin/python3.10 (found version "3.10.12") found components: Interpreter 
[2.280s] -- Found rclcpp: 16.0.7 (/opt/ros/humble/share/rclcpp/cmake)
[2.349s] -- Found rosidl_generator_c: 3.1.5 (/opt/ros/humble/share/rosidl_generator_c/cmake)
[2.359s] -- Found rosidl_adapter: 3.1.5 (/opt/ros/humble/share/rosidl_adapter/cmake)
[2.373s] -- Found rosidl_generator_cpp: 3.1.5 (/opt/ros/humble/share/rosidl_generator_cpp/cmake)
[2.395s] -- Using all available rosidl_typesupport_c: rosidl_typesupport_fastrtps_c;rosidl_typesupport_introspection_c
[2.433s] -- Using all available rosidl_typesupport_cpp: rosidl_typesupport_fastrtps_cpp;rosidl_typesupport_introspection_cpp
[2.562s] -- Found rmw_implementation_cmake: 6.1.1 (/opt/ros/humble/share/rmw_implementation_cmake/cmake)
[2.566s] -- Found rmw_fastrtps_cpp: 6.2.5 (/opt/ros/humble/share/rmw_fastrtps_cpp/cmake)
[2.775s] -- Found OpenSSL: /usr/lib/x86_64-linux-gnu/libcrypto.so (found version "3.0.2")  
[2.842s] -- Found FastRTPS: /opt/ros/humble/include  
[2.972s] -- Using RMW implementation 'rmw_fastrtps_cpp' as default
[2.996s] -- Looking for pthread.h
[3.202s] -- Looking for pthread.h - found
[3.202s] -- Performing Test CMAKE_HAVE_LIBC_PTHREAD
[3.414s] -- Performing Test CMAKE_HAVE_LIBC_PTHREAD - Success
[3.415s] -- Found Threads: TRUE  
[3.861s] -- Found ament_lint_auto: 0.12.9 (/opt/ros/humble/share/ament_lint_auto/cmake)
[4.021s] -- Added test 'copyright' to check source files copyright and LICENSE
[4.024s] -- Added test 'cppcheck' to perform static code analysis on C / C++ code
[4.025s] -- Configured cppcheck include dirs: 
[4.025s] -- Configured cppcheck exclude dirs and/or files: 
[4.026s] -- Added test 'cpplint' to check C / C++ code against the Google style
[4.026s] -- Configured cpplint exclude dirs and/or files: 
[4.027s] -- Added test 'lint_cmake' to check CMake code style
[4.029s] -- Added test 'uncrustify' to check C / C++ code style
[4.029s] -- Configured uncrustify additional arguments: 
[4.030s] -- Added test 'xmllint' to check XML markup files
[4.033s] -- Configuring done
[4.057s] -- Generating done
[4.061s] -- Build files have been written to: /home/sis/ros2t_ws/build/pubsub_cpp
[4.081s] Invoked command in '/home/sis/ros2t_ws/build/pubsub_cpp' returned '0': CMAKE_PREFIX_PATH=${CMAKE_PREFIX_PATH}:/home/sis/ros2t_ws/install/add_service_py:/home/sis/ros2t_ws/install/pubsub_py:/opt/ros/humble /usr/bin/cmake /home/sis/ros2t_ws/src/pubsub_cpp -DCMAKE_INSTALL_PREFIX=/home/sis/ros2t_ws/install/pubsub_cpp
[4.085s] Invoking command in '/home/sis/ros2t_ws/build/pubsub_cpp': CMAKE_PREFIX_PATH=${CMAKE_PREFIX_PATH}:/home/sis/ros2t_ws/install/add_service_py:/home/sis/ros2t_ws/install/pubsub_py:/opt/ros/humble /usr/bin/cmake --build /home/sis/ros2t_ws/build/pubsub_cpp -- -j4 -l4
[4.172s] [ 25%] [32mBuilding CXX object CMakeFiles/pub.dir/src/pub.cpp.o[0m
[4.180s] [ 50%] [32mBuilding CXX object CMakeFiles/sub.dir/src/sub.cpp.o[0m
[11.846s] [ 75%] [32m[1mLinking CXX executable pub[0m
[12.256s] [ 75%] Built target pub
[18.068s] [100%] [32m[1mLinking CXX executable sub[0m
[18.703s] [100%] Built target sub
[18.719s] Invoked command in '/home/sis/ros2t_ws/build/pubsub_cpp' returned '0': CMAKE_PREFIX_PATH=${CMAKE_PREFIX_PATH}:/home/sis/ros2t_ws/install/add_service_py:/home/sis/ros2t_ws/install/pubsub_py:/opt/ros/humble /usr/bin/cmake --build /home/sis/ros2t_ws/build/pubsub_cpp -- -j4 -l4
[18.773s] Invoking command in '/home/sis/ros2t_ws/build/pubsub_cpp': CMAKE_PREFIX_PATH=${CMAKE_PREFIX_PATH}:/home/sis/ros2t_ws/install/add_service_py:/home/sis/ros2t_ws/install/pubsub_py:/opt/ros/humble /usr/bin/cmake --install /home/sis/ros2t_ws/build/pubsub_cpp
[18.784s] -- Install configuration: ""
[18.784s] -- Installing: /home/sis/ros2t_ws/install/pubsub_cpp/lib/pubsub_cpp/pub
[18.786s] -- Set runtime path of "/home/sis/ros2t_ws/install/pubsub_cpp/lib/pubsub_cpp/pub" to ""
[18.787s] -- Installing: /home/sis/ros2t_ws/install/pubsub_cpp/lib/pubsub_cpp/sub
[18.791s] -- Set runtime path of "/home/sis/ros2t_ws/install/pubsub_cpp/lib/pubsub_cpp/sub" to ""
[18.792s] -- Installing: /home/sis/ros2t_ws/install/pubsub_cpp/share/ament_index/resource_index/package_run_dependencies/pubsub_cpp
[18.792s] -- Installing: /home/sis/ros2t_ws/install/pubsub_cpp/share/ament_index/resource_index/parent_prefix_path/pubsub_cpp
[18.792s] -- Installing: /home/sis/ros2t_ws/install/pubsub_cpp/share/pubsub_cpp/environment/ament_prefix_path.sh
[18.793s] -- Installing: /home/sis/ros2t_ws/install/pubsub_cpp/share/pubsub_cpp/environment/ament_prefix_path.dsv
[18.793s] -- Installing: /home/sis/ros2t_ws/install/pubsub_cpp/share/pubsub_cpp/environment/path.sh
[18.793s] -- Installing: /home/sis/ros2t_ws/install/pubsub_cpp/share/pubsub_cpp/environment/path.dsv
[18.793s] -- Installing: /home/sis/ros2t_ws/install/pubsub_cpp/share/pubsub_cpp/local_setup.bash
[18.794s] -- Installing: /home/sis/ros2t_ws/install/pubsub_cpp/share/pubsub_cpp/local_setup.sh
[18.794s] -- Installing: /home/sis/ros2t_ws/install/pubsub_cpp/share/pubsub_cpp/local_setup.zsh
[18.794s] -- Installing: /home/sis/ros2t_ws/install/pubsub_cpp/share/pubsub_cpp/local_setup.dsv
[18.794s] -- Installing: /home/sis/ros2t_ws/install/pubsub_cpp/share/pubsub_cpp/package.dsv
[18.795s] -- Installing: /home/sis/ros2t_ws/install/pubsub_cpp/share/ament_index/resource_index/packages/pubsub_cpp
[18.795s] -- Installing: /home/sis/ros2t_ws/install/pubsub_cpp/share/pubsub_cpp/cmake/pubsub_cppConfig.cmake
[18.795s] -- Installing: /home/sis/ros2t_ws/install/pubsub_cpp/share/pubsub_cpp/cmake/pubsub_cppConfig-version.cmake
[18.796s] -- Installing: /home/sis/ros2t_ws/install/pubsub_cpp/share/pubsub_cpp/package.xml
[18.799s] Invoked command in '/home/sis/ros2t_ws/build/pubsub_cpp' returned '0': CMAKE_PREFIX_PATH=${CMAKE_PREFIX_PATH}:/home/sis/ros2t_ws/install/add_service_py:/home/sis/ros2t_ws/install/pubsub_py:/opt/ros/humble /usr/bin/cmake --install /home/sis/ros2t_ws/build/pubsub_cpp
