[3.438s] Invoking command in '/home/sis/ros2t_ws/src/add_service_py': PYTHONPATH=/home/sis/ros2t_ws/build/add_service_py/prefix_override:/home/sis/ros2t_ws/install/add_service_py/lib/python3.10/site-packages:${PYTHONPATH} /usr/bin/python3 setup.py egg_info --egg-base ../../build/add_service_py build --build-base /home/sis/ros2t_ws/build/add_service_py/build install --record /home/sis/ros2t_ws/build/add_service_py/install.log --single-version-externally-managed
[4.277s] running egg_info
[4.278s] writing ../../build/add_service_py/add_service_py.egg-info/PKG-INFO
[4.281s] writing dependency_links to ../../build/add_service_py/add_service_py.egg-info/dependency_links.txt
[4.281s] writing entry points to ../../build/add_service_py/add_service_py.egg-info/entry_points.txt
[4.281s] writing requirements to ../../build/add_service_py/add_service_py.egg-info/requires.txt
[4.282s] writing top-level names to ../../build/add_service_py/add_service_py.egg-info/top_level.txt
[4.285s] reading manifest file '../../build/add_service_py/add_service_py.egg-info/SOURCES.txt'
[4.286s] writing manifest file '../../build/add_service_py/add_service_py.egg-info/SOURCES.txt'
[4.286s] running build
[4.287s] running build_py
[4.287s] running install
[4.288s] running install_lib
[4.291s] running install_data
[4.292s] running install_egg_info
[4.297s] removing '/home/sis/ros2t_ws/install/add_service_py/lib/python3.10/site-packages/add_service_py-0.0.0-py3.10.egg-info' (and everything under it)
[4.297s] Copying ../../build/add_service_py/add_service_py.egg-info to /home/sis/ros2t_ws/install/add_service_py/lib/python3.10/site-packages/add_service_py-0.0.0-py3.10.egg-info
[4.299s] running install_scripts
[4.365s] Installing client script to /home/sis/ros2t_ws/install/add_service_py/lib/add_service_py
[4.366s] Installing server script to /home/sis/ros2t_ws/install/add_service_py/lib/add_service_py
[4.366s] writing list of installed files to '/home/sis/ros2t_ws/build/add_service_py/install.log'
[4.732s] Invoked command in '/home/sis/ros2t_ws/src/add_service_py' returned '0': PYTHONPATH=/home/sis/ros2t_ws/build/add_service_py/prefix_override:/home/sis/ros2t_ws/install/add_service_py/lib/python3.10/site-packages:${PYTHONPATH} /usr/bin/python3 setup.py egg_info --egg-base ../../build/add_service_py build --build-base /home/sis/ros2t_ws/build/add_service_py/build install --record /home/sis/ros2t_ws/build/add_service_py/install.log --single-version-externally-managed
